{"numFailedTestSuites":9,"numFailedTests":141,"numPassedTestSuites":9,"numPassedTests":147,"numPendingTestSuites":0,"numPendingTests":0,"numRuntimeErrorTestSuites":0,"numTodoTests":0,"numTotalTestSuites":18,"numTotalTests":288,"openHandles":[],"snapshot":{"added":0,"didUpdate":false,"failure":false,"filesAdded":0,"filesRemoved":0,"filesRemovedList":[],"filesUnmatched":0,"filesUpdated":0,"matched":0,"total":0,"unchecked":0,"uncheckedKeysByFile":[],"unmatched":0,"updated":0},"startTime":1772734962627,"success":false,"testResults":[{"assertionResults":[{"ancestorTitles":["NotificationService Unit Tests"],"duration":13,"failing":false,"failureDetails":[],"failureMessages":[],"fullName":"NotificationService Unit Tests should pass basic test","invocations":1,"location":null,"numPassingAsserts":1,"retryReasons":[],"startAt":1772734973833,"status":"passed","title":"should pass basic test"},{"ancestorTitles":["NotificationService Unit Tests"],"duration":1,"failing":false,"failureDetails":[],"failureMessages":[],"fullName":"NotificationService Unit Tests should test notification type validation","invocations":1,"location":null,"numPassingAsserts":5,"retryReasons":[],"startAt":1772734973851,"status":"passed","title":"should test notification type validation"},{"ancestorTitles":["NotificationService Unit Tests"],"duration":1,"failing":false,"failureDetails":[],"failureMessages":[],"fullName":"NotificationService Unit Tests should test read status logic","invocations":1,"location":null,"numPassingAsserts":2,"retryReasons":[],"startAt":1772734973852,"status":"passed","title":"should test read status logic"},{"ancestorTitles":["NotificationService Unit Tests"],"duration":1,"failing":false,"failureDetails":[],"failureMessages":[],"fullName":"NotificationService Unit Tests should test unread notification filtering","invocations":1,"location":null,"numPassingAsserts":3,"retryReasons":[],"startAt":1772734973853,"status":"passed","title":"should test unread notification filtering"},{"ancestorTitles":["NotificationService Unit Tests"],"duration":2,"failing":false,"failureDetails":[],"failureMessages":[],"fullName":"NotificationService Unit Tests should test notification sorting by date","invocations":1,"location":null,"numPassingAsserts":3,"retryReasons":[],"startAt":1772734973855,"status":"passed","title":"should test notification sorting by date"},{"ancestorTitles":["NotificationService Unit Tests"],"duration":1,"failing":false,"failureDetails":[],"failureMessages":[],"fullName":"NotificationService Unit Tests should test pagination calculation","invocations":1,"location":null,"numPassingAsserts":1,"retryReasons":[],"startAt":1772734973857,"status":"passed","title":"should test pagination calculation"},{"ancestorTitles":["NotificationService Unit Tests"],"duration":1,"failing":false,"failureDetails":[],"failureMessages":[],"fullName":"NotificationService Unit Tests should test unread count calculation","invocations":1,"location":null,"numPassingAsserts":1,"retryReasons":[],"startAt":1772734973858,"status":"passed","title":"should test unread count calculation"},{"ancestorTitles":["NotificationService Unit Tests"],"duration":1,"failing":false,"failureDetails":[],"failureMessages":[],"fullName":"NotificationService Unit Tests should test mark all as read logic","invocations":1,"location":null,"numPassingAsserts":2,"retryReasons":[],"startAt":1772734973859,"status":"passed","title":"should test mark all as read logic"},{"ancestorTitles":["NotificationService Unit Tests"],"duration":0,"failing":false,"failureDetails":[],"failureMessages":[],"fullName":"NotificationService Unit Tests should test notification priority logic","invocations":1,"location":null,"numPassingAsserts":3,"retryReasons":[],"startAt":1772734973861,"status":"passed","title":"should test notification priority logic"},{"ancestorTitles":["NotificationService Unit Tests"],"duration":1,"failing":false,"failureDetails":[],"failureMessages":[],"fullName":"NotificationService Unit Tests should test user ID matching","invocations":1,"location":null,"numPassingAsserts":2,"retryReasons":[],"startAt":1772734973862,"status":"passed","title":"should test user ID matching"},{"ancestorTitles":["NotificationService Unit Tests"],"duration":1,"failing":false,"failureDetails":[],"failureMessages":[],"fullName":"NotificationService Unit Tests should test notification deletion logic","invocations":1,"location":null,"numPassingAsserts":2,"retryReasons":[],"startAt":1772734973863,"status":"passed","title":"should test notification deletion logic"}],"endTime":1772734973876,"message":"","name":"C:\\Users\\LOQ\\Desktop\\hamro_deal_backend\\backend\\src\\__tests__\\unit\\services\\simple-notification.service.test.ts","startTime":1772734963480,"status":"passed","summary":""},{"assertionResults":[{"ancestorTitles":["ConversationService Unit Tests"],"duration":14,"failing":false,"failureDetails":[],"failureMessages":[],"fullName":"ConversationService Unit Tests should pass basic test","invocations":1,"location":null,"numPassingAsserts":1,"retryReasons":[],"startAt":1772734973865,"status":"passed","title":"should pass basic test"},{"ancestorTitles":["ConversationService Unit Tests"],"duration":1,"failing":false,"failureDetails":[],"failureMessages":[],"fullName":"ConversationService Unit Tests should test ObjectId validation logic","invocations":1,"location":null,"numPassingAsserts":6,"retryReasons":[],"startAt":1772734973880,"status":"passed","title":"should test ObjectId validation logic"},{"ancestorTitles":["ConversationService Unit Tests"],"duration":1,"failing":false,"failureDetails":[],"failureMessages":[],"fullName":"ConversationService Unit Tests should test self-conversation validation","invocations":1,"location":null,"numPassingAsserts":2,"retryReasons":[],"startAt":1772734973881,"status":"passed","title":"should test self-conversation validation"},{"ancestorTitles":["ConversationService Unit Tests"],"duration":4,"failing":false,"failureDetails":[],"failureMessages":[],"fullName":"ConversationService Unit Tests should test participant finding logic","invocations":1,"location":null,"numPassingAsserts":1,"retryReasons":[],"startAt":1772734973882,"status":"passed","title":"should test participant finding logic"},{"ancestorTitles":["ConversationService Unit Tests"],"duration":1,"failing":false,"failureDetails":[],"failureMessages":[],"fullName":"ConversationService Unit Tests should test participant access validation","invocations":1,"location":null,"numPassingAsserts":2,"retryReasons":[],"startAt":1772734973887,"status":"passed","title":"should test participant access validation"},{"ancestorTitles":["ConversationService Unit Tests"],"duration":0,"failing":false,"failureDetails":[],"failureMessages":[],"fullName":"ConversationService Unit Tests should test unread count Map logic","invocations":1,"location":null,"numPassingAsserts":3,"retryReasons":[],"startAt":1772734973888,"status":"passed","title":"should test unread count Map logic"},{"ancestorTitles":["ConversationService Unit Tests"],"duration":1,"failing":false,"failureDetails":[],"failureMessages":[],"fullName":"ConversationService Unit Tests should test pagination calculation","invocations":1,"location":null,"numPassingAsserts":1,"retryReasons":[],"startAt":1772734973889,"status":"passed","title":"should test pagination calculation"},{"ancestorTitles":["ConversationService Unit Tests"],"duration":1,"failing":false,"failureDetails":[],"failureMessages":[],"fullName":"ConversationService Unit Tests should test conversation formatting logic","invocations":1,"location":null,"numPassingAsserts":1,"retryReasons":[],"startAt":1772734973890,"status":"passed","title":"should test conversation formatting logic"},{"ancestorTitles":["ConversationService Unit Tests"],"duration":1,"failing":false,"failureDetails":[],"failureMessages":[],"fullName":"ConversationService Unit Tests should test array mapping for multiple conversations","invocations":1,"location":null,"numPassingAsserts":3,"retryReasons":[],"startAt":1772734973892,"status":"passed","title":"should test array mapping for multiple conversations"},{"ancestorTitles":["ConversationService Unit Tests"],"duration":6,"failing":false,"failureDetails":[],"failureMessages":[],"fullName":"ConversationService Unit Tests should test string vs ObjectId comparison","invocations":1,"location":null,"numPassingAsserts":2,"retryReasons":[],"startAt":1772734973893,"status":"passed","title":"should test string vs ObjectId comparison"}],"endTime":1772734973912,"message":"","name":"C:\\Users\\LOQ\\Desktop\\hamro_deal_backend\\backend\\src\\__tests__\\unit\\services\\simple-conversation.service.test.ts","startTime":1772734963472,"status":"passed","summary":""},{"assertionResults":[{"ancestorTitles":["MessageService Unit Tests"],"duration":9,"failing":false,"failureDetails":[],"failureMessages":[],"fullName":"MessageService Unit Tests should pass basic test","invocations":1,"location":null,"numPassingAsserts":1,"retryReasons":[],"startAt":1772734975199,"status":"passed","title":"should pass basic test"},{"ancestorTitles":["MessageService Unit Tests"],"duration":1,"failing":false,"failureDetails":[],"failureMessages":[],"fullName":"MessageService Unit Tests should test ObjectId validation logic","invocations":1,"location":null,"numPassingAsserts":3,"retryReasons":[],"startAt":1772734975209,"status":"passed","title":"should test ObjectId validation logic"},{"ancestorTitles":["MessageService Unit Tests"],"duration":1,"failing":false,"failureDetails":[],"failureMessages":[],"fullName":"MessageService Unit Tests should test participant validation logic","invocations":1,"location":null,"numPassingAsserts":1,"retryReasons":[],"startAt":1772734975210,"status":"passed","title":"should test participant validation logic"},{"ancestorTitles":["MessageService Unit Tests"],"duration":1,"failing":false,"failureDetails":[],"failureMessages":[],"fullName":"MessageService Unit Tests should test non-participant validation","invocations":1,"location":null,"numPassingAsserts":1,"retryReasons":[],"startAt":1772734975212,"status":"passed","title":"should test non-participant validation"},{"ancestorTitles":["MessageService Unit Tests"],"duration":1,"failing":false,"failureDetails":[],"failureMessages":[],"fullName":"MessageService Unit Tests should test pagination calculation","invocations":1,"location":null,"numPassingAsserts":1,"retryReasons":[],"startAt":1772734975213,"status":"passed","title":"should test pagination calculation"},{"ancestorTitles":["MessageService Unit Tests"],"duration":1,"failing":false,"failureDetails":[],"failureMessages":[],"fullName":"MessageService Unit Tests should test message sorting logic","invocations":1,"location":null,"numPassingAsserts":3,"retryReasons":[],"startAt":1772734975214,"status":"passed","title":"should test message sorting logic"},{"ancestorTitles":["MessageService Unit Tests"],"duration":0,"failing":false,"failureDetails":[],"failureMessages":[],"fullName":"MessageService Unit Tests should test sender identification logic","invocations":1,"location":null,"numPassingAsserts":2,"retryReasons":[],"startAt":1772734975216,"status":"passed","title":"should test sender identification logic"},{"ancestorTitles":["MessageService Unit Tests"],"duration":0,"failing":false,"failureDetails":[],"failureMessages":[],"fullName":"MessageService Unit Tests should test empty message validation","invocations":1,"location":null,"numPassingAsserts":2,"retryReasons":[],"startAt":1772734975217,"status":"passed","title":"should test empty message validation"},{"ancestorTitles":["MessageService Unit Tests"],"duration":1,"failing":false,"failureDetails":[],"failureMessages":[],"fullName":"MessageService Unit Tests should test message length validation","invocations":1,"location":null,"numPassingAsserts":3,"retryReasons":[],"startAt":1772734975218,"status":"passed","title":"should test message length validation"},{"ancestorTitles":["MessageService Unit Tests"],"duration":1,"failing":false,"failureDetails":[],"failureMessages":[],"fullName":"MessageService Unit Tests should test unread count increment logic","invocations":1,"location":null,"numPassingAsserts":2,"retryReasons":[],"startAt":1772734975219,"status":"passed","title":"should test unread count increment logic"},{"ancestorTitles":["MessageService Unit Tests"],"duration":1,"failing":false,"failureDetails":[],"failureMessages":[],"fullName":"MessageService Unit Tests should test unread count reset logic","invocations":1,"location":null,"numPassingAsserts":1,"retryReasons":[],"startAt":1772734975220,"status":"passed","title":"should test unread count reset logic"}],"endTime":1772734975230,"message":"","name":"C:\\Users\\LOQ\\Desktop\\hamro_deal_backend\\backend\\src\\__tests__\\unit\\services\\simple-message.service.test.ts","startTime":1772734963452,"status":"passed","summary":""},{"assertionResults":[{"ancestorTitles":["ReviewService Unit Tests"],"duration":9,"failing":false,"failureDetails":[],"failureMessages":[],"fullName":"ReviewService Unit Tests should pass basic test","invocations":1,"location":null,"numPassingAsserts":1,"retryReasons":[],"startAt":1772734975473,"status":"passed","title":"should pass basic test"},{"ancestorTitles":["ReviewService Unit Tests"],"duration":1,"failing":false,"failureDetails":[],"failureMessages":[],"fullName":"ReviewService Unit Tests should test review creation logic","invocations":1,"location":null,"numPassingAsserts":1,"retryReasons":[],"startAt":1772734975483,"status":"passed","title":"should test review creation logic"},{"ancestorTitles":["ReviewService Unit Tests"],"duration":1,"failing":false,"failureDetails":[],"failureMessages":[],"fullName":"ReviewService Unit Tests should test review creation with non-delivered order","invocations":1,"location":null,"numPassingAsserts":1,"retryReasons":[],"startAt":1772734975484,"status":"passed","title":"should test review creation with non-delivered order"},{"ancestorTitles":["ReviewService Unit Tests"],"duration":0,"failing":false,"failureDetails":[],"failureMessages":[],"fullName":"ReviewService Unit Tests should test pagination calculation","invocations":1,"location":null,"numPassingAsserts":1,"retryReasons":[],"startAt":1772734975485,"status":"passed","title":"should test pagination calculation"},{"ancestorTitles":["ReviewService Unit Tests"],"duration":0,"failing":false,"failureDetails":[],"failureMessages":[],"fullName":"ReviewService Unit Tests should test user ID comparison logic","invocations":1,"location":null,"numPassingAsserts":2,"retryReasons":[],"startAt":1772734975486,"status":"passed","title":"should test user ID comparison logic"},{"ancestorTitles":["ReviewService Unit Tests"],"duration":0,"failing":false,"failureDetails":[],"failureMessages":[],"fullName":"ReviewService Unit Tests should test admin permission logic","invocations":1,"location":null,"numPassingAsserts":1,"retryReasons":[],"startAt":1772734975490,"status":"passed","title":"should test admin permission logic"},{"ancestorTitles":["ReviewService Unit Tests"],"duration":1,"failing":false,"failureDetails":[],"failureMessages":[],"fullName":"ReviewService Unit Tests should test non-admin permission logic","invocations":1,"location":null,"numPassingAsserts":1,"retryReasons":[],"startAt":1772734975490,"status":"passed","title":"should test non-admin permission logic"},{"ancestorTitles":["ReviewService Unit Tests"],"duration":2,"failing":false,"failureDetails":[],"failureMessages":[],"fullName":"ReviewService Unit Tests should test rating validation logic","invocations":1,"location":null,"numPassingAsserts":9,"retryReasons":[],"startAt":1772734975491,"status":"passed","title":"should test rating validation logic"},{"ancestorTitles":["ReviewService Unit Tests"],"duration":1,"failing":false,"failureDetails":[],"failureMessages":[],"fullName":"ReviewService Unit Tests should test empty orders array","invocations":1,"location":null,"numPassingAsserts":1,"retryReasons":[],"startAt":1772734975494,"status":"passed","title":"should test empty orders array"},{"ancestorTitles":["ReviewService Unit Tests"],"duration":1,"failing":false,"failureDetails":[],"failureMessages":[],"fullName":"ReviewService Unit Tests should test multiple orders with different products","invocations":1,"location":null,"numPassingAsserts":1,"retryReasons":[],"startAt":1772734975495,"status":"passed","title":"should test multiple orders with different products"},{"ancestorTitles":["ReviewService Unit Tests"],"duration":0,"failing":false,"failureDetails":[],"failureMessages":[],"fullName":"ReviewService Unit Tests should test ObjectId string conversion logic","invocations":1,"location":null,"numPassingAsserts":1,"retryReasons":[],"startAt":1772734975497,"status":"passed","title":"should test ObjectId string conversion logic"}],"endTime":1772734975505,"message":"","name":"C:\\Users\\LOQ\\Desktop\\hamro_deal_backend\\backend\\src\\__tests__\\unit\\services\\simple-review.service.test.ts","startTime":1772734963510,"status":"passed","summary":""},{"assertionResults":[{"ancestorTitles":["UserService Unit Tests"],"duration":1,"failing":false,"failureDetails":[],"failureMessages":[],"fullName":"UserService Unit Tests should pass basic test","invocations":1,"location":null,"numPassingAsserts":1,"retryReasons":[],"startAt":1772734976081,"status":"passed","title":"should pass basic test"},{"ancestorTitles":["UserService Unit Tests"],"duration":2,"failing":false,"failureDetails":[],"failureMessages":[],"fullName":"UserService Unit Tests should test email validation format","invocations":1,"location":null,"numPassingAsserts":6,"retryReasons":[],"startAt":1772734976082,"status":"passed","title":"should test email validation format"},{"ancestorTitles":["UserService Unit Tests"],"duration":1,"failing":false,"failureDetails":[],"failureMessages":[],"fullName":"UserService Unit Tests should test password length validation","invocations":1,"location":null,"numPassingAsserts":3,"retryReasons":[],"startAt":1772734976084,"status":"passed","title":"should test password length validation"},{"ancestorTitles":["UserService Unit Tests"],"duration":1,"failing":false,"failureDetails":[],"failureMessages":[],"fullName":"UserService Unit Tests should test password confirmation matching","invocations":1,"location":null,"numPassingAsserts":2,"retryReasons":[],"startAt":1772734976085,"status":"passed","title":"should test password confirmation matching"},{"ancestorTitles":["UserService Unit Tests"],"duration":1,"failing":false,"failureDetails":[],"failureMessages":[],"fullName":"UserService Unit Tests should test user role validation","invocations":1,"location":null,"numPassingAsserts":2,"retryReasons":[],"startAt":1772734976087,"status":"passed","title":"should test user role validation"},{"ancestorTitles":["UserService Unit Tests"],"duration":1,"failing":false,"failureDetails":[],"failureMessages":[],"fullName":"UserService Unit Tests should test user approval status","invocations":1,"location":null,"numPassingAsserts":3,"retryReasons":[],"startAt":1772734976088,"status":"passed","title":"should test user approval status"},{"ancestorTitles":["UserService Unit Tests"],"duration":0,"failing":false,"failureDetails":[],"failureMessages":[],"fullName":"UserService Unit Tests should test username uniqueness check","invocations":1,"location":null,"numPassingAsserts":2,"retryReasons":[],"startAt":1772734976089,"status":"passed","title":"should test username uniqueness check"},{"ancestorTitles":["UserService Unit Tests"],"duration":0,"failing":false,"failureDetails":[],"failureMessages":[],"fullName":"UserService Unit Tests should test email uniqueness check","invocations":1,"location":null,"numPassingAsserts":2,"retryReasons":[],"startAt":1772734976090,"status":"passed","title":"should test email uniqueness check"},{"ancestorTitles":["UserService Unit Tests"],"duration":2,"failing":false,"failureDetails":[],"failureMessages":[],"fullName":"UserService Unit Tests should test user ID comparison","invocations":1,"location":null,"numPassingAsserts":2,"retryReasons":[],"startAt":1772734976090,"status":"passed","title":"should test user ID comparison"},{"ancestorTitles":["UserService Unit Tests"],"duration":1,"failing":false,"failureDetails":[],"failureMessages":[],"fullName":"UserService Unit Tests should test admin permission check","invocations":1,"location":null,"numPassingAsserts":3,"retryReasons":[],"startAt":1772734976093,"status":"passed","title":"should test admin permission check"},{"ancestorTitles":["UserService Unit Tests"],"duration":1,"failing":false,"failureDetails":[],"failureMessages":[],"fullName":"UserService Unit Tests should test user profile update validation","invocations":1,"location":null,"numPassingAsserts":3,"retryReasons":[],"startAt":1772734976094,"status":"passed","title":"should test user profile update validation"},{"ancestorTitles":["UserService Unit Tests"],"duration":1,"failing":false,"failureDetails":[],"failureMessages":[],"fullName":"UserService Unit Tests should test pagination calculation","invocations":1,"location":null,"numPassingAsserts":1,"retryReasons":[],"startAt":1772734976095,"status":"passed","title":"should test pagination calculation"},{"ancestorTitles":["UserService Unit Tests"],"duration":1,"failing":false,"failureDetails":[],"failureMessages":[],"fullName":"UserService Unit Tests should test user search filtering","invocations":1,"location":null,"numPassingAsserts":2,"retryReasons":[],"startAt":1772734976096,"status":"passed","title":"should test user search filtering"},{"ancestorTitles":["UserService Unit Tests"],"duration":3,"failing":false,"failureDetails":[],"failureMessages":[],"fullName":"UserService Unit Tests should test user role filtering","invocations":1,"location":null,"numPassingAsserts":2,"retryReasons":[],"startAt":1772734976098,"status":"passed","title":"should test user role filtering"},{"ancestorTitles":["UserService Unit Tests"],"duration":1,"failing":false,"failureDetails":[],"failureMessages":[],"fullName":"UserService Unit Tests should test account status validation","invocations":1,"location":null,"numPassingAsserts":2,"retryReasons":[],"startAt":1772734976101,"status":"passed","title":"should test account status validation"}],"endTime":1772734976106,"message":"","name":"C:\\Users\\LOQ\\Desktop\\hamro_deal_backend\\backend\\src\\__tests__\\unit\\services\\simple-user.service.test.ts","startTime":1772734973913,"status":"passed","summary":""},{"assertionResults":[{"ancestorTitles":["ProductService Unit Tests"],"duration":1,"failing":false,"failureDetails":[],"failureMessages":[],"fullName":"ProductService Unit Tests should pass basic test","invocations":1,"location":null,"numPassingAsserts":1,"retryReasons":[],"startAt":1772734976227,"status":"passed","title":"should pass basic test"},{"ancestorTitles":["ProductService Unit Tests"],"duration":0,"failing":false,"failureDetails":[],"failureMessages":[],"fullName":"ProductService Unit Tests should test price validation","invocations":1,"location":null,"numPassingAsserts":3,"retryReasons":[],"startAt":1772734976229,"status":"passed","title":"should test price validation"},{"ancestorTitles":["ProductService Unit Tests"],"duration":0,"failing":false,"failureDetails":[],"failureMessages":[],"fullName":"ProductService Unit Tests should test stock validation","invocations":1,"location":null,"numPassingAsserts":3,"retryReasons":[],"startAt":1772734976230,"status":"passed","title":"should test stock validation"},{"ancestorTitles":["ProductService Unit Tests"],"duration":1,"failing":false,"failureDetails":[],"failureMessages":[],"fullName":"ProductService Unit Tests should test product availability logic","invocations":1,"location":null,"numPassingAsserts":2,"retryReasons":[],"startAt":1772734976231,"status":"passed","title":"should test product availability logic"},{"ancestorTitles":["ProductService Unit Tests"],"duration":1,"failing":false,"failureDetails":[],"failureMessages":[],"fullName":"ProductService Unit Tests should test seller ownership validation","invocations":1,"location":null,"numPassingAsserts":2,"retryReasons":[],"startAt":1772734976232,"status":"passed","title":"should test seller ownership validation"},{"ancestorTitles":["ProductService Unit Tests"],"duration":0,"failing":false,"failureDetails":[],"failureMessages":[],"fullName":"ProductService Unit Tests should test pagination calculation","invocations":1,"location":null,"numPassingAsserts":1,"retryReasons":[],"startAt":1772734976233,"status":"passed","title":"should test pagination calculation"},{"ancestorTitles":["ProductService Unit Tests"],"duration":1,"failing":false,"failureDetails":[],"failureMessages":[],"fullName":"ProductService Unit Tests should test product search filtering","invocations":1,"location":null,"numPassingAsserts":3,"retryReasons":[],"startAt":1772734976233,"status":"passed","title":"should test product search filtering"},{"ancestorTitles":["ProductService Unit Tests"],"duration":1,"failing":false,"failureDetails":[],"failureMessages":[],"fullName":"ProductService Unit Tests should test price range filtering","invocations":1,"location":null,"numPassingAsserts":2,"retryReasons":[],"startAt":1772734976234,"status":"passed","title":"should test price range filtering"},{"ancestorTitles":["ProductService Unit Tests"],"duration":1,"failing":false,"failureDetails":[],"failureMessages":[],"fullName":"ProductService Unit Tests should test product sorting by price","invocations":1,"location":null,"numPassingAsserts":2,"retryReasons":[],"startAt":1772734976235,"status":"passed","title":"should test product sorting by price"},{"ancestorTitles":["ProductService Unit Tests"],"duration":1,"failing":false,"failureDetails":[],"failureMessages":[],"fullName":"ProductService Unit Tests should test category filtering","invocations":1,"location":null,"numPassingAsserts":2,"retryReasons":[],"startAt":1772734976236,"status":"passed","title":"should test category filtering"},{"ancestorTitles":["ProductService Unit Tests"],"duration":1,"failing":false,"failureDetails":[],"failureMessages":[],"fullName":"ProductService Unit Tests should test discount calculation","invocations":1,"location":null,"numPassingAsserts":1,"retryReasons":[],"startAt":1772734976237,"status":"passed","title":"should test discount calculation"},{"ancestorTitles":["ProductService Unit Tests"],"duration":0,"failing":false,"failureDetails":[],"failureMessages":[],"fullName":"ProductService Unit Tests should test product rating calculation","invocations":1,"location":null,"numPassingAsserts":1,"retryReasons":[],"startAt":1772734976238,"status":"passed","title":"should test product rating calculation"},{"ancestorTitles":["ProductService Unit Tests"],"duration":1,"failing":false,"failureDetails":[],"failureMessages":[],"fullName":"ProductService Unit Tests should test stock decrement logic","invocations":1,"location":null,"numPassingAsserts":1,"retryReasons":[],"startAt":1772734976238,"status":"passed","title":"should test stock decrement logic"},{"ancestorTitles":["ProductService Unit Tests"],"duration":1,"failing":false,"failureDetails":[],"failureMessages":[],"fullName":"ProductService Unit Tests should test product approval status","invocations":1,"location":null,"numPassingAsserts":2,"retryReasons":[],"startAt":1772734976239,"status":"passed","title":"should test product approval status"},{"ancestorTitles":["ProductService Unit Tests"],"duration":0,"failing":false,"failureDetails":[],"failureMessages":[],"fullName":"ProductService Unit Tests should test product title validation","invocations":1,"location":null,"numPassingAsserts":3,"retryReasons":[],"startAt":1772734976240,"status":"passed","title":"should test product title validation"}],"endTime":1772734976246,"message":"","name":"C:\\Users\\LOQ\\Desktop\\hamro_deal_backend\\backend\\src\\__tests__\\unit\\services\\simple-product.service.test.ts","startTime":1772734973929,"status":"passed","summary":""},{"assertionResults":[{"ancestorTitles":["OrderService Unit Tests"],"duration":1,"failing":false,"failureDetails":[],"failureMessages":[],"fullName":"OrderService Unit Tests should pass basic test","invocations":1,"location":null,"numPassingAsserts":1,"retryReasons":[],"startAt":1772734977410,"status":"passed","title":"should pass basic test"},{"ancestorTitles":["OrderService Unit Tests"],"duration":2,"failing":false,"failureDetails":[],"failureMessages":[],"fullName":"OrderService Unit Tests should test order status validation","invocations":1,"location":null,"numPassingAsserts":6,"retryReasons":[],"startAt":1772734977411,"status":"passed","title":"should test order status validation"},{"ancestorTitles":["OrderService Unit Tests"],"duration":1,"failing":false,"failureDetails":[],"failureMessages":[],"fullName":"OrderService Unit Tests should test order total calculation","invocations":1,"location":null,"numPassingAsserts":1,"retryReasons":[],"startAt":1772734977413,"status":"passed","title":"should test order total calculation"},{"ancestorTitles":["OrderService Unit Tests"],"duration":1,"failing":false,"failureDetails":[],"failureMessages":[],"fullName":"OrderService Unit Tests should test order total with shipping and tax","invocations":1,"location":null,"numPassingAsserts":1,"retryReasons":[],"startAt":1772734977414,"status":"passed","title":"should test order total with shipping and tax"},{"ancestorTitles":["OrderService Unit Tests"],"duration":1,"failing":false,"failureDetails":[],"failureMessages":[],"fullName":"OrderService Unit Tests should test payment method validation","invocations":1,"location":null,"numPassingAsserts":2,"retryReasons":[],"startAt":1772734977415,"status":"passed","title":"should test payment method validation"},{"ancestorTitles":["OrderService Unit Tests"],"duration":1,"failing":false,"failureDetails":[],"failureMessages":[],"fullName":"OrderService Unit Tests should test order status progression","invocations":1,"location":null,"numPassingAsserts":4,"retryReasons":[],"startAt":1772734977416,"status":"passed","title":"should test order status progression"},{"ancestorTitles":["OrderService Unit Tests"],"duration":5,"failing":false,"failureDetails":[],"failureMessages":[],"fullName":"OrderService Unit Tests should test order cancellation logic","invocations":1,"location":null,"numPassingAsserts":2,"retryReasons":[],"startAt":1772734977417,"status":"passed","title":"should test order cancellation logic"},{"ancestorTitles":["OrderService Unit Tests"],"duration":2,"failing":false,"failureDetails":[],"failureMessages":[],"fullName":"OrderService Unit Tests should test user order ownership","invocations":1,"location":null,"numPassingAsserts":2,"retryReasons":[],"startAt":1772734977422,"status":"passed","title":"should test user order ownership"},{"ancestorTitles":["OrderService Unit Tests"],"duration":3,"failing":false,"failureDetails":[],"failureMessages":[],"fullName":"OrderService Unit Tests should test pagination calculation","invocations":1,"location":null,"numPassingAsserts":1,"retryReasons":[],"startAt":1772734977424,"status":"passed","title":"should test pagination calculation"},{"ancestorTitles":["OrderService Unit Tests"],"duration":1,"failing":false,"failureDetails":[],"failureMessages":[],"fullName":"OrderService Unit Tests should test order item quantity validation","invocations":1,"location":null,"numPassingAsserts":3,"retryReasons":[],"startAt":1772734977427,"status":"passed","title":"should test order item quantity validation"},{"ancestorTitles":["OrderService Unit Tests"],"duration":2,"failing":false,"failureDetails":[],"failureMessages":[],"fullName":"OrderService Unit Tests should test order number generation logic","invocations":1,"location":null,"numPassingAsserts":2,"retryReasons":[],"startAt":1772734977428,"status":"passed","title":"should test order number generation logic"},{"ancestorTitles":["OrderService Unit Tests"],"duration":1,"failing":false,"failureDetails":[],"failureMessages":[],"fullName":"OrderService Unit Tests should test stock validation","invocations":1,"location":null,"numPassingAsserts":2,"retryReasons":[],"startAt":1772734977430,"status":"passed","title":"should test stock validation"},{"ancestorTitles":["OrderService Unit Tests"],"duration":1,"failing":false,"failureDetails":[],"failureMessages":[],"fullName":"OrderService Unit Tests should test order filtering by status","invocations":1,"location":null,"numPassingAsserts":1,"retryReasons":[],"startAt":1772734977434,"status":"passed","title":"should test order filtering by status"},{"ancestorTitles":["OrderService Unit Tests"],"duration":1,"failing":false,"failureDetails":[],"failureMessages":[],"fullName":"OrderService Unit Tests should test order date sorting","invocations":1,"location":null,"numPassingAsserts":3,"retryReasons":[],"startAt":1772734977435,"status":"passed","title":"should test order date sorting"}],"endTime":1772734977469,"message":"","name":"C:\\Users\\LOQ\\Desktop\\hamro_deal_backend\\backend\\src\\__tests__\\unit\\services\\simple-order.service.test.ts","startTime":1772734975250,"status":"passed","summary":""},{"assertionResults":[{"ancestorTitles":["Category Integration Tests","POST /api/categories"],"duration":2669,"failing":false,"failureDetails":[],"failureMessages":[],"fullName":"Category Integration Tests POST /api/categories should create category","invocations":1,"location":null,"numPassingAsserts":2,"retryReasons":[],"startAt":1772734991285,"status":"passed","title":"should create category"},{"ancestorTitles":["Category Integration Tests","GET /api/categories"],"duration":820,"failing":false,"failureDetails":[],"failureMessages":[],"fullName":"Category Integration Tests GET /api/categories should get all categories","invocations":1,"location":null,"numPassingAsserts":2,"retryReasons":[],"startAt":1772734993954,"status":"passed","title":"should get all categories"},{"ancestorTitles":["Category Integration Tests","GET /api/categories/:id"],"duration":87,"failing":false,"failureDetails":[{"matcherResult":{"actual":404,"expected":200,"message":"expect(received).toBe(expected) // Object.is equality\n\nExpected: 200\nReceived: 404","name":"toBe","pass":false}}],"failureMessages":["Error: expect(received).toBe(expected) // Object.is equality\n\nExpected: 200\nReceived: 404\n    at Object.<anonymous> (C:\\Users\\LOQ\\Desktop\\hamro_deal_backend\\backend\\src\\__tests__\\integration\\category.test.ts:43:37)\n    at processTicksAndRejections (node:internal/process/task_queues:105:5)"],"fullName":"Category Integration Tests GET /api/categories/:id should get single category by id","invocations":1,"location":null,"numPassingAsserts":0,"retryReasons":[],"startAt":1772734994774,"status":"failed","title":"should get single category by id"},{"ancestorTitles":["Category Integration Tests","DELETE /api/categories/:id"],"duration":896,"failing":false,"failureDetails":[{"matcherResult":{"actual":404,"expected":200,"message":"expect(received).toBe(expected) // Object.is equality\n\nExpected: 200\nReceived: 404","name":"toBe","pass":false}}],"failureMessages":["Error: expect(received).toBe(expected) // Object.is equality\n\nExpected: 200\nReceived: 404\n    at Object.<anonymous> (C:\\Users\\LOQ\\Desktop\\hamro_deal_backend\\backend\\src\\__tests__\\integration\\category.test.ts:53:37)\n    at processTicksAndRejections (node:internal/process/task_queues:105:5)"],"fullName":"Category Integration Tests DELETE /api/categories/:id should delete category","invocations":1,"location":null,"numPassingAsserts":0,"retryReasons":[],"startAt":1772734994867,"status":"failed","title":"should delete category"}],"endTime":1772734995943,"message":"  ● Category Integration Tests › GET /api/categories/:id › should get single category by id\n\n    expect(received).toBe(expected) // Object.is equality\n\n    Expected: 200\n    Received: 404\n\n    \u001b[0m \u001b[90m 41 |\u001b[39m                 \u001b[33m.\u001b[39m\u001b[36mget\u001b[39m(\u001b[32m`/api/categories/${testCategoryId}`\u001b[39m)\u001b[33m;\u001b[39m\n     \u001b[90m 42 |\u001b[39m             \n    \u001b[31m\u001b[1m>\u001b[22m\u001b[39m\u001b[90m 43 |\u001b[39m             expect(response\u001b[33m.\u001b[39mstatus)\u001b[33m.\u001b[39mtoBe(\u001b[35m200\u001b[39m)\u001b[33m;\u001b[39m\n     \u001b[90m    |\u001b[39m                                     \u001b[31m\u001b[1m^\u001b[22m\u001b[39m\n     \u001b[90m 44 |\u001b[39m             expect(response\u001b[33m.\u001b[39mbody\u001b[33m.\u001b[39mdata)\u001b[33m.\u001b[39mtoHaveProperty(\u001b[32m'_id'\u001b[39m\u001b[33m,\u001b[39m testCategoryId)\u001b[33m;\u001b[39m\n     \u001b[90m 45 |\u001b[39m         })\u001b[33m;\u001b[39m\n     \u001b[90m 46 |\u001b[39m     })\u001b[33m;\u001b[39m\u001b[0m\n\n      at Object.<anonymous> (src/__tests__/integration/category.test.ts:43:37)\n\n  ● Category Integration Tests › DELETE /api/categories/:id › should delete category\n\n    expect(received).toBe(expected) // Object.is equality\n\n    Expected: 200\n    Received: 404\n\n    \u001b[0m \u001b[90m 51 |\u001b[39m                 \u001b[33m.\u001b[39m\u001b[36mdelete\u001b[39m(\u001b[32m`/api/categories/${testCategoryId}`\u001b[39m)\u001b[33m;\u001b[39m\n     \u001b[90m 52 |\u001b[39m             \n    \u001b[31m\u001b[1m>\u001b[22m\u001b[39m\u001b[90m 53 |\u001b[39m             expect(response\u001b[33m.\u001b[39mstatus)\u001b[33m.\u001b[39mtoBe(\u001b[35m200\u001b[39m)\u001b[33m;\u001b[39m\n     \u001b[90m    |\u001b[39m                                     \u001b[31m\u001b[1m^\u001b[22m\u001b[39m\n     \u001b[90m 54 |\u001b[39m             expect(response\u001b[33m.\u001b[39mbody)\u001b[33m.\u001b[39mtoHaveProperty(\u001b[32m'success'\u001b[39m\u001b[33m,\u001b[39m \u001b[36mtrue\u001b[39m)\u001b[33m;\u001b[39m\n     \u001b[90m 55 |\u001b[39m         })\u001b[33m;\u001b[39m\n     \u001b[90m 56 |\u001b[39m     })\u001b[33m;\u001b[39m\u001b[0m\n\n      at Object.<anonymous> (src/__tests__/integration/category.test.ts:53:37)\n","name":"C:\\Users\\LOQ\\Desktop\\hamro_deal_backend\\backend\\src\\__tests__\\integration\\category.test.ts","startTime":1772734963466,"status":"failed","summary":""},{"assertionResults":[{"ancestorTitles":["Order Integration Tests","POST /api/orders"],"duration":6,"failing":false,"failureDetails":[{"errorLabelSet":{},"errorResponse":{"index":0,"code":11000,"errmsg":"E11000 duplicate key error collection: hamro_deal.categories index: name_1 dup key: { name: \"Test Category\" }","keyPattern":{"name":1},"keyValue":{"name":"Test Category"}},"index":0,"code":11000,"keyPattern":{"name":1},"keyValue":{"name":"Test Category"}}],"failureMessages":["MongoServerError: E11000 duplicate key error collection: hamro_deal.categories index: name_1 dup key: { name: \"Test Category\" }\n    at InsertOneOperation.handleOk (C:\\Users\\LOQ\\Desktop\\hamro_deal_backend\\backend\\node_modules\\mongodb\\src\\operations\\insert.ts:79:13)\n    at tryOperation (C:\\Users\\LOQ\\Desktop\\hamro_deal_backend\\backend\\node_modules\\mongodb\\src\\operations\\execute_operation.ts:294:26)\n    at processTicksAndRejections (node:internal/process/task_queues:105:5)\n    at executeOperation (C:\\Users\\LOQ\\Desktop\\hamro_deal_backend\\backend\\node_modules\\mongodb\\src\\operations\\execute_operation.ts:123:12)\n    at Collection.insertOne (C:\\Users\\LOQ\\Desktop\\hamro_deal_backend\\backend\\node_modules\\mongodb\\src\\collection.ts:294:12)\n    at model.$__save (C:\\Users\\LOQ\\Desktop\\hamro_deal_backend\\backend\\node_modules\\mongoose\\lib\\model.js:398:16)\n    at model.save (C:\\Users\\LOQ\\Desktop\\hamro_deal_backend\\backend\\node_modules\\mongoose\\lib\\model.js:609:5)\n    at C:\\Users\\LOQ\\Desktop\\hamro_deal_backend\\backend\\node_modules\\mongoose\\lib\\model.js:2714:9\n    at async Promise.all (index 0)\n    at Function.create (C:\\Users\\LOQ\\Desktop\\hamro_deal_backend\\backend\\node_modules\\mongoose\\lib\\model.js:2699:11)\n    at Object.<anonymous> (C:\\Users\\LOQ\\Desktop\\hamro_deal_backend\\backend\\src\\__tests__\\integration\\order.test.ts:47:26)"],"fullName":"Order Integration Tests POST /api/orders should create order with valid data","invocations":1,"location":null,"numPassingAsserts":0,"retryReasons":[],"startAt":1772734995761,"status":"failed","title":"should create order with valid data"},{"ancestorTitles":["Order Integration Tests","POST /api/orders"],"duration":0,"failing":false,"failureDetails":[{"errorLabelSet":{},"errorResponse":{"index":0,"code":11000,"errmsg":"E11000 duplicate key error collection: hamro_deal.categories index: name_1 dup key: { name: \"Test Category\" }","keyPattern":{"name":1},"keyValue":{"name":"Test Category"}},"index":0,"code":11000,"keyPattern":{"name":1},"keyValue":{"name":"Test Category"}}],"failureMessages":["MongoServerError: E11000 duplicate key error collection: hamro_deal.categories index: name_1 dup key: { name: \"Test Category\" }\n    at InsertOneOperation.handleOk (C:\\Users\\LOQ\\Desktop\\hamro_deal_backend\\backend\\node_modules\\mongodb\\src\\operations\\insert.ts:79:13)\n    at tryOperation (C:\\Users\\LOQ\\Desktop\\hamro_deal_backend\\backend\\node_modules\\mongodb\\src\\operations\\execute_operation.ts:294:26)\n    at processTicksAndRejections (node:internal/process/task_queues:105:5)\n    at executeOperation (C:\\Users\\LOQ\\Desktop\\hamro_deal_backend\\backend\\node_modules\\mongodb\\src\\operations\\execute_operation.ts:123:12)\n    at Collection.insertOne (C:\\Users\\LOQ\\Desktop\\hamro_deal_backend\\backend\\node_modules\\mongodb\\src\\collection.ts:294:12)\n    at model.$__save (C:\\Users\\LOQ\\Desktop\\hamro_deal_backend\\backend\\node_modules\\mongoose\\lib\\model.js:398:16)\n    at model.save (C:\\Users\\LOQ\\Desktop\\hamro_deal_backend\\backend\\node_modules\\mongoose\\lib\\model.js:609:5)\n    at C:\\Users\\LOQ\\Desktop\\hamro_deal_backend\\backend\\node_modules\\mongoose\\lib\\model.js:2714:9\n    at async Promise.all (index 0)\n    at Function.create (C:\\Users\\LOQ\\Desktop\\hamro_deal_backend\\backend\\node_modules\\mongoose\\lib\\model.js:2699:11)\n    at Object.<anonymous> (C:\\Users\\LOQ\\Desktop\\hamro_deal_backend\\backend\\src\\__tests__\\integration\\order.test.ts:47:26)"],"fullName":"Order Integration Tests POST /api/orders should fail to create order without authentication","invocations":1,"location":null,"numPassingAsserts":0,"retryReasons":[],"startAt":1772734995796,"status":"failed","title":"should fail to create order without authentication"},{"ancestorTitles":["Order Integration Tests","POST /api/orders"],"duration":0,"failing":false,"failureDetails":[{"errorLabelSet":{},"errorResponse":{"index":0,"code":11000,"errmsg":"E11000 duplicate key error collection: hamro_deal.categories index: name_1 dup key: { name: \"Test Category\" }","keyPattern":{"name":1},"keyValue":{"name":"Test Category"}},"index":0,"code":11000,"keyPattern":{"name":1},"keyValue":{"name":"Test Category"}}],"failureMessages":["MongoServerError: E11000 duplicate key error collection: hamro_deal.categories index: name_1 dup key: { name: \"Test Category\" }\n    at InsertOneOperation.handleOk (C:\\Users\\LOQ\\Desktop\\hamro_deal_backend\\backend\\node_modules\\mongodb\\src\\operations\\insert.ts:79:13)\n    at tryOperation (C:\\Users\\LOQ\\Desktop\\hamro_deal_backend\\backend\\node_modules\\mongodb\\src\\operations\\execute_operation.ts:294:26)\n    at processTicksAndRejections (node:internal/process/task_queues:105:5)\n    at executeOperation (C:\\Users\\LOQ\\Desktop\\hamro_deal_backend\\backend\\node_modules\\mongodb\\src\\operations\\execute_operation.ts:123:12)\n    at Collection.insertOne (C:\\Users\\LOQ\\Desktop\\hamro_deal_backend\\backend\\node_modules\\mongodb\\src\\collection.ts:294:12)\n    at model.$__save (C:\\Users\\LOQ\\Desktop\\hamro_deal_backend\\backend\\node_modules\\mongoose\\lib\\model.js:398:16)\n    at model.save (C:\\Users\\LOQ\\Desktop\\hamro_deal_backend\\backend\\node_modules\\mongoose\\lib\\model.js:609:5)\n    at C:\\Users\\LOQ\\Desktop\\hamro_deal_backend\\backend\\node_modules\\mongoose\\lib\\model.js:2714:9\n    at async Promise.all (index 0)\n    at Function.create (C:\\Users\\LOQ\\Desktop\\hamro_deal_backend\\backend\\node_modules\\mongoose\\lib\\model.js:2699:11)\n    at Object.<anonymous> (C:\\Users\\LOQ\\Desktop\\hamro_deal_backend\\backend\\src\\__tests__\\integration\\order.test.ts:47:26)"],"fullName":"Order Integration Tests POST /api/orders should fail with invalid items array","invocations":1,"location":null,"numPassingAsserts":0,"retryReasons":[],"startAt":1772734995797,"status":"failed","title":"should fail with invalid items array"},{"ancestorTitles":["Order Integration Tests","POST /api/orders"],"duration":0,"failing":false,"failureDetails":[{"errorLabelSet":{},"errorResponse":{"index":0,"code":11000,"errmsg":"E11000 duplicate key error collection: hamro_deal.categories index: name_1 dup key: { name: \"Test Category\" }","keyPattern":{"name":1},"keyValue":{"name":"Test Category"}},"index":0,"code":11000,"keyPattern":{"name":1},"keyValue":{"name":"Test Category"}}],"failureMessages":["MongoServerError: E11000 duplicate key error collection: hamro_deal.categories index: name_1 dup key: { name: \"Test Category\" }\n    at InsertOneOperation.handleOk (C:\\Users\\LOQ\\Desktop\\hamro_deal_backend\\backend\\node_modules\\mongodb\\src\\operations\\insert.ts:79:13)\n    at tryOperation (C:\\Users\\LOQ\\Desktop\\hamro_deal_backend\\backend\\node_modules\\mongodb\\src\\operations\\execute_operation.ts:294:26)\n    at processTicksAndRejections (node:internal/process/task_queues:105:5)\n    at executeOperation (C:\\Users\\LOQ\\Desktop\\hamro_deal_backend\\backend\\node_modules\\mongodb\\src\\operations\\execute_operation.ts:123:12)\n    at Collection.insertOne (C:\\Users\\LOQ\\Desktop\\hamro_deal_backend\\backend\\node_modules\\mongodb\\src\\collection.ts:294:12)\n    at model.$__save (C:\\Users\\LOQ\\Desktop\\hamro_deal_backend\\backend\\node_modules\\mongoose\\lib\\model.js:398:16)\n    at model.save (C:\\Users\\LOQ\\Desktop\\hamro_deal_backend\\backend\\node_modules\\mongoose\\lib\\model.js:609:5)\n    at C:\\Users\\LOQ\\Desktop\\hamro_deal_backend\\backend\\node_modules\\mongoose\\lib\\model.js:2714:9\n    at async Promise.all (index 0)\n    at Function.create (C:\\Users\\LOQ\\Desktop\\hamro_deal_backend\\backend\\node_modules\\mongoose\\lib\\model.js:2699:11)\n    at Object.<anonymous> (C:\\Users\\LOQ\\Desktop\\hamro_deal_backend\\backend\\src\\__tests__\\integration\\order.test.ts:47:26)"],"fullName":"Order Integration Tests POST /api/orders should fail with missing shipping address","invocations":1,"location":null,"numPassingAsserts":0,"retryReasons":[],"startAt":1772734995797,"status":"failed","title":"should fail with missing shipping address"},{"ancestorTitles":["Order Integration Tests","POST /api/orders"],"duration":0,"failing":false,"failureDetails":[{"errorLabelSet":{},"errorResponse":{"index":0,"code":11000,"errmsg":"E11000 duplicate key error collection: hamro_deal.categories index: name_1 dup key: { name: \"Test Category\" }","keyPattern":{"name":1},"keyValue":{"name":"Test Category"}},"index":0,"code":11000,"keyPattern":{"name":1},"keyValue":{"name":"Test Category"}}],"failureMessages":["MongoServerError: E11000 duplicate key error collection: hamro_deal.categories index: name_1 dup key: { name: \"Test Category\" }\n    at InsertOneOperation.handleOk (C:\\Users\\LOQ\\Desktop\\hamro_deal_backend\\backend\\node_modules\\mongodb\\src\\operations\\insert.ts:79:13)\n    at tryOperation (C:\\Users\\LOQ\\Desktop\\hamro_deal_backend\\backend\\node_modules\\mongodb\\src\\operations\\execute_operation.ts:294:26)\n    at processTicksAndRejections (node:internal/process/task_queues:105:5)\n    at executeOperation (C:\\Users\\LOQ\\Desktop\\hamro_deal_backend\\backend\\node_modules\\mongodb\\src\\operations\\execute_operation.ts:123:12)\n    at Collection.insertOne (C:\\Users\\LOQ\\Desktop\\hamro_deal_backend\\backend\\node_modules\\mongodb\\src\\collection.ts:294:12)\n    at model.$__save (C:\\Users\\LOQ\\Desktop\\hamro_deal_backend\\backend\\node_modules\\mongoose\\lib\\model.js:398:16)\n    at model.save (C:\\Users\\LOQ\\Desktop\\hamro_deal_backend\\backend\\node_modules\\mongoose\\lib\\model.js:609:5)\n    at C:\\Users\\LOQ\\Desktop\\hamro_deal_backend\\backend\\node_modules\\mongoose\\lib\\model.js:2714:9\n    at async Promise.all (index 0)\n    at Function.create (C:\\Users\\LOQ\\Desktop\\hamro_deal_backend\\backend\\node_modules\\mongoose\\lib\\model.js:2699:11)\n    at Object.<anonymous> (C:\\Users\\LOQ\\Desktop\\hamro_deal_backend\\backend\\src\\__tests__\\integration\\order.test.ts:47:26)"],"fullName":"Order Integration Tests POST /api/orders should fail with invalid payment method","invocations":1,"location":null,"numPassingAsserts":0,"retryReasons":[],"startAt":1772734995797,"status":"failed","title":"should fail with invalid payment method"},{"ancestorTitles":["Order Integration Tests","GET /api/orders/:id"],"duration":0,"failing":false,"failureDetails":[{"errorLabelSet":{},"errorResponse":{"index":0,"code":11000,"errmsg":"E11000 duplicate key error collection: hamro_deal.categories index: name_1 dup key: { name: \"Test Category\" }","keyPattern":{"name":1},"keyValue":{"name":"Test Category"}},"index":0,"code":11000,"keyPattern":{"name":1},"keyValue":{"name":"Test Category"}}],"failureMessages":["MongoServerError: E11000 duplicate key error collection: hamro_deal.categories index: name_1 dup key: { name: \"Test Category\" }\n    at InsertOneOperation.handleOk (C:\\Users\\LOQ\\Desktop\\hamro_deal_backend\\backend\\node_modules\\mongodb\\src\\operations\\insert.ts:79:13)\n    at tryOperation (C:\\Users\\LOQ\\Desktop\\hamro_deal_backend\\backend\\node_modules\\mongodb\\src\\operations\\execute_operation.ts:294:26)\n    at processTicksAndRejections (node:internal/process/task_queues:105:5)\n    at executeOperation (C:\\Users\\LOQ\\Desktop\\hamro_deal_backend\\backend\\node_modules\\mongodb\\src\\operations\\execute_operation.ts:123:12)\n    at Collection.insertOne (C:\\Users\\LOQ\\Desktop\\hamro_deal_backend\\backend\\node_modules\\mongodb\\src\\collection.ts:294:12)\n    at model.$__save (C:\\Users\\LOQ\\Desktop\\hamro_deal_backend\\backend\\node_modules\\mongoose\\lib\\model.js:398:16)\n    at model.save (C:\\Users\\LOQ\\Desktop\\hamro_deal_backend\\backend\\node_modules\\mongoose\\lib\\model.js:609:5)\n    at C:\\Users\\LOQ\\Desktop\\hamro_deal_backend\\backend\\node_modules\\mongoose\\lib\\model.js:2714:9\n    at async Promise.all (index 0)\n    at Function.create (C:\\Users\\LOQ\\Desktop\\hamro_deal_backend\\backend\\node_modules\\mongoose\\lib\\model.js:2699:11)\n    at Object.<anonymous> (C:\\Users\\LOQ\\Desktop\\hamro_deal_backend\\backend\\src\\__tests__\\integration\\order.test.ts:47:26)"],"fullName":"Order Integration Tests GET /api/orders/:id should get order by ID","invocations":1,"location":null,"numPassingAsserts":0,"retryReasons":[],"startAt":1772734995798,"status":"failed","title":"should get order by ID"},{"ancestorTitles":["Order Integration Tests","GET /api/orders/:id"],"duration":0,"failing":false,"failureDetails":[{"errorLabelSet":{},"errorResponse":{"index":0,"code":11000,"errmsg":"E11000 duplicate key error collection: hamro_deal.categories index: name_1 dup key: { name: \"Test Category\" }","keyPattern":{"name":1},"keyValue":{"name":"Test Category"}},"index":0,"code":11000,"keyPattern":{"name":1},"keyValue":{"name":"Test Category"}}],"failureMessages":["MongoServerError: E11000 duplicate key error collection: hamro_deal.categories index: name_1 dup key: { name: \"Test Category\" }\n    at InsertOneOperation.handleOk (C:\\Users\\LOQ\\Desktop\\hamro_deal_backend\\backend\\node_modules\\mongodb\\src\\operations\\insert.ts:79:13)\n    at tryOperation (C:\\Users\\LOQ\\Desktop\\hamro_deal_backend\\backend\\node_modules\\mongodb\\src\\operations\\execute_operation.ts:294:26)\n    at processTicksAndRejections (node:internal/process/task_queues:105:5)\n    at executeOperation (C:\\Users\\LOQ\\Desktop\\hamro_deal_backend\\backend\\node_modules\\mongodb\\src\\operations\\execute_operation.ts:123:12)\n    at Collection.insertOne (C:\\Users\\LOQ\\Desktop\\hamro_deal_backend\\backend\\node_modules\\mongodb\\src\\collection.ts:294:12)\n    at model.$__save (C:\\Users\\LOQ\\Desktop\\hamro_deal_backend\\backend\\node_modules\\mongoose\\lib\\model.js:398:16)\n    at model.save (C:\\Users\\LOQ\\Desktop\\hamro_deal_backend\\backend\\node_modules\\mongoose\\lib\\model.js:609:5)\n    at C:\\Users\\LOQ\\Desktop\\hamro_deal_backend\\backend\\node_modules\\mongoose\\lib\\model.js:2714:9\n    at async Promise.all (index 0)\n    at Function.create (C:\\Users\\LOQ\\Desktop\\hamro_deal_backend\\backend\\node_modules\\mongoose\\lib\\model.js:2699:11)\n    at Object.<anonymous> (C:\\Users\\LOQ\\Desktop\\hamro_deal_backend\\backend\\src\\__tests__\\integration\\order.test.ts:47:26)"],"fullName":"Order Integration Tests GET /api/orders/:id should fail without authentication","invocations":1,"location":null,"numPassingAsserts":0,"retryReasons":[],"startAt":1772734995798,"status":"failed","title":"should fail without authentication"},{"ancestorTitles":["Order Integration Tests","GET /api/orders/:id"],"duration":0,"failing":false,"failureDetails":[{"errorLabelSet":{},"errorResponse":{"index":0,"code":11000,"errmsg":"E11000 duplicate key error collection: hamro_deal.categories index: name_1 dup key: { name: \"Test Category\" }","keyPattern":{"name":1},"keyValue":{"name":"Test Category"}},"index":0,"code":11000,"keyPattern":{"name":1},"keyValue":{"name":"Test Category"}}],"failureMessages":["MongoServerError: E11000 duplicate key error collection: hamro_deal.categories index: name_1 dup key: { name: \"Test Category\" }\n    at InsertOneOperation.handleOk (C:\\Users\\LOQ\\Desktop\\hamro_deal_backend\\backend\\node_modules\\mongodb\\src\\operations\\insert.ts:79:13)\n    at tryOperation (C:\\Users\\LOQ\\Desktop\\hamro_deal_backend\\backend\\node_modules\\mongodb\\src\\operations\\execute_operation.ts:294:26)\n    at processTicksAndRejections (node:internal/process/task_queues:105:5)\n    at executeOperation (C:\\Users\\LOQ\\Desktop\\hamro_deal_backend\\backend\\node_modules\\mongodb\\src\\operations\\execute_operation.ts:123:12)\n    at Collection.insertOne (C:\\Users\\LOQ\\Desktop\\hamro_deal_backend\\backend\\node_modules\\mongodb\\src\\collection.ts:294:12)\n    at model.$__save (C:\\Users\\LOQ\\Desktop\\hamro_deal_backend\\backend\\node_modules\\mongoose\\lib\\model.js:398:16)\n    at model.save (C:\\Users\\LOQ\\Desktop\\hamro_deal_backend\\backend\\node_modules\\mongoose\\lib\\model.js:609:5)\n    at C:\\Users\\LOQ\\Desktop\\hamro_deal_backend\\backend\\node_modules\\mongoose\\lib\\model.js:2714:9\n    at async Promise.all (index 0)\n    at Function.create (C:\\Users\\LOQ\\Desktop\\hamro_deal_backend\\backend\\node_modules\\mongoose\\lib\\model.js:2699:11)\n    at Object.<anonymous> (C:\\Users\\LOQ\\Desktop\\hamro_deal_backend\\backend\\src\\__tests__\\integration\\order.test.ts:47:26)"],"fullName":"Order Integration Tests GET /api/orders/:id should fail with invalid order ID","invocations":1,"location":null,"numPassingAsserts":0,"retryReasons":[],"startAt":1772734995798,"status":"failed","title":"should fail with invalid order ID"},{"ancestorTitles":["Order Integration Tests","GET /api/orders/:id"],"duration":1,"failing":false,"failureDetails":[{"errorLabelSet":{},"errorResponse":{"index":0,"code":11000,"errmsg":"E11000 duplicate key error collection: hamro_deal.categories index: name_1 dup key: { name: \"Test Category\" }","keyPattern":{"name":1},"keyValue":{"name":"Test Category"}},"index":0,"code":11000,"keyPattern":{"name":1},"keyValue":{"name":"Test Category"}}],"failureMessages":["MongoServerError: E11000 duplicate key error collection: hamro_deal.categories index: name_1 dup key: { name: \"Test Category\" }\n    at InsertOneOperation.handleOk (C:\\Users\\LOQ\\Desktop\\hamro_deal_backend\\backend\\node_modules\\mongodb\\src\\operations\\insert.ts:79:13)\n    at tryOperation (C:\\Users\\LOQ\\Desktop\\hamro_deal_backend\\backend\\node_modules\\mongodb\\src\\operations\\execute_operation.ts:294:26)\n    at processTicksAndRejections (node:internal/process/task_queues:105:5)\n    at executeOperation (C:\\Users\\LOQ\\Desktop\\hamro_deal_backend\\backend\\node_modules\\mongodb\\src\\operations\\execute_operation.ts:123:12)\n    at Collection.insertOne (C:\\Users\\LOQ\\Desktop\\hamro_deal_backend\\backend\\node_modules\\mongodb\\src\\collection.ts:294:12)\n    at model.$__save (C:\\Users\\LOQ\\Desktop\\hamro_deal_backend\\backend\\node_modules\\mongoose\\lib\\model.js:398:16)\n    at model.save (C:\\Users\\LOQ\\Desktop\\hamro_deal_backend\\backend\\node_modules\\mongoose\\lib\\model.js:609:5)\n    at C:\\Users\\LOQ\\Desktop\\hamro_deal_backend\\backend\\node_modules\\mongoose\\lib\\model.js:2714:9\n    at async Promise.all (index 0)\n    at Function.create (C:\\Users\\LOQ\\Desktop\\hamro_deal_backend\\backend\\node_modules\\mongoose\\lib\\model.js:2699:11)\n    at Object.<anonymous> (C:\\Users\\LOQ\\Desktop\\hamro_deal_backend\\backend\\src\\__tests__\\integration\\order.test.ts:47:26)"],"fullName":"Order Integration Tests GET /api/orders/:id should fail with non-existent order","invocations":1,"location":null,"numPassingAsserts":0,"retryReasons":[],"startAt":1772734995798,"status":"failed","title":"should fail with non-existent order"},{"ancestorTitles":["Order Integration Tests","GET /api/orders/my-orders"],"duration":0,"failing":false,"failureDetails":[{"errorLabelSet":{},"errorResponse":{"index":0,"code":11000,"errmsg":"E11000 duplicate key error collection: hamro_deal.categories index: name_1 dup key: { name: \"Test Category\" }","keyPattern":{"name":1},"keyValue":{"name":"Test Category"}},"index":0,"code":11000,"keyPattern":{"name":1},"keyValue":{"name":"Test Category"}}],"failureMessages":["MongoServerError: E11000 duplicate key error collection: hamro_deal.categories index: name_1 dup key: { name: \"Test Category\" }\n    at InsertOneOperation.handleOk (C:\\Users\\LOQ\\Desktop\\hamro_deal_backend\\backend\\node_modules\\mongodb\\src\\operations\\insert.ts:79:13)\n    at tryOperation (C:\\Users\\LOQ\\Desktop\\hamro_deal_backend\\backend\\node_modules\\mongodb\\src\\operations\\execute_operation.ts:294:26)\n    at processTicksAndRejections (node:internal/process/task_queues:105:5)\n    at executeOperation (C:\\Users\\LOQ\\Desktop\\hamro_deal_backend\\backend\\node_modules\\mongodb\\src\\operations\\execute_operation.ts:123:12)\n    at Collection.insertOne (C:\\Users\\LOQ\\Desktop\\hamro_deal_backend\\backend\\node_modules\\mongodb\\src\\collection.ts:294:12)\n    at model.$__save (C:\\Users\\LOQ\\Desktop\\hamro_deal_backend\\backend\\node_modules\\mongoose\\lib\\model.js:398:16)\n    at model.save (C:\\Users\\LOQ\\Desktop\\hamro_deal_backend\\backend\\node_modules\\mongoose\\lib\\model.js:609:5)\n    at C:\\Users\\LOQ\\Desktop\\hamro_deal_backend\\backend\\node_modules\\mongoose\\lib\\model.js:2714:9\n    at async Promise.all (index 0)\n    at Function.create (C:\\Users\\LOQ\\Desktop\\hamro_deal_backend\\backend\\node_modules\\mongoose\\lib\\model.js:2699:11)\n    at Object.<anonymous> (C:\\Users\\LOQ\\Desktop\\hamro_deal_backend\\backend\\src\\__tests__\\integration\\order.test.ts:47:26)"],"fullName":"Order Integration Tests GET /api/orders/my-orders should get user orders with pagination","invocations":1,"location":null,"numPassingAsserts":0,"retryReasons":[],"startAt":1772734995799,"status":"failed","title":"should get user orders with pagination"},{"ancestorTitles":["Order Integration Tests","GET /api/orders/my-orders"],"duration":0,"failing":false,"failureDetails":[{"errorLabelSet":{},"errorResponse":{"index":0,"code":11000,"errmsg":"E11000 duplicate key error collection: hamro_deal.categories index: name_1 dup key: { name: \"Test Category\" }","keyPattern":{"name":1},"keyValue":{"name":"Test Category"}},"index":0,"code":11000,"keyPattern":{"name":1},"keyValue":{"name":"Test Category"}}],"failureMessages":["MongoServerError: E11000 duplicate key error collection: hamro_deal.categories index: name_1 dup key: { name: \"Test Category\" }\n    at InsertOneOperation.handleOk (C:\\Users\\LOQ\\Desktop\\hamro_deal_backend\\backend\\node_modules\\mongodb\\src\\operations\\insert.ts:79:13)\n    at tryOperation (C:\\Users\\LOQ\\Desktop\\hamro_deal_backend\\backend\\node_modules\\mongodb\\src\\operations\\execute_operation.ts:294:26)\n    at processTicksAndRejections (node:internal/process/task_queues:105:5)\n    at executeOperation (C:\\Users\\LOQ\\Desktop\\hamro_deal_backend\\backend\\node_modules\\mongodb\\src\\operations\\execute_operation.ts:123:12)\n    at Collection.insertOne (C:\\Users\\LOQ\\Desktop\\hamro_deal_backend\\backend\\node_modules\\mongodb\\src\\collection.ts:294:12)\n    at model.$__save (C:\\Users\\LOQ\\Desktop\\hamro_deal_backend\\backend\\node_modules\\mongoose\\lib\\model.js:398:16)\n    at model.save (C:\\Users\\LOQ\\Desktop\\hamro_deal_backend\\backend\\node_modules\\mongoose\\lib\\model.js:609:5)\n    at C:\\Users\\LOQ\\Desktop\\hamro_deal_backend\\backend\\node_modules\\mongoose\\lib\\model.js:2714:9\n    at async Promise.all (index 0)\n    at Function.create (C:\\Users\\LOQ\\Desktop\\hamro_deal_backend\\backend\\node_modules\\mongoose\\lib\\model.js:2699:11)\n    at Object.<anonymous> (C:\\Users\\LOQ\\Desktop\\hamro_deal_backend\\backend\\src\\__tests__\\integration\\order.test.ts:47:26)"],"fullName":"Order Integration Tests GET /api/orders/my-orders should fail without authentication","invocations":1,"location":null,"numPassingAsserts":0,"retryReasons":[],"startAt":1772734995799,"status":"failed","title":"should fail without authentication"},{"ancestorTitles":["Order Integration Tests","GET /api/orders/my-orders"],"duration":0,"failing":false,"failureDetails":[{"errorLabelSet":{},"errorResponse":{"index":0,"code":11000,"errmsg":"E11000 duplicate key error collection: hamro_deal.categories index: name_1 dup key: { name: \"Test Category\" }","keyPattern":{"name":1},"keyValue":{"name":"Test Category"}},"index":0,"code":11000,"keyPattern":{"name":1},"keyValue":{"name":"Test Category"}}],"failureMessages":["MongoServerError: E11000 duplicate key error collection: hamro_deal.categories index: name_1 dup key: { name: \"Test Category\" }\n    at InsertOneOperation.handleOk (C:\\Users\\LOQ\\Desktop\\hamro_deal_backend\\backend\\node_modules\\mongodb\\src\\operations\\insert.ts:79:13)\n    at tryOperation (C:\\Users\\LOQ\\Desktop\\hamro_deal_backend\\backend\\node_modules\\mongodb\\src\\operations\\execute_operation.ts:294:26)\n    at processTicksAndRejections (node:internal/process/task_queues:105:5)\n    at executeOperation (C:\\Users\\LOQ\\Desktop\\hamro_deal_backend\\backend\\node_modules\\mongodb\\src\\operations\\execute_operation.ts:123:12)\n    at Collection.insertOne (C:\\Users\\LOQ\\Desktop\\hamro_deal_backend\\backend\\node_modules\\mongodb\\src\\collection.ts:294:12)\n    at model.$__save (C:\\Users\\LOQ\\Desktop\\hamro_deal_backend\\backend\\node_modules\\mongoose\\lib\\model.js:398:16)\n    at model.save (C:\\Users\\LOQ\\Desktop\\hamro_deal_backend\\backend\\node_modules\\mongoose\\lib\\model.js:609:5)\n    at C:\\Users\\LOQ\\Desktop\\hamro_deal_backend\\backend\\node_modules\\mongoose\\lib\\model.js:2714:9\n    at async Promise.all (index 0)\n    at Function.create (C:\\Users\\LOQ\\Desktop\\hamro_deal_backend\\backend\\node_modules\\mongoose\\lib\\model.js:2699:11)\n    at Object.<anonymous> (C:\\Users\\LOQ\\Desktop\\hamro_deal_backend\\backend\\src\\__tests__\\integration\\order.test.ts:47:26)"],"fullName":"Order Integration Tests GET /api/orders/my-orders should support pagination parameters","invocations":1,"location":null,"numPassingAsserts":0,"retryReasons":[],"startAt":1772734995800,"status":"failed","title":"should support pagination parameters"},{"ancestorTitles":["Order Integration Tests","PATCH /api/orders/:id/cancel"],"duration":0,"failing":false,"failureDetails":[{"errorLabelSet":{},"errorResponse":{"index":0,"code":11000,"errmsg":"E11000 duplicate key error collection: hamro_deal.categories index: name_1 dup key: { name: \"Test Category\" }","keyPattern":{"name":1},"keyValue":{"name":"Test Category"}},"index":0,"code":11000,"keyPattern":{"name":1},"keyValue":{"name":"Test Category"}}],"failureMessages":["MongoServerError: E11000 duplicate key error collection: hamro_deal.categories index: name_1 dup key: { name: \"Test Category\" }\n    at InsertOneOperation.handleOk (C:\\Users\\LOQ\\Desktop\\hamro_deal_backend\\backend\\node_modules\\mongodb\\src\\operations\\insert.ts:79:13)\n    at tryOperation (C:\\Users\\LOQ\\Desktop\\hamro_deal_backend\\backend\\node_modules\\mongodb\\src\\operations\\execute_operation.ts:294:26)\n    at processTicksAndRejections (node:internal/process/task_queues:105:5)\n    at executeOperation (C:\\Users\\LOQ\\Desktop\\hamro_deal_backend\\backend\\node_modules\\mongodb\\src\\operations\\execute_operation.ts:123:12)\n    at Collection.insertOne (C:\\Users\\LOQ\\Desktop\\hamro_deal_backend\\backend\\node_modules\\mongodb\\src\\collection.ts:294:12)\n    at model.$__save (C:\\Users\\LOQ\\Desktop\\hamro_deal_backend\\backend\\node_modules\\mongoose\\lib\\model.js:398:16)\n    at model.save (C:\\Users\\LOQ\\Desktop\\hamro_deal_backend\\backend\\node_modules\\mongoose\\lib\\model.js:609:5)\n    at C:\\Users\\LOQ\\Desktop\\hamro_deal_backend\\backend\\node_modules\\mongoose\\lib\\model.js:2714:9\n    at async Promise.all (index 0)\n    at Function.create (C:\\Users\\LOQ\\Desktop\\hamro_deal_backend\\backend\\node_modules\\mongoose\\lib\\model.js:2699:11)\n    at Object.<anonymous> (C:\\Users\\LOQ\\Desktop\\hamro_deal_backend\\backend\\src\\__tests__\\integration\\order.test.ts:47:26)"],"fullName":"Order Integration Tests PATCH /api/orders/:id/cancel should cancel own order","invocations":1,"location":null,"numPassingAsserts":0,"retryReasons":[],"startAt":1772734995800,"status":"failed","title":"should cancel own order"},{"ancestorTitles":["Order Integration Tests","PATCH /api/orders/:id/cancel"],"duration":0,"failing":false,"failureDetails":[{"errorLabelSet":{},"errorResponse":{"index":0,"code":11000,"errmsg":"E11000 duplicate key error collection: hamro_deal.categories index: name_1 dup key: { name: \"Test Category\" }","keyPattern":{"name":1},"keyValue":{"name":"Test Category"}},"index":0,"code":11000,"keyPattern":{"name":1},"keyValue":{"name":"Test Category"}}],"failureMessages":["MongoServerError: E11000 duplicate key error collection: hamro_deal.categories index: name_1 dup key: { name: \"Test Category\" }\n    at InsertOneOperation.handleOk (C:\\Users\\LOQ\\Desktop\\hamro_deal_backend\\backend\\node_modules\\mongodb\\src\\operations\\insert.ts:79:13)\n    at tryOperation (C:\\Users\\LOQ\\Desktop\\hamro_deal_backend\\backend\\node_modules\\mongodb\\src\\operations\\execute_operation.ts:294:26)\n    at processTicksAndRejections (node:internal/process/task_queues:105:5)\n    at executeOperation (C:\\Users\\LOQ\\Desktop\\hamro_deal_backend\\backend\\node_modules\\mongodb\\src\\operations\\execute_operation.ts:123:12)\n    at Collection.insertOne (C:\\Users\\LOQ\\Desktop\\hamro_deal_backend\\backend\\node_modules\\mongodb\\src\\collection.ts:294:12)\n    at model.$__save (C:\\Users\\LOQ\\Desktop\\hamro_deal_backend\\backend\\node_modules\\mongoose\\lib\\model.js:398:16)\n    at model.save (C:\\Users\\LOQ\\Desktop\\hamro_deal_backend\\backend\\node_modules\\mongoose\\lib\\model.js:609:5)\n    at C:\\Users\\LOQ\\Desktop\\hamro_deal_backend\\backend\\node_modules\\mongoose\\lib\\model.js:2714:9\n    at async Promise.all (index 0)\n    at Function.create (C:\\Users\\LOQ\\Desktop\\hamro_deal_backend\\backend\\node_modules\\mongoose\\lib\\model.js:2699:11)\n    at Object.<anonymous> (C:\\Users\\LOQ\\Desktop\\hamro_deal_backend\\backend\\src\\__tests__\\integration\\order.test.ts:47:26)"],"fullName":"Order Integration Tests PATCH /api/orders/:id/cancel should fail without authentication","invocations":1,"location":null,"numPassingAsserts":0,"retryReasons":[],"startAt":1772734995800,"status":"failed","title":"should fail without authentication"},{"ancestorTitles":["Order Integration Tests","PATCH /api/orders/:id/cancel"],"duration":0,"failing":false,"failureDetails":[{"errorLabelSet":{},"errorResponse":{"index":0,"code":11000,"errmsg":"E11000 duplicate key error collection: hamro_deal.categories index: name_1 dup key: { name: \"Test Category\" }","keyPattern":{"name":1},"keyValue":{"name":"Test Category"}},"index":0,"code":11000,"keyPattern":{"name":1},"keyValue":{"name":"Test Category"}}],"failureMessages":["MongoServerError: E11000 duplicate key error collection: hamro_deal.categories index: name_1 dup key: { name: \"Test Category\" }\n    at InsertOneOperation.handleOk (C:\\Users\\LOQ\\Desktop\\hamro_deal_backend\\backend\\node_modules\\mongodb\\src\\operations\\insert.ts:79:13)\n    at tryOperation (C:\\Users\\LOQ\\Desktop\\hamro_deal_backend\\backend\\node_modules\\mongodb\\src\\operations\\execute_operation.ts:294:26)\n    at processTicksAndRejections (node:internal/process/task_queues:105:5)\n    at executeOperation (C:\\Users\\LOQ\\Desktop\\hamro_deal_backend\\backend\\node_modules\\mongodb\\src\\operations\\execute_operation.ts:123:12)\n    at Collection.insertOne (C:\\Users\\LOQ\\Desktop\\hamro_deal_backend\\backend\\node_modules\\mongodb\\src\\collection.ts:294:12)\n    at model.$__save (C:\\Users\\LOQ\\Desktop\\hamro_deal_backend\\backend\\node_modules\\mongoose\\lib\\model.js:398:16)\n    at model.save (C:\\Users\\LOQ\\Desktop\\hamro_deal_backend\\backend\\node_modules\\mongoose\\lib\\model.js:609:5)\n    at C:\\Users\\LOQ\\Desktop\\hamro_deal_backend\\backend\\node_modules\\mongoose\\lib\\model.js:2714:9\n    at async Promise.all (index 0)\n    at Function.create (C:\\Users\\LOQ\\Desktop\\hamro_deal_backend\\backend\\node_modules\\mongoose\\lib\\model.js:2699:11)\n    at Object.<anonymous> (C:\\Users\\LOQ\\Desktop\\hamro_deal_backend\\backend\\src\\__tests__\\integration\\order.test.ts:47:26)"],"fullName":"Order Integration Tests PATCH /api/orders/:id/cancel should fail with invalid order ID","invocations":1,"location":null,"numPassingAsserts":0,"retryReasons":[],"startAt":1772734995800,"status":"failed","title":"should fail with invalid order ID"},{"ancestorTitles":["Order Integration Tests","PATCH /api/orders/:id/cancel"],"duration":0,"failing":false,"failureDetails":[{"errorLabelSet":{},"errorResponse":{"index":0,"code":11000,"errmsg":"E11000 duplicate key error collection: hamro_deal.categories index: name_1 dup key: { name: \"Test Category\" }","keyPattern":{"name":1},"keyValue":{"name":"Test Category"}},"index":0,"code":11000,"keyPattern":{"name":1},"keyValue":{"name":"Test Category"}}],"failureMessages":["MongoServerError: E11000 duplicate key error collection: hamro_deal.categories index: name_1 dup key: { name: \"Test Category\" }\n    at InsertOneOperation.handleOk (C:\\Users\\LOQ\\Desktop\\hamro_deal_backend\\backend\\node_modules\\mongodb\\src\\operations\\insert.ts:79:13)\n    at tryOperation (C:\\Users\\LOQ\\Desktop\\hamro_deal_backend\\backend\\node_modules\\mongodb\\src\\operations\\execute_operation.ts:294:26)\n    at processTicksAndRejections (node:internal/process/task_queues:105:5)\n    at executeOperation (C:\\Users\\LOQ\\Desktop\\hamro_deal_backend\\backend\\node_modules\\mongodb\\src\\operations\\execute_operation.ts:123:12)\n    at Collection.insertOne (C:\\Users\\LOQ\\Desktop\\hamro_deal_backend\\backend\\node_modules\\mongodb\\src\\collection.ts:294:12)\n    at model.$__save (C:\\Users\\LOQ\\Desktop\\hamro_deal_backend\\backend\\node_modules\\mongoose\\lib\\model.js:398:16)\n    at model.save (C:\\Users\\LOQ\\Desktop\\hamro_deal_backend\\backend\\node_modules\\mongoose\\lib\\model.js:609:5)\n    at C:\\Users\\LOQ\\Desktop\\hamro_deal_backend\\backend\\node_modules\\mongoose\\lib\\model.js:2714:9\n    at async Promise.all (index 0)\n    at Function.create (C:\\Users\\LOQ\\Desktop\\hamro_deal_backend\\backend\\node_modules\\mongoose\\lib\\model.js:2699:11)\n    at Object.<anonymous> (C:\\Users\\LOQ\\Desktop\\hamro_deal_backend\\backend\\src\\__tests__\\integration\\order.test.ts:47:26)"],"fullName":"Order Integration Tests PATCH /api/orders/:id/cancel should fail with non-existent order","invocations":1,"location":null,"numPassingAsserts":0,"retryReasons":[],"startAt":1772734995801,"status":"failed","title":"should fail with non-existent order"},{"ancestorTitles":["Order Integration Tests","DELETE /api/orders/:id"],"duration":0,"failing":false,"failureDetails":[{"errorLabelSet":{},"errorResponse":{"index":0,"code":11000,"errmsg":"E11000 duplicate key error collection: hamro_deal.categories index: name_1 dup key: { name: \"Test Category\" }","keyPattern":{"name":1},"keyValue":{"name":"Test Category"}},"index":0,"code":11000,"keyPattern":{"name":1},"keyValue":{"name":"Test Category"}}],"failureMessages":["MongoServerError: E11000 duplicate key error collection: hamro_deal.categories index: name_1 dup key: { name: \"Test Category\" }\n    at InsertOneOperation.handleOk (C:\\Users\\LOQ\\Desktop\\hamro_deal_backend\\backend\\node_modules\\mongodb\\src\\operations\\insert.ts:79:13)\n    at tryOperation (C:\\Users\\LOQ\\Desktop\\hamro_deal_backend\\backend\\node_modules\\mongodb\\src\\operations\\execute_operation.ts:294:26)\n    at processTicksAndRejections (node:internal/process/task_queues:105:5)\n    at executeOperation (C:\\Users\\LOQ\\Desktop\\hamro_deal_backend\\backend\\node_modules\\mongodb\\src\\operations\\execute_operation.ts:123:12)\n    at Collection.insertOne (C:\\Users\\LOQ\\Desktop\\hamro_deal_backend\\backend\\node_modules\\mongodb\\src\\collection.ts:294:12)\n    at model.$__save (C:\\Users\\LOQ\\Desktop\\hamro_deal_backend\\backend\\node_modules\\mongoose\\lib\\model.js:398:16)\n    at model.save (C:\\Users\\LOQ\\Desktop\\hamro_deal_backend\\backend\\node_modules\\mongoose\\lib\\model.js:609:5)\n    at C:\\Users\\LOQ\\Desktop\\hamro_deal_backend\\backend\\node_modules\\mongoose\\lib\\model.js:2714:9\n    at async Promise.all (index 0)\n    at Function.create (C:\\Users\\LOQ\\Desktop\\hamro_deal_backend\\backend\\node_modules\\mongoose\\lib\\model.js:2699:11)\n    at Object.<anonymous> (C:\\Users\\LOQ\\Desktop\\hamro_deal_backend\\backend\\src\\__tests__\\integration\\order.test.ts:47:26)"],"fullName":"Order Integration Tests DELETE /api/orders/:id should delete order","invocations":1,"location":null,"numPassingAsserts":0,"retryReasons":[],"startAt":1772734995801,"status":"failed","title":"should delete order"},{"ancestorTitles":["Order Integration Tests","DELETE /api/orders/:id"],"duration":0,"failing":false,"failureDetails":[{"errorLabelSet":{},"errorResponse":{"index":0,"code":11000,"errmsg":"E11000 duplicate key error collection: hamro_deal.categories index: name_1 dup key: { name: \"Test Category\" }","keyPattern":{"name":1},"keyValue":{"name":"Test Category"}},"index":0,"code":11000,"keyPattern":{"name":1},"keyValue":{"name":"Test Category"}}],"failureMessages":["MongoServerError: E11000 duplicate key error collection: hamro_deal.categories index: name_1 dup key: { name: \"Test Category\" }\n    at InsertOneOperation.handleOk (C:\\Users\\LOQ\\Desktop\\hamro_deal_backend\\backend\\node_modules\\mongodb\\src\\operations\\insert.ts:79:13)\n    at tryOperation (C:\\Users\\LOQ\\Desktop\\hamro_deal_backend\\backend\\node_modules\\mongodb\\src\\operations\\execute_operation.ts:294:26)\n    at processTicksAndRejections (node:internal/process/task_queues:105:5)\n    at executeOperation (C:\\Users\\LOQ\\Desktop\\hamro_deal_backend\\backend\\node_modules\\mongodb\\src\\operations\\execute_operation.ts:123:12)\n    at Collection.insertOne (C:\\Users\\LOQ\\Desktop\\hamro_deal_backend\\backend\\node_modules\\mongodb\\src\\collection.ts:294:12)\n    at model.$__save (C:\\Users\\LOQ\\Desktop\\hamro_deal_backend\\backend\\node_modules\\mongoose\\lib\\model.js:398:16)\n    at model.save (C:\\Users\\LOQ\\Desktop\\hamro_deal_backend\\backend\\node_modules\\mongoose\\lib\\model.js:609:5)\n    at C:\\Users\\LOQ\\Desktop\\hamro_deal_backend\\backend\\node_modules\\mongoose\\lib\\model.js:2714:9\n    at async Promise.all (index 0)\n    at Function.create (C:\\Users\\LOQ\\Desktop\\hamro_deal_backend\\backend\\node_modules\\mongoose\\lib\\model.js:2699:11)\n    at Object.<anonymous> (C:\\Users\\LOQ\\Desktop\\hamro_deal_backend\\backend\\src\\__tests__\\integration\\order.test.ts:47:26)"],"fullName":"Order Integration Tests DELETE /api/orders/:id should fail with invalid order ID","invocations":1,"location":null,"numPassingAsserts":0,"retryReasons":[],"startAt":1772734995801,"status":"failed","title":"should fail with invalid order ID"},{"ancestorTitles":["Order Integration Tests","DELETE /api/orders/:id"],"duration":0,"failing":false,"failureDetails":[{"errorLabelSet":{},"errorResponse":{"index":0,"code":11000,"errmsg":"E11000 duplicate key error collection: hamro_deal.categories index: name_1 dup key: { name: \"Test Category\" }","keyPattern":{"name":1},"keyValue":{"name":"Test Category"}},"index":0,"code":11000,"keyPattern":{"name":1},"keyValue":{"name":"Test Category"}}],"failureMessages":["MongoServerError: E11000 duplicate key error collection: hamro_deal.categories index: name_1 dup key: { name: \"Test Category\" }\n    at InsertOneOperation.handleOk (C:\\Users\\LOQ\\Desktop\\hamro_deal_backend\\backend\\node_modules\\mongodb\\src\\operations\\insert.ts:79:13)\n    at tryOperation (C:\\Users\\LOQ\\Desktop\\hamro_deal_backend\\backend\\node_modules\\mongodb\\src\\operations\\execute_operation.ts:294:26)\n    at processTicksAndRejections (node:internal/process/task_queues:105:5)\n    at executeOperation (C:\\Users\\LOQ\\Desktop\\hamro_deal_backend\\backend\\node_modules\\mongodb\\src\\operations\\execute_operation.ts:123:12)\n    at Collection.insertOne (C:\\Users\\LOQ\\Desktop\\hamro_deal_backend\\backend\\node_modules\\mongodb\\src\\collection.ts:294:12)\n    at model.$__save (C:\\Users\\LOQ\\Desktop\\hamro_deal_backend\\backend\\node_modules\\mongoose\\lib\\model.js:398:16)\n    at model.save (C:\\Users\\LOQ\\Desktop\\hamro_deal_backend\\backend\\node_modules\\mongoose\\lib\\model.js:609:5)\n    at C:\\Users\\LOQ\\Desktop\\hamro_deal_backend\\backend\\node_modules\\mongoose\\lib\\model.js:2714:9\n    at async Promise.all (index 0)\n    at Function.create (C:\\Users\\LOQ\\Desktop\\hamro_deal_backend\\backend\\node_modules\\mongoose\\lib\\model.js:2699:11)\n    at Object.<anonymous> (C:\\Users\\LOQ\\Desktop\\hamro_deal_backend\\backend\\src\\__tests__\\integration\\order.test.ts:47:26)"],"fullName":"Order Integration Tests DELETE /api/orders/:id should fail with non-existent order","invocations":1,"location":null,"numPassingAsserts":0,"retryReasons":[],"startAt":1772734995801,"status":"failed","title":"should fail with non-existent order"}],"endTime":1772734996171,"message":"  ● Order Integration Tests › POST /api/orders › should create order with valid data\n\n    MongoServerError: E11000 duplicate key error collection: hamro_deal.categories index: name_1 dup key: { name: \"Test Category\" }\n\n    \u001b[0m \u001b[90m 45 |\u001b[39m\n     \u001b[90m 46 |\u001b[39m         \u001b[90m// Create category\u001b[39m\n    \u001b[31m\u001b[1m>\u001b[22m\u001b[39m\u001b[90m 47 |\u001b[39m         \u001b[36mconst\u001b[39m category \u001b[33m=\u001b[39m \u001b[36mawait\u001b[39m \u001b[33mCategoryModel\u001b[39m\u001b[33m.\u001b[39mcreate({\n     \u001b[90m    |\u001b[39m                          \u001b[31m\u001b[1m^\u001b[22m\u001b[39m\n     \u001b[90m 48 |\u001b[39m             name\u001b[33m:\u001b[39m \u001b[32m'Test Category'\u001b[39m\u001b[33m,\u001b[39m\n     \u001b[90m 49 |\u001b[39m             description\u001b[33m:\u001b[39m \u001b[32m'Test category for orders'\u001b[39m\u001b[33m,\u001b[39m\n     \u001b[90m
[...]
on Tests","POST /api/auth/login"],"duration":134,"failing":false,"failureDetails":[],"failureMessages":[],"fullName":"Auth Integration Tests POST /api/auth/login should login with valid credentials","invocations":1,"location":null,"numPassingAsserts":4,"retryReasons":[],"startAt":1772734996008,"status":"passed","title":"should login with valid credentials"},{"ancestorTitles":["Auth Integration Tests","POST /api/auth/login"],"duration":620,"failing":false,"failureDetails":[],"failureMessages":[],"fullName":"Auth Integration Tests POST /api/auth/login should fail with invalid email","invocations":1,"location":null,"numPassingAsserts":1,"retryReasons":[],"startAt":1772734996142,"status":"passed","title":"should fail with invalid email"},{"ancestorTitles":["Auth Integration Tests","POST /api/auth/login"],"duration":125,"failing":false,"failureDetails":[],"failureMessages":[],"fullName":"Auth Integration Tests POST /api/auth/login should fail with invalid password","invocations":1,"location":null,"numPassingAsserts":1,"retryReasons":[],"startAt":1772734996762,"status":"passed","title":"should fail with invalid password"},{"ancestorTitles":["Auth Integration Tests","POST /api/auth/login"],"duration":8,"failing":false,"failureDetails":[],"failureMessages":[],"fullName":"Auth Integration Tests POST /api/auth/login should fail with missing credentials","invocations":1,"location":null,"numPassingAsserts":1,"retryReasons":[],"startAt":1772734996887,"status":"passed","title":"should fail with missing credentials"},{"ancestorTitles":["Auth Integration Tests","GET /api/auth/whoami"],"duration":106,"failing":false,"failureDetails":[],"failureMessages":[],"fullName":"Auth Integration Tests GET /api/auth/whoami should get current user with valid token","invocations":1,"location":null,"numPassingAsserts":4,"retryReasons":[],"startAt":1772734996895,"status":"passed","title":"should get current user with valid token"},{"ancestorTitles":["Auth Integration Tests","GET /api/auth/whoami"],"duration":5,"failing":false,"failureDetails":[],"failureMessages":[],"fullName":"Auth Integration Tests GET /api/auth/whoami should fail without authentication","invocations":1,"location":null,"numPassingAsserts":1,"retryReasons":[],"startAt":1772734997001,"status":"passed","title":"should fail without authentication"},{"ancestorTitles":["Auth Integration Tests","GET /api/auth/whoami"],"duration":5,"failing":false,"failureDetails":[],"failureMessages":[],"fullName":"Auth Integration Tests GET /api/auth/whoami should fail with invalid token","invocations":1,"location":null,"numPassingAsserts":1,"retryReasons":[],"startAt":1772734997006,"status":"passed","title":"should fail with invalid token"},{"ancestorTitles":["Auth Integration Tests","PUT /api/auth/update-profile"],"duration":160,"failing":false,"failureDetails":[],"failureMessages":[],"fullName":"Auth Integration Tests PUT /api/auth/update-profile should update user profile","invocations":1,"location":null,"numPassingAsserts":4,"retryReasons":[],"startAt":1772734997011,"status":"passed","title":"should update user profile"},{"ancestorTitles":["Auth Integration Tests","PUT /api/auth/update-profile"],"duration":6,"failing":false,"failureDetails":[],"failureMessages":[],"fullName":"Auth Integration Tests PUT /api/auth/update-profile should fail without authentication","invocations":1,"location":null,"numPassingAsserts":1,"retryReasons":[],"startAt":1772734997171,"status":"passed","title":"should fail without authentication"},{"ancestorTitles":["Auth Integration Tests","POST /api/auth/request-password-reset"],"duration":2685,"failing":false,"failureDetails":[],"failureMessages":[],"fullName":"Auth Integration Tests POST /api/auth/request-password-reset should request password reset","invocations":1,"location":null,"numPassingAsserts":1,"retryReasons":[],"startAt":1772734997177,"status":"passed","title":"should request password reset"},{"ancestorTitles":["Auth Integration Tests","POST /api/auth/request-password-reset"],"duration":53,"failing":false,"failureDetails":[],"failureMessages":[],"fullName":"Auth Integration Tests POST /api/auth/request-password-reset should handle non-existent email gracefully","invocations":1,"location":null,"numPassingAsserts":1,"retryReasons":[],"startAt":1772734999862,"status":"passed","title":"should handle non-existent email gracefully"},{"ancestorTitles":["Auth Integration Tests","POST /api/auth/request-password-reset"],"duration":52,"failing":false,"failureDetails":[],"failureMessages":[],"fullName":"Auth Integration Tests POST /api/auth/request-password-reset should fail with invalid email format","invocations":1,"location":null,"numPassingAsserts":1,"retryReasons":[],"startAt":1772734999915,"status":"passed","title":"should fail with invalid email format"},{"ancestorTitles":["Auth Integration Tests","User Role Tests"],"duration":61,"failing":false,"failureDetails":[{"matcherResult":{"message":"expect(received).toContain(expected) // indexOf\n\nExpected value: 409\nReceived array: [200, 201]","pass":false}}],"failureMessages":["Error: expect(received).toContain(expected) // indexOf\n\nExpected value: 409\nReceived array: [200, 201]\n    at Object.<anonymous> (C:\\Users\\LOQ\\Desktop\\hamro_deal_backend\\backend\\src\\__tests__\\integration\\auth.test.ts:253:32)\n    at processTicksAndRejections (node:internal/process/task_queues:105:5)"],"fullName":"Auth Integration Tests User Role Tests should register a seller","invocations":1,"location":null,"numPassingAsserts":0,"retryReasons":[],"startAt":1772734999967,"status":"failed","title":"should register a seller"},{"ancestorTitles":["Auth Integration Tests","User Role Tests"],"duration":55,"failing":false,"failureDetails":[{"matcherResult":{"message":"expect(received).toContain(expected) // indexOf\n\nExpected value: 409\nReceived array: [200, 201]","pass":false}}],"failureMessages":["Error: expect(received).toContain(expected) // indexOf\n\nExpected value: 409\nReceived array: [200, 201]\n    at Object.<anonymous> (C:\\Users\\LOQ\\Desktop\\hamro_deal_backend\\backend\\src\\__tests__\\integration\\auth.test.ts:276:32)\n    at processTicksAndRejections (node:internal/process/task_queues:105:5)"],"fullName":"Auth Integration Tests User Role Tests should register an admin","invocations":1,"location":null,"numPassingAsserts":0,"retryReasons":[],"startAt":1772735000040,"status":"failed","title":"should register an admin"}],"endTime":1772735000219,"message":"  ● Auth Integration Tests › User Role Tests › should register a seller\n\n    expect(received).toContain(expected) // indexOf\n\n    Expected value: 409\n    Received array: [200, 201]\n\n    \u001b[0m \u001b[90m 251 |\u001b[39m                 \u001b[33m.\u001b[39msend(sellerData)\u001b[33m;\u001b[39m\n     \u001b[90m 252 |\u001b[39m\n    \u001b[31m\u001b[1m>\u001b[22m\u001b[39m\u001b[90m 253 |\u001b[39m             expect([\u001b[35m200\u001b[39m\u001b[33m,\u001b[39m \u001b[35m201\u001b[39m])\u001b[33m.\u001b[39mtoContain(response\u001b[33m.\u001b[39mstatus)\u001b[33m;\u001b[39m\n     \u001b[90m     |\u001b[39m                                \u001b[31m\u001b[1m^\u001b[22m\u001b[39m\n     \u001b[90m 254 |\u001b[39m             \u001b[90m// Role might default to 'user' - just verify registration succeeded\u001b[39m\n     \u001b[90m 255 |\u001b[39m             expect(response\u001b[33m.\u001b[39mbody\u001b[33m.\u001b[39mdata)\u001b[33m.\u001b[39mtoHaveProperty(\u001b[32m'email'\u001b[39m\u001b[33m,\u001b[39m sellerData\u001b[33m.\u001b[39memail)\u001b[33m;\u001b[39m\n     \u001b[90m 256 |\u001b[39m\u001b[0m\n\n      at Object.<anonymous> (src/__tests__/integration/auth.test.ts:253:32)\n\n  ● Auth Integration Tests › User Role Tests › should register an admin\n\n    expect(received).toContain(expected) // indexOf\n\n    Expected value: 409\n    Received array: [200, 201]\n\n    \u001b[0m \u001b[90m 274 |\u001b[39m                 \u001b[33m.\u001b[39msend(adminData)\u001b[33m;\u001b[39m\n     \u001b[90m 275 |\u001b[39m\n    \u001b[31m\u001b[1m>\u001b[22m\u001b[39m\u001b[90m 276 |\u001b[39m             expect([\u001b[35m200\u001b[39m\u001b[33m,\u001b[39m \u001b[35m201\u001b[39m])\u001b[33m.\u001b[39mtoContain(response\u001b[33m.\u001b[39mstatus)\u001b[33m;\u001b[39m\n     \u001b[90m     |\u001b[39m                                \u001b[31m\u001b[1m^\u001b[22m\u001b[39m\n     \u001b[90m 277 |\u001b[39m             \u001b[90m// Role might default to 'user' - just verify registration succeeded\u001b[39m\n     \u001b[90m 278 |\u001b[39m             expect(response\u001b[33m.\u001b[39mbody\u001b[33m.\u001b[39mdata)\u001b[33m.\u001b[39mtoHaveProperty(\u001b[32m'email'\u001b[39m\u001b[33m,\u001b[39m adminData\u001b[33m.\u001b[39memail)\u001b[33m;\u001b[39m\n     \u001b[90m 279 |\u001b[39m\u001b[0m\n\n      at Object.<anonymous> (src/__tests__/integration/auth.test.ts:276:32)\n","name":"C:\\Users\\LOQ\\Desktop\\hamro_deal_backend\\backend\\src\\__tests__\\integration\\auth.test.ts","startTime":1772734963458,"status":"failed","summary":""},{"assertionResults":[{"ancestorTitles":["User Integration Tests","POST /api/auth/register"],"duration":966,"failing":false,"failureDetails":[],"failureMessages":[],"fullName":"User Integration Tests POST /api/auth/register should register new user with valid data","invocations":1,"location":null,"numPassingAsserts":4,"retryReasons":[],"startAt":1772734995979,"status":"passed","title":"should register new user with valid data"},{"ancestorTitles":["User Integration Tests","POST /api/auth/register"],"duration":6,"failing":false,"failureDetails":[],"failureMessages":[],"fullName":"User Integration Tests POST /api/auth/register should fail with missing email","invocations":1,"location":null,"numPassingAsserts":1,"retryReasons":[],"startAt":1772734996946,"status":"passed","title":"should fail with missing email"},{"ancestorTitles":["User Integration Tests","POST /api/auth/register"],"duration":7,"failing":false,"failureDetails":[],"failureMessages":[],"fullName":"User Integration Tests POST /api/auth/register should fail with missing password","invocations":1,"location":null,"numPassingAsserts":1,"retryReasons":[],"startAt":1772734996952,"status":"passed","title":"should fail with missing password"},{"ancestorTitles":["User Integration Tests","POST /api/auth/register"],"duration":7,"failing":false,"failureDetails":[],"failureMessages":[],"fullName":"User Integration Tests POST /api/auth/register should fail with mismatched passwords","invocations":1,"location":null,"numPassingAsserts":1,"retryReasons":[],"startAt":1772734996959,"status":"passed","title":"should fail with mismatched passwords"},{"ancestorTitles":["User Integration Tests","POST /api/auth/register"],"duration":53,"failing":false,"failureDetails":[],"failureMessages":[],"fullName":"User Integration Tests POST /api/auth/register should fail with duplicate email","invocations":1,"location":null,"numPassingAsserts":1,"retryReasons":[],"startAt":1772734996966,"status":"passed","title":"should fail with duplicate email"},{"ancestorTitles":["User Integration Tests","POST /api/auth/register"],"duration":102,"failing":false,"failureDetails":[],"failureMessages":[],"fullName":"User Integration Tests POST /api/auth/register should fail with duplicate username","invocations":1,"location":null,"numPassingAsserts":1,"retryReasons":[],"startAt":1772734997019,"status":"passed","title":"should fail with duplicate username"},{"ancestorTitles":["User Integration Tests","POST /api/auth/register"],"duration":9,"failing":false,"failureDetails":[],"failureMessages":[],"fullName":"User Integration Tests POST /api/auth/register should fail with invalid email format","invocations":1,"location":null,"numPassingAsserts":1,"retryReasons":[],"startAt":1772734997121,"status":"passed","title":"should fail with invalid email format"},{"ancestorTitles":["User Integration Tests","POST /api/auth/login"],"duration":127,"failing":false,"failureDetails":[],"failureMessages":[],"fullName":"User Integration Tests POST /api/auth/login should login with valid credentials","invocations":1,"location":null,"numPassingAsserts":4,"retryReasons":[],"startAt":1772734997131,"status":"passed","title":"should login with valid credentials"},{"ancestorTitles":["User Integration Tests","POST /api/auth/login"],"duration":52,"failing":false,"failureDetails":[],"failureMessages":[],"fullName":"User Integration Tests POST /api/auth/login should fail with invalid email","invocations":1,"location":null,"numPassingAsserts":1,"retryReasons":[],"startAt":1772734997259,"status":"passed","title":"should fail with invalid email"},{"ancestorTitles":["User Integration Tests","POST /api/auth/login"],"duration":135,"failing":false,"failureDetails":[],"failureMessages":[],"fullName":"User Integration Tests POST /api/auth/login should fail with invalid password","invocations":1,"location":null,"numPassingAsserts":1,"retryReasons":[],"startAt":1772734997311,"status":"passed","title":"should fail with invalid password"},{"ancestorTitles":["User Integration Tests","POST /api/auth/login"],"duration":6,"failing":false,"failureDetails":[],"failureMessages":[],"fullName":"User Integration Tests POST /api/auth/login should fail with missing email","invocations":1,"location":null,"numPassingAsserts":1,"retryReasons":[],"startAt":1772734997446,"status":"passed","title":"should fail with missing email"},{"ancestorTitles":["User Integration Tests","POST /api/auth/login"],"duration":6,"failing":false,"failureDetails":[],"failureMessages":[],"fullName":"User Integration Tests POST /api/auth/login should fail with missing password","invocations":1,"location":null,"numPassingAsserts":1,"retryReasons":[],"startAt":1772734997452,"status":"passed","title":"should fail with missing password"},{"ancestorTitles":["User Integration Tests","GET /api/auth/whoami"],"duration":350,"failing":false,"failureDetails":[],"failureMessages":[],"fullName":"User Integration Tests GET /api/auth/whoami should get current user profile","invocations":1,"location":null,"numPassingAsserts":4,"retryReasons":[],"startAt":1772734997458,"status":"passed","title":"should get current user profile"},{"ancestorTitles":["User Integration Tests","GET /api/auth/whoami"],"duration":4,"failing":false,"failureDetails":[],"failureMessages":[],"fullName":"User Integration Tests GET /api/auth/whoami should fail without authentication","invocations":1,"location":null,"numPassingAsserts":1,"retryReasons":[],"startAt":1772734997808,"status":"passed","title":"should fail without authentication"},{"ancestorTitles":["User Integration Tests","GET /api/auth/whoami"],"duration":4,"failing":false,"failureDetails":[],"failureMessages":[],"fullName":"User Integration Tests GET /api/auth/whoami should fail with invalid token","invocations":1,"location":null,"numPassingAsserts":1,"retryReasons":[],"startAt":1772734997812,"status":"passed","title":"should fail with invalid token"},{"ancestorTitles":["User Integration Tests","PUT /api/auth/update-profile"],"duration":156,"failing":false,"failureDetails":[],"failureMessages":[],"fullName":"User Integration Tests PUT /api/auth/update-profile should update user profile","invocations":1,"location":null,"numPassingAsserts":3,"retryReasons":[],"startAt":1772734997817,"status":"passed","title":"should update user profile"},{"ancestorTitles":["User Integration Tests","PUT /api/auth/update-profile"],"duration":4,"failing":false,"failureDetails":[],"failureMessages":[],"fullName":"User Integration Tests PUT /api/auth/update-profile should fail without authentication","invocations":1,"location":null,"numPassingAsserts":1,"retryReasons":[],"startAt":1772734997973,"status":"passed","title":"should fail without authentication"},{"ancestorTitles":["User Integration Tests","PUT /api/auth/update-profile"],"duration":148,"failing":false,"failureDetails":[],"failureMessages":[],"fullName":"User Integration Tests PUT /api/auth/update-profile should allow partial updates","invocations":1,"location":null,"numPassingAsserts":2,"retryReasons":[],"startAt":1772734997977,"status":"passed","title":"should allow partial updates"},{"ancestorTitles":["User Integration Tests","PUT /api/auth/:id"],"duration":151,"failing":false,"failureDetails":[],"failureMessages":[],"fullName":"User Integration Tests PUT /api/auth/:id should update user by ID as admin","invocations":1,"location":null,"numPassingAsserts":2,"retryReasons":[],"startAt":1772734998125,"status":"passed","title":"should update user by ID as admin"},{"ancestorTitles":["User Integration Tests","PUT /api/auth/:id"],"duration":54,"failing":false,"failureDetails":[],"failureMessages":[],"fullName":"User Integration Tests PUT /api/auth/:id should allow user to update own profile","invocations":1,"location":null,"numPassingAsserts":1,"retryReasons":[],"startAt":1772734998276,"status":"passed","title":"should allow user to update own profile"},{"ancestorTitles":["User Integration Tests","PUT /api/auth/:id"],"duration":4,"failing":false,"failureDetails":[],"failureMessages":[],"fullName":"User Integration Tests PUT /api/auth/:id should fail without authentication","invocations":1,"location":null,"numPassingAsserts":1,"retryReasons":[],"startAt":1772734998330,"status":"passed","title":"should fail without authentication"},{"ancestorTitles":["User Integration Tests","PUT /api/auth/:id"],"duration":53,"failing":false,"failureDetails":[],"failureMessages":[],"fullName":"User Integration Tests PUT /api/auth/:id should fail with invalid user ID","invocations":1,"location":null,"numPassingAsserts":1,"retryReasons":[],"startAt":1772734998334,"status":"passed","title":"should fail with invalid user ID"},{"ancestorTitles":["User Integration Tests","POST /api/auth/request-password-reset"],"duration":2920,"failing":false,"failureDetails":[],"failureMessages":[],"fullName":"User Integration Tests POST /api/auth/request-password-reset should request password reset","invocations":1,"location":null,"numPassingAsserts":2,"retryReasons":[],"startAt":1772734998387,"status":"passed","title":"should request password reset"},{"ancestorTitles":["User Integration Tests","POST /api/auth/request-password-reset"],"duration":50,"failing":false,"failureDetails":[],"failureMessages":[],"fullName":"User Integration Tests POST /api/auth/request-password-reset should fail with non-existent email","invocations":1,"location":null,"numPassingAsserts":1,"retryReasons":[],"startAt":1772735001307,"status":"passed","title":"should fail with non-existent email"},{"ancestorTitles":["User Integration Tests","POST /api/auth/request-password-reset"],"duration":5,"failing":false,"failureDetails":[],"failureMessages":[],"fullName":"User Integration Tests POST /api/auth/request-password-reset should fail with missing email","invocations":1,"location":null,"numPassingAsserts":1,"retryReasons":[],"startAt":1772735001357,"status":"passed","title":"should fail with missing email"},{"ancestorTitles":["User Integration Tests","Authorization checks"],"duration":242,"failing":false,"failureDetails":[],"failureMessages":[],"fullName":"User Integration Tests Authorization checks should prevent user from updating another user profile","invocations":1,"location":null,"numPassingAsserts":1,"retryReasons":[],"startAt":1772735001362,"status":"passed","title":"should prevent user from updating another user profile"},{"ancestorTitles":["User Integration Tests","Error scenarios"],"duration":97,"failing":false,"failureDetails":[],"failureMessages":[],"fullName":"User Integration Tests Error scenarios should return 500 on internal server error","invocations":1,"location":null,"numPassingAsserts":1,"retryReasons":[],"startAt":1772735001604,"status":"passed","title":"should return 500 on internal server error"}],"endTime":1772735001809,"message":"","name":"C:\\Users\\LOQ\\Desktop\\hamro_deal_backend\\backend\\src\\__tests__\\integration\\user.test.ts","startTime":1772734963474,"status":"passed","summary":""}],"wasInterrupted":false}
