{"total": {"lines":{"total":2126,"covered":1385,"skipped":0,"pct":65.14},"statements":{"total":2164,"covered":1408,"skipped":0,"pct":65.06},"functions":{"total":322,"covered":197,"skipped":0,"pct":61.18},"branches":{"total":1060,"covered":356,"skipped":0,"pct":33.58},"branchesTrue":{"total":0,"covered":0,"skipped":0,"pct":100}}
,"C:\\Users\\LOQ\\Desktop\\hamro_deal_backend\\backend\\src\\configs\\email.ts": {"lines":{"total":20,"covered":17,"skipped":0,"pct":85},"functions":{"total":1,"covered":1,"skipped":0,"pct":100},"statements":{"total":21,"covered":18,"skipped":0,"pct":85.71},"branches":{"total":6,"covered":4,"skipped":0,"pct":66.66}}
,"C:\\Users\\LOQ\\Desktop\\hamro_deal_backend\\backend\\src\\configs\\index.ts": {"lines":{"total":5,"covered":5,"skipped":0,"pct":100},"functions":{"total":0,"covered":0,"skipped":0,"pct":100},"statements":{"total":5,"covered":5,"skipped":0,"pct":100},"branches":{"total":6,"covered":4,"skipped":0,"pct":66.66}}
,"C:\\Users\\LOQ\\Desktop\\hamro_deal_backend\\backend\\src\\controllers\\auth.controller.ts": {"lines":{"total":65,"covered":49,"skipped":0,"pct":75.38},"functions":{"total":7,"covered":6,"skipped":0,"pct":85.71},"statements":{"total":65,"covered":49,"skipped":0,"pct":75.38},"branches":{"total":52,"covered":21,"skipped":0,"pct":40.38}}
,"C:\\Users\\LOQ\\Desktop\\hamro_deal_backend\\backend\\src\\controllers\\blog.controller.ts": {"lines":{"total":30,"covered":20,"skipped":0,"pct":66.66},"functions":{"total":5,"covered":4,"skipped":0,"pct":80},"statements":{"total":30,"covered":20,"skipped":0,"pct":66.66},"branches":{"total":20,"covered":0,"skipped":0,"pct":0}}
,"C:\\Users\\LOQ\\Desktop\\hamro_deal_backend\\backend\\src\\controllers\\category.controller.ts": {"lines":{"total":36,"covered":22,"skipped":0,"pct":61.11},"functions":{"total":5,"covered":4,"skipped":0,"pct":80},"statements":{"total":36,"covered":22,"skipped":0,"pct":61.11},"branches":{"total":30,"covered":3,"skipped":0,"pct":10}}
,"C:\\Users\\LOQ\\Desktop\\hamro_deal_backend\\backend\\src\\controllers\\conversation.controller.ts": {"lines":{"total":48,"covered":4,"skipped":0,"pct":8.33},"functions":{"total":5,"covered":0,"skipped":0,"pct":0},"statements":{"total":48,"covered":4,"skipped":0,"pct":8.33},"branches":{"total":36,"covered":0,"skipped":0,"pct":0}}
,"C:\\Users\\LOQ\\Desktop\\hamro_deal_backend\\backend\\src\\controllers\\message.controller.ts": {"lines":{"total":40,"covered":36,"skipped":0,"pct":90},"functions":{"total":4,"covered":4,"skipped":0,"pct":100},"statements":{"total":40,"covered":36,"skipped":0,"pct":90},"branches":{"total":30,"covered":18,"skipped":0,"pct":60}}
,"C:\\Users\\LOQ\\Desktop\\hamro_deal_backend\\backend\\src\\controllers\\notification.controller.ts": {"lines":{"total":37,"covered":3,"skipped":0,"pct":8.1},"functions":{"total":6,"covered":0,"skipped":0,"pct":0},"statements":{"total":37,"covered":3,"skipped":0,"pct":8.1},"branches":{"total":16,"covered":0,"skipped":0,"pct":0}}
,"C:\\Users\\LOQ\\Desktop\\hamro_deal_backend\\backend\\src\\controllers\\order.controller.ts": {"lines":{"total":76,"covered":48,"skipped":0,"pct":63.15},"functions":{"total":8,"covered":6,"skipped":0,"pct":75},"statements":{"total":76,"covered":48,"skipped":0,"pct":63.15},"branches":{"total":54,"covered":14,"skipped":0,"pct":25.92}}
,"C:\\Users\\LOQ\\Desktop\\hamro_deal_backend\\backend\\src\\controllers\\product.controller.ts": {"lines":{"total":89,"covered":78,"skipped":0,"pct":87.64},"functions":{"total":13,"covered":11,"skipped":0,"pct":84.61},"statements":{"total":96,"covered":83,"skipped":0,"pct":86.45},"branches":{"total":82,"covered":36,"skipped":0,"pct":43.9}}
,"C:\\Users\\LOQ\\Desktop\\hamro_deal_backend\\backend\\src\\controllers\\review.controller.ts": {"lines":{"total":41,"covered":37,"skipped":0,"pct":90.24},"functions":{"total":5,"covered":5,"skipped":0,"pct":100},"statements":{"total":41,"covered":37,"skipped":0,"pct":90.24},"branches":{"total":28,"covered":19,"skipped":0,"pct":67.85}}
,"C:\\Users\\LOQ\\Desktop\\hamro_deal_backend\\backend\\src\\controllers\\admin\\analytics.controller.ts": {"lines":{"total":34,"covered":3,"skipped":0,"pct":8.82},"functions":{"total":6,"covered":0,"skipped":0,"pct":0},"statements":{"total":34,"covered":3,"skipped":0,"pct":8.82},"branches":{"total":36,"covered":0,"skipped":0,"pct":0}}
,"C:\\Users\\LOQ\\Desktop\\hamro_deal_backend\\backend\\src\\controllers\\admin\\user.controller.ts": {"lines":{"total":66,"covered":37,"skipped":0,"pct":56.06},"functions":{"total":8,"covered":6,"skipped":0,"pct":75},"statements":{"total":67,"covered":38,"skipped":0,"pct":56.71},"branches":{"total":48,"covered":7,"skipped":0,"pct":14.58}}
,"C:\\Users\\LOQ\\Desktop\\hamro_deal_backend\\backend\\src\\controllers\\cart\\cart.controller.ts": {"lines":{"total":43,"covered":39,"skipped":0,"pct":90.69},"functions":{"total":5,"covered":5,"skipped":0,"pct":100},"statements":{"total":43,"covered":39,"skipped":0,"pct":90.69},"branches":{"total":24,"covered":12,"skipped":0,"pct":50}}
,"C:\\Users\\LOQ\\Desktop\\hamro_deal_backend\\backend\\src\\controllers\\seller\\seller.controller.ts": {"lines":{"total":12,"covered":5,"skipped":0,"pct":41.66},"functions":{"total":1,"covered":0,"skipped":0,"pct":0},"statements":{"total":12,"covered":5,"skipped":0,"pct":41.66},"branches":{"total":6,"covered":0,"skipped":0,"pct":0}}
,"C:\\Users\\LOQ\\Desktop\\hamro_deal_backend\\backend\\src\\controllers\\wishlist\\wishlist.controller.ts": {"lines":{"total":35,"covered":19,"skipped":0,"pct":54.28},"functions":{"total":4,"covered":3,"skipped":0,"pct":75},"statements":{"total":35,"covered":19,"skipped":0,"pct":54.28},"branches":{"total":20,"covered":1,"skipped":0,"pct":5}}
,"C:\\Users\\LOQ\\Desktop\\hamro_deal_backend\\backend\\src\\database\\mongodb.ts": {"lines":{"total":8,"covered":6,"skipped":0,"pct":75},"functions":{"total":1,"covered":1,"skipped":0,"pct":100},"statements":{"total":9,"covered":7,"skipped":0,"pct":77.77},"branches":{"total":0,"covered":0,"skipped":0,"pct":100}}
,"C:\\Users\\LOQ\\Desktop\\hamro_deal_backend\\backend\\src\\dtos\\cart.dtos.ts": {"lines":{"total":3,"covered":3,"skipped":0,"pct":100},"functions":{"total":0,"covered":0,"skipped":0,"pct":100},"statements":{"total":3,"covered":3,"skipped":0,"pct":100},"branches":{"total":0,"covered":0,"skipped":0,"pct":100}}
,"C:\\Users\\LOQ\\Desktop\\hamro_deal_backend\\backend\\src\\dtos\\category.dto.ts": {"lines":{"total":3,"covered":3,"skipped":0,"pct":100},"functions":{"total":0,"covered":0,"skipped":0,"pct":100},"statements":{"total":3,"covered":3,"skipped":0,"pct":100},"branches":{"total":0,"covered":0,"skipped":0,"pct":100}}
,"C:\\Users\\LOQ\\Desktop\\hamro_deal_backend\\backend\\src\\dtos\\order.dto.ts": {"lines":{"total":4,"covered":4,"skipped":0,"pct":100},"functions":{"total":0,"covered":0,"skipped":0,"pct":100},"statements":{"total":4,"covered":4,"skipped":0,"pct":100},"branches":{"total":0,"covered":0,"skipped":0,"pct":100}}
,"C:\\Users\\LOQ\\Desktop\\hamro_deal_backend\\backend\\src\\dtos\\product.dto.ts": {"lines":{"total":3,"covered":3,"skipped":0,"pct":100},"functions":{"total":0,"covered":0,"skipped":0,"pct":100},"statements":{"total":3,"covered":3,"skipped":0,"pct":100},"branches":{"total":0,"covered":0,"skipped":0,"pct":100}}
,"C:\\Users\\LOQ\\Desktop\\hamro_deal_backend\\backend\\src\\dtos\\user.dto.ts": {"lines":{"total":6,"covered":6,"skipped":0,"pct":100},"functions":{"total":1,"covered":1,"skipped":0,"pct":100},"statements":{"total":6,"covered":6,"skipped":0,"pct":100},"branches":{"total":0,"covered":0,"skipped":0,"pct":100}}
,"C:\\Users\\LOQ\\Desktop\\hamro_deal_backend\\backend\\src\\dtos\\wishlist.dto.ts": {"lines":{"total":2,"covered":2,"skipped":0,"pct":100},"functions":{"total":0,"covered":0,"skipped":0,"pct":100},"statements":{"total":2,"covered":2,"skipped":0,"pct":100},"branches":{"total":0,"covered":0,"skipped":0,"pct":100}}
,"C:\\Users\\LOQ\\Desktop\\hamro_deal_backend\\backend\\src\\errors\\http-error.ts": {"lines":{"total":3,"covered":3,"skipped":0,"pct":100},"functions":{"total":1,"covered":1,"skipped":0,"pct":100},"statements":{"total":3,"covered":3,"skipped":0,"pct":100},"branches":{"total":0,"covered":0,"skipped":0,"pct":100}}
,"C:\\Users\\LOQ\\Desktop\\hamro_deal_backend\\backend\\src\\middlewares\\authorized.middleware.ts": {"lines":{"total":50,"covered":32,"skipped":0,"pct":64},"functions":{"total":4,"covered":3,"skipped":0,"pct":75},"statements":{"total":54,"covered":35,"skipped":0,"pct":64.81},"branches":{"total":36,"covered":16,"skipped":0,"pct":44.44}}
,"C:\\Users\\LOQ\\Desktop\\hamro_deal_backend\\backend\\src\\middlewares\\socket.middleware.ts": {"lines":{"total":19,"covered":5,"skipped":0,"pct":26.31},"functions":{"total":1,"covered":0,"skipped":0,"pct":0},"statements":{"total":20,"covered":6,"skipped":0,"pct":30},"branches":{"total":10,"covered":0,"skipped":0,"pct":0}}
,"C:\\Users\\LOQ\\Desktop\\hamro_deal_backend\\backend\\src\\middlewares\\upload.middleware.ts": {"lines":{"total":22,"covered":13,"skipped":0,"pct":59.09},"functions":{"total":6,"covered":2,"skipped":0,"pct":33.33},"statements":{"total":22,"covered":13,"skipped":0,"pct":59.09},"branches":{"total":4,"covered":1,"skipped":0,"pct":25}}
,"C:\\Users\\LOQ\\Desktop\\hamro_deal_backend\\backend\\src\\models\\blog.model.ts": {"lines":{"total":3,"covered":3,"skipped":0,"pct":100},"functions":{"total":0,"covered":0,"skipped":0,"pct":100},"statements":{"total":3,"covered":3,"skipped":0,"pct":100},"branches":{"total":0,"covered":0,"skipped":0,"pct":100}}
,"C:\\Users\\LOQ\\Desktop\\hamro_deal_backend\\backend\\src\\models\\cart.model.ts": {"lines":{"total":5,"covered":5,"skipped":0,"pct":100},"functions":{"total":0,"covered":0,"skipped":0,"pct":100},"statements":{"total":5,"covered":5,"skipped":0,"pct":100},"branches":{"total":0,"covered":0,"skipped":0,"pct":100}}
,"C:\\Users\\LOQ\\Desktop\\hamro_deal_backend\\backend\\src\\models\\category_model.ts": {"lines":{"total":3,"covered":3,"skipped":0,"pct":100},"functions":{"total":0,"covered":0,"skipped":0,"pct":100},"statements":{"total":3,"covered":3,"skipped":0,"pct":100},"branches":{"total":0,"covered":0,"skipped":0,"pct":100}}
,"C:\\Users\\LOQ\\Desktop\\hamro_deal_backend\\backend\\src\\models\\conversation.model.ts": {"lines":{"total":9,"covered":9,"skipped":0,"pct":100},"functions":{"total":3,"covered":3,"skipped":0,"pct":100},"statements":{"total":10,"covered":10,"skipped":0,"pct":100},"branches":{"total":2,"covered":1,"skipped":0,"pct":50}}
,"C:\\Users\\LOQ\\Desktop\\hamro_deal_backend\\backend\\src\\models\\message.model.ts": {"lines":{"total":5,"covered":5,"skipped":0,"pct":100},"functions":{"total":0,"covered":0,"skipped":0,"pct":100},"statements":{"total":5,"covered":5,"skipped":0,"pct":100},"branches":{"total":0,"covered":0,"skipped":0,"pct":100}}
,"C:\\Users\\LOQ\\Desktop\\hamro_deal_backend\\backend\\src\\models\\notification.model.ts": {"lines":{"total":5,"covered":5,"skipped":0,"pct":100},"functions":{"total":0,"covered":0,"skipped":0,"pct":100},"statements":{"total":5,"covered":5,"skipped":0,"pct":100},"branches":{"total":0,"covered":0,"skipped":0,"pct":100}}
,"C:\\Users\\LOQ\\Desktop\\hamro_deal_backend\\backend\\src\\models\\order.model.ts": {"lines":{"total":10,"covered":10,"skipped":0,"pct":100},"functions":{"total":2,"covered":2,"skipped":0,"pct":100},"statements":{"total":10,"covered":10,"skipped":0,"pct":100},"branches":{"total":4,"covered":4,"skipped":0,"pct":100}}
,"C:\\Users\\LOQ\\Desktop\\hamro_deal_backend\\backend\\src\\models\\product.model.ts": {"lines":{"total":3,"covered":3,"skipped":0,"pct":100},"functions":{"total":0,"covered":0,"skipped":0,"pct":100},"statements":{"total":3,"covered":3,"skipped":0,"pct":100},"branches":{"total":0,"covered":0,"skipped":0,"pct":100}}
,"C:\\Users\\LOQ\\Desktop\\hamro_deal_backend\\backend\\src\\models\\review.model.ts": {"lines":{"total":4,"covered":4,"skipped":0,"pct":100},"functions":{"total":0,"covered":0,"skipped":0,"pct":100},"statements":{"total":4,"covered":4,"skipped":0,"pct":100},"branches":{"total":0,"covered":0,"skipped":0,"pct":100}}
,"C:\\Users\\LOQ\\Desktop\\hamro_deal_backend\\backend\\src\\models\\user.model.ts": {"lines":{"total":6,"covered":6,"skipped":0,"pct":100},"functions":{"total":1,"covered":1,"skipped":0,"pct":100},"statements":{"total":6,"covered":6,"skipped":0,"pct":100},"branches":{"total":4,"covered":3,"skipped":0,"pct":75}}
,"C:\\Users\\LOQ\\Desktop\\hamro_deal_backend\\backend\\src\\models\\wishlist.model.ts": {"lines":{"total":5,"covered":5,"skipped":0,"pct":100},"functions":{"total":0,"covered":0,"skipped":0,"pct":100},"statements":{"total":5,"covered":5,"skipped":0,"pct":100},"branches":{"total":0,"covered":0,"skipped":0,"pct":100}}
,"C:\\Users\\LOQ\\Desktop\\hamro_deal_backend\\backend\\src\\repositories\\blog.repository.ts": {"lines":{"total":16,"covered":13,"skipped":0,"pct":81.25},"functions":{"total":5,"covered":4,"skipped":0,"pct":80},"statements":{"total":16,"covered":13,"skipped":0,"pct":81.25},"branches":{"total":2,"covered":1,"skipped":0,"pct":50}}
,"C:\\Users\\LOQ\\Desktop\\hamro_deal_backend\\backend\\src\\repositories\\cart.repositories.ts": {"lines":{"total":38,"covered":38,"skipped":0,"pct":100},"functions":{"total":9,"covered":9,"skipped":0,"pct":100},"statements":{"total":42,"covered":39,"skipped":0,"pct":92.85},"branches":{"total":14,"covered":11,"skipped":0,"pct":78.57}}
,"C:\\Users\\LOQ\\Desktop\\hamro_deal_backend\\backend\\src\\repositories\\category.repositories.ts": {"lines":{"total":13,"covered":11,"skipped":0,"pct":84.61},"functions":{"total":5,"covered":4,"skipped":0,"pct":80},"statements":{"total":13,"covered":11,"skipped":0,"pct":84.61},"branches":{"total":2,"covered":1,"skipped":0,"pct":50}}
,"C:\\Users\\LOQ\\Desktop\\hamro_deal_backend\\backend\\src\\repositories\\conversation.repository.ts": {"lines":{"total":18,"covered":7,"skipped":0,"pct":38.88},"functions":{"total":11,"covered":4,"skipped":0,"pct":36.36},"statements":{"total":20,"covered":7,"skipped":0,"pct":35},"branches":{"total":0,"covered":0,"skipped":0,"pct":100}}
,"C:\\Users\\LOQ\\Desktop\\hamro_deal_backend\\backend\\src\\repositories\\message.repository.ts": {"lines":{"total":18,"covered":13,"skipped":0,"pct":72.22},"functions":{"total":8,"covered":5,"skipped":0,"pct":62.5},"statements":{"total":18,"covered":13,"skipped":0,"pct":72.22},"branches":{"total":4,"covered":2,"skipped":0,"pct":50}}
,"C:\\Users\\LOQ\\Desktop\\hamro_deal_backend\\backend\\src\\repositories\\notification.repository.ts": {"lines":{"total":17,"covered":4,"skipped":0,"pct":23.52},"functions":{"total":9,"covered":1,"skipped":0,"pct":11.11},"statements":{"total":17,"covered":4,"skipped":0,"pct":23.52},"branches":{"total":2,"covered":0,"skipped":0,"pct":0}}
,"C:\\Users\\LOQ\\Desktop\\hamro_deal_backend\\backend\\src\\repositories\\order.repository.ts": {"lines":{"total":36,"covered":32,"skipped":0,"pct":88.88},"functions":{"total":9,"covered":8,"skipped":0,"pct":88.88},"statements":{"total":36,"covered":32,"skipped":0,"pct":88.88},"branches":{"total":4,"covered":2,"skipped":0,"pct":50}}
,"C:\\Users\\LOQ\\Desktop\\hamro_deal_backend\\backend\\src\\repositories\\product.repositories.ts": {"lines":{"total":50,"covered":37,"skipped":0,"pct":74},"functions":{"total":12,"covered":10,"skipped":0,"pct":83.33},"statements":{"total":53,"covered":39,"skipped":0,"pct":73.58},"branches":{"total":24,"covered":15,"skipped":0,"pct":62.5}}
,"C:\\Users\\LOQ\\Desktop\\hamro_deal_backend\\backend\\src\\repositories\\review.respositories.ts": {"lines":{"total":17,"covered":9,"skipped":0,"pct":52.94},"functions":{"total":9,"covered":4,"skipped":0,"pct":44.44},"statements":{"total":17,"covered":9,"skipped":0,"pct":52.94},"branches":{"total":2,"covered":2,"skipped":0,"pct":100}}
,"C:\\Users\\LOQ\\Desktop\\hamro_deal_backend\\backend\\src\\repositories\\user.repositories.ts": {"lines":{"total":24,"covered":23,"skipped":0,"pct":95.83},"functions":{"total":7,"covered":7,"skipped":0,"pct":100},"statements":{"total":24,"covered":23,"skipped":0,"pct":95.83},"branches":{"total":4,"covered":2,"skipped":0,"pct":50}}
,"C:\\Users\\LOQ\\Desktop\\hamro_deal_backend\\backend\\src\\repositories\\wishlist.repositories.ts": {"lines":{"total":23,"covered":13,"skipped":0,"pct":56.52},"functions":{"total":6,"covered":4,"skipped":0,"pct":66.66},"statements":{"total":23,"covered":13,"skipped":0,"pct":56.52},"branches":{"total":2,"covered":0,"skipped":0,"pct":0}}
,"C:\\Users\\LOQ\\Desktop\\hamro_deal_backend\\backend\\src\\routes\\auth.routes.ts": {"lines":{"total":14,"covered":14,"skipped":0,"pct":100},"functions":{"total":0,"covered":0,"skipped":0,"pct":100},"statements":{"total":14,"covered":14,"skipped":0,"pct":100},"branches":{"total":0,"covered":0,"skipped":0,"pct":100}}
,"C:\\Users\\LOQ\\Desktop\\hamro_deal_backend\\backend\\src\\routes\\blog.route.ts": {"lines":{"total":10,"covered":10,"skipped":0,"pct":100},"functions":{"total":0,"covered":0,"skipped":0,"pct":100},"statements":{"total":10,"covered":10,"skipped":0,"pct":100},"branches":{"total":0,"covered":0,"skipped":0,"pct":100}}
,"C:\\Users\\LOQ\\Desktop\\hamro_deal_backend\\backend\\src\\routes\\category.routes.ts": {"lines":{"total":10,"covered":10,"skipped":0,"pct":100},"functions":{"total":0,"covered":0,"skipped":0,"pct":100},"statements":{"total":10,"covered":10,"skipped":0,"pct":100},"branches":{"total":0,"covered":0,"skipped":0,"pct":100}}
,"C:\\Users\\LOQ\\Desktop\\hamro_deal_backend\\backend\\src\\routes\\conversation.routes.ts": {"lines":{"total":12,"covered":12,"skipped":0,"pct":100},"functions":{"total":0,"covered":0,"skipped":0,"pct":100},"statements":{"total":12,"covered":12,"skipped":0,"pct":100},"branches":{"total":0,"covered":0,"skipped":0,"pct":100}}
,"C:\\Users\\LOQ\\Desktop\\hamro_deal_backend\\backend\\src\\routes\\message.routes.ts": {"lines":{"total":11,"covered":11,"skipped":0,"pct":100},"functions":{"total":0,"covered":0,"skipped":0,"pct":100},"statements":{"total":11,"covered":11,"skipped":0,"pct":100},"branches":{"total":0,"covered":0,"skipped":0,"pct":100}}
,"C:\\Users\\LOQ\\Desktop\\hamro_deal_backend\\backend\\src\\routes\\notification.routes.ts": {"lines":{"total":13,"covered":13,"skipped":0,"pct":100},"functions":{"total":0,"covered":0,"skipped":0,"pct":100},"statements":{"total":13,"covered":13,"skipped":0,"pct":100},"branches":{"total":0,"covered":0,"skipped":0,"pct":100}}
,"C:\\Users\\LOQ\\Desktop\\hamro_deal_backend\\backend\\src\\routes\\order.routes.ts": {"lines":{"total":11,"covered":11,"skipped":0,"pct":100},"functions":{"total":0,"covered":0,"skipped":0,"pct":100},"statements":{"total":11,"covered":11,"skipped":0,"pct":100},"branches":{"total":0,"covered":0,"skipped":0,"pct":100}}
,"C:\\Users\\LOQ\\Desktop\\hamro_deal_backend\\backend\\src\\routes\\product.routes.ts": {"lines":{"total":17,"covered":17,"skipped":0,"pct":100},"functions":{"total":0,"covered":0,"skipped":0,"pct":100},"statements":{"total":17,"covered":17,"skipped":0,"pct":100},"branches":{"total":0,"covered":0,"skipped":0,"pct":100}}
,"C:\\Users\\LOQ\\Desktop\\hamro_deal_backend\\backend\\src\\routes\\review.routes.ts": {"lines":{"total":12,"covered":12,"skipped":0,"pct":100},"functions":{"total":0,"covered":0,"skipped":0,"pct":100},"statements":{"total":12,"covered":12,"skipped":0,"pct":100},"branches":{"total":0,"covered":0,"skipped":0,"pct":100}}
,"C:\\Users\\LOQ\\Desktop\\hamro_deal_backend\\backend\\src\\routes\\wishlist.routes.ts": {"lines":{"total":11,"covered":11,"skipped":0,"pct":100},"functions":{"total":0,"covered":0,"skipped":0,"pct":100},"statements":{"total":11,"covered":11,"skipped":0,"pct":100},"branches":{"total":0,"covered":0,"skipped":0,"pct":100}}
,"C:\\Users\\LOQ\\Desktop\\hamro_deal_backend\\backend\\src\\routes\\admin\\analytics.routes.ts": {"lines":{"total":14,"covered":14,"skipped":0,"pct":100},"functions":{"total":0,"covered":0,"skipped":0,"pct":100},"statements":{"total":14,"covered":14,"skipped":0,"pct":100},"branches":{"total":0,"covered":0,"skipped":0,"pct":100}}
,"C:\\Users\\LOQ\\Desktop\\hamro_deal_backend\\backend\\src\\routes\\admin\\blog.route.ts": {"lines":{"total":11,"covered":11,"skipped":0,"pct":100},"functions":{"total":0,"covered":0,"skipped":0,"pct":100},"statements":{"total":11,"covered":11,"skipped":0,"pct":100},"branches":{"total":0,"covered":0,"skipped":0,"pct":100}}
,"C:\\Users\\LOQ\\Desktop\\hamro_deal_backend\\backend\\src\\routes\\admin\\order.routes.ts": {"lines":{"total":12,"covered":12,"skipped":0,"pct":100},"functions":{"total":0,"covered":0,"skipped":0,"pct":100},"statements":{"total":12,"covered":12,"skipped":0,"pct":100},"branches":{"total":0,"covered":0,"skipped":0,"pct":100}}
,"C:\\Users\\LOQ\\Desktop\\hamro_deal_backend\\backend\\src\\routes\\admin\\user.route.ts": {"lines":{"total":16,"covered":16,"skipped":0,"pct":100},"functions":{"total":0,"covered":0,"skipped":0,"pct":100},"statements":{"total":16,"covered":16,"skipped":0,"pct":100},"branches":{"total":0,"covered":0,"skipped":0,"pct":100}}
,"C:\\Users\\LOQ\\Desktop\\hamro_deal_backend\\backend\\src\\routes\\cart\\cart.routes.ts": {"lines":{"total":12,"covered":12,"skipped":0,"pct":100},"functions":{"total":0,"covered":0,"skipped":0,"pct":100},"statements":{"total":12,"covered":12,"skipped":0,"pct":100},"branches":{"total":0,"covered":0,"skipped":0,"pct":100}}
,"C:\\Users\\LOQ\\Desktop\\hamro_deal_backend\\backend\\src\\routes\\seller\\order.routes.ts": {"lines":{"total":11,"covered":11,"skipped":0,"pct":100},"functions":{"total":0,"covered":0,"skipped":0,"pct":100},"statements":{"total":11,"covered":11,"skipped":0,"pct":100},"branches":{"total":0,"covered":0,"skipped":0,"pct":100}}
,"C:\\Users\\LOQ\\Desktop\\hamro_deal_backend\\backend\\src\\routes\\seller\\seller.route.ts": {"lines":{"total":6,"covered":6,"skipped":0,"pct":100},"functions":{"total":0,"covered":0,"skipped":0,"pct":100},"statements":{"total":6,"covered":6,"skipped":0,"pct":100},"branches":{"total":0,"covered":0,"skipped":0,"pct":100}}
,"C:\\Users\\LOQ\\Desktop\\hamro_deal_backend\\backend\\src\\services\\blog.service.ts": {"lines":{"total":28,"covered":19,"skipped":0,"pct":67.85},"functions":{"total":5,"covered":4,"skipped":0,"pct":80},"statements":{"total":28,"covered":19,"skipped":0,"pct":67.85},"branches":{"total":16,"covered":6,"skipped":0,"pct":37.5}}
,"C:\\Users\\LOQ\\Desktop\\hamro_deal_backend\\backend\\src\\services\\category.service.ts": {"lines":{"total":39,"covered":20,"skipped":0,"pct":51.28},"functions":{"total":7,"covered":4,"skipped":0,"pct":57.14},"statements":{"total":39,"covered":20,"skipped":0,"pct":51.28},"branches":{"total":24,"covered":7,"skipped":0,"pct":29.16}}
,"C:\\Users\\LOQ\\Desktop\\hamro_deal_backend\\backend\\src\\services\\conversation.service.ts": {"lines":{"total":55,"covered":5,"skipped":0,"pct":9.09},"functions":{"total":12,"covered":0,"skipped":0,"pct":0},"statements":{"total":55,"covered":5,"skipped":0,"pct":9.09},"branches":{"total":42,"covered":0,"skipped":0,"pct":0}}
,"C:\\Users\\LOQ\\Desktop\\hamro_deal_backend\\backend\\src\\services\\message.service.ts": {"lines":{"total":56,"covered":51,"skipped":0,"pct":91.07},"functions":{"total":8,"covered":7,"skipped":0,"pct":87.5},"statements":{"total":56,"covered":51,"skipped":0,"pct":91.07},"branches":{"total":38,"covered":27,"skipped":0,"pct":71.05}}
,"C:\\Users\\LOQ\\Desktop\\hamro_deal_backend\\backend\\src\\services\\notification.service.ts": {"lines":{"total":31,"covered":7,"skipped":0,"pct":22.58},"functions":{"total":7,"covered":1,"skipped":0,"pct":14.28},"statements":{"total":31,"covered":7,"skipped":0,"pct":22.58},"branches":{"total":14,"covered":0,"skipped":0,"pct":0}}
,"C:\\Users\\LOQ\\Desktop\\hamro_deal_backend\\backend\\src\\services\\order.service.ts": {"lines":{"total":103,"covered":58,"skipped":0,"pct":56.31},"functions":{"total":13,"covered":8,"skipped":0,"pct":61.53},"statements":{"total":106,"covered":59,"skipped":0,"pct":55.66},"branches":{"total":56,"covered":20,"skipped":0,"pct":35.71}}
,"C:\\Users\\LOQ\\Desktop\\hamro_deal_backend\\backend\\src\\services\\product.service.ts": {"lines":{"total":62,"covered":49,"skipped":0,"pct":79.03},"functions":{"total":12,"covered":11,"skipped":0,"pct":91.66},"statements":{"total":66,"covered":51,"skipped":0,"pct":77.27},"branches":{"total":52,"covered":36,"skipped":0,"pct":69.23}}
,"C:\\Users\\LOQ\\Desktop\\hamro_deal_backend\\backend\\src\\services\\review.service.ts": {"lines":{"total":42,"covered":23,"skipped":0,"pct":54.76},"functions":{"total":7,"covered":5,"skipped":0,"pct":71.42},"statements":{"total":42,"covered":23,"skipped":0,"pct":54.76},"branches":{"total":20,"covered":3,"skipped":0,"pct":15}}
,"C:\\Users\\LOQ\\Desktop\\hamro_deal_backend\\backend\\src\\services\\user.service.ts": {"lines":{"total":71,"covered":49,"skipped":0,"pct":69.01},"functions":{"total":6,"covered":5,"skipped":0,"pct":83.33},"statements":{"total":71,"covered":49,"skipped":0,"pct":69.01},"branches":{"total":38,"covered":20,"skipped":0,"pct":52.63}}
,"C:\\Users\\LOQ\\Desktop\\hamro_deal_backend\\backend\\src\\services\\admin\\analytics.service.ts": {"lines":{"total":41,"covered":5,"skipped":0,"pct":12.19},"functions":{"total":13,"covered":0,"skipped":0,"pct":0},"statements":{"total":42,"covered":5,"skipped":0,"pct":11.9},"branches":{"total":28,"covered":0,"skipped":0,"pct":0}}
,"C:\\Users\\LOQ\\Desktop\\hamro_deal_backend\\backend\\src\\services\\admin\\user.service.ts": {"lines":{"total":72,"covered":39,"skipped":0,"pct":54.16},"functions":{"total":7,"covered":5,"skipped":0,"pct":71.42},"statements":{"total":72,"covered":39,"skipped":0,"pct":54.16},"branches":{"total":48,"covered":13,"skipped":0,"pct":27.08}}
,"C:\\Users\\LOQ\\Desktop\\hamro_deal_backend\\backend\\src\\services\\cart\\cart.service.ts": {"lines":{"total":54,"covered":46,"skipped":0,"pct":85.18},"functions":{"total":12,"covered":12,"skipped":0,"pct":100},"statements":{"total":55,"covered":47,"skipped":0,"pct":85.45},"branches":{"total":30,"covered":21,"skipped":0,"pct":70}}
,"C:\\Users\\LOQ\\Desktop\\hamro_deal_backend\\backend\\src\\services\\seller\\seller.service.ts": {"lines":{"total":15,"covered":5,"skipped":0,"pct":33.33},"functions":{"total":1,"covered":0,"skipped":0,"pct":0},"statements":{"total":15,"covered":5,"skipped":0,"pct":33.33},"branches":{"total":4,"covered":0,"skipped":0,"pct":0}}
,"C:\\Users\\LOQ\\Desktop\\hamro_deal_backend\\backend\\src\\services\\wishlist\\wishlist.service.ts": {"lines":{"total":29,"covered":17,"skipped":0,"pct":58.62},"functions":{"total":7,"covered":4,"skipped":0,"pct":57.14},"statements":{"total":29,"covered":17,"skipped":0,"pct":58.62},"branches":{"total":10,"covered":3,"skipped":0,"pct":30}}
,"C:\\Users\\LOQ\\Desktop\\hamro_deal_backend\\backend\\src\\socket\\socket.handler.ts": {"lines":{"total":59,"covered":9,"skipped":0,"pct":15.25},"functions":{"total":11,"covered":1,"skipped":0,"pct":9.09},"statements":{"total":63,"covered":12,"skipped":0,"pct":19.04},"branches":{"total":26,"covered":0,"skipped":0,"pct":0}}
,"C:\\Users\\LOQ\\Desktop\\hamro_deal_backend\\backend\\src\\types\\blog.type.ts": {"lines":{"total":2,"covered":0,"skipped":0,"pct":0},"functions":{"total":0,"covered":0,"skipped":0,"pct":100},"statements":{"total":2,"covered":0,"skipped":0,"pct":0},"branches":{"total":0,"covered":0,"skipped":0,"pct":100}}
,"C:\\Users\\LOQ\\Desktop\\hamro_deal_backend\\backend\\src\\types\\cart.type.ts": {"lines":{"total":5,"covered":0,"skipped":0,"pct":0},"functions":{"total":0,"covered":0,"skipped":0,"pct":100},"statements":{"total":5,"covered":0,"skipped":0,"pct":0},"branches":{"total":0,"covered":0,"skipped":0,"pct":100}}
,"C:\\Users\\LOQ\\Desktop\\hamro_deal_backend\\backend\\src\\types\\category.type.ts": {"lines":{"total":2,"covered":2,"skipped":0,"pct":100},"functions":{"total":0,"covered":0,"skipped":0,"pct":100},"statements":{"total":2,"covered":2,"skipped":0,"pct":100},"branches":{"total":0,"covered":0,"skipped":0,"pct":100}}
,"C:\\Users\\LOQ\\Desktop\\hamro_deal_backend\\backend\\src\\types\\conversation.type.ts": {"lines":{"total":3,"covered":3,"skipped":0,"pct":100},"functions":{"total":0,"covered":0,"skipped":0,"pct":100},"statements":{"total":3,"covered":3,"skipped":0,"pct":100},"branches":{"total":0,"covered":0,"skipped":0,"pct":100}}
,"C:\\Users\\LOQ\\Desktop\\hamro_deal_backend\\backend\\src\\types\\message.type.ts": {"lines":{"total":4,"covered":4,"skipped":0,"pct":100},"functions":{"total":0,"covered":0,"skipped":0,"pct":100},"statements":{"total":4,"covered":4,"skipped":0,"pct":100},"branches":{"total":0,"covered":0,"skipped":0,"pct":100}}
,"C:\\Users\\LOQ\\Desktop\\hamro_deal_backend\\backend\\src\\types\\notification.type.ts": {"lines":{"total":3,"covered":0,"skipped":0,"pct":0},"functions":{"total":0,"covered":0,"skipped":0,"pct":100},"statements":{"total":3,"covered":0,"skipped":0,"pct":0},"branches":{"total":0,"covered":0,"skipped":0,"pct":100}}
,"C:\\Users\\LOQ\\Desktop\\hamro_deal_backend\\backend\\src\\types\\order.type.ts": {"lines":{"total":4,"covered":0,"skipped":0,"pct":0},"functions":{"total":0,"covered":0,"skipped":0,"pct":100},"statements":{"total":4,"covered":0,"skipped":0,"pct":0},"branches":{"total":0,"covered":0,"skipped":0,"pct":100}}
,"C:\\Users\\LOQ\\Desktop\\hamro_deal_backend\\backend\\src\\types\\product.type.ts": {"lines":{"total":5,"covered":5,"skipped":0,"pct":100},"functions":{"total":1,"covered":1,"skipped":0,"pct":100},"statements":{"total":5,"covered":5,"skipped":0,"pct":100},"branches":{"total":0,"covered":0,"skipped":0,"pct":100}}
,"C:\\Users\\LOQ\\Desktop\\hamro_deal_backend\\backend\\src\\types\\review.type.ts": {"lines":{"total":4,"covered":4,"skipped":0,"pct":100},"functions":{"total":0,"covered":0,"skipped":0,"pct":100},"statements":{"total":4,"covered":4,"skipped":0,"pct":100},"branches":{"total":0,"covered":0,"skipped":0,"pct":100}}
,"C:\\Users\\LOQ\\Desktop\\hamro_deal_backend\\backend\\src\\types\\user.types.ts": {"lines":{"total":2,"covered":2,"skipped":0,"pct":100},"functions":{"total":0,"covered":0,"skipped":0,"pct":100},"statements":{"total":2,"covered":2,"skipped":0,"pct":100},"branches":{"total":0,"covered":0,"skipped":0,"pct":100}}
,"C:\\Users\\LOQ\\Desktop\\hamro_deal_backend\\backend\\src\\types\\wishlist.type.ts": {"lines":{"total":4,"covered":0,"skipped":0,"pct":0},"functions":{"total":0,"covered":0,"skipped":0,"pct":100},"statements":{"total":4,"covered":0,"skipped":0,"pct":0},"branches":{"total":0,"covered":0,"skipped":0,"pct":100}}
}
