{"C:\\Users\\LOQ\\Desktop\\hamro_deal_backend\\backend\\src\\configs\\email.ts": {"path":"C:\\Users\\LOQ\\Desktop\\hamro_deal_backend\\backend\\src\\configs\\email.ts","statementMap":{"0":{"start":{"line":1,"column":0},"end":{"line":1,"column":36}},"1":{"start":{"line":2,"column":0},"end":{"line":2,"column":28}},"2":{"start":{"line":4,"column":0},"end":{"line":4,"column":16}},"3":{"start":{"line":6,"column":19},"end":{"line":6,"column":51}},"4":{"start":{"line":7,"column":19},"end":{"line":7,"column":51}},"5":{"start":{"line":9,"column":0},"end":{"line":9,"column":38}},"6":{"start":{"line":10,"column":0},"end":{"line":10,"column":39}},"7":{"start":{"line":11,"column":0},"end":{"line":11,"column":63}},"8":{"start":{"line":13,"column":13},"end":{"line":19,"column":3}},"9":{"start":{"line":21,"column":25},"end":{"line":42,"column":1}},"10":{"start":{"line":22,"column":4},"end":{"line":41,"column":5}},"11":{"start":{"line":23,"column":8},"end":{"line":25,"column":9}},"12":{"start":{"line":24,"column":12},"end":{"line":24,"column":121}},"13":{"start":{"line":27,"column":28},"end":{"line":32,"column":10}},"14":{"start":{"line":34,"column":8},"end":{"line":34,"column":59}},"15":{"start":{"line":35,"column":23},"end":{"line":35,"column":62}},"16":{"start":{"line":36,"column":8},"end":{"line":36,"column":68}},"17":{"start":{"line":37,"column":8},"end":{"line":37,"column":22}},"18":{"start":{"line":39,"column":8},"end":{"line":39,"column":64}},"19":{"start":{"line":40,"column":8},"end":{"line":40,"column":20}},"20":{"start":{"line":21,"column":13},"end":{"line":21,"column":25}}},"fnMap":{"0":{"name":"(anonymous_1)","decl":{"start":{"line":21,"column":25},"end":{"line":21,"column":30}},"loc":{"start":{"line":21,"column":77},"end":{"line":42,"column":1}}}},"branchMap":{"0":{"loc":{"start":{"line":11,"column":27},"end":{"line":11,"column":61}},"type":"cond-expr","locations":[{"start":{"line":11,"column":40},"end":{"line":11,"column":47}},{"start":{"line":11,"column":50},"end":{"line":11,"column":61}}]},"1":{"loc":{"start":{"line":23,"column":8},"end":{"line":25,"column":9}},"type":"if","locations":[{"start":{"line":23,"column":8},"end":{"line":25,"column":9}},{"start":{},"end":{}}]},"2":{"loc":{"start":{"line":23,"column":12},"end":{"line":23,"column":38}},"type":"binary-expr","locations":[{"start":{"line":23,"column":12},"end":{"line":23,"column":23}},{"start":{"line":23,"column":27},"end":{"line":23,"column":38}}]}},"s":{"0":8,"1":8,"2":8,"3":8,"4":8,"5":8,"6":8,"7":8,"8":8,"9":8,"10":0,"11":0,"12":0,"13":0,"14":0,"15":0,"16":0,"17":0,"18":0,"19":0,"20":8},"f":{"0":0},"b":{"0":[8,0],"1":[0,0],"2":[0,0]}}
,"C:\\Users\\LOQ\\Desktop\\hamro_deal_backend\\backend\\src\\configs\\index.ts": {"path":"C:\\Users\\LOQ\\Desktop\\hamro_deal_backend\\backend\\src\\configs\\index.ts","statementMap":{"0":{"start":{"line":1,"column":0},"end":{"line":1,"column":28}},"1":{"start":{"line":2,"column":0},"end":{"line":2,"column":16}},"2":{"start":{"line":3,"column":13},"end":{"line":3,"column":79}},"3":{"start":{"line":5,"column":13},"end":{"line":5,"column":99}},"4":{"start":{"line":8,"column":13},"end":{"line":8,"column":73}}},"fnMap":{},"branchMap":{"0":{"loc":{"start":{"line":3,"column":28},"end":{"line":3,"column":78}},"type":"cond-expr","locations":[{"start":{"line":3,"column":46},"end":{"line":3,"column":72}},{"start":{"line":3,"column":74},"end":{"line":3,"column":78}}]},"1":{"loc":{"start":{"line":5,"column":35},"end":{"line":5,"column":98}},"type":"binary-expr","locations":[{"start":{"line":5,"column":35},"end":{"line":5,"column":56}},{"start":{"line":5,"column":59},"end":{"line":5,"column":98}}]},"2":{"loc":{"start":{"line":8,"column":34},"end":{"line":8,"column":72}},"type":"binary-expr","locations":[{"start":{"line":8,"column":34},"end":{"line":8,"column":56}},{"start":{"line":8,"column":60},"end":{"line":8,"column":72}}]}},"s":{"0":8,"1":8,"2":8,"3":8,"4":8},"f":{},"b":{"0":[8,0],"1":[8,0],"2":[8,8]}}
,"C:\\Users\\LOQ\\Desktop\\hamro_deal_backend\\backend\\src\\controllers\\auth.controller.ts": {"path":"C:\\Users\\LOQ\\Desktop\\hamro_deal_backend\\backend\\src\\controllers\\auth.controller.ts","statementMap":{"0":{"start":{"line":1,"column":0},"end":{"line":1,"column":78}},"1":{"start":{"line":2,"column":0},"end":{"line":2,"column":20}},"2":{"start":{"line":4,"column":0},"end":{"line":4,"column":55}},"3":{"start":{"line":7,"column":18},"end":{"line":7,"column":35}},"4":{"start":{"line":11,"column":8},"end":{"line":26,"column":9}},"5":{"start":{"line":12,"column":31},"end":{"line":12,"column":64}},"6":{"start":{"line":13,"column":12},"end":{"line":17,"column":13}},"7":{"start":{"line":14,"column":16},"end":{"line":16,"column":null}},"8":{"start":{"line":18,"column":28},"end":{"line":18,"column":75}},"9":{"start":{"line":19,"column":12},"end":{"line":21,"column":null}},"10":{"start":{"line":23,"column":12},"end":{"line":25,"column":null}},"11":{"start":{"line":32,"column":8},"end":{"line":44,"column":9}},"12":{"start":{"line":33,"column":31},"end":{"line":33,"column":63}},"13":{"start":{"line":34,"column":12},"end":{"line":37,"column":13}},"14":{"start":{"line":35,"column":16},"end":{"line":35,"column":88}},"15":{"start":{"line":38,"column":34},"end":{"line":38,"column":78}},"16":{"start":{"line":39,"column":12},"end":{"line":39,"column":104}},"17":{"start":{"line":41,"column":12},"end":{"line":43,"column":null}},"18":{"start":{"line":47,"column":8},"end":{"line":78,"column":9}},"19":{"start":{"line":48,"column":27},"end":{"line":48,"column":40}},"20":{"start":{"line":49,"column":29},"end":{"line":49,"column":47}},"21":{"start":{"line":50,"column":12},"end":{"line":54,"column":13}},"22":{"start":{"line":51,"column":16},"end":{"line":53,"column":18}},"23":{"start":{"line":55,"column":29},"end":{"line":55,"column":62}},"24":{"start":{"line":56,"column":12},"end":{"line":60,"column":13}},"25":{"start":{"line":57,"column":16},"end":{"line":59,"column":null}},"26":{"start":{"line":61,"column":12},"end":{"line":64,"column":13}},"27":{"start":{"line":62,"column":16},"end":{"line":62,"column":66}},"28":{"start":{"line":66,"column":32},"end":{"line":66,"column":88}},"29":{"start":{"line":68,"column":12},"end":{"line":70,"column":14}},"30":{"start":{"line":75,"column":12},"end":{"line":77,"column":null}},"31":{"start":{"line":83,"column":8},"end":{"line":98,"column":9}},"32":{"start":{"line":84,"column":27},"end":{"line":84,"column":40}},"33":{"start":{"line":85,"column":12},"end":{"line":89,"column":13}},"34":{"start":{"line":86,"column":16},"end":{"line":88,"column":null}},"35":{"start":{"line":90,"column":25},"end":{"line":90,"column":62}},"36":{"start":{"line":91,"column":12},"end":{"line":93,"column":null}},"37":{"start":{"line":95,"column":12},"end":{"line":97,"column":null}},"38":{"start":{"line":102,"column":8},"end":{"line":128,"column":9}},"39":{"start":{"line":103,"column":27},"end":{"line":103,"column":90}},"40":{"start":{"line":104,"column":12},"end":{"line":106,"column":13}},"41":{"start":{"line":105,"column":16},"end":{"line":105,"column":90}},"42":{"start":{"line":107,"column":28},"end":{"line":107,"column":42}},"43":{"start":{"line":108,"column":29},"end":{"line":108,"column":47}},"44":{"start":{"line":109,"column":12},"end":{"line":111,"column":13}},"45":{"start":{"line":110,"column":16},"end":{"line":110,"column":58}},"46":{"start":{"line":112,"column":31},"end":{"line":112,"column":63}},"47":{"start":{"line":113,"column":12},"end":{"line":117,"column":13}},"48":{"start":{"line":114,"column":16},"end":{"line":116,"column":null}},"49":{"start":{"line":119,"column":32},"end":{"line":119,"column":88}},"50":{"start":{"line":121,"column":12},"end":{"line":123,"column":null}},"51":{"start":{"line":125,"column":12},"end":{"line":127,"column":null}},"52":{"start":{"line":132,"column":8},"end":{"line":146,"column":9}},"53":{"start":{"line":133,"column":29},"end":{"line":133,"column":37}},"54":{"start":{"line":134,"column":25},"end":{"line":134,"column":72}},"55":{"start":{"line":135,"column":12},"end":{"line":141,"column":null}},"56":{"start":{"line":143,"column":12},"end":{"line":145,"column":null}},"57":{"start":{"line":150,"column":8},"end":{"line":163,"column":9}},"58":{"start":{"line":152,"column":29},"end":{"line":152,"column":45}},"59":{"start":{"line":153,"column":26},"end":{"line":153,"column":74}},"60":{"start":{"line":154,"column":36},"end":{"line":154,"column":44}},"61":{"start":{"line":155,"column":12},"end":{"line":155,"column":64}},"62":{"start":{"line":156,"column":12},"end":{"line":158,"column":14}},"63":{"start":{"line":160,"column":12},"end":{"line":162,"column":14}},"64":{"start":{"line":9,"column":0},"end":{"line":9,"column":13}}},"fnMap":{"0":{"name":"(anonymous_1)","decl":{"start":{"line":10,"column":4},"end":{"line":10,"column":9}},"loc":{"start":{"line":10,"column":48},"end":{"line":29,"column":5}}},"1":{"name":"(anonymous_2)","decl":{"start":{"line":31,"column":4},"end":{"line":31,"column":9}},"loc":{"start":{"line":31,"column":47},"end":{"line":45,"column":5}}},"2":{"name":"(anonymous_3)","decl":{"start":{"line":46,"column":4},"end":{"line":46,"column":9}},"loc":{"start":{"line":46,"column":52},"end":{"line":80,"column":5}}},"3":{"name":"(anonymous_4)","decl":{"start":{"line":82,"column":4},"end":{"line":82,"column":9}},"loc":{"start":{"line":82,"column":48},"end":{"line":99,"column":5}}},"4":{"name":"(anonymous_5)","decl":{"start":{"line":101,"column":4},"end":{"line":101,"column":9}},"loc":{"start":{"line":101,"column":52},"end":{"line":129,"column":5}}},"5":{"name":"(anonymous_6)","decl":{"start":{"line":131,"column":4},"end":{"line":131,"column":9}},"loc":{"start":{"line":131,"column":58},"end":{"line":147,"column":5}}},"6":{"name":"(anonymous_7)","decl":{"start":{"line":149,"column":7},"end":{"line":149,"column":12}},"loc":{"start":{"line":149,"column":54},"end":{"line":164,"column":5}}}},"branchMap":{"0":{"loc":{"start":{"line":13,"column":12},"end":{"line":17,"column":13}},"type":"if","locations":[{"start":{"line":13,"column":12},"end":{"line":17,"column":13}},{"start":{},"end":{}}]},"1":{"loc":{"start":{"line":23,"column":30},"end":{"line":23,"column":53}},"type":"binary-expr","locations":[{"start":{"line":23,"column":30},"end":{"line":23,"column":46}},{"start":{"line":23,"column":50},"end":{"line":23,"column":53}}]},"2":{"loc":{"start":{"line":24,"column":42},"end":{"line":24,"column":82}},"type":"binary-expr","locations":[{"start":{"line":24,"column":42},"end":{"line":24,"column":55}},{"start":{"line":24,"column":59},"end":{"line":24,"column":82}}]},"3":{"loc":{"start":{"line":34,"column":12},"end":{"line":37,"column":13}},"type":"if","locations":[{"start":{"line":34,"column":12},"end":{"line":37,"column":13}},{"start":{},"end":{}}]},"4":{"loc":{"start":{"line":41,"column":30},"end":{"line":41,"column":53}},"type":"binary-expr","locations":[{"start":{"line":41,"column":30},"end":{"line":41,"column":46}},{"start":{"line":41,"column":50},"end":{"line":41,"column":53}}]},"5":{"loc":{"start":{"line":42,"column":42},"end":{"line":42,"column":82}},"type":"binary-expr","locations":[{"start":{"line":42,"column":42},"end":{"line":42,"column":55}},{"start":{"line":42,"column":59},"end":{"line":42,"column":82}}]},"6":{"loc":{"start":{"line":50,"column":12},"end":{"line":54,"column":13}},"type":"if","locations":[{"start":{"line":50,"column":12},"end":{"line":54,"column":13}},{"start":{},"end":{}}]},"7":{"loc":{"start":{"line":56,"column":12},"end":{"line":60,"column":13}},"type":"if","locations":[{"start":{"line":56,"column":12},"end":{"line":60,"column":13}},{"start":{},"end":{}}]},"8":{"loc":{"start":{"line":61,"column":12},"end":{"line":64,"column":13}},"type":"if","locations":[{"start":{"line":61,"column":12},"end":{"line":64,"column":13}},{"start":{},"end":{}}]},"9":{"loc":{"start":{"line":75,"column":30},"end":{"line":75,"column":53}},"type":"binary-expr","locations":[{"start":{"line":75,"column":30},"end":{"line":75,"column":46}},{"start":{"line":75,"column":50},"end":{"line":75,"column":53}}]},"10":{"loc":{"start":{"line":76,"column":42},"end":{"line":76,"column":81}},"type":"binary-expr","locations":[{"start":{"line":76,"column":42},"end":{"line":76,"column":55}},{"start":{"line":76,"column":58},"end":{"line":76,"column":81}}]},"11":{"loc":{"start":{"line":85,"column":12},"end":{"line":89,"column":13}},"type":"if","locations":[{"start":{"line":85,"column":12},"end":{"line":89,"column":13}},{"start":{},"end":{}}]},"12":{"loc":{"start":{"line":95,"column":30},"end":{"line":95,"column":53}},"type":"binary-expr","locations":[{"start":{"line":95,"column":30},"end":{"line":95,"column":46}},{"start":{"line":95,"column":50},"end":{"line":95,"column":53}}]},"13":{"loc":{"start":{"line":96,"column":41},"end":{"line":96,"column":80}},"type":"binary-expr","locations":[{"start":{"line":96,"column":41},"end":{"line":96,"column":54}},{"start":{"line":96,"column":57},"end":{"line":96,"column":80}}]},"14":{"loc":{"start":{"line":103,"column":27},"end":{"line":103,"column":90}},"type":"cond-expr","locations":[{"start":{"line":103,"column":58},"end":{"line":103,"column":74}},{"start":{"line":103,"column":77},"end":{"line":103,"column":90}}]},"15":{"loc":{"start":{"line":104,"column":12},"end":{"line":106,"column":13}},"type":"if","locations":[{"start":{"line":104,"column":12},"end":{"line":106,"column":13}},{"start":{},"end":{}}]},"16":{"loc":{"start":{"line":104,"column":15},"end":{"line":104,"column":80}},"type":"binary-expr","locations":[{"start":{"line":104,"column":15},"end":{"line":104,"column":41}},{"start":{"line":104,"column":45},"end":{"line":104,"column":80}}]},"17":{"loc":{"start":{"line":109,"column":12},"end":{"line":111,"column":13}},"type":"if","locations":[{"start":{"line":109,"column":12},"end":{"line":111,"column":13}},{"start":{},"end":{}}]},"18":{"loc":{"start":{"line":113,"column":12},"end":{"line":117,"column":13}},"type":"if","locations":[{"start":{"line":113,"column":12},"end":{"line":117,"column":13}},{"start":{},"end":{}}]},"19":{"loc":{"start":{"line":125,"column":30},"end":{"line":125,"column":53}},"type":"binary-expr","locations":[{"start":{"line":125,"column":30},"end":{"line":125,"column":46}},{"start":{"line":125,"column":50},"end":{"line":125,"column":53}}]},"20":{"loc":{"start":{"line":126,"column":41},"end":{"line":126,"column":81}},"type":"binary-expr","locations":[{"start":{"line":126,"column":41},"end":{"line":126,"column":54}},{"start":{"line":126,"column":58},"end":{"line":126,"column":81}}]},"21":{"loc":{"start":{"line":143,"column":30},"end":{"line":143,"column":53}},"type":"binary-expr","locations":[{"start":{"line":143,"column":30},"end":{"line":143,"column":46}},{"start":{"line":143,"column":50},"end":{"line":143,"column":53}}]},"22":{"loc":{"start":{"line":144,"column":43},"end":{"line":144,"column":83}},"type":"binary-expr","locations":[{"start":{"line":144,"column":43},"end":{"line":144,"column":56}},{"start":{"line":144,"column":60},"end":{"line":144,"column":83}}]},"23":{"loc":{"start":{"line":153,"column":26},"end":{"line":153,"column":74}},"type":"cond-expr","locations":[{"start":{"line":153,"column":52},"end":{"line":153,"column":63}},{"start":{"line":153,"column":66},"end":{"line":153,"column":74}}]},"24":{"loc":{"start":{"line":160,"column":30},"end":{"line":160,"column":53}},"type":"binary-expr","locations":[{"start":{"line":160,"column":30},"end":{"line":160,"column":46}},{"start":{"line":160,"column":50},"end":{"line":160,"column":53}}]},"25":{"loc":{"start":{"line":161,"column":43},"end":{"line":161,"column":83}},"type":"binary-expr","locations":[{"start":{"line":161,"column":43},"end":{"line":161,"column":56}},{"start":{"line":161,"column":60},"end":{"line":161,"column":83}}]}},"s":{"0":8,"1":8,"2":8,"3":8,"4":7,"5":7,"6":7,"7":0,"8":7,"9":7,"10":0,"11":10,"12":10,"13":10,"14":0,"15":10,"16":8,"17":2,"18":0,"19":0,"20":0,"21":0,"22":0,"23":0,"24":0,"25":0,"26":0,"27":0,"28":0,"29":0,"30":0,"31":1,"32":1,"33":1,"34":0,"35":1,"36":1,"37":0,"38":0,"39":0,"40":0,"41":0,"42":0,"43":0,"44":0,"45":0,"46":0,"47":0,"48":0,"49":0,"50":0,"51":0,"52":0,"53":0,"54":0,"55":0,"56":0,"57":0,"58":0,"59":0,"60":0,"61":0,"62":0,"63":0,"64":8},"f":{"0":7,"1":10,"2":0,"3":1,"4":0,"5":0,"6":0},"b":{"0":[0,7],"1":[0,0],"2":[0,0],"3":[0,10],"4":[2,0],"5":[2,0],"6":[0,0],"7":[0,0],"8":[0,0],"9":[0,0],"10":[0,0],"11":[0,1],"12":[0,0],"13":[0,0],"14":[0,0],"15":[0,0],"16":[0,0],"17":[0,0],"18":[0,0],"19":[0,0],"20":[0,0],"21":[0,0],"22":[0,0],"23":[0,0],"24":[0,0],"25":[0,0]}}
,"C:\\Users\\LOQ\\Desktop\\hamro_deal_backend\\backend\\src\\controllers\\blog.controller.ts": {"path":"C:\\Users\\LOQ\\Desktop\\hamro_deal_backend\\backend\\src\\controllers\\blog.controller.ts","statementMap":{"0":{"start":{"line":2,"column":0},"end":{"line":2,"column":55}},"1":{"start":{"line":4,"column":20},"end":{"line":4,"column":37}},"2":{"start":{"line":15,"column":8},"end":{"line":28,"column":9}},"3":{"start":{"line":16,"column":27},"end":{"line":16,"column":40}},"4":{"start":{"line":17,"column":12},"end":{"line":17,"column":39}},"5":{"start":{"line":18,"column":25},"end":{"line":18,"column":63}},"6":{"start":{"line":19,"column":12},"end":{"line":23,"column":15}},"7":{"start":{"line":26,"column":12},"end":{"line":27,"column":75}},"8":{"start":{"line":31,"column":8},"end":{"line":46,"column":9}},"9":{"start":{"line":32,"column":56},"end":{"line":32,"column":65}},"10":{"start":{"line":34,"column":42},"end":{"line":35,"column":null}},"11":{"start":{"line":37,"column":12},"end":{"line":42,"column":15}},"12":{"start":{"line":44,"column":12},"end":{"line":45,"column":75}},"13":{"start":{"line":50,"column":8},"end":{"line":61,"column":9}},"14":{"start":{"line":51,"column":27},"end":{"line":51,"column":40}},"15":{"start":{"line":52,"column":25},"end":{"line":52,"column":62}},"16":{"start":{"line":53,"column":12},"end":{"line":57,"column":15}},"17":{"start":{"line":59,"column":12},"end":{"line":60,"column":75}},"18":{"start":{"line":65,"column":8},"end":{"line":77,"column":9}},"19":{"start":{"line":66,"column":27},"end":{"line":66,"column":40}},"20":{"start":{"line":67,"column":27},"end":{"line":67,"column":40}},"21":{"start":{"line":68,"column":25},"end":{"line":68,"column":79}},"22":{"start":{"line":69,"column":12},"end":{"line":73,"column":15}},"23":{"start":{"line":75,"column":12},"end":{"line":76,"column":75}},"24":{"start":{"line":81,"column":8},"end":{"line":92,"column":9}},"25":{"start":{"line":82,"column":27},"end":{"line":82,"column":40}},"26":{"start":{"line":83,"column":28},"end":{"line":83,"column":64}},"27":{"start":{"line":84,"column":12},"end":{"line":88,"column":15}},"28":{"start":{"line":90,"column":12},"end":{"line":91,"column":75}},"29":{"start":{"line":13,"column":0},"end":{"line":13,"column":13}}},"fnMap":{"0":{"name":"(anonymous_0)","decl":{"start":{"line":14,"column":4},"end":{"line":14,"column":9}},"loc":{"start":{"line":14,"column":48},"end":{"line":29,"column":5}}},"1":{"name":"(anonymous_1)","decl":{"start":{"line":30,"column":4},"end":{"line":30,"column":9}},"loc":{"start":{"line":30,"column":48},"end":{"line":47,"column":5}}},"2":{"name":"(anonymous_2)","decl":{"start":{"line":49,"column":4},"end":{"line":49,"column":9}},"loc":{"start":{"line":49,"column":64},"end":{"line":62,"column":5}}},"3":{"name":"(anonymous_3)","decl":{"start":{"line":64,"column":4},"end":{"line":64,"column":9}},"loc":{"start":{"line":64,"column":64},"end":{"line":78,"column":5}}},"4":{"name":"(anonymous_4)","decl":{"start":{"line":80,"column":4},"end":{"line":80,"column":9}},"loc":{"start":{"line":80,"column":67},"end":{"line":93,"column":5}}}},"branchMap":{"0":{"loc":{"start":{"line":26,"column":30},"end":{"line":26,"column":51}},"type":"binary-expr","locations":[{"start":{"line":26,"column":30},"end":{"line":26,"column":44}},{"start":{"line":26,"column":48},"end":{"line":26,"column":51}}]},"1":{"loc":{"start":{"line":27,"column":33},"end":{"line":27,"column":71}},"type":"binary-expr","locations":[{"start":{"line":27,"column":33},"end":{"line":27,"column":44}},{"start":{"line":27,"column":48},"end":{"line":27,"column":71}}]},"2":{"loc":{"start":{"line":44,"column":30},"end":{"line":44,"column":51}},"type":"binary-expr","locations":[{"start":{"line":44,"column":30},"end":{"line":44,"column":44}},{"start":{"line":44,"column":48},"end":{"line":44,"column":51}}]},"3":{"loc":{"start":{"line":45,"column":33},"end":{"line":45,"column":71}},"type":"binary-expr","locations":[{"start":{"line":45,"column":33},"end":{"line":45,"column":44}},{"start":{"line":45,"column":48},"end":{"line":45,"column":71}}]},"4":{"loc":{"start":{"line":59,"column":30},"end":{"line":59,"column":51}},"type":"binary-expr","locations":[{"start":{"line":59,"column":30},"end":{"line":59,"column":44}},{"start":{"line":59,"column":48},"end":{"line":59,"column":51}}]},"5":{"loc":{"start":{"line":60,"column":33},"end":{"line":60,"column":71}},"type":"binary-expr","locations":[{"start":{"line":60,"column":33},"end":{"line":60,"column":44}},{"start":{"line":60,"column":48},"end":{"line":60,"column":71}}]},"6":{"loc":{"start":{"line":75,"column":30},"end":{"line":75,"column":51}},"type":"binary-expr","locations":[{"start":{"line":75,"column":30},"end":{"line":75,"column":44}},{"start":{"line":75,"column":48},"end":{"line":75,"column":51}}]},"7":{"loc":{"start":{"line":76,"column":33},"end":{"line":76,"column":71}},"type":"binary-expr","locations":[{"start":{"line":76,"column":33},"end":{"line":76,"column":44}},{"start":{"line":76,"column":48},"end":{"line":76,"column":71}}]},"8":{"loc":{"start":{"line":90,"column":30},"end":{"line":90,"column":51}},"type":"binary-expr","locations":[{"start":{"line":90,"column":30},"end":{"line":90,"column":44}},{"start":{"line":90,"column":48},"end":{"line":90,"column":51}}]},"9":{"loc":{"start":{"line":91,"column":33},"end":{"line":91,"column":71}},"type":"binary-expr","locations":[{"start":{"line":91,"column":33},"end":{"line":91,"column":44}},{"start":{"line":91,"column":48},"end":{"line":91,"column":71}}]}},"s":{"0":8,"1":8,"2":1,"3":1,"4":1,"5":1,"6":1,"7":0,"8":2,"9":2,"10":2,"11":2,"12":0,"13":2,"14":2,"15":2,"16":2,"17":0,"18":0,"19":0,"20":0,"21":0,"22":0,"23":0,"24":1,"25":1,"26":1,"27":1,"28":0,"29":8},"f":{"0":1,"1":2,"2":2,"3":0,"4":1},"b":{"0":[0,0],"1":[0,0],"2":[0,0],"3":[0,0],"4":[0,0],"5":[0,0],"6":[0,0],"7":[0,0],"8":[0,0],"9":[0,0]}}
,"C:\\Users\\LOQ\\Desktop\\hamro_deal_backend\\backend\\src\\controllers\\category.controller.ts": {"path":"C:\\Users\\LOQ\\Desktop\\hamro_deal_backend\\backend\\src\\controllers\\category.controller.ts","statementMap":{"0":{"start":{"line":1,"column":0},"end":{"line":1,"column":33}},"1":{"start":{"line":3,"column":0},"end":{"line":3,"column":67}},"2":{"start":{"line":4,"column":0},"end":{"line":4,"column":76}},"3":{"start":{"line":6,"column":28},"end":{"line":6,"column":53}},"4":{"start":{"line":10,"column":8},"end":{"line":31,"column":9}},"5":{"start":{"line":11,"column":31},"end":{"line":11,"column":68}},"6":{"start":{"line":12,"column":12},"end":{"line":17,"column":13}},"7":{"start":{"line":13,"column":16},"end":{"line":16,"column":19}},"8":{"start":{"line":19,"column":32},"end":{"line":19,"column":89}},"9":{"start":{"line":20,"column":12},"end":{"line":24,"column":15}},"10":{"start":{"line":27,"column":12},"end":{"line":30,"column":15}},"11":{"start":{"line":36,"column":8},"end":{"line":50,"column":9}},"12":{"start":{"line":37,"column":31},"end":{"line":37,"column":75}},"13":{"start":{"line":38,"column":12},"end":{"line":44,"column":15}},"14":{"start":{"line":46,"column":12},"end":{"line":49,"column":15}},"15":{"start":{"line":54,"column":8},"end":{"line":69,"column":9}},"16":{"start":{"line":55,"column":19},"end":{"line":55,"column":82}},"17":{"start":{"line":56,"column":29},"end":{"line":56,"column":82}},"18":{"start":{"line":57,"column":12},"end":{"line":61,"column":15}},"19":{"start":{"line":64,"column":12},"end":{"line":68,"column":15}},"20":{"start":{"line":74,"column":8},"end":{"line":98,"column":9}},"21":{"start":{"line":75,"column":25},"end":{"line":75,"column":38}},"22":{"start":{"line":76,"column":22},"end":{"line":76,"column":61}},"23":{"start":{"line":78,"column":31},"end":{"line":78,"column":68}},"24":{"start":{"line":79,"column":12},"end":{"line":84,"column":13}},"25":{"start":{"line":80,"column":16},"end":{"line":83,"column":19}},"26":{"start":{"line":86,"column":36},"end":{"line":86,"column":97}},"27":{"start":{"line":87,"column":12},"end":{"line":91,"column":15}},"28":{"start":{"line":94,"column":12},"end":{"line":97,"column":15}},"29":{"start":{"line":103,"column":8},"end":{"line":117,"column":9}},"30":{"start":{"line":104,"column":26},"end":{"line":104,"column":39}},"31":{"start":{"line":105,"column":24},"end":{"line":105,"column":63}},"32":{"start":{"line":106,"column":27},"end":{"line":106,"column":71}},"33":{"start":{"line":107,"column":12},"end":{"line":111,"column":15}},"34":{"start":{"line":113,"column":12},"end":{"line":116,"column":15}},"35":{"start":{"line":8,"column":0},"end":{"line":8,"column":13}}},"fnMap":{"0":{"name":"(anonymous_1)","decl":{"start":{"line":9,"column":4},"end":{"line":9,"column":9}},"loc":{"start":{"line":9,"column":52},"end":{"line":33,"column":5}}},"1":{"name":"(anonymous_2)","decl":{"start":{"line":35,"column":4},"end":{"line":35,"column":9}},"loc":{"start":{"line":35,"column":54},"end":{"line":51,"column":5}}},"2":{"name":"(anonymous_3)","decl":{"start":{"line":53,"column":4},"end":{"line":53,"column":9}},"loc":{"start":{"line":53,"column":53},"end":{"line":71,"column":5}}},"3":{"name":"(anonymous_4)","decl":{"start":{"line":73,"column":4},"end":{"line":73,"column":9}},"loc":{"start":{"line":73,"column":52},"end":{"line":100,"column":5}}},"4":{"name":"(anonymous_5)","decl":{"start":{"line":102,"column":5},"end":{"line":102,"column":10}},"loc":{"start":{"line":102,"column":53},"end":{"line":118,"column":5}}}},"branchMap":{"0":{"loc":{"start":{"line":12,"column":12},"end":{"line":17,"column":13}},"type":"if","locations":[{"start":{"line":12,"column":12},"end":{"line":17,"column":13}},{"start":{},"end":{}}]},"1":{"loc":{"start":{"line":27,"column":30},"end":{"line":27,"column":53}},"type":"binary-expr","locations":[{"start":{"line":27,"column":30},"end":{"line":27,"column":46}},{"start":{"line":27,"column":50},"end":{"line":27,"column":53}}]},"2":{"loc":{"start":{"line":29,"column":25},"end":{"line":29,"column":65}},"type":"binary-expr","locations":[{"start":{"line":29,"column":25},"end":{"line":29,"column":38}},{"start":{"line":29,"column":42},"end":{"line":29,"column":65}}]},"3":{"loc":{"start":{"line":46,"column":31},"end":{"line":46,"column":54}},"type":"binary-expr","locations":[{"start":{"line":46,"column":31},"end":{"line":46,"column":47}},{"start":{"line":46,"column":51},"end":{"line":46,"column":54}}]},"4":{"loc":{"start":{"line":48,"column":25},"end":{"line":48,"column":65}},"type":"binary-expr","locations":[{"start":{"line":48,"column":25},"end":{"line":48,"column":38}},{"start":{"line":48,"column":42},"end":{"line":48,"column":65}}]},"5":{"loc":{"start":{"line":55,"column":19},"end":{"line":55,"column":82}},"type":"cond-expr","locations":[{"start":{"line":55,"column":50},"end":{"line":55,"column":66}},{"start":{"line":55,"column":69},"end":{"line":55,"column":82}}]},"6":{"loc":{"start":{"line":64,"column":30},"end":{"line":64,"column":53}},"type":"binary-expr","locations":[{"start":{"line":64,"column":30},"end":{"line":64,"column":46}},{"start":{"line":64,"column":50},"end":{"line":64,"column":53}}]},"7":{"loc":{"start":{"line":66,"column":25},"end":{"line":66,"column":65}},"type":"binary-expr","locations":[{"start":{"line":66,"column":25},"end":{"line":66,"column":38}},{"start":{"line":66,"column":42},"end":{"line":66,"column":65}}]},"8":{"loc":{"start":{"line":76,"column":22},"end":{"line":76,"column":61}},"type":"cond-expr","locations":[{"start":{"line":76,"column":45},"end":{"line":76,"column":53}},{"start":{"line":76,"column":56},"end":{"line":76,"column":61}}]},"9":{"loc":{"start":{"line":79,"column":12},"end":{"line":84,"column":13}},"type":"if","locations":[{"start":{"line":79,"column":12},"end":{"line":84,"column":13}},{"start":{},"end":{}}]},"10":{"loc":{"start":{"line":94,"column":30},"end":{"line":94,"column":53}},"type":"binary-expr","locations":[{"start":{"line":94,"column":30},"end":{"line":94,"column":46}},{"start":{"line":94,"column":50},"end":{"line":94,"column":53}}]},"11":{"loc":{"start":{"line":96,"column":25},"end":{"line":96,"column":68}},"type":"binary-expr","locations":[{"start":{"line":96,"column":25},"end":{"line":96,"column":38}},{"start":{"line":96,"column":42},"end":{"line":96,"column":68}}]},"12":{"loc":{"start":{"line":105,"column":24},"end":{"line":105,"column":63}},"type":"cond-expr","locations":[{"start":{"line":105,"column":47},"end":{"line":105,"column":55}},{"start":{"line":105,"column":58},"end":{"line":105,"column":63}}]},"13":{"loc":{"start":{"line":113,"column":30},"end":{"line":113,"column":53}},"type":"binary-expr","locations":[{"start":{"line":113,"column":30},"end":{"line":113,"column":46}},{"start":{"line":113,"column":50},"end":{"line":113,"column":53}}]},"14":{"loc":{"start":{"line":115,"column":25},"end":{"line":115,"column":65}},"type":"binary-expr","locations":[{"start":{"line":115,"column":25},"end":{"line":115,"column":38}},{"start":{"line":115,"column":42},"end":{"line":115,"column":65}}]}},"s":{"0":8,"1":8,"2":8,"3":8,"4":1,"5":1,"6":1,"7":0,"8":1,"9":1,"10":0,"11":1,"12":1,"13":1,"14":0,"15":1,"16":1,"17":1,"18":1,"19":0,"20":0,"21":0,"22":0,"23":0,"24":0,"25":0,"26":0,"27":0,"28":0,"29":1,"30":1,"31":1,"32":1,"33":1,"34":0,"35":8},"f":{"0":1,"1":1,"2":1,"3":0,"4":1},"b":{"0":[0,1],"1":[0,0],"2":[0,0],"3":[0,0],"4":[0,0],"5":[0,1],"6":[0,0],"7":[0,0],"8":[0,0],"9":[0,0],"10":[0,0],"11":[0,0],"12":[0,1],"13":[0,0],"14":[0,0]}}
,"C:\\Users\\LOQ\\Desktop\\hamro_deal_backend\\backend\\src\\controllers\\order.controller.ts": {"path":"C:\\Users\\LOQ\\Desktop\\hamro_deal_backend\\backend\\src\\controllers\\order.controller.ts","statementMap":{"0":{"start":{"line":1,"column":0},"end":{"line":1,"column":88}},"1":{"start":{"line":2,"column":0},"end":{"line":2,"column":57}},"2":{"start":{"line":4,"column":21},"end":{"line":4,"column":39}},"3":{"start":{"line":8,"column":8},"end":{"line":37,"column":9}},"4":{"start":{"line":9,"column":31},"end":{"line":9,"column":65}},"5":{"start":{"line":11,"column":12},"end":{"line":17,"column":13}},"6":{"start":{"line":12,"column":16},"end":{"line":16,"column":19}},"7":{"start":{"line":19,"column":27},"end":{"line":19,"column":40}},"8":{"start":{"line":20,"column":30},"end":{"line":23,"column":14}},"9":{"start":{"line":25,"column":26},"end":{"line":25,"column":67}},"10":{"start":{"line":27,"column":12},"end":{"line":31,"column":15}},"11":{"start":{"line":33,"column":12},"end":{"line":36,"column":15}},"12":{"start":{"line":41,"column":8},"end":{"line":55,"column":9}},"13":{"start":{"line":42,"column":28},"end":{"line":42,"column":41}},"14":{"start":{"line":43,"column":26},"end":{"line":43,"column":66}},"15":{"start":{"line":45,"column":12},"end":{"line":49,"column":15}},"16":{"start":{"line":51,"column":12},"end":{"line":54,"column":15}},"17":{"start":{"line":60,"column":8},"end":{"line":95,"column":9}},"18":{"start":{"line":61,"column":32},"end":{"line":61,"column":66}},"19":{"start":{"line":63,"column":12},"end":{"line":69,"column":13}},"20":{"start":{"line":64,"column":16},"end":{"line":68,"column":19}},"21":{"start":{"line":71,"column":27},"end":{"line":71,"column":40}},"22":{"start":{"line":72,"column":33},"end":{"line":72,"column":49}},"23":{"start":{"line":74,"column":32},"end":{"line":74,"column":56}},"24":{"start":{"line":75,"column":29},"end":{"line":75,"column":54}},"25":{"start":{"line":77,"column":41},"end":{"line":80,"column":null}},"26":{"start":{"line":83,"column":12},"end":{"line":88,"column":15}},"27":{"start":{"line":90,"column":12},"end":{"line":93,"column":15}},"28":{"start":{"line":100,"column":8},"end":{"line":136,"column":9}},"29":{"start":{"line":101,"column":32},"end":{"line":101,"column":66}},"30":{"start":{"line":103,"column":12},"end":{"line":109,"column":13}},"31":{"start":{"line":104,"column":16},"end":{"line":108,"column":19}},"32":{"start":{"line":111,"column":29},"end":{"line":111,"column":42}},"33":{"start":{"line":112,"column":34},"end":{"line":112,"column":50}},"34":{"start":{"line":114,"column":32},"end":{"line":114,"column":55}},"35":{"start":{"line":115,"column":29},"end":{"line":115,"column":54}},"36":{"start":{"line":117,"column":41},"end":{"line":120,"column":null}},"37":{"start":{"line":122,"column":12},"end":{"line":127,"column":15}},"38":{"start":{"line":132,"column":12},"end":{"line":135,"column":15}},"39":{"start":{"line":140,"column":8},"end":{"line":176,"column":9}},"40":{"start":{"line":141,"column":32},"end":{"line":141,"column":66}},"41":{"start":{"line":143,"column":12},"end":{"line":149,"column":13}},"42":{"start":{"line":144,"column":16},"end":{"line":148,"column":19}},"43":{"start":{"line":151,"column":44},"end":{"line":151,"column":60}},"44":{"start":{"line":153,"column":32},"end":{"line":153,"column":55}},"45":{"start":{"line":154,"column":29},"end":{"line":154,"column":53}},"46":{"start":{"line":156,"column":41},"end":{"line":159,"column":null}},"47":{"start":{"line":163,"column":12},"end":{"line":168,"column":15}},"48":{"start":{"line":172,"column":12},"end":{"line":175,"column":15}},"49":{"start":{"line":180,"column":8},"end":{"line":216,"column":9}},"50":{"start":{"line":181,"column":31},"end":{"line":181,"column":72}},"51":{"start":{"line":183,"column":12},"end":{"line":189,"column":13}},"52":{"start":{"line":184,"column":16},"end":{"line":188,"column":19}},"53":{"start":{"line":191,"column":28},"end":{"line":191,"column":41}},"54":{"start":{"line":192,"column":29},"end":{"line":192,"column":44}},"55":{"start":{"line":193,"column":27},"end":{"line":193,"column":40}},"56":{"start":{"line":194,"column":29},"end":{"line":194,"column":43}},"57":{"start":{"line":196,"column":26},"end":{"line":200,"column":null}},"58":{"start":{"line":203,"column":12},"end":{"line":207,"column":null}},"59":{"start":{"line":212,"column":12},"end":{"line":215,"column":15}},"60":{"start":{"line":221,"column":8},"end":{"line":237,"column":9}},"61":{"start":{"line":222,"column":28},"end":{"line":222,"column":41}},"62":{"start":{"line":223,"column":27},"end":{"line":223,"column":40}},"63":{"start":{"line":225,"column":26},"end":{"line":225,"column":85}},"64":{"start":{"line":227,"column":13},"end":{"line":231,"column":15}},"65":{"start":{"line":233,"column":12},"end":{"line":236,"column":15}},"66":{"start":{"line":242,"column":8},"end":{"line":255,"column":9}},"67":{"start":{"line":243,"column":28},"end":{"line":243,"column":41}},"68":{"start":{"line":244,"column":12},"end":{"line":244,"column":52}},"69":{"start":{"line":246,"column":12},"end":{"line":249,"column":15}},"70":{"start":{"line":251,"column":12},"end":{"line":254,"column":15}},"71":{"start":{"line":6,"column":0},"end":{"line":6,"column":13}}},"fnMap":{"0":{"name":"(anonymous_0)","decl":{"start":{"line":7,"column":4},"end":{"line":7,"column":9}},"loc":{"start":{"line":7,"column":49},"end":{"line":38,"column":5}}},"1":{"name":"(anonymous_1)","decl":{"start":{"line":40,"column":4},"end":{"line":40,"column":9}},"loc":{"start":{"line":40,"column":64},"end":{"line":57,"column":5}}},"2":{"name":"(anonymous_2)","decl":{"start":{"line":59,"column":4},"end":{"line":59,"column":9}},"loc":{"start":{"line":59,"column":51},"end":{"line":98,"column":5}}},"3":{"name":"(anonymous_3)","decl":{"start":{"line":99,"column":4},"end":{"line":99,"column":9}},"loc":{"start":{"line":99,"column":53},"end":{"line":137,"column":5}}},"4":{"name":"(anonymous_4)","decl":{"start":{"line":139,"column":4},"end":{"line":139,"column":9}},"loc":{"start":{"line":139,"column":51},"end":{"line":177,"column":5}}},"5":{"name":"(anonymous_5)","decl":{"start":{"line":179,"column":4},"end":{"line":179,"column":9}},"loc":{"start":{"line":179,"column":69},"end":{"line":218,"column":5}}},"6":{"name":"(anonymous_6)","decl":{"start":{"line":220,"column":4},"end":{"line":220,"column":9}},"loc":{"start":{"line":220,"column":63},"end":{"line":239,"column":5}}},"7":{"name":"(anonymous_7)","decl":{"start":{"line":241,"column":4},"end":{"line":241,"column":9}},"loc":{"start":{"line":241,"column":63},"end":{"line":256,"column":5}}}},"branchMap":{"0":{"loc":{"start":{"line":11,"column":12},"end":{"line":17,"column":13}},"type":"if","locations":[{"start":{"line":11,"column":12},"end":{"line":17,"column":13}},{"start":{},"end":{}}]},"1":{"loc":{"start":{"line":33,"column":30},"end":{"line":33,"column":51}},"type":"binary-expr","locations":[{"start":{"line":33,"column":30},"end":{"line":33,"column":44}},{"start":{"line":33,"column":48},"end":{"line":33,"column":51}}]},"2":{"loc":{"start":{"line":35,"column":25},"end":{"line":35,"column":63}},"type":"binary-expr","locations":[{"start":{"line":35,"column":25},"end":{"line":35,"column":36}},{"start":{"line":35,"column":40},"end":{"line":35,"column":63}}]},"3":{"loc":{"start":{"line":51,"column":30},"end":{"line":51,"column":51}},"type":"binary-expr","locations":[{"start":{"line":51,"column":30},"end":{"line":51,"column":44}},{"start":{"line":51,"column":48},"end":{"line":51,"column":51}}]},"4":{"loc":{"start":{"line":53,"column":25},"end":{"line":53,"column":63}},"type":"binary-expr","locations":[{"start":{"line":53,"column":25},"end":{"line":53,"column":36}},{"start":{"line":53,"column":40},"end":{"line":53,"column":63}}]},"5":{"loc":{"start":{"line":63,"column":12},"end":{"line":69,"column":13}},"type":"if","locations":[{"start":{"line":63,"column":12},"end":{"line":69,"column":13}},{"start":{},"end":{}}]},"6":{"loc":{"start":{"line":74,"column":32},"end":{"line":74,"column":56}},"type":"cond-expr","locations":[{"start":{"line":74,"column":38},"end":{"line":74,"column":52}},{"start":{"line":74,"column":55},"end":{"line":74,"column":56}}]},"7":{"loc":{"start":{"line":75,"column":29},"end":{"line":75,"column":54}},"type":"cond-expr","locations":[{"start":{"line":75,"column":35},"end":{"line":75,"column":49}},{"start":{"line":75,"column":52},"end":{"line":75,"column":54}}]},"8":{"loc":{"start":{"line":90,"column":30},"end":{"line":90,"column":51}},"type":"binary-expr","locations":[{"start":{"line":90,"column":30},"end":{"line":90,"column":44}},{"start":{"line":90,"column":48},"end":{"line":90,"column":51}}]},"9":{"loc":{"start":{"line":92,"column":25},"end":{"line":92,"column":63}},"type":"binary-expr","locations":[{"start":{"line":92,"column":25},"end":{"line":92,"column":36}},{"start":{"line":92,"column":40},"end":{"line":92,"column":63}}]},"10":{"loc":{"start":{"line":103,"column":12},"end":{"line":109,"column":13}},"type":"if","locations":[{"start":{"line":103,"column":12},"end":{"line":109,"column":13}},{"start":{},"end":{}}]},"11":{"loc":{"start":{"line":114,"column":32},"end":{"line":114,"column":55}},"type":"cond-expr","locations":[{"start":{"line":114,"column":38},"end":{"line":114,"column":52}},{"start":{"line":114,"column":54},"end":{"line":114,"column":55}}]},"12":{"loc":{"start":{"line":115,"column":29},"end":{"line":115,"column":54}},"type":"cond-expr","locations":[{"start":{"line":115,"column":35},"end":{"line":115,"column":49}},{"start":{"line":115,"column":52},"end":{"line":115,"column":54}}]},"13":{"loc":{"start":{"line":132,"column":30},"end":{"line":132,"column":51}},"type":"binary-expr","locations":[{"start":{"line":132,"column":30},"end":{"line":132,"column":44}},{"start":{"line":132,"column":48},"end":{"line":132,"column":51}}]},"14":{"loc":{"start":{"line":134,"column":25},"end":{"line":134,"column":63}},"type":"binary-expr","locations":[{"start":{"line":134,"column":25},"end":{"line":134,"column":36}},{"start":{"line":134,"column":40},"end":{"line":134,"column":63}}]},"15":{"loc":{"start":{"line":143,"column":12},"end":{"line":149,"column":13}},"type":"if","locations":[{"start":{"line":143,"column":12},"end":{"line":149,"column":13}},{"start":{},"end":{}}]},"16":{"loc":{"start":{"line":153,"column":32},"end":{"line":153,"column":55}},"type":"cond-expr","locations":[{"start":{"line":153,"column":38},"end":{"line":153,"column":52}},{"start":{"line":153,"column":54},"end":{"line":153,"column":55}}]},"17":{"loc":{"start":{"line":154,"column":29},"end":{"line":154,"column":53}},"type":"cond-expr","locations":[{"start":{"line":154,"column":35},"end":{"line":154,"column":49}},{"start":{"line":154,"column":51},"end":{"line":154,"column":53}}]},"18":{"loc":{"start":{"line":172,"column":30},"end":{"line":172,"column":51}},"type":"binary-expr","locations":[{"start":{"line":172,"column":30},"end":{"line":172,"column":44}},{"start":{"line":172,"column":48},"end":{"line":172,"column":51}}]},"19":{"loc":{"start":{"line":174,"column":25},"end":{"line":174,"column":63}},"type":"binary-expr","locations":[{"start":{"line":174,"column":25},"end":{"line":174,"column":36}},{"start":{"line":174,"column":40},"end":{"line":174,"column":63}}]},"20":{"loc":{"start":{"line":183,"column":12},"end":{"line":189,"column":13}},"type":"if","locations":[{"start":{"line":183,"column":12},"end":{"line":189,"column":13}},{"start":{},"end":{}}]},"21":{"loc":{"start":{"line":212,"column":30},"end":{"line":212,"column":51}},"type":"binary-expr","locations":[{"start":{"line":212,"column":30},"end":{"line":212,"column":44}},{"start":{"line":212,"column":48},"end":{"line":212,"column":51}}]},"22":{"loc":{"start":{"line":214,"column":25},"end":{"line":214,"column":63}},"type":"binary-expr","locations":[{"start":{"line":214,"column":25},"end":{"line":214,"column":36}},{"start":{"line":214,"column":40},"end":{"line":214,"column":63}}]},"23":{"loc":{"start":{"line":233,"column":30},"end":{"line":233,"column":51}},"type":"binary-expr","locations":[{"start":{"line":233,"column":30},"end":{"line":233,"column":44}},{"start":{"line":233,"column":48},"end":{"line":233,"column":51}}]},"24":{"loc":{"start":{"line":235,"column":25},"end":{"line":235,"column":63}},"type":"binary-expr","locations":[{"start":{"line":235,"column":25},"end":{"line":235,"column":36}},{"start":{"line":235,"column":40},"end":{"line":235,"column":63}}]},"25":{"loc":{"start":{"line":251,"column":30},"end":{"line":251,"column":51}},"type":"binary-expr","locations":[{"start":{"line":251,"column":30},"end":{"line":251,"column":44}},{"start":{"line":251,"column":48},"end":{"line":251,"column":51}}]},"26":{"loc":{"start":{"line":253,"column":25},"end":{"line":253,"column":63}},"type":"binary-expr","locations":[{"start":{"line":253,"column":25},"end":{"line":253,"column":36}},{"start":{"line":253,"column":40},"end":{"line":253,"column":63}}]}},"s":{"0":8,"1":8,"2":8,"3":0,"4":0,"5":0,"6":0,"7":0,"8":0,"9":0,"10":0,"11":0,"12":1,"13":1,"14":1,"15":1,"16":0,"17":1,"18":1,"19":1,"20":0,"21":1,"22":1,"23":1,"24":1,"25":1,"26":1,"27":0,"28":0,"29":0,"30":0,"31":0,"32":0,"33":0,"34":0,"35":0,"36":0,"37":0,"38":0,"39":1,"40":1,"41":1,"42":0,"43":1,"44":1,"45":1,"46":1,"47":1,"48":0,"49":0,"50":0,"51":0,"52":0,"53":0,"54":0,"55":0,"56":0,"57":0,"58":0,"59":0,"60":0,"61":0,"62":0,"63":0,"64":0,"65":0,"66":1,"67":1,"68":1,"69":1,"70":0,"71":8},"f":{"0":0,"1":1,"2":1,"3":0,"4":1,"5":0,"6":0,"7":1},"b":{"0":[0,0],"1":[0,0],"2":[0,0],"3":[0,0],"4":[0,0],"5":[0,1],"6":[0,1],"7":[0,1],"8":[0,0],"9":[0,0],"10":[0,0],"11":[0,0],"12":[0,0],"13":[0,0],"14":[0,0],"15":[0,1],"16":[0,1],"17":[0,1],"18":[0,0],"19":[0,0],"20":[0,0],"21":[0,0],"22":[0,0],"23":[0,0],"24":[0,0],"25":[0,0],"26":[0,0]}}
,"C:\\Users\\LOQ\\Desktop\\hamro_deal_backend\\backend\\src\\controllers\\product.controller.ts": {"path":"C:\\Users\\LOQ\\Desktop\\hamro_deal_backend\\backend\\src\\controllers\\product.controller.ts","statementMap":{"0":{"start":{"line":1,"column":0},"end":{"line":1,"column":20}},"1":{"start":{"line":2,"column":0},"end":{"line":2,"column":73}},"2":{"start":{"line":3,"column":0},"end":{"line":3,"column":65}},"3":{"start":{"line":7,"column":27},"end":{"line":7,"column":51}},"4":{"start":{"line":8,"column":17},"end":{"line":8,"column":84}},"5":{"start":{"line":8,"column":56},"end":{"line":8,"column":83}},"6":{"start":{"line":12,"column":4},"end":{"line":47,"column":5}},"7":{"start":{"line":13,"column":19},"end":{"line":13,"column":36}},"8":{"start":{"line":15,"column":22},"end":{"line":15,"column":37}},"9":{"start":{"line":16,"column":19},"end":{"line":16,"column":50}},"10":{"start":{"line":18,"column":6},"end":{"line":23,"column":7}},"11":{"start":{"line":19,"column":8},"end":{"line":22,"column":11}},"12":{"start":{"line":25,"column":6},"end":{"line":25,"column":51}},"13":{"start":{"line":27,"column":25},"end":{"line":27,"column":60}},"14":{"start":{"line":28,"column":6},"end":{"line":33,"column":7}},"15":{"start":{"line":29,"column":8},"end":{"line":32,"column":11}},"16":{"start":{"line":35,"column":25},"end":{"line":35,"column":86}},"17":{"start":{"line":37,"column":6},"end":{"line":41,"column":9}},"18":{"start":{"line":43,"column":6},"end":{"line":46,"column":9}},"19":{"start":{"line":51,"column":4},"end":{"line":65,"column":5}},"20":{"start":{"line":52,"column":19},"end":{"line":52,"column":36}},"21":{"start":{"line":53,"column":23},"end":{"line":53,"column":82}},"22":{"start":{"line":55,"column":6},"end":{"line":59,"column":9}},"23":{"start":{"line":61,"column":6},"end":{"line":64,"column":9}},"24":{"start":{"line":69,"column":4},"end":{"line":81,"column":5}},"25":{"start":{"line":70,"column":23},"end":{"line":70,"column":64}},"26":{"start":{"line":71,"column":6},"end":{"line":75,"column":9}},"27":{"start":{"line":77,"column":6},"end":{"line":80,"column":9}},"28":{"start":{"line":85,"column":4},"end":{"line":102,"column":5}},"29":{"start":{"line":86,"column":24},"end":{"line":86,"column":54}},"30":{"start":{"line":87,"column":6},"end":{"line":89,"column":7}},"31":{"start":{"line":88,"column":8},"end":{"line":88,"column":91}},"32":{"start":{"line":91,"column":22},"end":{"line":91,"column":71}},"33":{"start":{"line":92,"column":6},"end":{"line":96,"column":9}},"34":{"start":{"line":98,"column":6},"end":{"line":101,"column":9}},"35":{"start":{"line":106,"column":4},"end":{"line":134,"column":5}},"36":{"start":{"line":107,"column":19},"end":{"line":107,"column":36}},"37":{"start":{"line":109,"column":17},"end":{"line":109,"column":47}},"38":{"start":{"line":110,"column":6},"end":{"line":112,"column":7}},"39":{"start":{"line":111,"column":8},"end":{"line":111,"column":91}},"40":{"start":{"line":114,"column":25},"end":{"line":114,"column":61}},"41":{"start":{"line":115,"column":6},"end":{"line":120,"column":7}},"42":{"start":{"line":116,"column":8},"end":{"line":119,"column":11}},"43":{"start":{"line":122,"column":29},"end":{"line":122,"column":94}},"44":{"start":{"line":124,"column":6},"end":{"line":128,"column":9}},"45":{"start":{"line":130,"column":6},"end":{"line":133,"column":9}},"46":{"start":{"line":138,"column":4},"end":{"line":158,"column":5}},"47":{"start":{"line":139,"column":19},"end":{"line":139,"column":36}},"48":{"start":{"line":141,"column":17},"end":{"line":141,"column":47}},"49":{"start":{"line":142,"column":6},"end":{"line":144,"column":7}},"50":{"start":{"line":143,"column":8},"end":{"line":143,"column":91}},"51":{"start":{"line":146,"column":29},"end":{"line":146,"column":77}},"52":{"start":{"line":148,"column":6},"end":{"line":152,"column":9}},"53":{"start":{"line":154,"column":6},"end":{"line":157,"column":9}},"54":{"start":{"line":162,"column":4},"end":{"line":175,"column":5}},"55":{"start":{"line":163,"column":20},"end":{"line":163,"column":56}},"56":{"start":{"line":164,"column":23},"end":{"line":164,"column":69}},"57":{"start":{"line":166,"column":6},"end":{"line":169,"column":9}},"58":{"start":{"line":171,"column":6},"end":{"line":174,"column":9}},"59":{"start":{"line":179,"column":4},"end":{"line":201,"column":5}},"60":{"start":{"line":180,"column":25},"end":{"line":180,"column":64}},"61":{"start":{"line":182,"column":6},"end":{"line":187,"column":7}},"62":{"start":{"line":183,"column":8},"end":{"line":186,"column":11}},"63":{"start":{"line":189,"column":23},"end":{"line":189,"column":81}},"64":{"start":{"line":190,"column":6},"end":{"line":195,"column":9}},"65":{"start":{"line":197,"column":6},"end":{"line":200,"column":9}},"66":{"start":{"line":10,"column":0},"end":{"line":10,"column":13}}},"fnMap":{"0":{"name":"(anonymous_1)","decl":{"start":{"line":8,"column":17},"end":{"line":8,"column":18}},"loc":{"start":{"line":8,"column":56},"end":{"line":8,"column":83}}},"1":{"name":"(anonymous_2)","decl":{"start":{"line":11,"column":2},"end":{"line":11,"column":7}},"loc":{"start":{"line":11,"column":49},"end":{"line":48,"column":3}}},"2":{"name":"(anonymous_3)","decl":{"start":{"line":50,"column":2},"end":{"line":50,"column":7}},"loc":{"start":{"line":50,"column":49},"end":{"line":66,"column":3}}},"3":{"name":"(anonymous_4)","decl":{"start":{"line":68,"column":2},"end":{"line":68,"column":7}},"loc":{"start":{"line":68,"column":50},"end":{"line":82,"column":3}}},"4":{"name":"(anonymous_5)","decl":{"start":{"line":84,"column":2},"end":{"line":84,"column":7}},"loc":{"start":{"line":84,"column":49},"end":{"line":103,"column":3}}},"5":{"name":"(anonymous_6)","decl":{"start":{"line":105,"column":2},"end":{"line":105,"column":7}},"loc":{"start":{"line":105,"column":49},"end":{"line":135,"column":3}}},"6":{"name":"(anonymous_7)","decl":{"start":{"line":137,"column":2},"end":{"line":137,"column":7}},"loc":{"start":{"line":137,"column":49},"end":{"line":159,"column":3}}},"7":{"name":"(anonymous_8)","decl":{"start":{"line":161,"column":2},"end":{"line":161,"column":7}},"loc":{"start":{"line":161,"column":50},"end":{"line":176,"column":3}}},"8":{"name":"(anonymous_9)","decl":{"start":{"line":178,"column":2},"end":{"line":178,"column":7}},"loc":{"start":{"line":178,"column":56},"end":{"line":202,"column":3}}}},"branchMap":{"0":{"loc":{"start":{"line":8,"column":56},"end":{"line":8,"column":83}},"type":"cond-expr","locations":[{"start":{"line":8,"column":75},"end":{"line":8,"column":79}},{"start":{"line":8,"column":82},"end":{"line":8,"column":83}}]},"1":{"loc":{"start":{"line":18,"column":6},"end":{"line":23,"column":7}},"type":"if","locations":[{"start":{"line":18,"column":6},"end":{"line":23,"column":7}},{"start":{},"end":{}}]},"2":{"loc":{"start":{"line":28,"column":6},"end":{"line":33,"column":7}},"type":"if","locations":[{"start":{"line":28,"column":6},"end":{"line":33,"column":7}},{"start":{},"end":{}}]},"3":{"loc":{"start":{"line":43,"column":24},"end":{"line":43,"column":47}},"type":"binary-expr","locations":[{"start":{"line":43,"column":24},"end":{"line":43,"column":40}},{"start":{"line":43,"column":44},"end":{"line":43,"column":47}}]},"4":{"loc":{"start":{"line":45,"column":17},"end":{"line":45,"column":57}},"type":"binary-expr","locations":[{"start":{"line":45,"column":17},"end":{"line":45,"column":30}},{"start":{"line":45,"column":34},"end":{"line":45,"column":57}}]},"5":{"loc":{"start":{"line":61,"column":24},"end":{"line":61,"column":47}},"type":"binary-expr","locations":[{"start":{"line":61,"column":24},"end":{"line":61,"column":40}},{"start":{"line":61,"column":44},"end":{"line":61,"column":47}}]},"6":{"loc":{"start":{"line":63,"column":17},"end":{"line":63,"column":57}},"type":"binary-expr","locations":[{"start":{"line":63,"column":17},"end":{"line":63,"column":30}},{"start":{"line":63,"column":34},"end":{"line":63,"column":57}}]},"7":{"loc":{"start":{"line":77,"column":24},"end":{"line":77,"column":47}},"type":"binary-expr","locations":[{"start":{"line":77,"column":24},"end":{"line":77,"column":40}},{"start":{"line":77,"column":44},"end":{"line":77,"column":47}}]},"8":{"loc":{"start":{"line":79,"column":17},"end":{"line":79,"column":57}},"type":"binary-expr","locations":[{"start":{"line":79,"column":17},"end":{"line":79,"column":30}},{"start":{"line":79,"column":34},"end":{"line":79,"column":57}}]},"9":{"loc":{"start":{"line":87,"column":6},"end":{"line":89,"column":7}},"type":"if","locations":[{"start":{"line":87,"column":6},"end":{"line":89,"column":7}},{"start":{},"end":{}}]},"10":{"loc":{"start":{"line":98,"column":24},"end":{"line":98,"column":47}},"type":"binary-expr","locations":[{"start":{"line":98,"column":24},"end":{"line":98,"column":40}},{"start":{"line":98,"column":44},"end":{"line":98,"column":47}}]},"11":{"loc":{"start":{"line":100,"column":17},"end":{"line":100,"column":57}},"type":"binary-expr","locations":[{"start":{"line":100,"column":17},"end":{"line":100,"column":30}},{"start":{"line":100,"column":34},"end":{"line":100,"column":57}}]},"12":{"loc":{"start":{"line":110,"column":6},"end":{"line":112,"column":7}},"type":"if","locations":[{"start":{"line":110,"column":6},"end":{"line":112,"column":7}},{"start":{},"end":{}}]},"13":{"loc":{"start":{"line":115,"column":6},"end":{"line":120,"column":7}},"type":"if","locations":[{"start":{"line":115,"column":6},"end":{"line":120,"column":7}},{"start":{},"end":{}}]},"14":{"loc":{"start":{"line":130,"column":24},"end":{"line":130,"column":47}},"type":"binary-expr","locations":[{"start":{"line":130,"column":24},"end":{"line":130,"column":40}},{"start":{"line":130,"column":44},"end":{"line":130,"column":47}}]},"15":{"loc":{"start":{"line":132,"column":17},"end":{"line":132,"column":57}},"type":"binary-expr","locations":[{"start":{"line":132,"column":17},"end":{"line":132,"column":30}},{"start":{"line":132,"column":34},"end":{"line":132,"column":57}}]},"16":{"loc":{"start":{"line":142,"column":6},"end":{"line":144,"column":7}},"type":"if","locations":[{"start":{"line":142,"column":6},"end":{"line":144,"column":7}},{"start":{},"end":{}}]},"17":{"loc":{"start":{"line":154,"column":24},"end":{"line":154,"column":47}},"type":"binary-expr","locations":[{"start":{"line":154,"column":24},"end":{"line":154,"column":40}},{"start":{"line":154,"column":44},"end":{"line":154,"column":47}}]},"18":{"loc":{"start":{"line":156,"column":17},"end":{"line":156,"column":57}},"type":"binary-expr","locations":[{"start":{"line":156,"column":17},"end":{"line":156,"column":30}},{"start":{"line":156,"column":34},"end":{"line":156,"column":57}}]},"19":{"loc":{"start":{"line":163,"column":20},"end":{"line":163,"column":56}},"type":"binary-expr","locations":[{"start":{"line":163,"column":20},"end":{"line":163,"column":50}},{"start":{"line":163,"column":54},"end":{"line":163,"column":56}}]},"20":{"loc":{"start":{"line":171,"column":24},"end":{"line":171,"column":47}},"type":"binary-expr","locations":[{"start":{"line":171,"column":24},"end":{"line":171,"column":40}},{"start":{"line":171,"column":44},"end":{"line":171,"column":47}}]},"21":{"loc":{"start":{"line":173,"column":17},"end":{"line":173,"column":57}},"type":"binary-expr","locations":[{"start":{"line":173,"column":17},"end":{"line":173,"column":30}},{"start":{"line":173,"column":34},"end":{"line":173,"column":57}}]},"22":{"loc":{"start":{"line":182,"column":6},"end":{"line":187,"column":7}},"type":"if","locations":[{"start":{"line":182,"column":6},"end":{"line":187,"column":7}},{"start":{},"end":{}}]},"23":{"loc":{"start":{"line":197,"column":24},"end":{"line":197,"column":47}},"type":"binary-expr","locations":[{"start":{"line":197,"column":24},"end":{"line":197,"column":40}},{"start":{"line":197,"column":44},"end":{"line":197,"column":47}}]},"24":{"loc":{"start":{"line":199,"column":17},"end":{"line":199,"column":57}},"type":"binary-expr","locations":[{"start":{"line":199,"column":17},"end":{"line":199,"column":30}},{"start":{"line":199,"column":34},"end":{"line":199,"column":57}}]}},"s":{"0":8,"1":8,"2":8,"3":8,"4":8,"5":3,"6":1,"7":1,"8":1,"9":1,"10":1,"11":1,"12":0,"13":0,"14":0,"15":0,"16":0,"17":0,"18":0,"19":1,"20":1,"21":1,"22":1,"23":0,"24":1,"25":1,"26":1,"27":0,"28":1,"29":1,"30":1,"31":0,"32":1,"33":0,"34":1,"35":0,"36":0,"37":0,"38":0,"39":0,"40":0,"41":0,"42":0,"43":0,"44":0,"45":0,"46":0,"47":0,"48":0,"49":0,"50":0,"51":0,"52":0,"53":0,"54":1,"55":1,"56":1,"57":1,"58":0,"59":1,"60":1,"61":1,"62":0,"63":1,"64":1,"65":0,"66":8},"f":{"0":3,"1":1,"2":1,"3":1,"4":1,"5":0,"6":0,"7":1,"8":1},"b":{"0":[0,3],"1":[1,0],"2":[0,0],"3":[0,0],"4":[0,0],"5":[0,0],"6":[0,0],"7":[0,0],"8":[0,0],"9":[0,1],"10":[1,0],"11":[1,0],"12":[0,0],"13":[0,0],"14":[0,0],"15":[0,0],"16":[0,0],"17":[0,0],"18":[0,0],"19":[1,0],"20":[0,0],"21":[0,0],"22":[0,1],"23":[0,0],"24":[0,0]}}
,"C:\\Users\\LOQ\\Desktop\\hamro_deal_backend\\backend\\src\\controllers\\admin\\user.controller.ts": {"path":"C:\\Users\\LOQ\\Desktop\\hamro_deal_backend\\backend\\src\\controllers\\admin\\user.controller.ts","statementMap":{"0":{"start":{"line":2,"column":0},"end":{"line":2,"column":69}},"1":{"start":{"line":3,"column":0},"end":{"line":3,"column":67}},"2":{"start":{"line":4,"column":0},"end":{"line":4,"column":20}},"3":{"start":{"line":6,"column":25},"end":{"line":6,"column":47}},"4":{"start":{"line":15,"column":17},"end":{"line":15,"column":84}},"5":{"start":{"line":15,"column":56},"end":{"line":15,"column":83}},"6":{"start":{"line":19,"column":4},"end":{"line":46,"column":5}},"7":{"start":{"line":20,"column":22},"end":{"line":20,"column":37}},"8":{"start":{"line":21,"column":23},"end":{"line":21,"column":41}},"9":{"start":{"line":23,"column":6},"end":{"line":25,"column":7}},"10":{"start":{"line":24,"column":8},"end":{"line":24,"column":50}},"11":{"start":{"line":27,"column":25},"end":{"line":27,"column":57}},"12":{"start":{"line":28,"column":6},"end":{"line":33,"column":7}},"13":{"start":{"line":29,"column":8},"end":{"line":32,"column":11}},"14":{"start":{"line":35,"column":22},"end":{"line":35,"column":72}},"15":{"start":{"line":36,"column":6},"end":{"line":40,"column":9}},"16":{"start":{"line":42,"column":6},"end":{"line":45,"column":9}},"17":{"start":{"line":50,"column":4},"end":{"line":67,"column":5}},"18":{"start":{"line":51,"column":21},"end":{"line":51,"column":44}},"19":{"start":{"line":52,"column":6},"end":{"line":54,"column":7}},"20":{"start":{"line":53,"column":8},"end":{"line":53,"column":88}},"21":{"start":{"line":56,"column":19},"end":{"line":56,"column":60}},"22":{"start":{"line":57,"column":6},"end":{"line":61,"column":9}},"23":{"start":{"line":63,"column":6},"end":{"line":66,"column":9}},"24":{"start":{"line":71,"column":4},"end":{"line":87,"column":5}},"25":{"start":{"line":72,"column":48},"end":{"line":72,"column":57}},"26":{"start":{"line":73,"column":34},"end":{"line":74,"column":null}},"27":{"start":{"line":76,"column":6},"end":{"line":81,"column":9}},"28":{"start":{"line":83,"column":6},"end":{"line":86,"column":9}},"29":{"start":{"line":91,"column":4},"end":{"line":108,"column":5}},"30":{"start":{"line":92,"column":21},"end":{"line":92,"column":44}},"31":{"start":{"line":93,"column":6},"end":{"line":95,"column":7}},"32":{"start":{"line":94,"column":8},"end":{"line":94,"column":88}},"33":{"start":{"line":97,"column":19},"end":{"line":97,"column":63}},"34":{"start":{"line":98,"column":6},"end":{"line":102,"column":9}},"35":{"start":{"line":104,"column":6},"end":{"line":107,"column":9}},"36":{"start":{"line":112,"column":4},"end":{"line":144,"column":5}},"37":{"start":{"line":113,"column":22},"end":{"line":113,"column":37}},"38":{"start":{"line":115,"column":21},"end":{"line":115,"column":44}},"39":{"start":{"line":116,"column":6},"end":{"line":118,"column":7}},"40":{"start":{"line":117,"column":8},"end":{"line":117,"column":88}},"41":{"start":{"line":120,"column":23},"end":{"line":120,"column":41}},"42":{"start":{"line":121,"column":6},"end":{"line":123,"column":7}},"43":{"start":{"line":122,"column":8},"end":{"line":122,"column":50}},"44":{"start":{"line":125,"column":25},"end":{"line":125,"column":57}},"45":{"start":{"line":126,"column":6},"end":{"line":131,"column":7}},"46":{"start":{"line":127,"column":8},"end":{"line":130,"column":11}},"47":{"start":{"line":133,"column":26},"end":{"line":133,"column":87}},"48":{"start":{"line":134,"column":6},"end":{"line":138,"column":9}},"49":{"start":{"line":140,"column":6},"end":{"line":143,"column":9}},"50":{"start":{"line":148,"column":4},"end":{"line":165,"column":5}},"51":{"start":{"line":149,"column":21},"end":{"line":149,"column":44}},"52":{"start":{"line":150,"column":6},"end":{"line":152,"column":7}},"53":{"start":{"line":151,"column":8},"end":{"line":151,"column":88}},"54":{"start":{"line":154,"column":28},"end":{"line":154,"column":73}},"55":{"start":{"line":155,"column":6},"end":{"line":159,"column":9}},"56":{"start":{"line":161,"column":6},"end":{"line":164,"column":9}},"57":{"start":{"line":17,"column":0},"end":{"line":17,"column":13}}},"fnMap":{"0":{"name":"(anonymous_1)","decl":{"start":{"line":15,"column":17},"end":{"line":15,"column":18}},"loc":{"start":{"line":15,"column":56},"end":{"line":15,"column":83}}},"1":{"name":"(anonymous_2)","decl":{"start":{"line":18,"column":2},"end":{"line":18,"column":7}},"loc":{"start":{"line":18,"column":46},"end":{"line":47,"column":3}}},"2":{"name":"(anonymous_3)","decl":{"start":{"line":49,"column":2},"end":{"line":49,"column":7}},"loc":{"start":{"line":49,"column":46},"end":{"line":68,"column":3}}},"3":{"name":"(anonymous_4)","decl":{"start":{"line":70,"column":2},"end":{"line":70,"column":7}},"loc":{"start":{"line":70,"column":46},"end":{"line":88,"column":3}}},"4":{"name":"(anonymous_5)","decl":{"start":{"line":90,"column":2},"end":{"line":90,"column":7}},"loc":{"start":{"line":90,"column":49},"end":{"line":109,"column":3}}},"5":{"name":"(anonymous_6)","decl":{"start":{"line":111,"column":2},"end":{"line":111,"column":7}},"loc":{"start":{"line":111,"column":49},"end":{"line":145,"column":3}}},"6":{"name":"(anonymous_7)","decl":{"start":{"line":147,"column":2},"end":{"line":147,"column":7}},"loc":{"start":{"line":147,"column":50},"end":{"line":166,"column":3}}}},"branchMap":{"0":{"loc":{"start":{"line":15,"column":56},"end":{"line":15,"column":83}},"type":"cond-expr","locations":[{"start":{"line":15,"column":75},"end":{"line":15,"column":79}},{"start":{"line":15,"column":82},"end":{"line":15,"column":83}}]},"1":{"loc":{"start":{"line":23,"column":6},"end":{"line":25,"column":7}},"type":"if","locations":[{"start":{"line":23,"column":6},"end":{"line":25,"column":7}},{"start":{},"end":{}}]},"2":{"loc":{"start":{"line":28,"column":6},"end":{"line":33,"column":7}},"type":"if","locations":[{"start":{"line":28,"column":6},"end":{"line":33,"column":7}},{"start":{},"end":{}}]},"3":{"loc":{"start":{"line":42,"column":24},"end":{"line":42,"column":47}},"type":"binary-expr","locations":[{"start":{"line":42,"column":24},"end":{"line":42,"column":40}},{"start":{"line":42,"column":44},"end":{"line":42,"column":47}}]},"4":{"loc":{"start":{"line":44,"column":17},"end":{"line":44,"column":57}},"type":"binary-expr","locations":[{"start":{"line":44,"column":17},"end":{"line":44,"column":30}},{"start":{"line":44,"column":34},"end":{"line":44,"column":57}}]},"5":{"loc":{"start":{"line":52,"column":6},"end":{"line":54,"column":7}},"type":"if","locations":[{"start":{"line":52,"column":6},"end":{"line":54,"column":7}},{"start":{},"end":{}}]},"6":{"loc":{"start":{"line":63,"column":24},"end":{"line":63,"column":47}},"type":"binary-expr","locations":[{"start":{"line":63,"column":24},"end":{"line":63,"column":40}},{"start":{"line":63,"column":44},"end":{"line":63,"column":47}}]},"7":{"loc":{"start":{"line":65,"column":17},"end":{"line":65,"column":57}},"type":"binary-expr","locations":[{"start":{"line":65,"column":17},"end":{"line":65,"column":30}},{"start":{"line":65,"column":34},"end":{"line":65,"column":57}}]},"8":{"loc":{"start":{"line":83,"column":24},"end":{"line":83,"column":47}},"type":"binary-expr","locations":[{"start":{"line":83,"column":24},"end":{"line":83,"column":40}},{"start":{"line":83,"column":44},"end":{"line":83,"column":47}}]},"9":{"loc":{"start":{"line":85,"column":17},"end":{"line":85,"column":57}},"type":"binary-expr","locations":[{"start":{"line":85,"column":17},"end":{"line":85,"column":30}},{"start":{"line":85,"column":34},"end":{"line":85,"column":57}}]},"10":{"loc":{"start":{"line":93,"column":6},"end":{"line":95,"column":7}},"type":"if","locations":[{"start":{"line":93,"column":6},"end":{"line":95,"column":7}},{"start":{},"end":{}}]},"11":{"loc":{"start":{"line":104,"column":24},"end":{"line":104,"column":47}},"type":"binary-expr","locations":[{"start":{"line":104,"column":24},"end":{"line":104,"column":40}},{"start":{"line":104,"column":44},"end":{"line":104,"column":47}}]},"12":{"loc":{"start":{"line":106,"column":17},"end":{"line":106,"column":57}},"type":"binary-expr","locations":[{"start":{"line":106,"column":17},"end":{"line":106,"column":30}},{"start":{"line":106,"column":34},"end":{"line":106,"column":57}}]},"13":{"loc":{"start":{"line":116,"column":6},"end":{"line":118,"column":7}},"type":"if","locations":[{"start":{"line":116,"column":6},"end":{"line":118,"column":7}},{"start":{},"end":{}}]},"14":{"loc":{"start":{"line":121,"column":6},"end":{"line":123,"column":7}},"type":"if","locations":[{"start":{"line":121,"column":6},"end":{"line":123,"column":7}},{"start":{},"end":{}}]},"15":{"loc":{"start":{"line":126,"column":6},"end":{"line":131,"column":7}},"type":"if","locations":[{"start":{"line":126,"column":6},"end":{"line":131,"column":7}},{"start":{},"end":{}}]},"16":{"loc":{"start":{"line":140,"column":24},"end":{"line":140,"column":47}},"type":"binary-expr","locations":[{"start":{"line":140,"column":24},"end":{"line":140,"column":40}},{"start":{"line":140,"column":44},"end":{"line":140,"column":47}}]},"17":{"loc":{"start":{"line":142,"column":17},"end":{"line":142,"column":57}},"type":"binary-expr","locations":[{"start":{"line":142,"column":17},"end":{"line":142,"column":30}},{"start":{"line":142,"column":34},"end":{"line":142,"column":57}}]},"18":{"loc":{"start":{"line":150,"column":6},"end":{"line":152,"column":7}},"type":"if","locations":[{"start":{"line":150,"column":6},"end":{"line":152,"column":7}},{"start":{},"end":{}}]},"19":{"loc":{"start":{"line":161,"column":24},"end":{"line":161,"column":47}},"type":"binary-expr","locations":[{"start":{"line":161,"column":24},"end":{"line":161,"column":40}},{"start":{"line":161,"column":44},"end":{"line":161,"column":47}}]},"20":{"loc":{"start":{"line":163,"column":17},"end":{"line":163,"column":57}},"type":"binary-expr","locations":[{"start":{"line":163,"column":17},"end":{"line":163,"column":30}},{"start":{"line":163,"column":34},"end":{"line":163,"column":57}}]}},"s":{"0":8,"1":8,"2":8,"3":8,"4":8,"5":4,"6":0,"7":0,"8":0,"9":0,"10":0,"11":0,"12":0,"13":0,"14":0,"15":0,"16":0,"17":1,"18":1,"19":1,"20":0,"21":1,"22":1,"23":0,"24":1,"25":1,"26":1,"27":1,"28":0,"29":1,"30":1,"31":1,"32":0,"33":1,"34":1,"35":0,"36":1,"37":1,"38":1,"39":1,"40":0,"41":1,"42":1,"43":0,"44":1,"45":1,"46":0,"47":1,"48":1,"49":0,"50":1,"51":1,"52":1,"53":0,"54":1,"55":1,"56":0,"57":8},"f":{"0":4,"1":0,"2":1,"3":1,"4":1,"5":1,"6":1},"b":{"0":[0,4],"1":[0,0],"2":[0,0],"3":[0,0],"4":[0,0],"5":[0,1],"6":[0,0],"7":[0,0],"8":[0,0],"9":[0,0],"10":[0,1],"11":[0,0],"12":[0,0],"13":[0,1],"14":[0,1],"15":[0,1],"16":[0,0],"17":[0,0],"18":[0,1],"19":[0,0],"20":[0,0]}}
,"C:\\Users\\LOQ\\Desktop\\hamro_deal_backend\\backend\\src\\controllers\\cart\\cart.controller.ts": {"path":"C:\\Users\\LOQ\\Desktop\\hamro_deal_backend\\backend\\src\\controllers\\cart\\cart.controller.ts","statementMap":{"0":{"start":{"line":1,"column":0},"end":{"line":1,"column":63}},"1":{"start":{"line":3,"column":0},"end":{"line":3,"column":71}},"2":{"start":{"line":5,"column":0},"end":{"line":5,"column":23}},"3":{"start":{"line":6,"column":20},"end":{"line":6,"column":37}},"4":{"start":{"line":11,"column":8},"end":{"line":37,"column":9}},"5":{"start":{"line":12,"column":25},"end":{"line":12,"column":42}},"6":{"start":{"line":14,"column":31},"end":{"line":14,"column":63}},"7":{"start":{"line":16,"column":12},"end":{"line":21,"column":13}},"8":{"start":{"line":17,"column":16},"end":{"line":20,"column":19}},"9":{"start":{"line":23,"column":25},"end":{"line":23,"column":75}},"10":{"start":{"line":25,"column":12},"end":{"line":29,"column":15}},"11":{"start":{"line":31,"column":12},"end":{"line":31,"column":57}},"12":{"start":{"line":32,"column":12},"end":{"line":35,"column":15}},"13":{"start":{"line":42,"column":8},"end":{"line":58,"column":9}},"14":{"start":{"line":43,"column":25},"end":{"line":43,"column":42}},"15":{"start":{"line":45,"column":25},"end":{"line":45,"column":56}},"16":{"start":{"line":47,"column":12},"end":{"line":51,"column":15}},"17":{"start":{"line":53,"column":12},"end":{"line":53,"column":54}},"18":{"start":{"line":54,"column":12},"end":{"line":57,"column":15}},"19":{"start":{"line":62,"column":8},"end":{"line":94,"column":9}},"20":{"start":{"line":63,"column":25},"end":{"line":63,"column":42}},"21":{"start":{"line":64,"column":32},"end":{"line":64,"column":42}},"22":{"start":{"line":67,"column":31},"end":{"line":67,"column":68}},"23":{"start":{"line":69,"column":12},"end":{"line":74,"column":13}},"24":{"start":{"line":70,"column":16},"end":{"line":73,"column":null}},"25":{"start":{"line":76,"column":25},"end":{"line":79,"column":null}},"26":{"start":{"line":82,"column":12},"end":{"line":86,"column":15}},"27":{"start":{"line":89,"column":12},"end":{"line":89,"column":62}},"28":{"start":{"line":90,"column":12},"end":{"line":93,"column":null}},"29":{"start":{"line":99,"column":8},"end":{"line":117,"column":9}},"30":{"start":{"line":100,"column":25},"end":{"line":100,"column":42}},"31":{"start":{"line":101,"column":32},"end":{"line":101,"column":42}},"32":{"start":{"line":103,"column":25},"end":{"line":103,"column":74}},"33":{"start":{"line":105,"column":12},"end":{"line":109,"column":15}},"34":{"start":{"line":112,"column":12},"end":{"line":112,"column":63}},"35":{"start":{"line":113,"column":12},"end":{"line":116,"column":15}},"36":{"start":{"line":122,"column":8},"end":{"line":138,"column":9}},"37":{"start":{"line":123,"column":25},"end":{"line":123,"column":42}},"38":{"start":{"line":125,"column":25},"end":{"line":125,"column":58}},"39":{"start":{"line":127,"column":12},"end":{"line":131,"column":15}},"40":{"start":{"line":133,"column":12},"end":{"line":133,"column":58}},"41":{"start":{"line":134,"column":6},"end":{"line":137,"column":9}},"42":{"start":{"line":8,"column":0},"end":{"line":8,"column":13}}},"fnMap":{"0":{"name":"(anonymous_0)","decl":{"start":{"line":10,"column":4},"end":{"line":10,"column":9}},"loc":{"start":{"line":10,"column":47},"end":{"line":39,"column":5}}},"1":{"name":"(anonymous_1)","decl":{"start":{"line":41,"column":4},"end":{"line":41,"column":9}},"loc":{"start":{"line":41,"column":44},"end":{"line":59,"column":5}}},"2":{"name":"(anonymous_2)","decl":{"start":{"line":61,"column":4},"end":{"line":61,"column":9}},"loc":{"start":{"line":61,"column":73},"end":{"line":95,"column":5}}},"3":{"name":"(anonymous_3)","decl":{"start":{"line":98,"column":4},"end":{"line":98,"column":9}},"loc":{"start":{"line":98,"column":72},"end":{"line":118,"column":5}}},"4":{"name":"(anonymous_4)","decl":{"start":{"line":121,"column":4},"end":{"line":121,"column":9}},"loc":{"start":{"line":121,"column":47},"end":{"line":139,"column":5}}}},"branchMap":{"0":{"loc":{"start":{"line":16,"column":12},"end":{"line":21,"column":13}},"type":"if","locations":[{"start":{"line":16,"column":12},"end":{"line":21,"column":13}},{"start":{},"end":{}}]},"1":{"loc":{"start":{"line":32,"column":30},"end":{"line":32,"column":53}},"type":"binary-expr","locations":[{"start":{"line":32,"column":30},"end":{"line":32,"column":46}},{"start":{"line":32,"column":50},"end":{"line":32,"column":53}}]},"2":{"loc":{"start":{"line":34,"column":25},"end":{"line":34,"column":65}},"type":"binary-expr","locations":[{"start":{"line":34,"column":25},"end":{"line":34,"column":38}},{"start":{"line":34,"column":42},"end":{"line":34,"column":65}}]},"3":{"loc":{"start":{"line":54,"column":30},"end":{"line":54,"column":53}},"type":"binary-expr","locations":[{"start":{"line":54,"column":30},"end":{"line":54,"column":46}},{"start":{"line":54,"column":50},"end":{"line":54,"column":53}}]},"4":{"loc":{"start":{"line":56,"column":25},"end":{"line":56,"column":65}},"type":"binary-expr","locations":[{"start":{"line":56,"column":25},"end":{"line":56,"column":38}},{"start":{"line":56,"column":42},"end":{"line":56,"column":65}}]},"5":{"loc":{"start":{"line":69,"column":12},"end":{"line":74,"column":13}},"type":"if","locations":[{"start":{"line":69,"column":12},"end":{"line":74,"column":13}},{"start":{},"end":{}}]},"6":{"loc":{"start":{"line":90,"column":30},"end":{"line":90,"column":53}},"type":"binary-expr","locations":[{"start":{"line":90,"column":30},"end":{"line":90,"column":46}},{"start":{"line":90,"column":50},"end":{"line":90,"column":53}}]},"7":{"loc":{"start":{"line":92,"column":25},"end":{"line":92,"column":65}},"type":"binary-expr","locations":[{"start":{"line":92,"column":25},"end":{"line":92,"column":38}},{"start":{"line":92,"column":42},"end":{"line":92,"column":65}}]},"8":{"loc":{"start":{"line":113,"column":30},"end":{"line":113,"column":53}},"type":"binary-expr","locations":[{"start":{"line":113,"column":30},"end":{"line":113,"column":46}},{"start":{"line":113,"column":50},"end":{"line":113,"column":53}}]},"9":{"loc":{"start":{"line":115,"column":25},"end":{"line":115,"column":65}},"type":"binary-expr","locations":[{"start":{"line":115,"column":25},"end":{"line":115,"column":38}},{"start":{"line":115,"column":42},"end":{"line":115,"column":65}}]},"10":{"loc":{"start":{"line":134,"column":24},"end":{"line":134,"column":47}},"type":"binary-expr","locations":[{"start":{"line":134,"column":24},"end":{"line":134,"column":40}},{"start":{"line":134,"column":44},"end":{"line":134,"column":47}}]},"11":{"loc":{"start":{"line":136,"column":17},"end":{"line":136,"column":57}},"type":"binary-expr","locations":[{"start":{"line":136,"column":17},"end":{"line":136,"column":30}},{"start":{"line":136,"column":34},"end":{"line":136,"column":57}}]}},"s":{"0":8,"1":8,"2":8,"3":8,"4":0,"5":0,"6":0,"7":0,"8":0,"9":0,"10":0,"11":0,"12":0,"13":1,"14":1,"15":1,"16":1,"17":0,"18":0,"19":0,"20":0,"21":0,"22":0,"23":0,"24":0,"25":0,"26":0,"27":0,"28":0,"29":1,"30":1,"31":1,"32":1,"33":1,"34":0,"35":0,"36":1,"37":1,"38":1,"39":1,"40":0,"41":0,"42":8},"f":{"0":0,"1":1,"2":0,"3":1,"4":1},"b":{"0":[0,0],"1":[0,0],"2":[0,0],"3":[0,0],"4":[0,0],"5":[0,0],"6":[0,0],"7":[0,0],"8":[0,0],"9":[0,0],"10":[0,0],"11":[0,0]}}
,"C:\\Users\\LOQ\\Desktop\\hamro_deal_backend\\backend\\src\\controllers\\seller\\seller.controller.ts": {"path":"C:\\Users\\LOQ\\Desktop\\hamro_deal_backend\\backend\\src\\controllers\\seller\\seller.controller.ts","statementMap":{"0":{"start":{"line":1,"column":0},"end":{"line":1,"column":33}},"1":{"start":{"line":2,"column":0},"end":{"line":2,"column":52}},"2":{"start":{"line":3,"column":0},"end":{"line":3,"column":69}},"3":{"start":{"line":6,"column":21},"end":{"line":6,"column":40}},"4":{"start":{"line":10,"column":8},"end":{"line":26,"column":9}},"5":{"start":{"line":11,"column":31},"end":{"line":11,"column":64}},"6":{"start":{"line":12,"column":12},"end":{"line":16,"column":13}},"7":{"start":{"line":13,"column":16},"end":{"line":15,"column":null}},"8":{"start":{"line":17,"column":30},"end":{"line":17,"column":79}},"9":{"start":{"line":18,"column":12},"end":{"line":18,"column":null}},"10":{"start":{"line":21,"column":12},"end":{"line":24,"column":null}},"11":{"start":{"line":8,"column":0},"end":{"line":8,"column":13}}},"fnMap":{"0":{"name":"(anonymous_1)","decl":{"start":{"line":9,"column":4},"end":{"line":9,"column":9}},"loc":{"start":{"line":9,"column":50},"end":{"line":28,"column":5}}}},"branchMap":{"0":{"loc":{"start":{"line":12,"column":12},"end":{"line":16,"column":13}},"type":"if","locations":[{"start":{"line":12,"column":12},"end":{"line":16,"column":13}},{"start":{},"end":{}}]},"1":{"loc":{"start":{"line":21,"column":30},"end":{"line":21,"column":53}},"type":"binary-expr","locations":[{"start":{"line":21,"column":30},"end":{"line":21,"column":46}},{"start":{"line":21,"column":50},"end":{"line":21,"column":53}}]},"2":{"loc":{"start":{"line":22,"column":41},"end":{"line":22,"column":81}},"type":"binary-expr","locations":[{"start":{"line":22,"column":41},"end":{"line":22,"column":54}},{"start":{"line":22,"column":58},"end":{"line":22,"column":81}}]}},"s":{"0":8,"1":8,"2":8,"3":8,"4":0,"5":0,"6":0,"7":0,"8":0,"9":0,"10":0,"11":8},"f":{"0":0},"b":{"0":[0,0],"1":[0,0],"2":[0,0]}}
,"C:\\Users\\LOQ\\Desktop\\hamro_deal_backend\\backend\\src\\controllers\\wishlist\\wishlist.controller.ts": {"path":"C:\\Users\\LOQ\\Desktop\\hamro_deal_backend\\backend\\src\\controllers\\wishlist\\wishlist.controller.ts","statementMap":{"0":{"start":{"line":2,"column":0},"end":{"line":2,"column":75}},"1":{"start":{"line":4,"column":0},"end":{"line":4,"column":59}},"2":{"start":{"line":5,"column":0},"end":{"line":5,"column":20}},"3":{"start":{"line":7,"column":24},"end":{"line":7,"column":45}},"4":{"start":{"line":11,"column":8},"end":{"line":27,"column":9}},"5":{"start":{"line":12,"column":25},"end":{"line":12,"column":42}},"6":{"start":{"line":14,"column":29},"end":{"line":14,"column":68}},"7":{"start":{"line":16,"column":13},"end":{"line":20,"column":15}},"8":{"start":{"line":22,"column":12},"end":{"line":22,"column":58}},"9":{"start":{"line":23,"column":12},"end":{"line":26,"column":15}},"10":{"start":{"line":31,"column":8},"end":{"line":59,"column":9}},"11":{"start":{"line":32,"column":25},"end":{"line":32,"column":42}},"12":{"start":{"line":34,"column":31},"end":{"line":34,"column":67}},"13":{"start":{"line":36,"column":12},"end":{"line":41,"column":13}},"14":{"start":{"line":37,"column":16},"end":{"line":40,"column":19}},"15":{"start":{"line":43,"column":29},"end":{"line":45,"column":null}},"16":{"start":{"line":48,"column":13},"end":{"line":52,"column":15}},"17":{"start":{"line":54,"column":12},"end":{"line":54,"column":60}},"18":{"start":{"line":55,"column":12},"end":{"line":58,"column":15}},"19":{"start":{"line":63,"column":8},"end":{"line":89,"column":9}},"20":{"start":{"line":64,"column":25},"end":{"line":64,"column":42}},"21":{"start":{"line":65,"column":32},"end":{"line":65,"column":42}},"22":{"start":{"line":67,"column":12},"end":{"line":72,"column":13}},"23":{"start":{"line":68,"column":16},"end":{"line":71,"column":19}},"24":{"start":{"line":74,"column":29},"end":{"line":76,"column":null}},"25":{"start":{"line":78,"column":12},"end":{"line":82,"column":15}},"26":{"start":{"line":84,"column":12},"end":{"line":84,"column":65}},"27":{"start":{"line":85,"column":12},"end":{"line":88,"column":15}},"28":{"start":{"line":93,"column":8},"end":{"line":109,"column":9}},"29":{"start":{"line":94,"column":25},"end":{"line":94,"column":42}},"30":{"start":{"line":96,"column":29},"end":{"line":96,"column":70}},"31":{"start":{"line":98,"column":12},"end":{"line":102,"column":null}},"32":{"start":{"line":104,"column":12},"end":{"line":104,"column":60}},"33":{"start":{"line":105,"column":12},"end":{"line":108,"column":15}},"34":{"start":{"line":9,"column":0},"end":{"line":9,"column":13}}},"fnMap":{"0":{"name":"(anonymous_1)","decl":{"start":{"line":10,"column":4},"end":{"line":10,"column":9}},"loc":{"start":{"line":10,"column":49},"end":{"line":28,"column":5}}},"1":{"name":"(anonymous_2)","decl":{"start":{"line":30,"column":4},"end":{"line":30,"column":9}},"loc":{"start":{"line":30,"column":52},"end":{"line":60,"column":5}}},"2":{"name":"(anonymous_3)","decl":{"start":{"line":62,"column":4},"end":{"line":62,"column":9}},"loc":{"start":{"line":62,"column":56},"end":{"line":90,"column":5}}},"3":{"name":"(anonymous_4)","decl":{"start":{"line":92,"column":4},"end":{"line":92,"column":9}},"loc":{"start":{"line":92,"column":53},"end":{"line":111,"column":5}}}},"branchMap":{"0":{"loc":{"start":{"line":23,"column":30},"end":{"line":23,"column":53}},"type":"binary-expr","locations":[{"start":{"line":23,"column":30},"end":{"line":23,"column":46
[...]
,"C:\\Users\\LOQ\\Desktop\\hamro_deal_backend\\backend\\src\\services\\cart\\cart.service.ts": {"path":"C:\\Users\\LOQ\\Desktop\\hamro_deal_backend\\backend\\src\\services\\cart\\cart.service.ts","statementMap":{"0":{"start":{"line":2,"column":0},"end":{"line":2,"column":52}},"1":{"start":{"line":5,"column":0},"end":{"line":5,"column":70}},"2":{"start":{"line":6,"column":0},"end":{"line":6,"column":76}},"3":{"start":{"line":9,"column":23},"end":{"line":9,"column":43}},"4":{"start":{"line":10,"column":26},"end":{"line":10,"column":49}},"5":{"start":{"line":14,"column":8},"end":{"line":17,"column":14}},"6":{"start":{"line":15,"column":12},"end":{"line":15,"column":54}},"7":{"start":{"line":21,"column":8},"end":{"line":21,"column":76}},"8":{"start":{"line":21,"column":50},"end":{"line":21,"column":71}},"9":{"start":{"line":25,"column":8},"end":{"line":39,"column":10}},"10":{"start":{"line":28,"column":50},"end":{"line":32,"column":14}},"11":{"start":{"line":46,"column":38},"end":{"line":46,"column":46}},"12":{"start":{"line":48,"column":24},"end":{"line":48,"column":73}},"13":{"start":{"line":50,"column":8},"end":{"line":52,"column":9}},"14":{"start":{"line":51,"column":12},"end":{"line":51,"column":null}},"15":{"start":{"line":55,"column":8},"end":{"line":57,"column":9}},"16":{"start":{"line":56,"column":12},"end":{"line":56,"column":61}},"17":{"start":{"line":60,"column":29},"end":{"line":60,"column":86}},"18":{"start":{"line":62,"column":36},"end":{"line":62,"column":37}},"19":{"start":{"line":64,"column":8},"end":{"line":69,"column":9}},"20":{"start":{"line":65,"column":33},"end":{"line":66,"column":66}},"21":{"start":{"line":66,"column":26},"end":{"line":66,"column":65}},"22":{"start":{"line":72,"column":33},"end":{"line":72,"column":65}},"23":{"start":{"line":75,"column":8},"end":{"line":84,"column":9}},"24":{"start":{"line":76,"column":35},"end":{"line":76,"column":72}},"25":{"start":{"line":78,"column":12},"end":{"line":80,"column":13}},"26":{"start":{"line":79,"column":16},"end":{"line":79,"column":115}},"27":{"start":{"line":82,"column":12},"end":{"line":82,"column":184}},"28":{"start":{"line":87,"column":21},"end":{"line":91,"column":null}},"29":{"start":{"line":96,"column":8},"end":{"line":96,"column":45}},"30":{"start":{"line":100,"column":19},"end":{"line":100,"column":76}},"31":{"start":{"line":102,"column":8},"end":{"line":104,"column":9}},"32":{"start":{"line":103,"column":12},"end":{"line":103,"column":72}},"33":{"start":{"line":106,"column":8},"end":{"line":106,"column":45}},"34":{"start":{"line":114,"column":27},"end":{"line":114,"column":37}},"35":{"start":{"line":116,"column":8},"end":{"line":127,"column":9}},"36":{"start":{"line":117,"column":28},"end":{"line":117,"column":77}},"37":{"start":{"line":119,"column":12},"end":{"line":121,"column":13}},"38":{"start":{"line":120,"column":16},"end":{"line":120,"column":63}},"39":{"start":{"line":123,"column":12},"end":{"line":126,"column":13}},"40":{"start":{"line":124,"column":16},"end":{"line":124,"column":127}},"41":{"start":{"line":129,"column":21},"end":{"line":132,"column":null}},"42":{"start":{"line":135,"column":8},"end":{"line":137,"column":9}},"43":{"start":{"line":136,"column":12},"end":{"line":136,"column":63}},"44":{"start":{"line":139,"column":8},"end":{"line":139,"column":45}},"45":{"start":{"line":143,"column":21},"end":{"line":145,"column":null}},"46":{"start":{"line":148,"column":8},"end":{"line":150,"column":9}},"47":{"start":{"line":149,"column":12},"end":{"line":149,"column":63}},"48":{"start":{"line":152,"column":8},"end":{"line":152,"column":45}},"49":{"start":{"line":156,"column":21},"end":{"line":156,"column":72}},"50":{"start":{"line":158,"column":8},"end":{"line":161,"column":9}},"51":{"start":{"line":159,"column":12},"end":{"line":159,"column":null}},"52":{"start":{"line":162,"column":8},"end":{"line":162,"column":45}},"53":{"start":{"line":12,"column":0},"end":{"line":12,"column":13}}},"fnMap":{"0":{"name":"(anonymous_0)","decl":{"start":{"line":13,"column":12},"end":{"line":13,"column":30}},"loc":{"start":{"line":13,"column":42},"end":{"line":18,"column":5}}},"1":{"name":"(anonymous_1)","decl":{"start":{"line":14,"column":33},"end":{"line":14,"column":34}},"loc":{"start":{"line":14,"column":49},"end":{"line":17,"column":9}}},"2":{"name":"(anonymous_2)","decl":{"start":{"line":20,"column":12},"end":{"line":20,"column":30}},"loc":{"start":{"line":20,"column":42},"end":{"line":22,"column":5}}},"3":{"name":"(anonymous_3)","decl":{"start":{"line":21,"column":33},"end":{"line":21,"column":34}},"loc":{"start":{"line":21,"column":50},"end":{"line":21,"column":71}}},"4":{"name":"(anonymous_4)","decl":{"start":{"line":24,"column":12},"end":{"line":24,"column":30}},"loc":{"start":{"line":24,"column":42},"end":{"line":40,"column":5}}},"5":{"name":"(anonymous_5)","decl":{"start":{"line":28,"column":34},"end":{"line":28,"column":35}},"loc":{"start":{"line":28,"column":50},"end":{"line":32,"column":14}}},"6":{"name":"(anonymous_6)","decl":{"start":{"line":42,"column":4},"end":{"line":42,"column":9}},"loc":{"start":{"line":44,"column":30},"end":{"line":97,"column":5}}},"7":{"name":"(anonymous_7)","decl":{"start":{"line":66,"column":16},"end":{"line":66,"column":17}},"loc":{"start":{"line":66,"column":26},"end":{"line":66,"column":65}}},"8":{"name":"(anonymous_8)","decl":{"start":{"line":99,"column":4},"end":{"line":99,"column":9}},"loc":{"start":{"line":99,"column":29},"end":{"line":107,"column":5}}},"9":{"name":"(anonymous_9)","decl":{"start":{"line":109,"column":4},"end":{"line":109,"column":9}},"loc":{"start":{"line":112,"column":37},"end":{"line":140,"column":5}}},"10":{"name":"(anonymous_10)","decl":{"start":{"line":142,"column":4},"end":{"line":142,"column":9}},"loc":{"start":{"line":142,"column":55},"end":{"line":153,"column":5}}},"11":{"name":"(anonymous_11)","decl":{"start":{"line":155,"column":4},"end":{"line":155,"column":9}},"loc":{"start":{"line":155,"column":31},"end":{"line":163,"column":5}}}},"branchMap":{"0":{"loc":{"start":{"line":50,"column":8},"end":{"line":52,"column":9}},"type":"if","locations":[{"start":{"line":50,"column":8},"end":{"line":52,"column":9}},{"start":{},"end":{}}]},"1":{"loc":{"start":{"line":55,"column":8},"end":{"line":57,"column":9}},"type":"if","locations":[{"start":{"line":55,"column":8},"end":{"line":57,"column":9}},{"start":{},"end":{}}]},"2":{"loc":{"start":{"line":64,"column":8},"end":{"line":69,"column":9}},"type":"if","locations":[{"start":{"line":64,"column":8},"end":{"line":69,"column":9}},{"start":{},"end":{}}]},"3":{"loc":{"start":{"line":75,"column":8},"end":{"line":84,"column":9}},"type":"if","locations":[{"start":{"line":75,"column":8},"end":{"line":84,"column":9}},{"start":{},"end":{}}]},"4":{"loc":{"start":{"line":78,"column":12},"end":{"line":80,"column":13}},"type":"if","locations":[{"start":{"line":78,"column":12},"end":{"line":80,"column":13}},{"start":{},"end":{}}]},"5":{"loc":{"start":{"line":102,"column":8},"end":{"line":104,"column":9}},"type":"if","locations":[{"start":{"line":102,"column":8},"end":{"line":104,"column":9}},{"start":{},"end":{}}]},"6":{"loc":{"start":{"line":116,"column":8},"end":{"line":127,"column":9}},"type":"if","locations":[{"start":{"line":116,"column":8},"end":{"line":127,"column":9}},{"start":{},"end":{}}]},"7":{"loc":{"start":{"line":119,"column":12},"end":{"line":121,"column":13}},"type":"if","locations":[{"start":{"line":119,"column":12},"end":{"line":121,"column":13}},{"start":{},"end":{}}]},"8":{"loc":{"start":{"line":123,"column":12},"end":{"line":126,"column":13}},"type":"if","locations":[{"start":{"line":123,"column":12},"end":{"line":126,"column":13}},{"start":{},"end":{}}]},"9":{"loc":{"start":{"line":135,"column":8},"end":{"line":137,"column":9}},"type":"if","locations":[{"start":{"line":135,"column":8},"end":{"line":137,"column":9}},{"start":{},"end":{}}]},"10":{"loc":{"start":{"line":148,"column":8},"end":{"line":150,"column":9}},"type":"if","locations":[{"start":{"line":148,"column":8},"end":{"line":150,"column":9}},{"start":{},"end":{}}]},"11":{"loc":{"start":{"line":158,"column":8},"end":{"line":161,"column":9}},"type":"if","locations":[{"start":{"line":158,"column":8},"end":{"line":161,"column":9}},{"start":{},"end":{}}]}},"s":{"0":8,"1":8,"2":8,"3":8,"4":8,"5":3,"6":0,"7":3,"8":0,"9":3,"10":0,"11":0,"12":0,"13":0,"14":0,"15":0,"16":0,"17":0,"18":0,"19":0,"20":0,"21":0,"22":0,"23":0,"24":0,"25":0,"26":0,"27":0,"28":0,"29":0,"30":1,"31":1,"32":1,"33":1,"34":0,"35":0,"36":0,"37":0,"38":0,"39":0,"40":0,"41":0,"42":0,"43":0,"44":0,"45":1,"46":1,"47":0,"48":1,"49":1,"50":1,"51":0,"52":1,"53":8},"f":{"0":3,"1":0,"2":3,"3":0,"4":3,"5":0,"6":0,"7":0,"8":1,"9":0,"10":1,"11":1},"b":{"0":[0,0],"1":[0,0],"2":[0,0],"3":[0,0],"4":[0,0],"5":[1,0],"6":[0,0],"7":[0,0],"8":[0,0],"9":[0,0],"10":[0,1],"11":[0,1]}}
,"C:\\Users\\LOQ\\Desktop\\hamro_deal_backend\\backend\\src\\services\\seller\\seller.service.ts": {"path":"C:\\Users\\LOQ\\Desktop\\hamro_deal_backend\\backend\\src\\services\\seller\\seller.service.ts","statementMap":{"0":{"start":{"line":3,"column":0},"end":{"line":3,"column":52}},"1":{"start":{"line":4,"column":0},"end":{"line":4,"column":70}},"2":{"start":{"line":5,"column":0},"end":{"line":5,"column":32}},"3":{"start":{"line":7,"column":23},"end":{"line":7,"column":43}},"4":{"start":{"line":12,"column":23},"end":{"line":12,"column":74}},"5":{"start":{"line":13,"column":4},"end":{"line":15,"column":5}},"6":{"start":{"line":14,"column":6},"end":{"line":14,"column":55}},"7":{"start":{"line":18,"column":26},"end":{"line":18,"column":83}},"8":{"start":{"line":19,"column":4},"end":{"line":21,"column":5}},"9":{"start":{"line":20,"column":6},"end":{"line":20,"column":58}},"10":{"start":{"line":24,"column":27},"end":{"line":24,"column":69}},"11":{"start":{"line":27,"column":23},"end":{"line":32,"column":6}},"12":{"start":{"line":35,"column":22},"end":{"line":35,"column":65}},"13":{"start":{"line":37,"column":4},"end":{"line":37,"column":21}},"14":{"start":{"line":9,"column":0},"end":{"line":9,"column":13}}},"fnMap":{"0":{"name":"(anonymous_1)","decl":{"start":{"line":10,"column":2},"end":{"line":10,"column":7}},"loc":{"start":{"line":10,"column":44},"end":{"line":38,"column":3}}}},"branchMap":{"0":{"loc":{"start":{"line":13,"column":4},"end":{"line":15,"column":5}},"type":"if","locations":[{"start":{"line":13,"column":4},"end":{"line":15,"column":5}},{"start":{},"end":{}}]},"1":{"loc":{"start":{"line":19,"column":4},"end":{"line":21,"column":5}},"type":"if","locations":[{"start":{"line":19,"column":4},"end":{"line":21,"column":5}},{"start":{},"end":{}}]}},"s":{"0":8,"1":8,"2":8,"3":8,"4":0,"5":0,"6":0,"7":0,"8":0,"9":0,"10":0,"11":0,"12":0,"13":0,"14":8},"f":{"0":0},"b":{"0":[0,0],"1":[0,0]}}
,"C:\\Users\\LOQ\\Desktop\\hamro_deal_backend\\backend\\src\\services\\wishlist\\wishlist.service.ts": {"path":"C:\\Users\\LOQ\\Desktop\\hamro_deal_backend\\backend\\src\\services\\wishlist\\wishlist.service.ts","statementMap":{"0":{"start":{"line":1,"column":0},"end":{"line":1,"column":52}},"1":{"start":{"line":4,"column":0},"end":{"line":4,"column":76}},"2":{"start":{"line":7,"column":0},"end":{"line":7,"column":78}},"3":{"start":{"line":9,"column":27},"end":{"line":9,"column":51}},"4":{"start":{"line":10,"column":26},"end":{"line":10,"column":49}},"5":{"start":{"line":14,"column":8},"end":{"line":24,"column":10}},"6":{"start":{"line":17,"column":54},"end":{"line":20,"column":14}},"7":{"start":{"line":28,"column":23},"end":{"line":29,"column":null}},"8":{"start":{"line":32,"column":8},"end":{"line":36,"column":9}},"9":{"start":{"line":33,"column":12},"end":{"line":35,"column":14}},"10":{"start":{"line":38,"column":8},"end":{"line":38,"column":53}},"11":{"start":{"line":45,"column":30},"end":{"line":45,"column":42}},"12":{"start":{"line":48,"column":24},"end":{"line":48,"column":73}},"13":{"start":{"line":50,"column":8},"end":{"line":52,"column":9}},"14":{"start":{"line":51,"column":12},"end":{"line":51,"column":58}},"15":{"start":{"line":54,"column":25},"end":{"line":56,"column":null}},"16":{"start":{"line":59,"column":8},"end":{"line":61,"column":9}},"17":{"start":{"line":60,"column":12},"end":{"line":60,"column":66}},"18":{"start":{"line":63,"column":8},"end":{"line":63,"column":53}},"19":{"start":{"line":70,"column":25},"end":{"line":72,"column":null}},"20":{"start":{"line":75,"column":8},"end":{"line":77,"column":9}},"21":{"start":{"line":76,"column":12},"end":{"line":76,"column":59}},"22":{"start":{"line":79,"column":8},"end":{"line":79,"column":53}},"23":{"start":{"line":83,"column":25},"end":{"line":84,"column":null}},"24":{"start":{"line":87,"column":8},"end":{"line":89,"column":9}},"25":{"start":{"line":88,"column":12},"end":{"line":88,"column":59}},"26":{"start":{"line":91,"column":8},"end":{"line":91,"column":53}},"27":{"start":{"line":95,"column":8},"end":{"line":98,"column":10}},"28":{"start":{"line":12,"column":0},"end":{"line":12,"column":13}}},"fnMap":{"0":{"name":"(anonymous_0)","decl":{"start":{"line":13,"column":12},"end":{"line":13,"column":34}},"loc":{"start":{"line":13,"column":54},"end":{"line":25,"column":5}}},"1":{"name":"(anonymous_1)","decl":{"start":{"line":17,"column":38},"end":{"line":17,"column":39}},"loc":{"start":{"line":17,"column":54},"end":{"line":20,"column":14}}},"2":{"name":"(anonymous_2)","decl":{"start":{"line":27,"column":4},"end":{"line":27,"column":9}},"loc":{"start":{"line":27,"column":33},"end":{"line":39,"column":5}}},"3":{"name":"(anonymous_3)","decl":{"start":{"line":41,"column":4},"end":{"line":41,"column":9}},"loc":{"start":{"line":43,"column":38},"end":{"line":64,"column":5}}},"4":{"name":"(anonymous_4)","decl":{"start":{"line":66,"column":4},"end":{"line":66,"column":9}},"loc":{"start":{"line":68,"column":25},"end":{"line":80,"column":5}}},"5":{"name":"(anonymous_5)","decl":{"start":{"line":82,"column":4},"end":{"line":82,"column":9}},"loc":{"start":{"line":82,"column":35},"end":{"line":92,"column":5}}},"6":{"name":"(anonymous_6)","decl":{"start":{"line":94,"column":4},"end":{"line":94,"column":9}},"loc":{"start":{"line":94,"column":53},"end":{"line":99,"column":5}}}},"branchMap":{"0":{"loc":{"start":{"line":32,"column":8},"end":{"line":36,"column":9}},"type":"if","locations":[{"start":{"line":32,"column":8},"end":{"line":36,"column":9}},{"start":{},"end":{}}]},"1":{"loc":{"start":{"line":50,"column":8},"end":{"line":52,"column":9}},"type":"if","locations":[{"start":{"line":50,"column":8},"end":{"line":52,"column":9}},{"start":{},"end":{}}]},"2":{"loc":{"start":{"line":59,"column":8},"end":{"line":61,"column":9}},"type":"if","locations":[{"start":{"line":59,"column":8},"end":{"line":61,"column":9}},{"start":{},"end":{}}]},"3":{"loc":{"start":{"line":75,"column":8},"end":{"line":77,"column":9}},"type":"if","locations":[{"start":{"line":75,"column":8},"end":{"line":77,"column":9}},{"start":{},"end":{}}]},"4":{"loc":{"start":{"line":87,"column":8},"end":{"line":89,"column":9}},"type":"if","locations":[{"start":{"line":87,"column":8},"end":{"line":89,"column":9}},{"start":{},"end":{}}]}},"s":{"0":8,"1":8,"2":8,"3":8,"4":8,"5":3,"6":0,"7":1,"8":1,"9":1,"10":1,"11":0,"12":0,"13":0,"14":0,"15":0,"16":0,"17":0,"18":0,"19":1,"20":1,"21":0,"22":1,"23":1,"24":1,"25":0,"26":1,"27":0,"28":8},"f":{"0":3,"1":0,"2":1,"3":0,"4":1,"5":1,"6":0},"b":{"0":[1,0],"1":[0,0],"2":[0,0],"3":[0,1],"4":[0,1]}}
,"C:\\Users\\LOQ\\Desktop\\hamro_deal_backend\\backend\\src\\types\\blog.type.ts": {"path":"C:\\Users\\LOQ\\Desktop\\hamro_deal_backend\\backend\\src\\types\\blog.type.ts","statementMap":{"0":{"start":{"line":1,"column":0},"end":{"line":1,"column":20}},"1":{"start":{"line":3,"column":13},"end":{"line":7,"column":3}}},"fnMap":{},"branchMap":{},"s":{"0":0,"1":0},"f":{},"b":{}}
,"C:\\Users\\LOQ\\Desktop\\hamro_deal_backend\\backend\\src\\types\\cart.type.ts": {"path":"C:\\Users\\LOQ\\Desktop\\hamro_deal_backend\\backend\\src\\types\\cart.type.ts","statementMap":{"0":{"start":{"line":2,"column":0},"end":{"line":2,"column":20}},"1":{"start":{"line":3,"column":0},"end":{"line":3,"column":32}},"2":{"start":{"line":6,"column":13},"end":{"line":10,"column":3}},"3":{"start":{"line":12,"column":13},"end":{"line":19,"column":3}},"4":{"start":{"line":21,"column":13},"end":{"line":25,"column":3}},"5":{"start":{"line":27,"column":13},"end":{"line":35,"column":3}}},"fnMap":{},"branchMap":{},"s":{"0":0,"1":0,"2":0,"3":0,"4":0,"5":0},"f":{},"b":{}}
,"C:\\Users\\LOQ\\Desktop\\hamro_deal_backend\\backend\\src\\types\\category.type.ts": {"path":"C:\\Users\\LOQ\\Desktop\\hamro_deal_backend\\backend\\src\\types\\category.type.ts","statementMap":{"0":{"start":{"line":1,"column":0},"end":{"line":1,"column":20}},"1":{"start":{"line":3,"column":13},"end":{"line":8,"column":null}}},"fnMap":{},"branchMap":{},"s":{"0":8,"1":8},"f":{},"b":{}}
,"C:\\Users\\LOQ\\Desktop\\hamro_deal_backend\\backend\\src\\types\\order.type.ts": {"path":"C:\\Users\\LOQ\\Desktop\\hamro_deal_backend\\backend\\src\\types\\order.type.ts","statementMap":{"0":{"start":{"line":1,"column":0},"end":{"line":1,"column":20}},"1":{"start":{"line":3,"column":13},"end":{"line":10,"column":3}},"2":{"start":{"line":12,"column":13},"end":{"line":20,"column":3}},"3":{"start":{"line":22,"column":13},"end":{"line":33,"column":3}}},"fnMap":{},"branchMap":{},"s":{"0":0,"1":0,"2":0,"3":0},"f":{},"b":{}}
,"C:\\Users\\LOQ\\Desktop\\hamro_deal_backend\\backend\\src\\types\\product.type.ts": {"path":"C:\\Users\\LOQ\\Desktop\\hamro_deal_backend\\backend\\src\\types\\product.type.ts","statementMap":{"0":{"start":{"line":1,"column":0},"end":{"line":1,"column":20}},"1":{"start":{"line":2,"column":0},"end":{"line":2,"column":32}},"2":{"start":{"line":5,"column":23},"end":{"line":7,"column":null}},"3":{"start":{"line":6,"column":11},"end":{"line":6,"column":47}},"4":{"start":{"line":10,"column":13},"end":{"line":18,"column":null}}},"fnMap":{"0":{"name":"(anonymous_1)","decl":{"start":{"line":6,"column":2},"end":{"line":6,"column":3}},"loc":{"start":{"line":6,"column":11},"end":{"line":6,"column":47}}}},"branchMap":{},"s":{"0":8,"1":8,"2":8,"3":0,"4":8},"f":{"0":0},"b":{}}
,"C:\\Users\\LOQ\\Desktop\\hamro_deal_backend\\backend\\src\\types\\user.types.ts": {"path":"C:\\Users\\LOQ\\Desktop\\hamro_deal_backend\\backend\\src\\types\\user.types.ts","statementMap":{"0":{"start":{"line":1,"column":0},"end":{"line":1,"column":33}},"1":{"start":{"line":3,"column":13},"end":{"line":13,"column":null}}},"fnMap":{},"branchMap":{},"s":{"0":8,"1":8},"f":{},"b":{}}
,"C:\\Users\\LOQ\\Desktop\\hamro_deal_backend\\backend\\src\\types\\wishlist.type.ts": {"path":"C:\\Users\\LOQ\\Desktop\\hamro_deal_backend\\backend\\src\\types\\wishlist.type.ts","statementMap":{"0":{"start":{"line":1,"column":0},"end":{"line":1,"column":24}},"1":{"start":{"line":4,"column":13},"end":{"line":22,"column":3}},"2":{"start":{"line":25,"column":13},"end":{"line":28,"column":3}},"3":{"start":{"line":31,"column":13},"end":{"line":38,"column":3}}},"fnMap":{},"branchMap":{},"s":{"0":0,"1":0,"2":0,"3":0},"f":{},"b":{}}
}
