{"C:\\Users\\LOQ\\Desktop\\hamro_deal_backend\\backend\\src\\configs\\email.ts": {"path":"C:\\Users\\LOQ\\Desktop\\hamro_deal_backend\\backend\\src\\configs\\email.ts","statementMap":{"0":{"start":{"line":1,"column":0},"end":{"line":1,"column":36}},"1":{"start":{"line":2,"column":0},"end":{"line":2,"column":28}},"2":{"start":{"line":4,"column":0},"end":{"line":4,"column":16}},"3":{"start":{"line":6,"column":19},"end":{"line":6,"column":51}},"4":{"start":{"line":7,"column":19},"end":{"line":7,"column":51}},"5":{"start":{"line":9,"column":0},"end":{"line":9,"column":38}},"6":{"start":{"line":10,"column":0},"end":{"line":10,"column":39}},"7":{"start":{"line":11,"column":0},"end":{"line":11,"column":63}},"8":{"start":{"line":13,"column":13},"end":{"line":19,"column":3}},"9":{"start":{"line":21,"column":25},"end":{"line":42,"column":1}},"10":{"start":{"line":22,"column":4},"end":{"line":41,"column":5}},"11":{"start":{"line":23,"column":8},"end":{"line":25,"column":9}},"12":{"start":{"line":24,"column":12},"end":{"line":24,"column":121}},"13":{"start":{"line":27,"column":28},"end":{"line":32,"column":10}},"14":{"start":{"line":34,"column":8},"end":{"line":34,"column":59}},"15":{"start":{"line":35,"column":23},"end":{"line":35,"column":62}},"16":{"start":{"line":36,"column":8},"end":{"line":36,"column":68}},"17":{"start":{"line":37,"column":8},"end":{"line":37,"column":22}},"18":{"start":{"line":39,"column":8},"end":{"line":39,"column":64}},"19":{"start":{"line":40,"column":8},"end":{"line":40,"column":20}},"20":{"start":{"line":21,"column":13},"end":{"line":21,"column":25}}},"fnMap":{"0":{"name":"(anonymous_1)","decl":{"start":{"line":21,"column":25},"end":{"line":21,"column":30}},"loc":{"start":{"line":21,"column":77},"end":{"line":42,"column":1}}}},"branchMap":{"0":{"loc":{"start":{"line":11,"column":27},"end":{"line":11,"column":61}},"type":"cond-expr","locations":[{"start":{"line":11,"column":40},"end":{"line":11,"column":47}},{"start":{"line":11,"column":50},"end":{"line":11,"column":61}}]},"1":{"loc":{"start":{"line":23,"column":8},"end":{"line":25,"column":9}},"type":"if","locations":[{"start":{"line":23,"column":8},"end":{"line":25,"column":9}},{"start":{},"end":{}}]},"2":{"loc":{"start":{"line":23,"column":12},"end":{"line":23,"column":38}},"type":"binary-expr","locations":[{"start":{"line":23,"column":12},"end":{"line":23,"column":23}},{"start":{"line":23,"column":27},"end":{"line":23,"column":38}}]}},"s":{"0":11,"1":11,"2":11,"3":11,"4":11,"5":11,"6":11,"7":11,"8":11,"9":11,"10":2,"11":2,"12":0,"13":2,"14":2,"15":2,"16":2,"17":2,"18":0,"19":0,"20":11},"f":{"0":2},"b":{"0":[11,0],"1":[0,2],"2":[2,2]}}
,"C:\\Users\\LOQ\\Desktop\\hamro_deal_backend\\backend\\src\\configs\\index.ts": {"path":"C:\\Users\\LOQ\\Desktop\\hamro_deal_backend\\backend\\src\\configs\\index.ts","statementMap":{"0":{"start":{"line":1,"column":0},"end":{"line":1,"column":28}},"1":{"start":{"line":2,"column":0},"end":{"line":2,"column":16}},"2":{"start":{"line":3,"column":13},"end":{"line":3,"column":79}},"3":{"start":{"line":5,"column":13},"end":{"line":5,"column":99}},"4":{"start":{"line":8,"column":13},"end":{"line":8,"column":73}}},"fnMap":{},"branchMap":{"0":{"loc":{"start":{"line":3,"column":28},"end":{"line":3,"column":78}},"type":"cond-expr","locations":[{"start":{"line":3,"column":46},"end":{"line":3,"column":72}},{"start":{"line":3,"column":74},"end":{"line":3,"column":78}}]},"1":{"loc":{"start":{"line":5,"column":35},"end":{"line":5,"column":98}},"type":"binary-expr","locations":[{"start":{"line":5,"column":35},"end":{"line":5,"column":56}},{"start":{"line":5,"column":59},"end":{"line":5,"column":98}}]},"2":{"loc":{"start":{"line":8,"column":34},"end":{"line":8,"column":72}},"type":"binary-expr","locations":[{"start":{"line":8,"column":34},"end":{"line":8,"column":56}},{"start":{"line":8,"column":60},"end":{"line":8,"column":72}}]}},"s":{"0":22,"1":22,"2":22,"3":22,"4":22},"f":{},"b":{"0":[22,0],"1":[22,0],"2":[22,22]}}
,"C:\\Users\\LOQ\\Desktop\\hamro_deal_backend\\backend\\src\\controllers\\auth.controller.ts": {"path":"C:\\Users\\LOQ\\Desktop\\hamro_deal_backend\\backend\\src\\controllers\\auth.controller.ts","statementMap":{"0":{"start":{"line":1,"column":0},"end":{"line":1,"column":78}},"1":{"start":{"line":2,"column":0},"end":{"line":2,"column":20}},"2":{"start":{"line":4,"column":0},"end":{"line":4,"column":55}},"3":{"start":{"line":7,"column":18},"end":{"line":7,"column":35}},"4":{"start":{"line":11,"column":8},"end":{"line":26,"column":9}},"5":{"start":{"line":12,"column":31},"end":{"line":12,"column":64}},"6":{"start":{"line":13,"column":12},"end":{"line":17,"column":13}},"7":{"start":{"line":14,"column":16},"end":{"line":16,"column":null}},"8":{"start":{"line":18,"column":28},"end":{"line":18,"column":75}},"9":{"start":{"line":19,"column":12},"end":{"line":21,"column":null}},"10":{"start":{"line":23,"column":12},"end":{"line":25,"column":null}},"11":{"start":{"line":32,"column":8},"end":{"line":44,"column":9}},"12":{"start":{"line":33,"column":31},"end":{"line":33,"column":63}},"13":{"start":{"line":34,"column":12},"end":{"line":37,"column":13}},"14":{"start":{"line":35,"column":16},"end":{"line":35,"column":88}},"15":{"start":{"line":38,"column":34},"end":{"line":38,"column":78}},"16":{"start":{"line":39,"column":12},"end":{"line":39,"column":104}},"17":{"start":{"line":41,"column":12},"end":{"line":43,"column":null}},"18":{"start":{"line":47,"column":8},"end":{"line":78,"column":9}},"19":{"start":{"line":48,"column":27},"end":{"line":48,"column":40}},"20":{"start":{"line":49,"column":29},"end":{"line":49,"column":47}},"21":{"start":{"line":50,"column":12},"end":{"line":54,"column":13}},"22":{"start":{"line":51,"column":16},"end":{"line":53,"column":18}},"23":{"start":{"line":55,"column":29},"end":{"line":55,"column":62}},"24":{"start":{"line":56,"column":12},"end":{"line":60,"column":13}},"25":{"start":{"line":57,"column":16},"end":{"line":59,"column":null}},"26":{"start":{"line":61,"column":12},"end":{"line":64,"column":13}},"27":{"start":{"line":62,"column":16},"end":{"line":62,"column":66}},"28":{"start":{"line":66,"column":32},"end":{"line":66,"column":88}},"29":{"start":{"line":68,"column":12},"end":{"line":70,"column":14}},"30":{"start":{"line":75,"column":12},"end":{"line":77,"column":null}},"31":{"start":{"line":83,"column":8},"end":{"line":98,"column":9}},"32":{"start":{"line":84,"column":27},"end":{"line":84,"column":40}},"33":{"start":{"line":85,"column":12},"end":{"line":89,"column":13}},"34":{"start":{"line":86,"column":16},"end":{"line":88,"column":null}},"35":{"start":{"line":90,"column":25},"end":{"line":90,"column":62}},"36":{"start":{"line":91,"column":12},"end":{"line":93,"column":null}},"37":{"start":{"line":95,"column":12},"end":{"line":97,"column":null}},"38":{"start":{"line":102,"column":8},"end":{"line":128,"column":9}},"39":{"start":{"line":103,"column":27},"end":{"line":103,"column":90}},"40":{"start":{"line":104,"column":12},"end":{"line":106,"column":13}},"41":{"start":{"line":105,"column":16},"end":{"line":105,"column":90}},"42":{"start":{"line":107,"column":28},"end":{"line":107,"column":42}},"43":{"start":{"line":108,"column":29},"end":{"line":108,"column":47}},"44":{"start":{"line":109,"column":12},"end":{"line":111,"column":13}},"45":{"start":{"line":110,"column":16},"end":{"line":110,"column":58}},"46":{"start":{"line":112,"column":31},"end":{"line":112,"column":63}},"47":{"start":{"line":113,"column":12},"end":{"line":117,"column":13}},"48":{"start":{"line":114,"column":16},"end":{"line":116,"column":null}},"49":{"start":{"line":119,"column":32},"end":{"line":119,"column":88}},"50":{"start":{"line":121,"column":12},"end":{"line":123,"column":null}},"51":{"start":{"line":125,"column":12},"end":{"line":127,"column":null}},"52":{"start":{"line":132,"column":8},"end":{"line":146,"column":9}},"53":{"start":{"line":133,"column":29},"end":{"line":133,"column":37}},"54":{"start":{"line":134,"column":25},"end":{"line":134,"column":72}},"55":{"start":{"line":135,"column":12},"end":{"line":141,"column":null}},"56":{"start":{"line":143,"column":12},"end":{"line":145,"column":null}},"57":{"start":{"line":150,"column":8},"end":{"line":163,"column":9}},"58":{"start":{"line":152,"column":29},"end":{"line":152,"column":45}},"59":{"start":{"line":153,"column":26},"end":{"line":153,"column":74}},"60":{"start":{"line":154,"column":36},"end":{"line":154,"column":44}},"61":{"start":{"line":155,"column":12},"end":{"line":155,"column":64}},"62":{"start":{"line":156,"column":12},"end":{"line":158,"column":14}},"63":{"start":{"line":160,"column":12},"end":{"line":162,"column":14}},"64":{"start":{"line":9,"column":0},"end":{"line":9,"column":13}}},"fnMap":{"0":{"name":"(anonymous_1)","decl":{"start":{"line":10,"column":4},"end":{"line":10,"column":9}},"loc":{"start":{"line":10,"column":48},"end":{"line":29,"column":5}}},"1":{"name":"(anonymous_2)","decl":{"start":{"line":31,"column":4},"end":{"line":31,"column":9}},"loc":{"start":{"line":31,"column":47},"end":{"line":45,"column":5}}},"2":{"name":"(anonymous_3)","decl":{"start":{"line":46,"column":4},"end":{"line":46,"column":9}},"loc":{"start":{"line":46,"column":52},"end":{"line":80,"column":5}}},"3":{"name":"(anonymous_4)","decl":{"start":{"line":82,"column":4},"end":{"line":82,"column":9}},"loc":{"start":{"line":82,"column":48},"end":{"line":99,"column":5}}},"4":{"name":"(anonymous_5)","decl":{"start":{"line":101,"column":4},"end":{"line":101,"column":9}},"loc":{"start":{"line":101,"column":52},"end":{"line":129,"column":5}}},"5":{"name":"(anonymous_6)","decl":{"start":{"line":131,"column":4},"end":{"line":131,"column":9}},"loc":{"start":{"line":131,"column":58},"end":{"line":147,"column":5}}},"6":{"name":"(anonymous_7)","decl":{"start":{"line":149,"column":7},"end":{"line":149,"column":12}},"loc":{"start":{"line":149,"column":54},"end":{"line":164,"column":5}}}},"branchMap":{"0":{"loc":{"start":{"line":13,"column":12},"end":{"line":17,"column":13}},"type":"if","locations":[{"start":{"line":13,"column":12},"end":{"line":17,"column":13}},{"start":{},"end":{}}]},"1":{"loc":{"start":{"line":23,"column":30},"end":{"line":23,"column":53}},"type":"binary-expr","locations":[{"start":{"line":23,"column":30},"end":{"line":23,"column":46}},{"start":{"line":23,"column":50},"end":{"line":23,"column":53}}]},"2":{"loc":{"start":{"line":24,"column":42},"end":{"line":24,"column":82}},"type":"binary-expr","locations":[{"start":{"line":24,"column":42},"end":{"line":24,"column":55}},{"start":{"line":24,"column":59},"end":{"line":24,"column":82}}]},"3":{"loc":{"start":{"line":34,"column":12},"end":{"line":37,"column":13}},"type":"if","locations":[{"start":{"line":34,"column":12},"end":{"line":37,"column":13}},{"start":{},"end":{}}]},"4":{"loc":{"start":{"line":41,"column":30},"end":{"line":41,"column":53}},"type":"binary-expr","locations":[{"start":{"line":41,"column":30},"end":{"line":41,"column":46}},{"start":{"line":41,"column":50},"end":{"line":41,"column":53}}]},"5":{"loc":{"start":{"line":42,"column":42},"end":{"line":42,"column":82}},"type":"binary-expr","locations":[{"start":{"line":42,"column":42},"end":{"line":42,"column":55}},{"start":{"line":42,"column":59},"end":{"line":42,"column":82}}]},"6":{"loc":{"start":{"line":50,"column":12},"end":{"line":54,"column":13}},"type":"if","locations":[{"start":{"line":50,"column":12},"end":{"line":54,"column":13}},{"start":{},"end":{}}]},"7":{"loc":{"start":{"line":56,"column":12},"end":{"line":60,"column":13}},"type":"if","locations":[{"start":{"line":56,"column":12},"end":{"line":60,"column":13}},{"start":{},"end":{}}]},"8":{"loc":{"start":{"line":61,"column":12},"end":{"line":64,"column":13}},"type":"if","locations":[{"start":{"line":61,"column":12},"end":{"line":64,"column":13}},{"start":{},"end":{}}]},"9":{"loc":{"start":{"line":75,"column":30},"end":{"line":75,"column":53}},"type":"binary-expr","locations":[{"start":{"line":75,"column":30},"end":{"line":75,"column":46}},{"start":{"line":75,"column":50},"end":{"line":75,"column":53}}]},"10":{"loc":{"start":{"line":76,"column":42},"end":{"line":76,"column":81}},"type":"binary-expr","locations":[{"start":{"line":76,"column":42},"end":{"line":76,"column":55}},{"start":{"line":76,"column":58},"end":{"line":76,"column":81}}]},"11":{"loc":{"start":{"line":85,"column":12},"end":{"line":89,"column":13}},"type":"if","locations":[{"start":{"line":85,"column":12},"end":{"line":89,"column":13}},{"start":{},"end":{}}]},"12":{"loc":{"start":{"line":95,"column":30},"end":{"line":95,"column":53}},"type":"binary-expr","locations":[{"start":{"line":95,"column":30},"end":{"line":95,"column":46}},{"start":{"line":95,"column":50},"end":{"line":95,"column":53}}]},"13":{"loc":{"start":{"line":96,"column":41},"end":{"line":96,"column":80}},"type":"binary-expr","locations":[{"start":{"line":96,"column":41},"end":{"line":96,"column":54}},{"start":{"line":96,"column":57},"end":{"line":96,"column":80}}]},"14":{"loc":{"start":{"line":103,"column":27},"end":{"line":103,"column":90}},"type":"cond-expr","locations":[{"start":{"line":103,"column":58},"end":{"line":103,"column":74}},{"start":{"line":103,"column":77},"end":{"line":103,"column":90}}]},"15":{"loc":{"start":{"line":104,"column":12},"end":{"line":106,"column":13}},"type":"if","locations":[{"start":{"line":104,"column":12},"end":{"line":106,"column":13}},{"start":{},"end":{}}]},"16":{"loc":{"start":{"line":104,"column":15},"end":{"line":104,"column":80}},"type":"binary-expr","locations":[{"start":{"line":104,"column":15},"end":{"line":104,"column":41}},{"start":{"line":104,"column":45},"end":{"line":104,"column":80}}]},"17":{"loc":{"start":{"line":109,"column":12},"end":{"line":111,"column":13}},"type":"if","locations":[{"start":{"line":109,"column":12},"end":{"line":111,"column":13}},{"start":{},"end":{}}]},"18":{"loc":{"start":{"line":113,"column":12},"end":{"line":117,"column":13}},"type":"if","locations":[{"start":{"line":113,"column":12},"end":{"line":117,"column":13}},{"start":{},"end":{}}]},"19":{"loc":{"start":{"line":125,"column":30},"end":{"line":125,"column":53}},"type":"binary-expr","locations":[{"start":{"line":125,"column":30},"end":{"line":125,"column":46}},{"start":{"line":125,"column":50},"end":{"line":125,"column":53}}]},"20":{"loc":{"start":{"line":126,"column":41},"end":{"line":126,"column":81}},"type":"binary-expr","locations":[{"start":{"line":126,"column":41},"end":{"line":126,"column":54}},{"start":{"line":126,"column":58},"end":{"line":126,"column":81}}]},"21":{"loc":{"start":{"line":143,"column":30},"end":{"line":143,"column":53}},"type":"binary-expr","locations":[{"start":{"line":143,"column":30},"end":{"line":143,"column":46}},{"start":{"line":143,"column":50},"end":{"line":143,"column":53}}]},"22":{"loc":{"start":{"line":144,"column":43},"end":{"line":144,"column":83}},"type":"binary-expr","locations":[{"start":{"line":144,"column":43},"end":{"line":144,"column":56}},{"start":{"line":144,"column":60},"end":{"line":144,"column":83}}]},"23":{"loc":{"start":{"line":153,"column":26},"end":{"line":153,"column":74}},"type":"cond-expr","locations":[{"start":{"line":153,"column":52},"end":{"line":153,"column":63}},{"start":{"line":153,"column":66},"end":{"line":153,"column":74}}]},"24":{"loc":{"start":{"line":160,"column":30},"end":{"line":160,"column":53}},"type":"binary-expr","locations":[{"start":{"line":160,"column":30},"end":{"line":160,"column":46}},{"start":{"line":160,"column":50},"end":{"line":160,"column":53}}]},"25":{"loc":{"start":{"line":161,"column":43},"end":{"line":161,"column":83}},"type":"binary-expr","locations":[{"start":{"line":161,"column":43},"end":{"line":161,"column":56}},{"start":{"line":161,"column":60},"end":{"line":161,"column":83}}]}},"s":{"0":11,"1":11,"2":11,"3":11,"4":17,"5":17,"6":17,"7":7,"8":10,"9":7,"10":3,"11":28,"12":28,"13":28,"14":3,"15":25,"16":21,"17":4,"18":3,"19":3,"20":3,"21":3,"22":0,"23":3,"24":3,"25":0,"26":3,"27":0,"28":3,"29":3,"30":0,"31":3,"32":3,"33":3,"34":0,"35":3,"36":3,"37":0,"38":4,"39":4,"40":4,"41":3,"42":1,"43":1,"44":1,"45":0,"46":1,"47":1,"48":0,"49":1,"50":1,"51":0,"52":6,"53":6,"54":6,"55":2,"56":4,"57":0,"58":0,"59":0,"60":0,"61":0,"62":0,"63":0,"64":11},"f":{"0":17,"1":28,"2":3,"3":3,"4":4,"5":6,"6":0},"b":{"0":[7,10],"1":[3,0],"2":[3,0],"3":[3,25],"4":[4,0],"5":[4,0],"6":[0,3],"7":[0,3],"8":[0,3],"9":[0,0],"10":[0,0],"11":[0,3],"12":[0,0],"13":[0,0],"14":[0,4],"15":[3,1],"16":[4,3],"17":[0,1],"18":[0,1],"19":[0,0],"20":[0,0],"21":[4,0],"22":[4,0],"23":[0,0],"24":[0,0],"25":[0,0]}}
,"C:\\Users\\LOQ\\Desktop\\hamro_deal_backend\\backend\\src\\controllers\\blog.controller.ts": {"path":"C:\\Users\\LOQ\\Desktop\\hamro_deal_backend\\backend\\src\\controllers\\blog.controller.ts","statementMap":{"0":{"start":{"line":2,"column":0},"end":{"line":2,"column":55}},"1":{"start":{"line":4,"column":20},"end":{"line":4,"column":37}},"2":{"start":{"line":15,"column":8},"end":{"line":28,"column":9}},"3":{"start":{"line":16,"column":27},"end":{"line":16,"column":40}},"4":{"start":{"line":17,"column":12},"end":{"line":17,"column":39}},"5":{"start":{"line":18,"column":25},"end":{"line":18,"column":63}},"6":{"start":{"line":19,"column":12},"end":{"line":23,"column":15}},"7":{"start":{"line":26,"column":12},"end":{"line":27,"column":75}},"8":{"start":{"line":31,"column":8},"end":{"line":46,"column":9}},"9":{"start":{"line":32,"column":56},"end":{"line":32,"column":65}},"10":{"start":{"line":34,"column":42},"end":{"line":35,"column":null}},"11":{"start":{"line":37,"column":12},"end":{"line":42,"column":15}},"12":{"start":{"line":44,"column":12},"end":{"line":45,"column":75}},"13":{"start":{"line":50,"column":8},"end":{"line":61,"column":9}},"14":{"start":{"line":51,"column":27},"end":{"line":51,"column":40}},"15":{"start":{"line":52,"column":25},"end":{"line":52,"column":62}},"16":{"start":{"line":53,"column":12},"end":{"line":57,"column":15}},"17":{"start":{"line":59,"column":12},"end":{"line":60,"column":75}},"18":{"start":{"line":65,"column":8},"end":{"line":77,"column":9}},"19":{"start":{"line":66,"column":27},"end":{"line":66,"column":40}},"20":{"start":{"line":67,"column":27},"end":{"line":67,"column":40}},"21":{"start":{"line":68,"column":25},"end":{"line":68,"column":79}},"22":{"start":{"line":69,"column":12},"end":{"line":73,"column":15}},"23":{"start":{"line":75,"column":12},"end":{"line":76,"column":75}},"24":{"start":{"line":81,"column":8},"end":{"line":92,"column":9}},"25":{"start":{"line":82,"column":27},"end":{"line":82,"column":40}},"26":{"start":{"line":83,"column":28},"end":{"line":83,"column":64}},"27":{"start":{"line":84,"column":12},"end":{"line":88,"column":15}},"28":{"start":{"line":90,"column":12},"end":{"line":91,"column":75}},"29":{"start":{"line":13,"column":0},"end":{"line":13,"column":13}}},"fnMap":{"0":{"name":"(anonymous_0)","decl":{"start":{"line":14,"column":4},"end":{"line":14,"column":9}},"loc":{"start":{"line":14,"column":48},"end":{"line":29,"column":5}}},"1":{"name":"(anonymous_1)","decl":{"start":{"line":30,"column":4},"end":{"line":30,"column":9}},"loc":{"start":{"line":30,"column":48},"end":{"line":47,"column":5}}},"2":{"name":"(anonymous_2)","decl":{"start":{"line":49,"column":4},"end":{"line":49,"column":9}},"loc":{"start":{"line":49,"column":64},"end":{"line":62,"column":5}}},"3":{"name":"(anonymous_3)","decl":{"start":{"line":64,"column":4},"end":{"line":64,"column":9}},"loc":{"start":{"line":64,"column":64},"end":{"line":78,"column":5}}},"4":{"name":"(anonymous_4)","decl":{"start":{"line":80,"column":4},"end":{"line":80,"column":9}},"loc":{"start":{"line":80,"column":67},"end":{"line":93,"column":5}}}},"branchMap":{"0":{"loc":{"start":{"line":26,"column":30},"end":{"line":26,"column":51}},"type":"binary-expr","locations":[{"start":{"line":26,"column":30},"end":{"line":26,"column":44}},{"start":{"line":26,"column":48},"end":{"line":26,"column":51}}]},"1":{"loc":{"start":{"line":27,"column":33},"end":{"line":27,"column":71}},"type":"binary-expr","locations":[{"start":{"line":27,"column":33},"end":{"line":27,"column":44}},{"start":{"line":27,"column":48},"end":{"line":27,"column":71}}]},"2":{"loc":{"start":{"line":44,"column":30},"end":{"line":44,"column":51}},"type":"binary-expr","locations":[{"start":{"line":44,"column":30},"end":{"line":44,"column":44}},{"start":{"line":44,"column":48},"end":{"line":44,"column":51}}]},"3":{"loc":{"start":{"line":45,"column":33},"end":{"line":45,"column":71}},"type":"binary-expr","locations":[{"start":{"line":45,"column":33},"end":{"line":45,"column":44}},{"start":{"line":45,"column":48},"end":{"line":45,"column":71}}]},"4":{"loc":{"start":{"line":59,"column":30},"end":{"line":59,"column":51}},"type":"binary-expr","locations":[{"start":{"line":59,"column":30},"end":{"line":59,"column":44}},{"start":{"line":59,"column":48},"end":{"line":59,"column":51}}]},"5":{"loc":{"start":{"line":60,"column":33},"end":{"line":60,"column":71}},"type":"binary-expr","locations":[{"start":{"line":60,"column":33},"end":{"line":60,"column":44}},{"start":{"line":60,"column":48},"end":{"line":60,"column":71}}]},"6":{"loc":{"start":{"line":75,"column":30},"end":{"line":75,"column":51}},"type":"binary-expr","locations":[{"start":{"line":75,"column":30},"end":{"line":75,"column":44}},{"start":{"line":75,"column":48},"end":{"line":75,"column":51}}]},"7":{"loc":{"start":{"line":76,"column":33},"end":{"line":76,"column":71}},"type":"binary-expr","locations":[{"start":{"line":76,"column":33},"end":{"line":76,"column":44}},{"start":{"line":76,"column":48},"end":{"line":76,"column":71}}]},"8":{"loc":{"start":{"line":90,"column":30},"end":{"line":90,"column":51}},"type":"binary-expr","locations":[{"start":{"line":90,"column":30},"end":{"line":90,"column":44}},{"start":{"line":90,"column":48},"end":{"line":90,"column":51}}]},"9":{"loc":{"start":{"line":91,"column":33},"end":{"line":91,"column":71}},"type":"binary-expr","locations":[{"start":{"line":91,"column":33},"end":{"line":91,"column":44}},{"start":{"line":91,"column":48},"end":{"line":91,"column":71}}]}},"s":{"0":11,"1":11,"2":1,"3":1,"4":1,"5":1,"6":1,"7":0,"8":2,"9":2,"10":2,"11":2,"12":0,"13":2,"14":2,"15":2,"16":2,"17":0,"18":0,"19":0,"20":0,"21":0,"22":0,"23":0,"24":1,"25":1,"26":1,"27":1,"28":0,"29":11},"f":{"0":1,"1":2,"2":2,"3":0,"4":1},"b":{"0":[0,0],"1":[0,0],"2":[0,0],"3":[0,0],"4":[0,0],"5":[0,0],"6":[0,0],"7":[0,0],"8":[0,0],"9":[0,0]}}
,"C:\\Users\\LOQ\\Desktop\\hamro_deal_backend\\backend\\src\\controllers\\category.controller.ts": {"path":"C:\\Users\\LOQ\\Desktop\\hamro_deal_backend\\backend\\src\\controllers\\category.controller.ts","statementMap":{"0":{"start":{"line":1,"column":0},"end":{"line":1,"column":33}},"1":{"start":{"line":3,"column":0},"end":{"line":3,"column":67}},"2":{"start":{"line":4,"column":0},"end":{"line":4,"column":76}},"3":{"start":{"line":6,"column":28},"end":{"line":6,"column":53}},"4":{"start":{"line":10,"column":8},"end":{"line":31,"column":9}},"5":{"start":{"line":11,"column":31},"end":{"line":11,"column":68}},"6":{"start":{"line":12,"column":12},"end":{"line":17,"column":13}},"7":{"start":{"line":13,"column":16},"end":{"line":16,"column":19}},"8":{"start":{"line":19,"column":32},"end":{"line":19,"column":89}},"9":{"start":{"line":20,"column":12},"end":{"line":24,"column":15}},"10":{"start":{"line":27,"column":12},"end":{"line":30,"column":15}},"11":{"start":{"line":36,"column":8},"end":{"line":50,"column":9}},"12":{"start":{"line":37,"column":31},"end":{"line":37,"column":75}},"13":{"start":{"line":38,"column":12},"end":{"line":44,"column":15}},"14":{"start":{"line":46,"column":12},"end":{"line":49,"column":15}},"15":{"start":{"line":54,"column":8},"end":{"line":69,"column":9}},"16":{"start":{"line":55,"column":19},"end":{"line":55,"column":82}},"17":{"start":{"line":56,"column":29},"end":{"line":56,"column":82}},"18":{"start":{"line":57,"column":12},"end":{"line":61,"column":15}},"19":{"start":{"line":64,"column":12},"end":{"line":68,"column":15}},"20":{"start":{"line":74,"column":8},"end":{"line":98,"column":9}},"21":{"start":{"line":75,"column":25},"end":{"line":75,"column":38}},"22":{"start":{"line":76,"column":22},"end":{"line":76,"column":61}},"23":{"start":{"line":78,"column":31},"end":{"line":78,"column":68}},"24":{"start":{"line":79,"column":12},"end":{"line":84,"column":13}},"25":{"start":{"line":80,"column":16},"end":{"line":83,"column":19}},"26":{"start":{"line":86,"column":36},"end":{"line":86,"column":97}},"27":{"start":{"line":87,"column":12},"end":{"line":91,"column":15}},"28":{"start":{"line":94,"column":12},"end":{"line":97,"column":15}},"29":{"start":{"line":103,"column":8},"end":{"line":117,"column":9}},"30":{"start":{"line":104,"column":26},"end":{"line":104,"column":39}},"31":{"start":{"line":105,"column":24},"end":{"line":105,"column":63}},"32":{"start":{"line":106,"column":27},"end":{"line":106,"column":71}},"33":{"start":{"line":107,"column":12},"end":{"line":111,"column":15}},"34":{"start":{"line":113,"column":12},"end":{"line":116,"column":15}},"35":{"start":{"line":8,"column":0},"end":{"line":8,"column":13}}},"fnMap":{"0":{"name":"(anonymous_1)","decl":{"start":{"line":9,"column":4},"end":{"line":9,"column":9}},"loc":{"start":{"line":9,"column":52},"end":{"line":33,"column":5}}},"1":{"name":"(anonymous_2)","decl":{"start":{"line":35,"column":4},"end":{"line":35,"column":9}},"loc":{"start":{"line":35,"column":54},"end":{"line":51,"column":5}}},"2":{"name":"(anonymous_3)","decl":{"start":{"line":53,"column":4},"end":{"line":53,"column":9}},"loc":{"start":{"line":53,"column":53},"end":{"line":71,"column":5}}},"3":{"name":"(anonymous_4)","decl":{"start":{"line":73,"column":4},"end":{"line":73,"column":9}},"loc":{"start":{"line":73,"column":52},"end":{"line":100,"column":5}}},"4":{"name":"(anonymous_5)","decl":{"start":{"line":102,"column":5},"end":{"line":102,"column":10}},"loc":{"start":{"line":102,"column":53},"end":{"line":118,"column":5}}}},"branchMap":{"0":{"loc":{"start":{"line":12,"column":12},"end":{"line":17,"column":13}},"type":"if","locations":[{"start":{"line":12,"column":12},"end":{"line":17,"column":13}},{"start":{},"end":{}}]},"1":{"loc":{"start":{"line":27,"column":30},"end":{"line":27,"column":53}},"type":"binary-expr","locations":[{"start":{"line":27,"column":30},"end":{"line":27,"column":46}},{"start":{"line":27,"column":50},"end":{"line":27,"column":53}}]},"2":{"loc":{"start":{"line":29,"column":25},"end":{"line":29,"column":65}},"type":"binary-expr","locations":[{"start":{"line":29,"column":25},"end":{"line":29,"column":38}},{"start":{"line":29,"column":42},"end":{"line":29,"column":65}}]},"3":{"loc":{"start":{"line":46,"column":31},"end":{"line":46,"column":54}},"type":"binary-expr","locations":[{"start":{"line":46,"column":31},"end":{"line":46,"column":47}},{"start":{"line":46,"column":51},"end":{"line":46,"column":54}}]},"4":{"loc":{"start":{"line":48,"column":25},"end":{"line":48,"column":65}},"type":"binary-expr","locations":[{"start":{"line":48,"column":25},"end":{"line":48,"column":38}},{"start":{"line":48,"column":42},"end":{"line":48,"column":65}}]},"5":{"loc":{"start":{"line":55,"column":19},"end":{"line":55,"column":82}},"type":"cond-expr","locations":[{"start":{"line":55,"column":50},"end":{"line":55,"column":66}},{"start":{"line":55,"column":69},"end":{"line":55,"column":82}}]},"6":{"loc":{"start":{"line":64,"column":30},"end":{"line":64,"column":53}},"type":"binary-expr","locations":[{"start":{"line":64,"column":30},"end":{"line":64,"column":46}},{"start":{"line":64,"column":50},"end":{"line":64,"column":53}}]},"7":{"loc":{"start":{"line":66,"column":25},"end":{"line":66,"column":65}},"type":"binary-expr","locations":[{"start":{"line":66,"column":25},"end":{"line":66,"column":38}},{"start":{"line":66,"column":42},"end":{"line":66,"column":65}}]},"8":{"loc":{"start":{"line":76,"column":22},"end":{"line":76,"column":61}},"type":"cond-expr","locations":[{"start":{"line":76,"column":45},"end":{"line":76,"column":53}},{"start":{"line":76,"column":56},"end":{"line":76,"column":61}}]},"9":{"loc":{"start":{"line":79,"column":12},"end":{"line":84,"column":13}},"type":"if","locations":[{"start":{"line":79,"column":12},"end":{"line":84,"column":13}},{"start":{},"end":{}}]},"10":{"loc":{"start":{"line":94,"column":30},"end":{"line":94,"column":53}},"type":"binary-expr","locations":[{"start":{"line":94,"column":30},"end":{"line":94,"column":46}},{"start":{"line":94,"column":50},"end":{"line":94,"column":53}}]},"11":{"loc":{"start":{"line":96,"column":25},"end":{"line":96,"column":68}},"type":"binary-expr","locations":[{"start":{"line":96,"column":25},"end":{"line":96,"column":38}},{"start":{"line":96,"column":42},"end":{"line":96,"column":68}}]},"12":{"loc":{"start":{"line":105,"column":24},"end":{"line":105,"column":63}},"type":"cond-expr","locations":[{"start":{"line":105,"column":47},"end":{"line":105,"column":55}},{"start":{"line":105,"column":58},"end":{"line":105,"column":63}}]},"13":{"loc":{"start":{"line":113,"column":30},"end":{"line":113,"column":53}},"type":"binary-expr","locations":[{"start":{"line":113,"column":30},"end":{"line":113,"column":46}},{"start":{"line":113,"column":50},"end":{"line":113,"column":53}}]},"14":{"loc":{"start":{"line":115,"column":25},"end":{"line":115,"column":65}},"type":"binary-expr","locations":[{"start":{"line":115,"column":25},"end":{"line":115,"column":38}},{"start":{"line":115,"column":42},"end":{"line":115,"column":65}}]}},"s":{"0":11,"1":11,"2":11,"3":11,"4":1,"5":1,"6":1,"7":0,"8":1,"9":1,"10":0,"11":1,"12":1,"13":1,"14":0,"15":1,"16":1,"17":1,"18":1,"19":0,"20":0,"21":0,"22":0,"23":0,"24":0,"25":0,"26":0,"27":0,"28":0,"29":1,"30":1,"31":1,"32":1,"33":1,"34":0,"35":11},"f":{"0":1,"1":1,"2":1,"3":0,"4":1},"b":{"0":[0,1],"1":[0,0],"2":[0,0],"3":[0,0],"4":[0,0],"5":[0,1],"6":[0,0],"7":[0,0],"8":[0,0],"9":[0,0],"10":[0,0],"11":[0,0],"12":[0,1],"13":[0,0],"14":[0,0]}}
,"C:\\Users\\LOQ\\Desktop\\hamro_deal_backend\\backend\\src\\controllers\\conversation.controller.ts": {"path":"C:\\Users\\LOQ\\Desktop\\hamro_deal_backend\\backend\\src\\controllers\\conversation.controller.ts","statementMap":{"0":{"start":{"line":1,"column":0},"end":{"line":1,"column":71}},"1":{"start":{"line":3,"column":0},"end":{"line":3,"column":70}},"2":{"start":{"line":4,"column":28},"end":{"line":4,"column":53}},"3":{"start":{"line":8,"column":8},"end":{"line":44,"column":9}},"4":{"start":{"line":9,"column":27},"end":{"line":9,"column":51}},"5":{"start":{"line":10,"column":12},"end":{"line":15,"column":13}},"6":{"start":{"line":11,"column":16},"end":{"line":14,"column":19}},"7":{"start":{"line":18,"column":31},"end":{"line":18,"column":75}},"8":{"start":{"line":19,"column":12},"end":{"line":25,"column":13}},"9":{"start":{"line":20,"column":16},"end":{"line":24,"column":19}},"10":{"start":{"line":27,"column":34},"end":{"line":27,"column":49}},"11":{"start":{"line":29,"column":33},"end":{"line":31,"column":null}},"12":{"start":{"line":34,"column":12},"end":{"line":38,"column":15}},"13":{"start":{"line":40,"column":12},"end":{"line":43,"column":15}},"14":{"start":{"line":48,"column":8},"end":{"line":73,"column":9}},"15":{"start":{"line":49,"column":27},"end":{"line":49,"column":51}},"16":{"start":{"line":50,"column":12},"end":{"line":55,"column":13}},"17":{"start":{"line":51,"column":16},"end":{"line":54,"column":19}},"18":{"start":{"line":56,"column":34},"end":{"line":56,"column":47}},"19":{"start":{"line":58,"column":33},"end":{"line":60,"column":null}},"20":{"start":{"line":63,"column":12},"end":{"line":67,"column":null}},"21":{"start":{"line":69,"column":12},"end":{"line":72,"column":null}},"22":{"start":{"line":77,"column":8},"end":{"line":105,"column":9}},"23":{"start":{"line":78,"column":27},"end":{"line":78,"column":51}},"24":{"start":{"line":79,"column":12},"end":{"line":84,"column":13}},"25":{"start":{"line":80,"column":16},"end":{"line":83,"column":19}},"26":{"start":{"line":86,"column":25},"end":{"line":86,"column":64}},"27":{"start":{"line":87,"column":25},"end":{"line":87,"column":65}},"28":{"start":{"line":89,"column":27},"end":{"line":92,"column":null}},"29":{"start":{"line":95,"column":12},"end":{"line":99,"column":15}},"30":{"start":{"line":101,"column":12},"end":{"line":104,"column":15}},"31":{"start":{"line":109,"column":8},"end":{"line":131,"column":9}},"32":{"start":{"line":110,"column":27},"end":{"line":110,"column":51}},"33":{"start":{"line":111,"column":12},"end":{"line":116,"column":13}},"34":{"start":{"line":112,"column":16},"end":{"line":115,"column":19}},"35":{"start":{"line":118,"column":35},"end":{"line":118,"column":48}},"36":{"start":{"line":120,"column":12},"end":{"line":120,"column":81}},"37":{"start":{"line":122,"column":12},"end":{"line":125,"column":15}},"38":{"start":{"line":127,"column":12},"end":{"line":130,"column":15}},"39":{"start":{"line":135,"column":8},"end":{"line":156,"column":5}},"40":{"start":{"line":136,"column":27},"end":{"line":136,"column":51}},"41":{"start":{"line":137,"column":12},"end":{"line":142,"column":13}},"42":{"start":{"line":138,"column":16},"end":{"line":141,"column":19}},"43":{"start":{"line":144,"column":35},"end":{"line":144,"column":48}},"44":{"start":{"line":146,"column":12},"end":{"line":146,"column":79}},"45":{"start":{"line":147,"column":12},"end":{"line":150,"column":9}},"46":{"start":{"line":152,"column":6},"end":{"line":155,"column":9}},"47":{"start":{"line":6,"column":0},"end":{"line":6,"column":13}}},"fnMap":{"0":{"name":"(anonymous_0)","decl":{"start":{"line":7,"column":4},"end":{"line":7,"column":9}},"loc":{"start":{"line":7,"column":61},"end":{"line":45,"column":5}}},"1":{"name":"(anonymous_1)","decl":{"start":{"line":47,"column":4},"end":{"line":47,"column":9}},"loc":{"start":{"line":47,"column":71},"end":{"line":74,"column":5}}},"2":{"name":"(anonymous_2)","decl":{"start":{"line":76,"column":4},"end":{"line":76,"column":9}},"loc":{"start":{"line":76,"column":58},"end":{"line":106,"column":5}}},"3":{"name":"(anonymous_3)","decl":{"start":{"line":108,"column":4},"end":{"line":108,"column":9}},"loc":{"start":{"line":108,"column":70},"end":{"line":132,"column":5}}},"4":{"name":"(anonymous_4)","decl":{"start":{"line":134,"column":4},"end":{"line":134,"column":9}},"loc":{"start":{"line":134,"column":68},"end":{"line":157,"column":5}}}},"branchMap":{"0":{"loc":{"start":{"line":10,"column":12},"end":{"line":15,"column":13}},"type":"if","locations":[{"start":{"line":10,"column":12},"end":{"line":15,"column":13}},{"start":{},"end":{}}]},"1":{"loc":{"start":{"line":19,"column":12},"end":{"line":25,"column":13}},"type":"if","locations":[{"start":{"line":19,"column":12},"end":{"line":25,"column":13}},{"start":{},"end":{}}]},"2":{"loc":{"start":{"line":40,"column":30},"end":{"line":40,"column":53}},"type":"binary-expr","locations":[{"start":{"line":40,"column":30},"end":{"line":40,"column":46}},{"start":{"line":40,"column":50},"end":{"line":40,"column":53}}]},"3":{"loc":{"start":{"line":42,"column":25},"end":{"line":42,"column":73}},"type":"binary-expr","locations":[{"start":{"line":42,"column":25},"end":{"line":42,"column":38}},{"start":{"line":42,"column":42},"end":{"line":42,"column":73}}]},"4":{"loc":{"start":{"line":50,"column":12},"end":{"line":55,"column":13}},"type":"if","locations":[{"start":{"line":50,"column":12},"end":{"line":55,"column":13}},{"start":{},"end":{}}]},"5":{"loc":{"start":{"line":69,"column":30},"end":{"line":69,"column":53}},"type":"binary-expr","locations":[{"start":{"line":69,"column":30},"end":{"line":69,"column":46}},{"start":{"line":69,"column":50},"end":{"line":69,"column":53}}]},"6":{"loc":{"start":{"line":71,"column":25},"end":{"line":71,"column":70}},"type":"binary-expr","locations":[{"start":{"line":71,"column":25},"end":{"line":71,"column":38}},{"start":{"line":71,"column":42},"end":{"line":71,"column":70}}]},"7":{"loc":{"start":{"line":79,"column":12},"end":{"line":84,"column":13}},"type":"if","locations":[{"start":{"line":79,"column":12},"end":{"line":84,"column":13}},{"start":{},"end":{}}]},"8":{"loc":{"start":{"line":86,"column":25},"end":{"line":86,"column":64}},"type":"binary-expr","locations":[{"start":{"line":86,"column":25},"end":{"line":86,"column":59}},{"start":{"line":86,"column":63},"end":{"line":86,"column":64}}]},"9":{"loc":{"start":{"line":87,"column":25},"end":{"line":87,"column":65}},"type":"binary-expr","locations":[{"start":{"line":87,"column":25},"end":{"line":87,"column":59}},{"start":{"line":87,"column":63},"end":{"line":87,"column":65}}]},"10":{"loc":{"start":{"line":101,"column":30},"end":{"line":101,"column":53}},"type":"binary-expr","locations":[{"start":{"line":101,"column":30},"end":{"line":101,"column":46}},{"start":{"line":101,"column":50},"end":{"line":101,"column":53}}]},"11":{"loc":{"start":{"line":103,"column":25},"end":{"line":103,"column":71}},"type":"binary-expr","locations":[{"start":{"line":103,"column":25},"end":{"line":103,"column":38}},{"start":{"line":103,"column":42},"end":{"line":103,"column":71}}]},"12":{"loc":{"start":{"line":111,"column":12},"end":{"line":116,"column":13}},"type":"if","locations":[{"start":{"line":111,"column":12},"end":{"line":116,"column":13}},{"start":{},"end":{}}]},"13":{"loc":{"start":{"line":127,"column":30},"end":{"line":127,"column":53}},"type":"binary-expr","locations":[{"start":{"line":127,"column":30},"end":{"line":127,"column":46}},{"start":{"line":127,"column":50},"end":{"line":127,"column":53}}]},"14":{"loc":{"start":{"line":129,"column":25},"end":{"line":129,"column":72}},"type":"binary-expr","locations":[{"start":{"line":129,"column":25},"end":{"line":129,"column":38}},{"start":{"line":129,"column":41},"end":{"line":129,"column":72}}]},"15":{"loc":{"start":{"line":137,"column":12},"end":{"line":142,"column":13}},"type":"if","locations":[{"start":{"line":137,"column":12},"end":{"line":142,"column":13}},{"start":{},"end":{}}]},"16":{"loc":{"start":{"line":152,"column":24},"end":{"line":152,"column":47}},"type":"binary-expr","locations":[{"start":{"line":152,"column":24},"end":{"line":152,"column":40}},{"start":{"line":152,"column":44},"end":{"line":152,"column":47}}]},"17":{"loc":{"start":{"line":154,"column":17},"end":{"line":154,"column":64}},"type":"binary-expr","locations":[{"start":{"line":154,"column":17},"end":{"line":154,"column":30}},{"start":{"line":154,"column":34},"end":{"line":154,"column":64}}]}},"s":{"0":11,"1":11,"2":11,"3":0,"4":0,"5":0,"6":0,"7":0,"8":0,"9":0,"10":0,"11":0,"12":0,"13":0,"14":0,"15":0,"16":0,"17":0,"18":0,"19":0,"20":0,"21":0,"22":0,"23":0,"24":0,"25":0,"26":0,"27":0,"28":0,"29":0,"30":0,"31":0,"32":0,"33":0,"34":0,"35":0,"36":0,"37":0,"38":0,"39":0,"40":0,"41":0,"42":0,"43":0,"44":0,"45":0,"46":0,"47":11},"f":{"0":0,"1":0,"2":0,"3":0,"4":0},"b":{"0":[0,0],"1":[0,0],"2":[0,0],"3":[0,0],"4":[0,0],"5":[0,0],"6":[0,0],"7":[0,0],"8":[0,0],"9":[0,0],"10":[0,0],"11":[0,0],"12":[0,0],"13":[0,0],"14":[0,0],"15":[0,0],"16":[0,0],"17":[0,0]}}
,"C:\\Users\\LOQ\\Desktop\\hamro_deal_backend\\backend\\src\\controllers\\message.controller.ts": {"path":"C:\\Users\\LOQ\\Desktop\\hamro_deal_backend\\backend\\src\\controllers\\message.controller.ts","statementMap":{"0":{"start":{"line":2,"column":0},"end":{"line":2,"column":61}},"1":{"start":{"line":4,"column":0},"end":{"line":4,"column":58}},"2":{"start":{"line":5,"column":23},"end":{"line":5,"column":43}},"3":{"start":{"line":9,"column":8},"end":{"line":44,"column":9}},"4":{"start":{"line":10,"column":27},"end":{"line":10,"column":51}},"5":{"start":{"line":11,"column":12},"end":{"line":16,"column":13}},"6":{"start":{"line":12,"column":16},"end":{"line":15,"column":19}},"7":{"start":{"line":19,"column":31},"end":{"line":19,"column":68}},"8":{"start":{"line":20,"column":16},"end":{"line":27,"column":17}},"9":{"start":{"line":21,"column":20},"end":{"line":26,"column":23}},"10":{"start":{"line":29,"column":32},"end":{"line":29,"column":89}},"11":{"start":{"line":31,"column":16},"end":{"line":35,"column":19}},"12":{"start":{"line":40,"column":12},"end":{"line":43,"column":15}},"13":{"start":{"line":50,"column":8},"end":{"line":81,"column":5}},"14":{"start":{"line":51,"column":27},"end":{"line":51,"column":51}},"15":{"start":{"line":52,"column":12},"end":{"line":57,"column":13}},"16":{"start":{"line":53,"column":16},"end":{"line":56,"column":null}},"17":{"start":{"line":59,"column":35},"end":{"line":59,"column":68}},"18":{"start":{"line":60,"column":25},"end":{"line":60,"column":62}},"19":{"start":{"line":61,"column":25},"end":{"line":61,"column":63}},"20":{"start":{"line":63,"column":27},"end":{"line":67,"column":null}},"21":{"start":{"line":70,"column":12},"end":{"line":74,"column":9}},"22":{"start":{"line":77,"column":6},"end":{"line":80,"column":9}},"23":{"start":{"line":85,"column":8},"end":{"line":107,"column":5}},"24":{"start":{"line":86,"column":27},"end":{"line":86,"column":51}},"25":{"start":{"line":87,"column":12},"end":{"line":92,"column":13}},"26":{"start":{"line":88,"column":16},"end":{"line":91,"column":19}},"27":{"start":{"line":94,"column":31},"end":{"line":94,"column":44}},"28":{"start":{"line":96,"column":12},"end":{"line":96,"column":66}},"29":{"start":{"line":98,"column":12},"end":{"line":101,"column":15}},"30":{"start":{"line":103,"column":6},"end":{"line":106,"column":9}},"31":{"start":{"line":111,"column":8},"end":{"line":133,"column":9}},"32":{"start":{"line":112,"column":28},"end":{"line":112,"column":52}},"33":{"start":{"line":113,"column":12},"end":{"line":118,"column":13}},"34":{"start":{"line":114,"column":16},"end":{"line":117,"column":19}},"35":{"start":{"line":120,"column":35},"end":{"line":120,"column":48}},"36":{"start":{"line":122,"column":12},"end":{"line":122,"column":68}},"37":{"start":{"line":124,"column":12},"end":{"line":127,"column":null}},"38":{"start":{"line":129,"column":16},"end":{"line":132,"column":null}},"39":{"start":{"line":7,"column":0},"end":{"line":7,"column":13}}},"fnMap":{"0":{"name":"(anonymous_0)","decl":{"start":{"line":8,"column":4},"end":{"line":8,"column":9}},"loc":{"start":{"line":8,"column":49},"end":{"line":47,"column":5}}},"1":{"name":"(anonymous_1)","decl":{"start":{"line":49,"column":4},"end":{"line":49,"column":9}},"loc":{"start":{"line":49,"column":75},"end":{"line":82,"column":5}}},"2":{"name":"(anonymous_2)","decl":{"start":{"line":84,"column":4},"end":{"line":84,"column":9}},"loc":{"start":{"line":84,"column":66},"end":{"line":108,"column":5}}},"3":{"name":"(anonymous_3)","decl":{"start":{"line":110,"column":4},"end":{"line":110,"column":9}},"loc":{"start":{"line":110,"column":62},"end":{"line":135,"column":5}}}},"branchMap":{"0":{"loc":{"start":{"line":11,"column":12},"end":{"line":16,"column":13}},"type":"if","locations":[{"start":{"line":11,"column":12},"end":{"line":16,"column":13}},{"start":{},"end":{}}]},"1":{"loc":{"start":{"line":20,"column":16},"end":{"line":27,"column":17}},"type":"if","locations":[{"start":{"line":20,"column":16},"end":{"line":27,"column":17}},{"start":{},"end":{}}]},"2":{"loc":{"start":{"line":40,"column":30},"end":{"line":40,"column":53}},"type":"binary-expr","locations":[{"start":{"line":40,"column":30},"end":{"line":40,"column":46}},{"start":{"line":40,"column":50},"end":{"line":40,"column":53}}]},"3":{"loc":{"start":{"line":42,"column":25},"end":{"line":42,"column":66}},"type":"binary-expr","locations":[{"start":{"line":42,"column":25},"end":{"line":42,"column":38}},{"start":{"line":42,"column":42},"end":{"line":42,"column":66}}]},"4":{"loc":{"start":{"line":52,"column":12},"end":{"line":57,"column":13}},"type":"if","locations":[{"start":{"line":52,"column":12},"end":{"line":57,"column":13}},{"start":{},"end":{}}]},"5":{"loc":{"start":{"line":60,"column":25},"end":{"line":60,"column":62}},"type":"binary-expr","locations":[{"start":{"line":60,"column":25},"end":{"line":60,"column":57}},{"start":{"line":60,"column":61},"end":{"line":60,"column":62}}]},"6":{"loc":{"start":{"line":61,"column":25},"end":{"line":61,"column":63}},"type":"binary-expr","locations":[{"start":{"line":61,"column":25},"end":{"line":61,"column":57}},{"start":{"line":61,"column":61},"end":{"line":61,"column":63}}]},"7":{"loc":{"start":{"line":77,"column":24},"end":{"line":77,"column":47}},"type":"binary-expr","locations":[{"start":{"line":77,"column":24},"end":{"line":77,"column":40}},{"start":{"line":77,"column":44},"end":{"line":77,"column":47}}]},"8":{"loc":{"start":{"line":79,"column":17},"end":{"line":79,"column":58}},"type":"binary-expr","locations":[{"start":{"line":79,"column":17},"end":{"line":79,"column":30}},{"start":{"line":79,"column":34},"end":{"line":79,"column":58}}]},"9":{"loc":{"start":{"line":87,"column":12},"end":{"line":92,"column":13}},"type":"if","locations":[{"start":{"line":87,"column":12},"end":{"line":92,"column":13}},{"start":{},"end":{}}]},"10":{"loc":{"start":{"line":103,"column":24},"end":{"line":103,"column":47}},"type":"binary-expr","locations":[{"start":{"line":103,"column":24},"end":{"line":103,"column":40}},{"start":{"line":103,"column":44},"end":{"line":103,"column":47}}]},"11":{"loc":{"start":{"line":105,"column":17},"end":{"line":105,"column":60}},"type":"binary-expr","locations":[{"start":{"line":105,"column":17},"end":{"line":105,"column":30}},{"start":{"line":105,"column":34},"end":{"line":105,"column":60}}]},"12":{"loc":{"start":{"line":113,"column":12},"end":{"line":118,"column":13}},"type":"if","locations":[{"start":{"line":113,"column":12},"end":{"line":118,"column":13}},{"start":{},"end":{}}]},"13":{"loc":{"start":{"line":129,"column":34},"end":{"line":129,"column":57}},"type":"binary-expr","locations":[{"start":{"line":129,"column":34},"end":{"line":129,"column":50}},{"start":{"line":129,"column":54},"end":{"line":129,"column":57}}]},"14":{"loc":{"start":{"line":131,"column":29},"end":{"line":131,"column":79}},"type":"binary-expr","locations":[{"start":{"line":131,"column":29},"end":{"line":131,"column":42}},{"start":{"line":131,"column":46},"end":{"line":131,"column":79}}]}},"s":{"0":11,"1":11,"2":11,"3":10,"4":10,"5":10,"6":0,"7":10,"8":10,"9":3,"10":7,"11":3,"12":4,"13":4,"14":4,"15":4,"16":0,"17":4,"18":4,"19":4,"20":4,"21":2,"22":2,"23":9,"24":9,"25":9,"26":0,"27":9,"28":9,"29":1,"30":8,"31":2,"32":2,"33":2,"34":0,"35":2,"36":2,"37":1,"38":1,"39":11},"f":{"0":10,"1":4,"2":9,"3":2},"b":{"0":[0,10],"1":[3,7],"2":[4,0],"3":[4,0],"4":[0,4],"5":[4,3],"6":[4,3],"7":[2,0],"8":[2,0],"9":[0,9],"10":[8,0],"11":[8,0],"12":[0,2],"13":[1,0],"14":[1,0]}}
,"C:\\Users\\LOQ\\Desktop\\hamro_deal_backend\\backend\\src\\controllers\\notification.controller.ts": {"path":"C:\\Users\\LOQ\\Desktop\\hamro_deal_backend\\backend\\src\\controllers\\notification.controller.ts","statementMap":{"0":{"start":{"line":2,"column":0},"end":{"line":2,"column":71}},"1":{"start":{"line":4,"column":28},"end":{"line":4,"column":53}},"2":{"start":{"line":8,"column":4},"end":{"line":25,"column":5}},"3":{"start":{"line":9,"column":21},"end":{"line":9,"column":45}},"4":{"start":{"line":10,"column":19},"end":{"line":10,"column":58}},"5":{"start":{"line":11,"column":19},"end":{"line":11,"column":59}},"6":{"start":{"line":13,"column":21},"end":{"line":13,"column":87}},"7":{"start":{"line":15,"column":6},"end":{"line":19,"column":9}},"8":{"start":{"line":21,"column":6},"end":{"line":24,"column":9}},"9":{"start":{"line":29,"column":4},"end":{"line":42,"column":5}},"10":{"start":{"line":30,"column":21},"end":{"line":30,"column":45}},"11":{"start":{"line":31,"column":20},"end":{"line":31,"column":69}},"12":{"start":{"line":33,"column":6},"end":{"line":36,"column":9}},"13":{"start":{"line":38,"column":6},"end":{"line":41,"column":9}},"14":{"start":{"line":46,"column":4},"end":{"line":62,"column":5}},"15":{"start":{"line":47,"column":21},"end":{"line":47,"column":45}},"16":{"start":{"line":48,"column":29},"end":{"line":48,"column":42}},"17":{"start":{"line":50,"column":27},"end":{"line":50,"column":88}},"18":{"start":{"line":52,"column":6},"end":{"line":56,"column":9}},"19":{"start":{"line":58,"column":6},"end":{"line":61,"column":9}},"20":{"start":{"line":66,"column":4},"end":{"line":80,"column":5}},"21":{"start":{"line":67,"column":21},"end":{"line":67,"column":45}},"22":{"start":{"line":68,"column":20},"end":{"line":68,"column":68}},"23":{"start":{"line":70,"column":6},"end":{"line":74,"column":9}},"24":{"start":{"line":76,"column":6},"end":{"line":79,"column":9}},"25":{"start":{"line":84,"column":4},"end":{"line":99,"column":5}},"26":{"start":{"line":85,"column":21},"end":{"line":85,"column":45}},"27":{"start":{"line":86,"column":29},"end":{"line":86,"column":42}},"28":{"start":{"line":88,"column":6},"end":{"line":88,"column":76}},"29":{"start":{"line":90,"column":6},"end":{"line":93,"column":9}},"30":{"start":{"line":95,"column":6},"end":{"line":98,"column":9}},"31":{"start":{"line":103,"column":4},"end":{"line":117,"column":5}},"32":{"start":{"line":104,"column":21},"end":{"line":104,"column":45}},"33":{"start":{"line":105,"column":20},"end":{"line":105,"column":77}},"34":{"start":{"line":107,"column":6},"end":{"line":111,"column":9}},"35":{"start":{"line":113,"column":6},"end":{"line":116,"column":9}},"36":{"start":{"line":6,"column":0},"end":{"line":6,"column":13}}},"fnMap":{"0":{"name":"(anonymous_0)","decl":{"start":{"line":7,"column":2},"end":{"line":7,"column":7}},"loc":{"start":{"line":7,"column":54},"end":{"line":26,"column":3}}},"1":{"name":"(anonymous_1)","decl":{"start":{"line":28,"column":2},"end":{"line":28,"column":7}},"loc":{"start":{"line":28,"column":50},"end":{"line":43,"column":3}}},"2":{"name":"(anonymous_2)","decl":{"start":{"line":45,"column":2},"end":{"line":45,"column":7}},"loc":{"start":{"line":45,"column":62},"end":{"line":63,"column":3}}},"3":{"name":"(anonymous_3)","decl":{"start":{"line":65,"column":2},"end":{"line":65,"column":7}},"loc":{"start":{"line":65,"column":49},"end":{"line":81,"column":3}}},"4":{"name":"(anonymous_4)","decl":{"start":{"line":83,"column":2},"end":{"line":83,"column":7}},"loc":{"start":{"line":83,"column":70},"end":{"line":100,"column":3}}},"5":{"name":"(anonymous_5)","decl":{"start":{"line":102,"column":2},"end":{"line":102,"column":7}},"loc":{"start":{"line":102,"column":58},"end":{"line":118,"column":3}}}},"branchMap":{"0":{"loc":{"start":{"line":10,"column":19},"end":{"line":10,"column":58}},"type":"binary-expr","locations":[{"start":{"line":10,"column":19},"end":{"line":10,"column":53}},{"start":{"line":10,"column":57},"end":{"line":10,"column":58}}]},"1":{"loc":{"start":{"line":11,"column":19},"end":{"line":11,"column":59}},"type":"binary-expr","locations":[{"start":{"line":11,"column":19},"end":{"line":11,"column":53}},{"start":{"line":11,"column":57},"end":{"line":11,"column":59}}]},"2":{"loc":{"start":{"line":21,"column":24},"end":{"line":21,"column":47}},"type":"binary-expr","locations":[{"start":{"line":21,"column":24},"end":{"line":21,"column":40}},{"start":{"line":21,"column":44},"end":{"line":21,"column":47}}]},"3":{"loc":{"start":{"line":38,"column":24},"end":{"line":38,"column":47}},"type":"binary-expr","locations":[{"start":{"line":38,"column":24},"end":{"line":38,"column":40}},{"start":{"line":38,"column":44},"end":{"line":38,"column":47}}]},"4":{"loc":{"start":{"line":58,"column":24},"end":{"line":58,"column":47}},"type":"binary-expr","locations":[{"start":{"line":58,"column":24},"end":{"line":58,"column":40}},{"start":{"line":58,"column":44},"end":{"line":58,"column":47}}]},"5":{"loc":{"start":{"line":76,"column":24},"end":{"line":76,"column":47}},"type":"binary-expr","locations":[{"start":{"line":76,"column":24},"end":{"line":76,"column":40}},{"start":{"line":76,"column":44},"end":{"line":76,"column":47}}]},"6":{"loc":{"start":{"line":95,"column":24},"end":{"line":95,"column":47}},"type":"binary-expr","locations":[{"start":{"line":95,"column":24},"end":{"line":95,"column":40}},{"start":{"line":95,"column":44},"end":{"line":95,"column":47}}]},"7":{"loc":{"start":{"line":113,"column":24},"end":{"line":113,"column":47}},"type":"binary-expr","locations":[{"start":{"line":113,"column":24},"end":{"line":113,"column":40}},{"start":{"line":113,"column":44},"end":{"line":113,"column":47}}]}},"s":{"0":11,"1":11,"2":0,"3":0,"4":0,"5":0,"6":0,"7":0,"8":0,"9":0,"10":0,"11":0,"12":0,"13":0,"14":0,"15":0,"16":0,"17":0,"18":0,"19":0,"20":0,"21":0,"22":0,"23":0,"24":0,"25":0,"26":0,"27":0,"28":0,"29":0,"30":0,"31":0,"32":0,"33":0,"34":0,"35":0,"36":11},"f":{"0":0,"1":0,"2":0,"3":0,"4":0,"5":0},"b":{"0":[0,0],"1":[0,0],"2":[0,0],"3":[0,0],"4":[0,0],"5":[0,0],"6":[0,0],"7":[0,0]}}
,"C:\\Users\\LOQ\\Desktop\\hamro_deal_backend\\backend\\src\\controllers\\order.controller.ts": {"path":"C:\\Users\\LOQ\\Desktop\\hamro_deal_backend\\backend\\src\\controllers\\order.controller.ts","statementMap":{"0":{"start":{"line":1,"column":0},"end":{"line":1,"column":88}},"1":{"start":{"line":2,"column":0},"end":{"line":2,"column":57}},"2":{"start":{"line":4,"column":21},"end":{"line":4,"column":39}},"3":{"start":{"line":8,"column":8},"end":{"line":44,"column":9}},"4":{"start":{"line":9,"column":12},"end":{"line":9,"column":94}},"5":{"start":{"line":11,"column":31},"end":{"line":11,"column":65}},"6":{"start":{"line":13,"column":12},"end":{"line":20,"column":13}},"7":{"start":{"line":14,"column":16},"end":{"line":14,"column":70}},"8":{"start":{"line":15,"column":16},"end":{"line":19,"column":19}},"9":{"start":{"line":22,"column":27},"end":{"line":22,"column":40}},"10":{"start":{"line":23,"column":12},"end":{"line":23,"column":47}},"11":{"start":{"line":25,"column":30},"end":{"line":28,"column":14}},"12":{"start":{"line":30,"column":12},"end":{"line":30,"column":90}},"13":{"start":{"line":32,"column":26},"end":{"line":32,"column":67}},"14":{"start":{"line":34,"column":12},"end":{"line":38,"column":15}},"15":{"start":{"line":40,"column":12},"end":{"line":43,"column":15}},"16":{"start":{"line":48,"column":8},"end":{"line":62,"column":9}},"17":{"start":{"line":49,"column":28},"end":{"line":49,"column":41}},"18":{"start":{"line":50,"column":26},"end":{"line":50,"column":66}},"19":{"start":{"line":52,"column":12},"end":{"line":56,"column":15}},"20":{"start":{"line":58,"column":12},"end":{"line":61,"column":15}},"21":{"start":{"line":67,"column":8},"end":{"line":102,"column":9}},"22":{"start":{"line":68,"column":32},"end":{"line":68,"column":66}},"23":{"start":{"line":70,"column":12},"end":{"line":76,"column":13}},"24":{"start":{"line":71,"column":16},"end":{"line":75,"column":19}},"25":{"start":{"line":78,"column":27},"end":{"line":78,"column":40}},"26":{"start":{"line":79,"column":35},"end":{"line":79,"column":51}},"27":{"start":{"line":81,"column":32},"end":{"line":81,"column":57}},"28":{"start":{"line":82,"column":29},"end":{"line":82,"column":55}},"29":{"start":{"line":84,"column":43},"end":{"line":87,"column":null}},"30":{"start":{"line":90,"column":12},"end":{"line":95,"column":15}},"31":{"start":{"line":97,"column":12},"end":{"line":100,"column":15}},"32":{"start":{"line":107,"column":8},"end":{"line":143,"column":9}},"33":{"start":{"line":108,"column":32},"end":{"line":108,"column":66}},"34":{"start":{"line":110,"column":12},"end":{"line":116,"column":13}},"35":{"start":{"line":111,"column":16},"end":{"line":115,"column":19}},"36":{"start":{"line":118,"column":29},"end":{"line":118,"column":42}},"37":{"start":{"line":119,"column":35},"end":{"line":119,"column":51}},"38":{"start":{"line":121,"column":32},"end":{"line":121,"column":57}},"39":{"start":{"line":122,"column":29},"end":{"line":122,"column":55}},"40":{"start":{"line":124,"column":43},"end":{"line":127,"column":null}},"41":{"start":{"line":129,"column":12},"end":{"line":134,"column":15}},"42":{"start":{"line":139,"column":12},"end":{"line":142,"column":15}},"43":{"start":{"line":147,"column":8},"end":{"line":183,"column":9}},"44":{"start":{"line":148,"column":32},"end":{"line":148,"column":66}},"45":{"start":{"line":150,"column":12},"end":{"line":156,"column":13}},"46":{"start":{"line":151,"column":16},"end":{"line":155,"column":19}},"47":{"start":{"line":158,"column":43},"end":{"line":158,"column":59}},"48":{"start":{"line":160,"column":32},"end":{"line":160,"column":57}},"49":{"start":{"line":161,"column":29},"end":{"line":161,"column":55}},"50":{"start":{"line":163,"column":43},"end":{"line":166,"column":null}},"51":{"start":{"line":170,"column":12},"end":{"line":175,"column":15}},"52":{"start":{"line":179,"column":12},"end":{"line":182,"column":15}},"53":{"start":{"line":187,"column":8},"end":{"line":223,"column":9}},"54":{"start":{"line":188,"column":31},"end":{"line":188,"column":71}},"55":{"start":{"line":190,"column":12},"end":{"line":196,"column":13}},"56":{"start":{"line":191,"column":16},"end":{"line":195,"column":19}},"57":{"start":{"line":198,"column":28},"end":{"line":198,"column":41}},"58":{"start":{"line":199,"column":31},"end":{"line":199,"column":46}},"59":{"start":{"line":200,"column":27},"end":{"line":200,"column":40}},"60":{"start":{"line":201,"column":29},"end":{"line":201,"column":43}},"61":{"start":{"line":203,"column":26},"end":{"line":207,"column":null}},"62":{"start":{"line":210,"column":12},"end":{"line":214,"column":null}},"63":{"start":{"line":219,"column":12},"end":{"line":222,"column":15}},"64":{"start":{"line":228,"column":8},"end":{"line":244,"column":9}},"65":{"start":{"line":229,"column":28},"end":{"line":229,"column":41}},"66":{"start":{"line":230,"column":27},"end":{"line":230,"column":40}},"67":{"start":{"line":232,"column":26},"end":{"line":232,"column":85}},"68":{"start":{"line":234,"column":12},"end":{"line":238,"column":15}},"69":{"start":{"line":240,"column":12},"end":{"line":243,"column":15}},"70":{"start":{"line":249,"column":8},"end":{"line":262,"column":9}},"71":{"start":{"line":250,"column":28},"end":{"line":250,"column":41}},"72":{"start":{"line":251,"column":12},"end":{"line":251,"column":52}},"73":{"start":{"line":253,"column":12},"end":{"line":256,"column":15}},"74":{"start":{"line":258,"column":12},"end":{"line":261,"column":15}},"75":{"start":{"line":6,"column":0},"end":{"line":6,"column":13}}},"fnMap":{"0":{"name":"(anonymous_0)","decl":{"start":{"line":7,"column":4},"end":{"line":7,"column":9}},"loc":{"start":{"line":7,"column":49},"end":{"line":45,"column":5}}},"1":{"name":"(anonymous_1)","decl":{"start":{"line":47,"column":4},"end":{"line":47,"column":9}},"loc":{"start":{"line":47,"column":66},"end":{"line":64,"column":5}}},"2":{"name":"(anonymous_2)","decl":{"start":{"line":66,"column":4},"end":{"line":66,"column":9}},"loc":{"start":{"line":66,"column":51},"end":{"line":105,"column":5}}},"3":{"name":"(anonymous_3)","decl":{"start":{"line":106,"column":4},"end":{"line":106,"column":9}},"loc":{"start":{"line":106,"column":53},"end":{"line":144,"column":5}}},"4":{"name":"(anonymous_4)","decl":{"start":{"line":146,"column":4},"end":{"line":146,"column":9}},"loc":{"start":{"line":146,"column":50},"end":{"line":184,"column":5}}},"5":{"name":"(anonymous_5)","decl":{"start":{"line":186,"column":4},"end":{"line":186,"column":9}},"loc":{"start":{"line":186,"column":71},"end":{"line":225,"column":5}}},"6":{"name":"(anonymous_6)","decl":{"start":{"line":227,"column":4},"end":{"line":227,"column":9}},"loc":{"start":{"line":227,"column":65},"end":{"line":246,"column":5}}},"7":{"name":"(anonymous_7)","decl":{"start":{"line":248,"column":4},"end":{"line":248,"column":9}},"loc":{"start":{"line":248,"column":65},"end":{"line":263,"column":5}}}},"branchMap":{"0":{"loc":{"start":{"line":13,"column":12},"end":{"line":20,"column":13}},"type":"if","locations":[{"start":{"line":13,"column":12},"end":{"line":20,"column":13}},{"start":{},"end":{}}]},"1":{"loc":{"start":{"line":40,"column":30},"end":{"line":40,"column":51}},"type":"binary-expr","locations":[{"start":{"line":40,"column":30},"end":{"line":40,"column":44}},{"start":{"line":40,"column":48},"end":{"line":40,"column":51}}]},"2":{"loc":{"start":{"line":42,"column":25},"end":{"line":42,"column":63}},"type":"binary-expr","locations":[{"start":{"line":42,"column":25},"end":{"line":42,"column":36}},{"start":{"line":42,"column":40},"end":{"line":42,"column":63}}]},"3":{"loc":{"start":{"line":58,"column":30},"end":{"line":58,"column":51}},"type":"binary-expr","locations":[{"start":{"line":58,"column":30},"end":{"line":58,"column":44}},{"start":{"line":58,"column":48},"end":{"line":58,"column":51}}]},"4":{"loc":{"start":{"line":60,"column":25},"end":{"line":60,"column":63}},"type":"binary-expr","locations":[{"start":{"line":60,"column":25},"end":{"line":60,"column":36}},{"start":{"line":60,"column":40},"end":{"line":60,"column":63}}]},"5":{"loc":{"start":{"line":70,"column":12},"end":{"line":76,"column":13}},"type":"if","locations":[{"start":{"line":70,"column":12},"end":{"line":76,"column":13}},{"start":{},"end":{}}]},"6":{"loc":{"start":{"line":81,"column":32},"end":{"line":81,"column":57}},"type":"cond-expr","locations":[{"start":{"line":81,"column":39},"end":{"line":81,"column":53}},{"start":{"line":81,"column":56},"end":{"line":81,"column":57}}]},"7":{"loc":{"start":{"line":82,"column":29},"end":{"line":82,"column":55}},"type":"cond-expr","locations":[{"start":{"line":82,"column":36},"end":{"line":82,"column":50}},{"start":{"line":82,"column":53},"end":{"line":82,"column":55}}]},"8":{"loc":{"start":{"line":97,"column":30},"end":{"line":97,"column":51}},"type":"binary-expr","locations":[{"start":{"line":97,"column":30},"end":{"line":97,"column":44}},{"start":{"line":97,"column":48},"end":{"line":97,"column":51}}]},"9":{"loc":{"start":{"line":99,"column":25},"end":{"line":99,"column":63}},"type":"binary-expr","locations":[{"start":{"line":99,"column":25},"end":{"line":99,"column":36}},{"start":{"line":99,"column":40},"end":{"line":99,"column":63}}]},"10":{"loc":{"start":{"line":110,"column":12},"end":{"line":116,"column":13}},"type":"if","locations":[{"start":{"line":110,"column":12},"end":{"line":116,"column":13}},{"start":{},"end":{}}]},"11":{"loc":{"start":{"line":121,"column":32},"end":{"line":121,"column":57}},"type":"cond-expr","locations":[{"start":{"line":121,"column":39},"end":{"line":121,"column":53}},{"start":{"line":121,"column":56},"end":{"line":121,"column":57}}]},"12":{"loc":{"start":{"line":122,"column":29},"end":{"line":122,"column":55}},"type":"cond-expr","locations":[{"start":{"line":122,"column":36},"end":{"line":122,"column":50}},{"start":{"line":122,"column":53},"end":{"line":122,"column":55}}]},"13":{"loc":{"start":{"line":139,"column":30},"end":{"line":139,"column":51}},"type":"binary-expr","locations":[{"start":{"line":139,"column":30},"end":{"line":139,"column":44}},{"start":{"line":139,"column":48},"end":{"line":139,"column":51}}]},"14":{"loc":{"start":{"line":141,"column":25},"end":{"line":141,"column":63}},"type":"binary-expr","locations":[{"start":{"line":141,"column":25},"end":{"line":141,"column":36}},{"start":{"line":141,"column":40},"end":{"line":141,"column":63}}]},"15":{"loc":{"start":{"line":150,"column":12},"end":{"line":156,"column":13}},"type":"if","locations":[{"start":{"line":150,"column":12},"end":{"line":156,"column":13}},{"start":{},"end":{}}]},"16":{"loc":{"start":{"line":160,"column":32},"end":{"line":160,"column":57}},"type":"cond-expr","locations":[{"start":{"line":160,"column":39},"end":{"line":160,"column":53}},{"start":{"line":160,"column":56},"end":{"line":160,"column":57}}]},"17":{"loc":{"start":{"line":161,"column":29},"end":{"line":161,"column":55}},"type":"cond-expr","locations":[{"start":{"line":161,"column":36},"end":{"line":161,"column":50}},{"start":{"line":161,"column":53},"end":{"line":161,"column":55}}]},"18":{"loc":{"start":{"line":179,"column":30},"end":{"line":179,"column":51}},"type":"binary-expr","locations":[{"start":{"line":179,"column":30},"end":{"line":179,"column":44}},{"start":{"line":179,"column":48},"end":{"line":179,"column":51}}]},"19":{"loc":{"start":{"line":181,"column":25},"end":{"line":181,"column":63}},"type":"binary-expr","locations":[{"start":{"line":181,"column":25},"end":{"line":181,"column":36}},{"start":{"line":181,"column":40},"end":{"line":181,"column":63}}]},"20":{"loc":{"start":{"line":190,"column":12},"end":{"line":196,"column":13}},"type":"if","locations":[{"start":{"line":190,"column":12},"end":{"line":196,"column":13}},{"start":{},"end":{}}]},"21":{"loc":{"start":{"line":219,"column":30},"end":{"line":219,"column":51}},"type":"binary-expr","locations":[{"start":{"line":219,"column":30},"end":{"line":219,"column":44}},{"start":{"line":219,"column":48},"end":{"line":219,"column":51}}]},"22":{"loc":{"start":{"line":221,"column":25},"end":{"line":221,"column":63}},"type":"binary-expr","locations":[{"start":{"line":221,"column":25},"end":{"line":221,"column":36}},{"start":{"line":221,"column":40},"end":{"line":221,"column":63}}]},"23":{"loc":{"start":{"line":240,"column":30},"end":{"line":240,"column":51}},"type":"binary-expr","locations":[{"start":{"line":240,"column":30},"end":{"line":240,"column":44}},{"start":{"line":240,"column":48},"end":{"line":240,"column":51}}]},"24":{"loc":{"start":{"line":242,"column":25},"end":{"line":242,"column":63}},"type":"binary-expr","locations":[{"start":{"line":242,"column":25},"end":{"line":242,"column":36}},{"start":{"line":242,"column":40},"end":{"line":242,"column":63}}]},"25":{"loc":{"start":{"line":258,"column":30},"end":{"line":258,"column":51}},"type":"binary-expr","locations":[{"start":{"line":258,"column":30},"end":{"line":258,"column":44}},{"start":{"line":258,"column":48},"end":{"line":258,"column":51}}]},"26":{"loc":{"start":{"line":260,"column":25},"end":{"line":260,"column":63}},"type":"binary-expr","locations":[{"start":{"line":260,"column":25},"end":{"line":260,"column":36}},{"start":{"line":260,"column":40},"end":{"line":260,"column":63}}]}},"s":{"0":11,"1":11,"2":11,"3":6,"4":6,"5":6,"6":6,"7":3,"8":3,"9":3,"10":3,"11":3,"12":3,"13":3,"14":3,"15":0,"16":4,"17":4,"18":4,"19":2,"20":2,"21":2,"22":2,"23":2,"24":0,"25":2,"26":2,"27":2,"28":2,"29":2,"30":2,"31":0,"32":0,"33":0,"34":0,"35":0,"36":0,"37":0,"38":0,"39":0,"40":0,"41":0,"42":0,"43":1,"44":1,"45":1,"46":0,"47":1,"48":1,"49":1,"50":1,"51":1,"52":0,"53":0,"54":0,"55":0,"56":0,"57":0,"58":0,"59":0,"60":0,"61":0,"62":0,"63":0,"64":3,"65":3,"66":3,"67":3,"68":1,"69":2,"70":1,"71":1,"72":1,"73":1,"74":0,"75":11},"f":{"0":6,"1":4,"2":2,"3":0,"4":1,"5":0,"6":3,"7":1},"b":{"0":[3,3],"1":[0,0],"2":[0,0],"3":[2,1],"4":[2,0],"5":[0,2],"6":[2,0],"7":[2,0],"8":[0,0],"9":[0,0],"10":[0,0],"11":[0,0],"12":[0,0],"13":[0,0],"14":[0,0],"15":[0,1],"16":[0,1],"17":[0,1],"18":[0,0],"19":[0,0],"20":[0,0],"21":[0,0],"22":[0,0],"23":[2,1],"24":[2,0],"25":[0,0],"26":[0,0]}}
,"C:\\Users\\LOQ\\Desktop\\hamro_deal_backend\\backend\\src\\controllers\\product.controller.ts": {"path":"C:\\Users\\LOQ\\Desktop\\hamro_deal_backend\\backend\\src\\controllers\\product.controller.ts","statementMap":{"0":{"start":{"line":2,"column":0},"end":{"line":2,"column":73}},"1":{"start":{"line":3,"column":0},"end":{"line":3,"column":65}},"2":{"start":{"line":7,"column":27},"end":{"line":7,"column":51}},"3":{"start":{"line":8,"column":17},"end":{"line":8,"column":84}},"4":{"start":{"line":8,"column":56},"end":{"line":8,"column":83}},"5":{"start":{"line":12,"column":4},"end":{"line":47,"column":5}},"6":{"start":{"line":13,"column":19},"end":{"line":13,"column":36}},"7":{"start":{"line":14,"column":22},"end":{"line":14,"column":37}},"8":{"start":{"line":16,"column":6},"end":{"line":16,"column":67}},"9":{"start":{"line":16,"column":25},"end":{"line":16,"column":67}},"10":{"start":{"line":17,"column":6},"end":{"line":17,"column":65}},"11":{"start":{"line":17,"column":25},"end":{"line":17,"column":65}},"12":{"start":{"line":19,"column":20},"end":{"line":19,"column":54}},"13":{"start":{"line":21,"column":6},"end":{"line":23,"column":7}},"14":{"start":{"line":22,"column":8},"end":{"line":22,"column":72}},"15":{"start":{"line":22,"column":43},"end":{"line":22,"column":70}},"16":{"start":{"line":25,"column":25},"end":{"line":25,"column":60}},"17":{"start":{"line":27,"column":6},"end":{"line":33,"column":7}},"18":{"start":{"line":28,"column":8},"end":{"line":32,"column":11}},"19":{"start":{"line":35,"column":25},"end":{"line":35,"column":86}},"20":{"start":{"line":37,"column":6},"end":{"line":41,"column":9}},"21":{"start":{"line":43,"column":6},"end":{"line":46,"column":9}},"22":{"start":{"line":51,"column":4},"end":{"line":65,"column":5}},"23":{"start":{"line":52,"column":19},"end":{"line":52,"column":36}},"24":{"start":{"line":53,"column":23},"end":{"line":53,"column":82}},"25":{"start":{"line":55,"column":6},"end":{"line":59,"column":9}},"26":{"start":{"line":61,"column":6},"end":{"line":64,"column":9}},"27":{"start":{"line":69,"column":4},"end":{"line":92,"column":5}},"28":{"start":{"line":70,"column":25},"end":{"line":70,"column":64}},"29":{"start":{"line":71,"column":21},"end":{"line":71,"column":90}},"30":{"start":{"line":72,"column":23},"end":{"line":72,"column":60}},"31":{"start":{"line":73,"column":23},"end":{"line":73,"column":60}},"32":{"start":{"line":74,"column":19},"end":{"line":74,"column":52}},"33":{"start":{"line":75,"column":23},"end":{"line":81,"column":8}},"34":{"start":{"line":82,"column":6},"end":{"line":86,"column":9}},"35":{"start":{"line":88,"column":6},"end":{"line":91,"column":9}},"36":{"start":{"line":96,"column":4},"end":{"line":113,"column":5}},"37":{"start":{"line":97,"column":24},"end":{"line":97,"column":54}},"38":{"start":{"line":98,"column":6},"end":{"line":100,"column":7}},"39":{"start":{"line":99,"column":8},"end":{"line":99,"column":91}},"40":{"start":{"line":102,"column":22},"end":{"line":102,"column":71}},"41":{"start":{"line":103,"column":6},"end":{"line":107,"column":9}},"42":{"start":{"line":109,"column":6},"end":{"line":112,"column":9}},"43":{"start":{"line":117,"column":4},"end":{"line":151,"column":5}},"44":{"start":{"line":118,"column":19},"end":{"line":118,"column":36}},"45":{"start":{"line":119,"column":17},"end":{"line":119,"column":40}},"46":{"start":{"line":120,"column":22},"end":{"line":120,"column":30}},"47":{"start":{"line":122,"column":6},"end":{"line":122,"column":67}},"48":{"start":{"line":122,"column":25},"end":{"line":122,"column":67}},"49":{"start":{"line":123,"column":6},"end":{"line":123,"column":65}},"50":{"start":{"line":123,"column":25},"end":{"line":123,"column":65}},"51":{"start":{"line":125,"column":20},"end":{"line":125,"column":54}},"52":{"start":{"line":126,"column":6},"end":{"line":128,"column":7}},"53":{"start":{"line":127,"column":8},"end":{"line":127,"column":73}},"54":{"start":{"line":127,"column":44},"end":{"line":127,"column":71}},"55":{"start":{"line":130,"column":25},"end":{"line":130,"column":60}},"56":{"start":{"line":131,"column":6},"end":{"line":137,"column":7}},"57":{"start":{"line":132,"column":8},"end":{"line":136,"column":11}},"58":{"start":{"line":139,"column":29},"end":{"line":139,"column":94}},"59":{"start":{"line":141,"column":6},"end":{"line":145,"column":9}},"60":{"start":{"line":147,"column":6},"end":{"line":150,"column":9}},"61":{"start":{"line":155,"column":4},"end":{"line":175,"column":5}},"62":{"start":{"line":156,"column":19},"end":{"line":156,"column":36}},"63":{"start":{"line":158,"column":17},"end":{"line":158,"column":47}},"64":{"start":{"line":159,"column":6},"end":{"line":161,"column":7}},"65":{"start":{"line":160,"column":8},"end":{"line":160,"column":91}},"66":{"start":{"line":163,"column":29},"end":{"line":163,"column":77}},"67":{"start":{"line":165,"column":6},"end":{"line":169,"column":9}},"68":{"start":{"line":171,"column":6},"end":{"line":174,"column":9}},"69":{"start":{"line":179,"column":4},"end":{"line":192,"column":5}},"70":{"start":{"line":180,"column":20},"end":{"line":180,"column":56}},"71":{"start":{"line":181,"column":23},"end":{"line":181,"column":69}},"72":{"start":{"line":183,"column":6},"end":{"line":186,"column":9}},"73":{"start":{"line":188,"column":6},"end":{"line":191,"column":9}},"74":{"start":{"line":196,"column":4},"end":{"line":218,"column":5}},"75":{"start":{"line":197,"column":25},"end":{"line":197,"column":64}},"76":{"start":{"line":199,"column":6},"end":{"line":204,"column":7}},"77":{"start":{"line":200,"column":8},"end":{"line":203,"column":11}},"78":{"start":{"line":206,"column":23},"end":{"line":206,"column":81}},"79":{"start":{"line":207,"column":6},"end":{"line":212,"column":9}},"80":{"start":{"line":214,"column":6},"end":{"line":217,"column":9}},"81":{"start":{"line":222,"column":2},"end":{"line":238,"column":3}},"82":{"start":{"line":223,"column":21},"end":{"line":223,"column":62}},"83":{"start":{"line":224,"column":18},"end":{"line":224,"column":36}},"84":{"start":{"line":226,"column":21},"end":{"line":226,"column":70}},"85":{"start":{"line":228,"column":4},"end":{"line":232,"column":7}},"86":{"start":{"line":234,"column":4},"end":{"line":237,"column":7}},"87":{"start":{"line":242,"column":2},"end":{"line":260,"column":3}},"88":{"start":{"line":243,"column":21},"end":{"line":243,"column":62}},"89":{"start":{"line":244,"column":20},"end":{"line":244,"column":61}},"90":{"start":{"line":245,"column":18},"end":{"line":245,"column":36}},"91":{"start":{"line":246,"column":17},"end":{"line":246,"column":34}},"92":{"start":{"line":248,"column":21},"end":{"line":248,"column":78}},"93":{"start":{"line":250,"column":4},"end":{"line":254,"column":7}},"94":{"start":{"line":256,"column":4},"end":{"line":259,"column":7}},"95":{"start":{"line":10,"column":0},"end":{"line":10,"column":13}}},"fnMap":{"0":{"name":"(anonymous_0)","decl":{"start":{"line":8,"column":17},"end":{"line":8,"column":18}},"loc":{"start":{"line":8,"column":56},"end":{"line":8,"column":83}}},"1":{"name":"(anonymous_1)","decl":{"start":{"line":11,"column":2},"end":{"line":11,"column":7}},"loc":{"start":{"line":11,"column":49},"end":{"line":48,"column":3}}},"2":{"name":"(anonymous_2)","decl":{"start":{"line":22,"column":35},"end":{"line":22,"column":39}},"loc":{"start":{"line":22,"column":43},"end":{"line":22,"column":70}}},"3":{"name":"(anonymous_3)","decl":{"start":{"line":50,"column":2},"end":{"line":50,"column":7}},"loc":{"start":{"line":50,"column":49},"end":{"line":66,"column":3}}},"4":{"name":"(anonymous_4)","decl":{"start":{"line":68,"column":2},"end":{"line":68,"column":7}},"loc":{"start":{"line":68,"column":50},"end":{"line":93,"column":3}}},"5":{"name":"(anonymous_5)","decl":{"start":{"line":95,"column":2},"end":{"line":95,"column":7}},"loc":{"start":{"line":95,"column":49},"end":{"line":114,"column":3}}},"6":{"name":"(anonymous_6)","decl":{"start":{"line":116,"column":2},"end":{"line":116,"column":7}},"loc":{"start":{"line":116,"column":49},"end":{"line":152,"column":3}}},"7":{"name":"(anonymous_7)","decl":{"start":{"line":127,"column":35},"end":{"line":127,"column":39}},"loc":{"start":{"line":127,"column":44},"end":{"line":127,"column":71}}},"8":{"name":"(anonymous_8)","decl":{"start":{"line":154,"column":2},"end":{"line":154,"column":7}},"loc":{"start":{"line":154,"column":49},"end":{"line":176,"column":3}}},"9":{"name":"(anonymous_9)","decl":{"start":{"line":178,"column":2},"end":{"line":178,"column":7}},"loc":{"start":{"line":178,"column":50},"end":{"line":193,"column":3}}},"10":{"name":"(anonymous_10)","decl":{"start":{"line":195,"column":2},"end":{"line":195,"column":7}},"loc":{"start":{"line":195,"column":56},"end":{"line":219,"column":3}}},"11":{"name":"(anonymous_11)","decl":{"start":{"line":221,"column":2},"end":{"line":221,"column":7}},"loc":{"start":{"line":221,"column":53},"end":{"line":239,"column":3}}},"12":{"name":"(anonymous_12)","decl":{"start":{"line":241,"column":2},"end":{"line":241,"column":7}},"loc":{"start":{"line":241,"column":55},"end":{"line":261,"column":3}}}},"branchMap":{"0":{"loc":{"start":{"line":8,"column":56},"end":{"line":8,"column":83}},"type":"cond-expr","locations":[{"start":{"line":8,"column":75},"end":{"line":8,"column":79}},{"start":{"line":8,"column":82},"end":{"line":8,"column":83}}]},"1":{"loc":{"start":{"line":16,"column":6},"end":{"line":16,"column":67}},"type":"if","locations":[{"start":{"line":16,"column":6},"end":{"line":16,"column":67}},{"start":{},"end":{}}]},"2":{"loc":{"start":{"line":17,"column":6},"end":{"line":17,"column":65}},"type":"if","locations":[{"start":{"line":17,"column":6},"end":{"line":17,"column":65}},{"start":{},"end":{}}]},"3":{"loc":{"start":{"line":21,"column":6},"end":{"line":23,"column":7}},"type":"if","locations":[{"start":{"line":21,"column":6},"end":{"line":23,"column":7}},{"start":{},"end":{}}]},"4":{"loc":{"start":{"line":21,"column":9},"end":{"line":21,"column":34}},"type":"binary-expr","locations":[{"start":{"line":21,"column":9},"end":{"line":21,"column":14}},{"start":{"line":21,"column":18},"end":{"line":21,"column":34}}]},"5":{"loc":{"start":{"line":27,"column":6},"end":{"line":33,"column":7}},"type":"if","locations":[{"start":{"line":27,"column":6},"end":{"line":33,"column":7}},{"start":{},"end":{}}]},"6":{"loc":{"start":{"line":43,"column":24},"end":{"line":43,"column":47}},"type":"binary-expr","locations":[{"start":{"line":43,"column":24},"end":{"line":43,"column":40}},{"start":{"line":43,"column":44},"end":{"line":43,"column":47}}]},"7":{"loc":{"start":{"line":45,"column":17},"end":{"line":45,"column":57}},"type":"binary-expr","locations":[{"start":{"line":45,"column":17},"end":{"line":45,"column":30}},{"start":{"line":45,"column":34},"end":{"line":45,"column":57}}]},"8":{"loc":{"start":{"line":61,"column":24},"end":{"line":61,"column":47}},"type":"binary-expr","locations":[{"start":{"line":61,"column":24},"end":{"line":61,"column":40}},{"start":{"line":61,"column":44},"end":{"line":61,"column":47}}]},"9":{"loc":{"start":{"line":63,"column":17},"end":{"line":63,"column":57}},"type":"binary-expr","locations":[{"start":{"line":63,"column":17},"end":{"line":63,"column":30}},{"start":{"line":63,"column":34},"end":{"line":63,"column":57}}]},"10":{"loc":{"start":{"line":71,"column":21},"end":{"line":71,"column":90}},"type":"binary-expr","locations":[{"start":{"line":71,"column":21},"end":{"line":71,"column":51}},{"start":{"line":71,"column":55},"end":{"line":71,"column":90}}]},"11":{"loc":{"start":{"line":78,"column":18},"end":{"line":78,"column":57}},"type":"cond-expr","locations":[{"start":{"line":78,"column":29},"end":{"line":78,"column":45}},{"start":{"line":78,"column":48},"end":{"line":78,"column":57}}]},"12":{"loc":{"start":{"line":79,"column":18},"end":{"line":79,"column":57}},"type":"cond-expr","locations":[{"start":{"line":79,"column":29},"end":{"line":79,"column":45}},{"start":{"line":79,"column":48},"end":{"line":79,"column":57}}]},"13":{"loc":{"start":{"line":88,"column":24},"end":{"line":88,"column":47}},"type":"binary-expr","locations":[{"start":{"line":88,"column":24},"end":{"line":88,"column":40}},{"start":{"line":88,"column":44},"end":{"line":88,"column":47}}]},"14":{"loc":{"start":{"line":90,"column":17},"end":{"line":90,"column":57}},"type":"binary-expr","locations":[{"start":{"line":90,"column":17},"end":{"line":90,"column":30}},{"start":{"line":90,"column":34},"end":{"line":90,"column":57}}]},"15":{"loc":{"start":{"line":98,"column":6},"end":{"line":100,"column":7}},"type":"if","locations":[{"start":{"line":98,"column":6},"end":{"line":100,"column":7}},{"start":{},"end":{}}]},"16":{"loc":{"start":{"line":109,"column":24},"end":{"line":109,"column":47}},"type":"binary-expr","locations":[{"start":{"line":109,"column":24},"end":{"line":109,"column":40}},{"start":{"line":109,"column":44},"end":{"line":109,"column":47}}]},"17":{"loc":{"start":{"line":111,"column":17},"end":{"line":111,"column":57}},"type":"binary-expr","locations":[{"start":{"line":111,"column":17},"end":{"line":111,"column":30}},{"start":{"line":111,"column":34},"end":{"line":111,"column":57}}]},"18":{"loc":{"start":{"line":122,"column":6},"end":{"line":122,"column":67}},"type":"if","locations":[{"start":{"line":122,"column":6},"end":{"line":122,"column":67}},{"start":{},"end":{}}]},"19":{"loc":{"start":{"line":123,"column":6},"end":{"line":123,"column":65}},"type":"if","locations
[...]
ro_deal_backend\\backend\\src\\services\\wishlist\\wishlist.service.ts": {"path":"C:\\Users\\LOQ\\Desktop\\hamro_deal_backend\\backend\\src\\services\\wishlist\\wishlist.service.ts","statementMap":{"0":{"start":{"line":1,"column":0},"end":{"line":1,"column":52}},"1":{"start":{"line":4,"column":0},"end":{"line":4,"column":76}},"2":{"start":{"line":7,"column":0},"end":{"line":7,"column":78}},"3":{"start":{"line":9,"column":27},"end":{"line":9,"column":51}},"4":{"start":{"line":10,"column":26},"end":{"line":10,"column":49}},"5":{"start":{"line":14,"column":8},"end":{"line":24,"column":10}},"6":{"start":{"line":17,"column":54},"end":{"line":20,"column":14}},"7":{"start":{"line":28,"column":23},"end":{"line":29,"column":null}},"8":{"start":{"line":32,"column":8},"end":{"line":36,"column":9}},"9":{"start":{"line":33,"column":12},"end":{"line":35,"column":14}},"10":{"start":{"line":38,"column":8},"end":{"line":38,"column":53}},"11":{"start":{"line":45,"column":30},"end":{"line":45,"column":42}},"12":{"start":{"line":48,"column":24},"end":{"line":48,"column":73}},"13":{"start":{"line":50,"column":8},"end":{"line":52,"column":9}},"14":{"start":{"line":51,"column":12},"end":{"line":51,"column":58}},"15":{"start":{"line":54,"column":25},"end":{"line":56,"column":null}},"16":{"start":{"line":59,"column":8},"end":{"line":61,"column":9}},"17":{"start":{"line":60,"column":12},"end":{"line":60,"column":66}},"18":{"start":{"line":63,"column":8},"end":{"line":63,"column":53}},"19":{"start":{"line":70,"column":25},"end":{"line":72,"column":null}},"20":{"start":{"line":75,"column":8},"end":{"line":77,"column":9}},"21":{"start":{"line":76,"column":12},"end":{"line":76,"column":59}},"22":{"start":{"line":79,"column":8},"end":{"line":79,"column":53}},"23":{"start":{"line":83,"column":25},"end":{"line":84,"column":null}},"24":{"start":{"line":87,"column":8},"end":{"line":89,"column":9}},"25":{"start":{"line":88,"column":12},"end":{"line":88,"column":59}},"26":{"start":{"line":91,"column":8},"end":{"line":91,"column":53}},"27":{"start":{"line":95,"column":8},"end":{"line":98,"column":10}},"28":{"start":{"line":12,"column":0},"end":{"line":12,"column":13}}},"fnMap":{"0":{"name":"(anonymous_0)","decl":{"start":{"line":13,"column":12},"end":{"line":13,"column":34}},"loc":{"start":{"line":13,"column":54},"end":{"line":25,"column":5}}},"1":{"name":"(anonymous_1)","decl":{"start":{"line":17,"column":38},"end":{"line":17,"column":39}},"loc":{"start":{"line":17,"column":54},"end":{"line":20,"column":14}}},"2":{"name":"(anonymous_2)","decl":{"start":{"line":27,"column":4},"end":{"line":27,"column":9}},"loc":{"start":{"line":27,"column":33},"end":{"line":39,"column":5}}},"3":{"name":"(anonymous_3)","decl":{"start":{"line":41,"column":4},"end":{"line":41,"column":9}},"loc":{"start":{"line":43,"column":38},"end":{"line":64,"column":5}}},"4":{"name":"(anonymous_4)","decl":{"start":{"line":66,"column":4},"end":{"line":66,"column":9}},"loc":{"start":{"line":68,"column":25},"end":{"line":80,"column":5}}},"5":{"name":"(anonymous_5)","decl":{"start":{"line":82,"column":4},"end":{"line":82,"column":9}},"loc":{"start":{"line":82,"column":35},"end":{"line":92,"column":5}}},"6":{"name":"(anonymous_6)","decl":{"start":{"line":94,"column":4},"end":{"line":94,"column":9}},"loc":{"start":{"line":94,"column":53},"end":{"line":99,"column":5}}}},"branchMap":{"0":{"loc":{"start":{"line":32,"column":8},"end":{"line":36,"column":9}},"type":"if","locations":[{"start":{"line":32,"column":8},"end":{"line":36,"column":9}},{"start":{},"end":{}}]},"1":{"loc":{"start":{"line":50,"column":8},"end":{"line":52,"column":9}},"type":"if","locations":[{"start":{"line":50,"column":8},"end":{"line":52,"column":9}},{"start":{},"end":{}}]},"2":{"loc":{"start":{"line":59,"column":8},"end":{"line":61,"column":9}},"type":"if","locations":[{"start":{"line":59,"column":8},"end":{"line":61,"column":9}},{"start":{},"end":{}}]},"3":{"loc":{"start":{"line":75,"column":8},"end":{"line":77,"column":9}},"type":"if","locations":[{"start":{"line":75,"column":8},"end":{"line":77,"column":9}},{"start":{},"end":{}}]},"4":{"loc":{"start":{"line":87,"column":8},"end":{"line":89,"column":9}},"type":"if","locations":[{"start":{"line":87,"column":8},"end":{"line":89,"column":9}},{"start":{},"end":{}}]}},"s":{"0":11,"1":11,"2":11,"3":11,"4":11,"5":3,"6":0,"7":1,"8":1,"9":1,"10":1,"11":0,"12":0,"13":0,"14":0,"15":0,"16":0,"17":0,"18":0,"19":1,"20":1,"21":0,"22":1,"23":1,"24":1,"25":0,"26":1,"27":0,"28":11},"f":{"0":3,"1":0,"2":1,"3":0,"4":1,"5":1,"6":0},"b":{"0":[1,0],"1":[0,0],"2":[0,0],"3":[0,1],"4":[0,1]}}
,"C:\\Users\\LOQ\\Desktop\\hamro_deal_backend\\backend\\src\\socket\\socket.handler.ts": {"path":"C:\\Users\\LOQ\\Desktop\\hamro_deal_backend\\backend\\src\\socket\\socket.handler.ts","statementMap":{"0":{"start":{"line":3,"column":0},"end":{"line":3,"column":71}},"1":{"start":{"line":4,"column":0},"end":{"line":4,"column":61}},"2":{"start":{"line":7,"column":23},"end":{"line":7,"column":43}},"3":{"start":{"line":8,"column":28},"end":{"line":8,"column":53}},"4":{"start":{"line":10,"column":20},"end":{"line":10,"column":45}},"5":{"start":{"line":12,"column":35},"end":{"line":148,"column":1}},"6":{"start":{"line":13,"column":4},"end":{"line":147,"column":7}},"7":{"start":{"line":14,"column":23},"end":{"line":14,"column":36}},"8":{"start":{"line":16,"column":8},"end":{"line":19,"column":9}},"9":{"start":{"line":17,"column":12},"end":{"line":17,"column":32}},"10":{"start":{"line":18,"column":12},"end":{"line":18,"column":19}},"11":{"start":{"line":21,"column":8},"end":{"line":21,"column":49}},"12":{"start":{"line":24,"column":8},"end":{"line":24,"column":43}},"13":{"start":{"line":27,"column":8},"end":{"line":27,"column":41}},"14":{"start":{"line":30,"column":8},"end":{"line":30,"column":28}},"15":{"start":{"line":33,"column":8},"end":{"line":78,"column":3}},"16":{"start":{"line":34,"column":4},"end":{"line":77,"column":5}},"17":{"start":{"line":35,"column":39},"end":{"line":35,"column":43}},"18":{"start":{"line":38,"column":24},"end":{"line":41,"column":10}},"19":{"start":{"line":44,"column":29},"end":{"line":46,"column":null}},"20":{"start":{"line":50,"column":27},"end":{"line":50,"column":104}},"21":{"start":{"line":52,"column":8},"end":{"line":66,"column":9}},"22":{"start":{"line":54,"column":12},"end":{"line":54,"column":59}},"23":{"start":{"line":57,"column":12},"end":{"line":65,"column":13}},"24":{"start":{"line":58,"column":16},"end":{"line":58,"column":81}},"25":{"start":{"line":61,"column":16},"end":{"line":64,"column":19}},"26":{"start":{"line":69,"column":8},"end":{"line":71,"column":9}},"27":{"start":{"line":70,"column":12},"end":{"line":70,"column":48}},"28":{"start":{"line":73,"column":8},"end":{"line":73,"column":54}},"29":{"start":{"line":74,"column":8},"end":{"line":76,"column":9}},"30":{"start":{"line":75,"column":12},"end":{"line":75,"column":62}},"31":{"start":{"line":82,"column":8},"end":{"line":91,"column":11}},"32":{"start":{"line":83,"column":49},"end":{"line":83,"column":53}},"33":{"start":{"line":85,"column":12},"end":{"line":90,"column":13}},"34":{"start":{"line":86,"column":16},"end":{"line":89,"column":19}},"35":{"start":{"line":94,"column":8},"end":{"line":103,"column":11}},"36":{"start":{"line":95,"column":49},"end":{"line":95,"column":53}},"37":{"start":{"line":97,"column":12},"end":{"line":102,"column":13}},"38":{"start":{"line":98,"column":16},"end":{"line":101,"column":null}},"39":{"start":{"line":106,"column":8},"end":{"line":129,"column":11}},"40":{"start":{"line":107,"column":12},"end":{"line":128,"column":13}},"41":{"start":{"line":108,"column":42},"end":{"line":108,"column":46}},"42":{"start":{"line":110,"column":16},"end":{"line":110,"column":72}},"43":{"start":{"line":112,"column":37},"end":{"line":114,"column":null}},"44":{"start":{"line":117,"column":36},"end":{"line":117,"column":115}},"45":{"start":{"line":117,"column":79},"end":{"line":117,"column":102}},"46":{"start":{"line":119,"column":16},"end":{"line":125,"column":17}},"47":{"start":{"line":121,"column":20},"end":{"line":124,"column":23}},"48":{"start":{"line":127,"column":16},"end":{"line":127,"column":63}},"49":{"start":{"line":132,"column":8},"end":{"line":136,"column":11}},"50":{"start":{"line":133,"column":12},"end":{"line":135,"column":13}},"51":{"start":{"line":134,"column":16},"end":{"line":134,"column":57}},"52":{"start":{"line":139,"column":8},"end":{"line":145,"column":11}},"53":{"start":{"line":140,"column":12},"end":{"line":140,"column":55}},"54":{"start":{"line":141,"column":12},"end":{"line":141,"column":39}},"55":{"start":{"line":144,"column":12},"end":{"line":144,"column":46}},"56":{"start":{"line":12,"column":13},"end":{"line":12,"column":35}},"57":{"start":{"line":150,"column":30},"end":{"line":152,"column":1}},"58":{"start":{"line":151,"column":4},"end":{"line":151,"column":42}},"59":{"start":{"line":150,"column":13},"end":{"line":150,"column":30}},"60":{"start":{"line":154,"column":28},"end":{"line":156,"column":1}},"61":{"start":{"line":155,"column":4},"end":{"line":155,"column":35}},"62":{"start":{"line":154,"column":13},"end":{"line":154,"column":28}}},"fnMap":{"0":{"name":"(anonymous_0)","decl":{"start":{"line":12,"column":35},"end":{"line":12,"column":36}},"loc":{"start":{"line":12,"column":50},"end":{"line":148,"column":1}}},"1":{"name":"(anonymous_1)","decl":{"start":{"line":13,"column":24},"end":{"line":13,"column":25}},"loc":{"start":{"line":13,"column":56},"end":{"line":147,"column":5}}},"2":{"name":"(anonymous_2)","decl":{"start":{"line":33,"column":34},"end":{"line":33,"column":39}},"loc":{"start":{"line":33,"column":59},"end":{"line":78,"column":1}}},"3":{"name":"(anonymous_3)","decl":{"start":{"line":82,"column":28},"end":{"line":82,"column":29}},"loc":{"start":{"line":82,"column":37},"end":{"line":91,"column":9}}},"4":{"name":"(anonymous_4)","decl":{"start":{"line":94,"column":33},"end":{"line":94,"column":34}},"loc":{"start":{"line":94,"column":42},"end":{"line":103,"column":9}}},"5":{"name":"(anonymous_5)","decl":{"start":{"line":106,"column":34},"end":{"line":106,"column":39}},"loc":{"start":{"line":106,"column":49},"end":{"line":129,"column":9}}},"6":{"name":"(anonymous_6)","decl":{"start":{"line":117,"column":67},"end":{"line":117,"column":68}},"loc":{"start":{"line":117,"column":79},"end":{"line":117,"column":102}}},"7":{"name":"(anonymous_7)","decl":{"start":{"line":132,"column":38},"end":{"line":132,"column":39}},"loc":{"start":{"line":132,"column":51},"end":{"line":136,"column":9}}},"8":{"name":"(anonymous_8)","decl":{"start":{"line":139,"column":32},"end":{"line":139,"column":35}},"loc":{"start":{"line":139,"column":37},"end":{"line":145,"column":9}}},"9":{"name":"(anonymous_9)","decl":{"start":{"line":150,"column":30},"end":{"line":150,"column":33}},"loc":{"start":{"line":150,"column":35},"end":{"line":152,"column":1}}},"10":{"name":"(anonymous_10)","decl":{"start":{"line":154,"column":28},"end":{"line":154,"column":29}},"loc":{"start":{"line":154,"column":47},"end":{"line":156,"column":1}}}},"branchMap":{"0":{"loc":{"start":{"line":16,"column":8},"end":{"line":19,"column":9}},"type":"if","locations":[{"start":{"line":16,"column":8},"end":{"line":19,"column":9}},{"start":{},"end":{}}]},"1":{"loc":{"start":{"line":50,"column":27},"end":{"line":50,"column":104}},"type":"binary-expr","locations":[{"start":{"line":50,"column":27},"end":{"line":50,"column":66}},{"start":{"line":50,"column":70},"end":{"line":50,"column":104}}]},"2":{"loc":{"start":{"line":52,"column":8},"end":{"line":66,"column":9}},"type":"if","locations":[{"start":{"line":52,"column":8},"end":{"line":66,"column":9}},{"start":{},"end":{}}]},"3":{"loc":{"start":{"line":57,"column":12},"end":{"line":65,"column":13}},"type":"if","locations":[{"start":{"line":57,"column":12},"end":{"line":65,"column":13}},{"start":{},"end":{}}]},"4":{"loc":{"start":{"line":69,"column":8},"end":{"line":71,"column":9}},"type":"if","locations":[{"start":{"line":69,"column":8},"end":{"line":71,"column":9}},{"start":{},"end":{}}]},"5":{"loc":{"start":{"line":74,"column":8},"end":{"line":76,"column":9}},"type":"if","locations":[{"start":{"line":74,"column":8},"end":{"line":76,"column":9}},{"start":{},"end":{}}]},"6":{"loc":{"start":{"line":85,"column":12},"end":{"line":90,"column":13}},"type":"if","locations":[{"start":{"line":85,"column":12},"end":{"line":90,"column":13}},{"start":{},"end":{}}]},"7":{"loc":{"start":{"line":85,"column":15},"end":{"line":85,"column":56}},"type":"binary-expr","locations":[{"start":{"line":85,"column":15},"end":{"line":85,"column":25}},{"start":{"line":85,"column":29},"end":{"line":85,"column":56}}]},"8":{"loc":{"start":{"line":97,"column":12},"end":{"line":102,"column":13}},"type":"if","locations":[{"start":{"line":97,"column":12},"end":{"line":102,"column":13}},{"start":{},"end":{}}]},"9":{"loc":{"start":{"line":97,"column":15},"end":{"line":97,"column":56}},"type":"binary-expr","locations":[{"start":{"line":97,"column":15},"end":{"line":97,"column":25}},{"start":{"line":97,"column":29},"end":{"line":97,"column":56}}]},"10":{"loc":{"start":{"line":119,"column":16},"end":{"line":125,"column":17}},"type":"if","locations":[{"start":{"line":119,"column":16},"end":{"line":125,"column":17}},{"start":{},"end":{}}]},"11":{"loc":{"start":{"line":119,"column":19},"end":{"line":119,"column":62}},"type":"binary-expr","locations":[{"start":{"line":119,"column":19},"end":{"line":119,"column":30}},{"start":{"line":119,"column":34},"end":{"line":119,"column":62}}]},"12":{"loc":{"start":{"line":133,"column":12},"end":{"line":135,"column":13}},"type":"if","locations":[{"start":{"line":133,"column":12},"end":{"line":135,"column":13}},{"start":{},"end":{}}]}},"s":{"0":12,"1":12,"2":12,"3":12,"4":12,"5":12,"6":24,"7":15,"8":15,"9":1,"10":1,"11":14,"12":14,"13":14,"14":14,"15":14,"16":2,"17":2,"18":2,"19":1,"20":1,"21":1,"22":1,"23":1,"24":0,"25":0,"26":1,"27":1,"28":1,"29":1,"30":1,"31":14,"32":2,"33":2,"34":1,"35":14,"36":1,"37":1,"38":1,"39":14,"40":1,"41":1,"42":1,"43":1,"44":1,"45":0,"46":1,"47":0,"48":0,"49":14,"50":2,"51":1,"52":14,"53":1,"54":1,"55":1,"56":12,"57":12,"58":1,"59":12,"60":12,"61":2,"62":12},"f":{"0":24,"1":15,"2":2,"3":2,"4":1,"5":1,"6":0,"7":2,"8":1,"9":1,"10":2},"b":{"0":[1,14],"1":[1,0],"2":[1,0],"3":[0,1],"4":[1,0],"5":[1,0],"6":[1,1],"7":[2,2],"8":[1,0],"9":[1,1],"10":[0,1],"11":[1,0],"12":[1,1]}}
,"C:\\Users\\LOQ\\Desktop\\hamro_deal_backend\\backend\\src\\types\\blog.type.ts": {"path":"C:\\Users\\LOQ\\Desktop\\hamro_deal_backend\\backend\\src\\types\\blog.type.ts","statementMap":{"0":{"start":{"line":1,"column":0},"end":{"line":1,"column":20}},"1":{"start":{"line":3,"column":13},"end":{"line":7,"column":3}}},"fnMap":{},"branchMap":{},"s":{"0":0,"1":0},"f":{},"b":{}}
,"C:\\Users\\LOQ\\Desktop\\hamro_deal_backend\\backend\\src\\types\\cart.type.ts": {"path":"C:\\Users\\LOQ\\Desktop\\hamro_deal_backend\\backend\\src\\types\\cart.type.ts","statementMap":{"0":{"start":{"line":2,"column":0},"end":{"line":2,"column":20}},"1":{"start":{"line":6,"column":13},"end":{"line":10,"column":3}},"2":{"start":{"line":12,"column":13},"end":{"line":20,"column":3}},"3":{"start":{"line":22,"column":13},"end":{"line":26,"column":3}},"4":{"start":{"line":28,"column":13},"end":{"line":36,"column":3}}},"fnMap":{},"branchMap":{},"s":{"0":0,"1":0,"2":0,"3":0,"4":0},"f":{},"b":{}}
,"C:\\Users\\LOQ\\Desktop\\hamro_deal_backend\\backend\\src\\types\\category.type.ts": {"path":"C:\\Users\\LOQ\\Desktop\\hamro_deal_backend\\backend\\src\\types\\category.type.ts","statementMap":{"0":{"start":{"line":1,"column":0},"end":{"line":1,"column":20}},"1":{"start":{"line":3,"column":13},"end":{"line":8,"column":null}}},"fnMap":{},"branchMap":{},"s":{"0":11,"1":11},"f":{},"b":{}}
,"C:\\Users\\LOQ\\Desktop\\hamro_deal_backend\\backend\\src\\types\\conversation.type.ts": {"path":"C:\\Users\\LOQ\\Desktop\\hamro_deal_backend\\backend\\src\\types\\conversation.type.ts","statementMap":{"0":{"start":{"line":1,"column":0},"end":{"line":1,"column":24}},"1":{"start":{"line":4,"column":13},"end":{"line":12,"column":3}},"2":{"start":{"line":25,"column":13},"end":{"line":27,"column":3}}},"fnMap":{},"branchMap":{},"s":{"0":11,"1":11,"2":11},"f":{},"b":{}}
,"C:\\Users\\LOQ\\Desktop\\hamro_deal_backend\\backend\\src\\types\\message.type.ts": {"path":"C:\\Users\\LOQ\\Desktop\\hamro_deal_backend\\backend\\src\\types\\message.type.ts","statementMap":{"0":{"start":{"line":1,"column":0},"end":{"line":1,"column":24}},"1":{"start":{"line":4,"column":13},"end":{"line":11,"column":3}},"2":{"start":{"line":23,"column":13},"end":{"line":26,"column":3}},"3":{"start":{"line":30,"column":13},"end":{"line":32,"column":3}}},"fnMap":{},"branchMap":{},"s":{"0":11,"1":11,"2":11,"3":11},"f":{},"b":{}}
,"C:\\Users\\LOQ\\Desktop\\hamro_deal_backend\\backend\\src\\types\\notification.type.ts": {"path":"C:\\Users\\LOQ\\Desktop\\hamro_deal_backend\\backend\\src\\types\\notification.type.ts","statementMap":{"0":{"start":{"line":1,"column":0},"end":{"line":1,"column":24}},"1":{"start":{"line":3,"column":13},"end":{"line":10,"column":3}},"2":{"start":{"line":12,"column":13},"end":{"line":14,"column":3}}},"fnMap":{},"branchMap":{},"s":{"0":0,"1":0,"2":0},"f":{},"b":{}}
,"C:\\Users\\LOQ\\Desktop\\hamro_deal_backend\\backend\\src\\types\\order.type.ts": {"path":"C:\\Users\\LOQ\\Desktop\\hamro_deal_backend\\backend\\src\\types\\order.type.ts","statementMap":{"0":{"start":{"line":1,"column":0},"end":{"line":1,"column":20}},"1":{"start":{"line":3,"column":13},"end":{"line":10,"column":3}},"2":{"start":{"line":12,"column":13},"end":{"line":20,"column":3}},"3":{"start":{"line":22,"column":13},"end":{"line":33,"column":3}}},"fnMap":{},"branchMap":{},"s":{"0":0,"1":0,"2":0,"3":0},"f":{},"b":{}}
,"C:\\Users\\LOQ\\Desktop\\hamro_deal_backend\\backend\\src\\types\\product.type.ts": {"path":"C:\\Users\\LOQ\\Desktop\\hamro_deal_backend\\backend\\src\\types\\product.type.ts","statementMap":{"0":{"start":{"line":1,"column":0},"end":{"line":1,"column":20}},"1":{"start":{"line":2,"column":0},"end":{"line":2,"column":32}},"2":{"start":{"line":5,"column":23},"end":{"line":7,"column":null}},"3":{"start":{"line":6,"column":11},"end":{"line":6,"column":47}},"4":{"start":{"line":10,"column":13},"end":{"line":18,"column":null}}},"fnMap":{"0":{"name":"(anonymous_1)","decl":{"start":{"line":6,"column":2},"end":{"line":6,"column":3}},"loc":{"start":{"line":6,"column":11},"end":{"line":6,"column":47}}}},"branchMap":{},"s":{"0":11,"1":11,"2":11,"3":7,"4":11},"f":{"0":7},"b":{}}
,"C:\\Users\\LOQ\\Desktop\\hamro_deal_backend\\backend\\src\\types\\review.type.ts": {"path":"C:\\Users\\LOQ\\Desktop\\hamro_deal_backend\\backend\\src\\types\\review.type.ts","statementMap":{"0":{"start":{"line":1,"column":0},"end":{"line":1,"column":20}},"1":{"start":{"line":3,"column":13},"end":{"line":8,"column":3}},"2":{"start":{"line":10,"column":13},"end":{"line":13,"column":3}},"3":{"start":{"line":15,"column":13},"end":{"line":18,"column":3}}},"fnMap":{},"branchMap":{},"s":{"0":11,"1":11,"2":11,"3":11},"f":{},"b":{}}
,"C:\\Users\\LOQ\\Desktop\\hamro_deal_backend\\backend\\src\\types\\user.types.ts": {"path":"C:\\Users\\LOQ\\Desktop\\hamro_deal_backend\\backend\\src\\types\\user.types.ts","statementMap":{"0":{"start":{"line":1,"column":0},"end":{"line":1,"column":33}},"1":{"start":{"line":3,"column":13},"end":{"line":13,"column":null}}},"fnMap":{},"branchMap":{},"s":{"0":11,"1":11},"f":{},"b":{}}
,"C:\\Users\\LOQ\\Desktop\\hamro_deal_backend\\backend\\src\\types\\wishlist.type.ts": {"path":"C:\\Users\\LOQ\\Desktop\\hamro_deal_backend\\backend\\src\\types\\wishlist.type.ts","statementMap":{"0":{"start":{"line":1,"column":0},"end":{"line":1,"column":24}},"1":{"start":{"line":4,"column":13},"end":{"line":22,"column":3}},"2":{"start":{"line":25,"column":13},"end":{"line":28,"column":3}},"3":{"start":{"line":31,"column":13},"end":{"line":38,"column":3}}},"fnMap":{},"branchMap":{},"s":{"0":0,"1":0,"2":0,"3":0},"f":{},"b":{}}
}
