TN:
SF:src\configs\email.ts
FN:21,(anonymous_1)
FNF:1
FNH:0
FNDA:0,(anonymous_1)
DA:1,8
DA:2,8
DA:4,8
DA:6,8
DA:7,8
DA:9,8
DA:10,8
DA:11,8
DA:13,8
DA:21,8
DA:22,0
DA:23,0
DA:24,0
DA:27,0
DA:34,0
DA:35,0
DA:36,0
DA:37,0
DA:39,0
DA:40,0
LF:20
LH:10
BRDA:11,0,0,8
BRDA:11,0,1,0
BRDA:23,1,0,0
BRDA:23,1,1,0
BRDA:23,2,0,0
BRDA:23,2,1,0
BRF:6
BRH:1
end_of_record
TN:
SF:src\configs\index.ts
FNF:0
FNH:0
DA:1,8
DA:2,8
DA:3,8
DA:5,8
DA:8,8
LF:5
LH:5
BRDA:3,0,0,8
BRDA:3,0,1,0
BRDA:5,1,0,8
BRDA:5,1,1,0
BRDA:8,2,0,8
BRDA:8,2,1,8
BRF:6
BRH:4
end_of_record
TN:
SF:src\controllers\auth.controller.ts
FN:10,(anonymous_1)
FN:31,(anonymous_2)
FN:46,(anonymous_3)
FN:82,(anonymous_4)
FN:101,(anonymous_5)
FN:131,(anonymous_6)
FN:149,(anonymous_7)
FNF:7
FNH:3
FNDA:7,(anonymous_1)
FNDA:10,(anonymous_2)
FNDA:0,(anonymous_3)
FNDA:1,(anonymous_4)
FNDA:0,(anonymous_5)
FNDA:0,(anonymous_6)
FNDA:0,(anonymous_7)
DA:1,8
DA:2,8
DA:4,8
DA:7,8
DA:9,8
DA:11,7
DA:12,7
DA:13,7
DA:14,0
DA:18,7
DA:19,7
DA:23,0
DA:32,10
DA:33,10
DA:34,10
DA:35,0
DA:38,10
DA:39,8
DA:41,2
DA:47,0
DA:48,0
DA:49,0
DA:50,0
DA:51,0
DA:55,0
DA:56,0
DA:57,0
DA:61,0
DA:62,0
DA:66,0
DA:68,0
DA:75,0
DA:83,1
DA:84,1
DA:85,1
DA:86,0
DA:90,1
DA:91,1
DA:95,0
DA:102,0
DA:103,0
DA:104,0
DA:105,0
DA:107,0
DA:108,0
DA:109,0
DA:110,0
DA:112,0
DA:113,0
DA:114,0
DA:119,0
DA:121,0
DA:125,0
DA:132,0
DA:133,0
DA:134,0
DA:135,0
DA:143,0
DA:150,0
DA:152,0
DA:153,0
DA:154,0
DA:155,0
DA:156,0
DA:160,0
LF:65
LH:21
BRDA:13,0,0,0
BRDA:13,0,1,7
BRDA:23,1,0,0
BRDA:23,1,1,0
BRDA:24,2,0,0
BRDA:24,2,1,0
BRDA:34,3,0,0
BRDA:34,3,1,10
BRDA:41,4,0,2
BRDA:41,4,1,0
BRDA:42,5,0,2
BRDA:42,5,1,0
BRDA:50,6,0,0
BRDA:50,6,1,0
BRDA:56,7,0,0
BRDA:56,7,1,0
BRDA:61,8,0,0
BRDA:61,8,1,0
BRDA:75,9,0,0
BRDA:75,9,1,0
BRDA:76,10,0,0
BRDA:76,10,1,0
BRDA:85,11,0,0
BRDA:85,11,1,1
BRDA:95,12,0,0
BRDA:95,12,1,0
BRDA:96,13,0,0
BRDA:96,13,1,0
BRDA:103,14,0,0
BRDA:103,14,1,0
BRDA:104,15,0,0
BRDA:104,15,1,0
BRDA:104,16,0,0
BRDA:104,16,1,0
BRDA:109,17,0,0
BRDA:109,17,1,0
BRDA:113,18,0,0
BRDA:113,18,1,0
BRDA:125,19,0,0
BRDA:125,19,1,0
BRDA:126,20,0,0
BRDA:126,20,1,0
BRDA:143,21,0,0
BRDA:143,21,1,0
BRDA:144,22,0,0
BRDA:144,22,1,0
BRDA:153,23,0,0
BRDA:153,23,1,0
BRDA:160,24,0,0
BRDA:160,24,1,0
BRDA:161,25,0,0
BRDA:161,25,1,0
BRF:52
BRH:5
end_of_record
TN:
SF:src\controllers\blog.controller.ts
FN:14,(anonymous_0)
FN:30,(anonymous_1)
FN:49,(anonymous_2)
FN:64,(anonymous_3)
FN:80,(anonymous_4)
FNF:5
FNH:4
FNDA:1,(anonymous_0)
FNDA:2,(anonymous_1)
FNDA:2,(anonymous_2)
FNDA:0,(anonymous_3)
FNDA:1,(anonymous_4)
DA:2,8
DA:4,8
DA:13,8
DA:15,1
DA:16,1
DA:17,1
DA:18,1
DA:19,1
DA:26,0
DA:31,2
DA:32,2
DA:34,2
DA:37,2
DA:44,0
DA:50,2
DA:51,2
DA:52,2
DA:53,2
DA:59,0
DA:65,0
DA:66,0
DA:67,0
DA:68,0
DA:69,0
DA:75,0
DA:81,1
DA:82,1
DA:83,1
DA:84,1
DA:90,0
LF:30
LH:20
BRDA:26,0,0,0
BRDA:26,0,1,0
BRDA:27,1,0,0
BRDA:27,1,1,0
BRDA:44,2,0,0
BRDA:44,2,1,0
BRDA:45,3,0,0
BRDA:45,3,1,0
BRDA:59,4,0,0
BRDA:59,4,1,0
BRDA:60,5,0,0
BRDA:60,5,1,0
BRDA:75,6,0,0
BRDA:75,6,1,0
BRDA:76,7,0,0
BRDA:76,7,1,0
BRDA:90,8,0,0
BRDA:90,8,1,0
BRDA:91,9,0,0
BRDA:91,9,1,0
BRF:20
BRH:0
end_of_record
TN:
SF:src\controllers\category.controller.ts
FN:9,(anonymous_1)
FN:35,(anonymous_2)
FN:53,(anonymous_3)
FN:73,(anonymous_4)
FN:102,(anonymous_5)
FNF:5
FNH:4
FNDA:1,(anonymous_1)
FNDA:1,(anonymous_2)
FNDA:1,(anonymous_3)
FNDA:0,(anonymous_4)
FNDA:1,(anonymous_5)
DA:1,8
DA:3,8
DA:4,8
DA:6,8
DA:8,8
DA:10,1
DA:11,1
DA:12,1
DA:13,0
DA:19,1
DA:20,1
DA:27,0
DA:36,1
DA:37,1
DA:38,1
DA:46,0
DA:54,1
DA:55,1
DA:56,1
DA:57,1
DA:64,0
DA:74,0
DA:75,0
DA:76,0
DA:78,0
DA:79,0
DA:80,0
DA:86,0
DA:87,0
DA:94,0
DA:103,1
DA:104,1
DA:105,1
DA:106,1
DA:107,1
DA:113,0
LF:36
LH:22
BRDA:12,0,0,0
BRDA:12,0,1,1
BRDA:27,1,0,0
BRDA:27,1,1,0
BRDA:29,2,0,0
BRDA:29,2,1,0
BRDA:46,3,0,0
BRDA:46,3,1,0
BRDA:48,4,0,0
BRDA:48,4,1,0
BRDA:55,5,0,0
BRDA:55,5,1,1
BRDA:64,6,0,0
BRDA:64,6,1,0
BRDA:66,7,0,0
BRDA:66,7,1,0
BRDA:76,8,0,0
BRDA:76,8,1,0
BRDA:79,9,0,0
BRDA:79,9,1,0
BRDA:94,10,0,0
BRDA:94,10,1,0
BRDA:96,11,0,0
BRDA:96,11,1,0
BRDA:105,12,0,0
BRDA:105,12,1,1
BRDA:113,13,0,0
BRDA:113,13,1,0
BRDA:115,14,0,0
BRDA:115,14,1,0
BRF:30
BRH:3
end_of_record
TN:
SF:src\controllers\order.controller.ts
FN:7,(anonymous_0)
FN:40,(anonymous_1)
FN:59,(anonymous_2)
FN:99,(anonymous_3)
FN:139,(anonymous_4)
FN:179,(anonymous_5)
FN:220,(anonymous_6)
FN:241,(anonymous_7)
FNF:8
FNH:4
FNDA:0,(anonymous_0)
FNDA:1,(anonymous_1)
FNDA:1,(anonymous_2)
FNDA:0,(anonymous_3)
FNDA:1,(anonymous_4)
FNDA:0,(anonymous_5)
FNDA:0,(anonymous_6)
FNDA:1,(anonymous_7)
DA:1,8
DA:2,8
DA:4,8
DA:6,8
DA:8,0
DA:9,0
DA:11,0
DA:12,0
DA:19,0
DA:20,0
DA:25,0
DA:27,0
DA:33,0
DA:41,1
DA:42,1
DA:43,1
DA:45,1
DA:51,0
DA:60,1
DA:61,1
DA:63,1
DA:64,0
DA:71,1
DA:72,1
DA:74,1
DA:75,1
DA:77,1
DA:83,1
DA:90,0
DA:100,0
DA:101,0
DA:103,0
DA:104,0
DA:111,0
DA:112,0
DA:114,0
DA:115,0
DA:117,0
DA:122,0
DA:132,0
DA:140,1
DA:141,1
DA:143,1
DA:144,0
DA:151,1
DA:153,1
DA:154,1
DA:156,1
DA:163,1
DA:172,0
DA:180,0
DA:181,0
DA:183,0
DA:184,0
DA:191,0
DA:192,0
DA:193,0
DA:194,0
DA:196,0
DA:203,0
DA:212,0
DA:221,0
DA:222,0
DA:223,0
DA:225,0
DA:227,0
DA:233,0
DA:242,1
DA:243,1
DA:244,1
DA:246,1
DA:251,0
LF:72
LH:29
BRDA:11,0,0,0
BRDA:11,0,1,0
BRDA:33,1,0,0
BRDA:33,1,1,0
BRDA:35,2,0,0
BRDA:35,2,1,0
BRDA:51,3,0,0
BRDA:51,3,1,0
BRDA:53,4,0,0
BRDA:53,4,1,0
BRDA:63,5,0,0
BRDA:63,5,1,1
BRDA:74,6,0,0
BRDA:74,6,1,1
BRDA:75,7,0,0
BRDA:75,7,1,1
BRDA:90,8,0,0
BRDA:90,8,1,0
BRDA:92,9,0,0
BRDA:92,9,1,0
BRDA:103,10,0,0
BRDA:103,10,1,0
BRDA:114,11,0,0
BRDA:114,11,1,0
BRDA:115,12,0,0
BRDA:115,12,1,0
BRDA:132,13,0,0
BRDA:132,13,1,0
BRDA:134,14,0,0
BRDA:134,14,1,0
BRDA:143,15,0,0
BRDA:143,15,1,1
BRDA:153,16,0,0
BRDA:153,16,1,1
BRDA:154,17,0,0
BRDA:154,17,1,1
BRDA:172,18,0,0
BRDA:172,18,1,0
BRDA:174,19,0,0
BRDA:174,19,1,0
BRDA:183,20,0,0
BRDA:183,20,1,0
BRDA:212,21,0,0
BRDA:212,21,1,0
BRDA:214,22,0,0
BRDA:214,22,1,0
BRDA:233,23,0,0
BRDA:233,23,1,0
BRDA:235,24,0,0
BRDA:235,24,1,0
BRDA:251,25,0,0
BRDA:251,25,1,0
BRDA:253,26,0,0
BRDA:253,26,1,0
BRF:54
BRH:6
end_of_record
TN:
SF:src\controllers\product.controller.ts
FN:8,(anonymous_1)
FN:11,(anonymous_2)
FN:50,(anonymous_3)
FN:68,(anonymous_4)
FN:84,(anonymous_5)
FN:105,(anonymous_6)
FN:137,(anonymous_7)
FN:161,(anonymous_8)
FN:178,(anonymous_9)
FNF:9
FNH:7
FNDA:3,(anonymous_1)
FNDA:1,(anonymous_2)
FNDA:1,(anonymous_3)
FNDA:1,(anonymous_4)
FNDA:1,(anonymous_5)
FNDA:0,(anonymous_6)
FNDA:0,(anonymous_7)
FNDA:1,(anonymous_8)
FNDA:1,(anonymous_9)
DA:1,8
DA:2,8
DA:3,8
DA:7,8
DA:8,8
DA:10,8
DA:12,1
DA:13,1
DA:15,1
DA:16,1
DA:18,1
DA:19,1
DA:25,0
DA:27,0
DA:28,0
DA:29,0
DA:35,0
DA:37,0
DA:43,0
DA:51,1
DA:52,1
DA:53,1
DA:55,1
DA:61,0
DA:69,1
DA:70,1
DA:71,1
DA:77,0
DA:85,1
DA:86,1
DA:87,1
DA:88,0
DA:91,1
DA:92,0
DA:98,1
DA:106,0
DA:107,0
DA:109,0
DA:110,0
DA:111,0
DA:114,0
DA:115,0
DA:116,0
DA:122,0
DA:124,0
DA:130,0
DA:138,0
DA:139,0
DA:141,0
DA:142,0
DA:143,0
DA:146,0
DA:148,0
DA:154,0
DA:162,1
DA:163,1
DA:164,1
DA:166,1
DA:171,0
DA:179,1
DA:180,1
DA:182,1
DA:183,0
DA:189,1
DA:190,1
DA:197,0
LF:66
LH:33
BRDA:8,0,0,0
BRDA:8,0,1,3
BRDA:18,1,0,1
BRDA:18,1,1,0
BRDA:28,2,0,0
BRDA:28,2,1,0
BRDA:43,3,0,0
BRDA:43,3,1,0
BRDA:45,4,0,0
BRDA:45,4,1,0
BRDA:61,5,0,0
BRDA:61,5,1,0
BRDA:63,6,0,0
BRDA:63,6,1,0
BRDA:77,7,0,0
BRDA:77,7,1,0
BRDA:79,8,0,0
BRDA:79,8,1,0
BRDA:87,9,0,0
BRDA:87,9,1,1
BRDA:98,10,0,1
BRDA:98,10,1,0
BRDA:100,11,0,1
BRDA:100,11,1,0
BRDA:110,12,0,0
BRDA:110,12,1,0
BRDA:115,13,0,0
BRDA:115,13,1,0
BRDA:130,14,0,0
BRDA:130,14,1,0
BRDA:132,15,0,0
BRDA:132,15,1,0
BRDA:142,16,0,0
BRDA:142,16,1,0
BRDA:154,17,0,0
BRDA:154,17,1,0
BRDA:156,18,0,0
BRDA:156,18,1,0
BRDA:163,19,0,1
BRDA:163,19,1,0
BRDA:171,20,0,0
BRDA:171,20,1,0
BRDA:173,21,0,0
BRDA:173,21,1,0
BRDA:182,22,0,0
BRDA:182,22,1,1
BRDA:197,23,0,0
BRDA:197,23,1,0
BRDA:199,24,0,0
BRDA:199,24,1,0
BRF:50
BRH:7
end_of_record
TN:
SF:src\controllers\admin\user.controller.ts
FN:15,(anonymous_1)
FN:18,(anonymous_2)
FN:49,(anonymous_3)
FN:70,(anonymous_4)
FN:90,(anonymous_5)
FN:111,(anonymous_6)
FN:147,(anonymous_7)
FNF:7
FNH:6
FNDA:4,(anonymous_1)
FNDA:0,(anonymous_2)
FNDA:1,(anonymous_3)
FNDA:1,(anonymous_4)
FNDA:1,(anonymous_5)
FNDA:1,(anonymous_6)
FNDA:1,(anonymous_7)
DA:2,8
DA:3,8
DA:4,8
DA:6,8
DA:15,8
DA:17,8
DA:19,0
DA:20,0
DA:21,0
DA:23,0
DA:24,0
DA:27,0
DA:28,0
DA:29,0
DA:35,0
DA:36,0
DA:42,0
DA:50,1
DA:51,1
DA:52,1
DA:53,0
DA:56,1
DA:57,1
DA:63,0
DA:71,1
DA:72,1
DA:73,1
DA:76,1
DA:83,0
DA:91,1
DA:92,1
DA:93,1
DA:94,0
DA:97,1
DA:98,1
DA:104,0
DA:112,1
DA:113,1
DA:115,1
DA:116,1
DA:117,0
DA:120,1
DA:121,1
DA:122,0
DA:125,1
DA:126,1
DA:127,0
DA:133,1
DA:134,1
DA:140,0
DA:148,1
DA:149,1
DA:150,1
DA:151,0
DA:154,1
DA:155,1
DA:161,0
LF:57
LH:35
BRDA:15,0,0,0
BRDA:15,0,1,4
BRDA:23,1,0,0
BRDA:23,1,1,0
BRDA:28,2,0,0
BRDA:28,2,1,0
BRDA:42,3,0,0
BRDA:42,3,1,0
BRDA:44,4,0,0
BRDA:44,4,1,0
BRDA:52,5,0,0
BRDA:52,5,1,1
BRDA:63,6,0,0
BRDA:63,6,1,0
BRDA:65,7,0,0
BRDA:65,7,1,0
BRDA:83,8,0,0
BRDA:83,8,1,0
BRDA:85,9,0,0
BRDA:85,9,1,0
BRDA:93,10,0,0
BRDA:93,10,1,1
BRDA:104,11,0,0
BRDA:104,11,1,0
BRDA:106,12,0,0
BRDA:106,12,1,0
BRDA:116,13,0,0
BRDA:116,13,1,1
BRDA:121,14,0,0
BRDA:121,14,1,1
BRDA:126,15,0,0
BRDA:126,15,1,1
BRDA:140,16,0,0
BRDA:140,16,1,0
BRDA:142,17,0,0
BRDA:142,17,1,0
BRDA:150,18,0,0
BRDA:150,18,1,1
BRDA:161,19,0,0
BRDA:161,19,1,0
BRDA:163,20,0,0
BRDA:163,20,1,0
BRF:42
BRH:7
end_of_record
TN:
SF:src\controllers\cart\cart.controller.ts
FN:10,(anonymous_0)
FN:41,(anonymous_1)
FN:61,(anonymous_2)
FN:98,(anonymous_3)
FN:121,(anonymous_4)
FNF:5
FNH:3
FNDA:0,(anonymous_0)
FNDA:1,(anonymous_1)
FNDA:0,(anonymous_2)
FNDA:1,(anonymous_3)
FNDA:1,(anonymous_4)
DA:1,8
DA:3,8
DA:5,8
DA:6,8
DA:8,8
DA:11,0
DA:12,0
DA:14,0
DA:16,0
DA:17,0
DA:23,0
DA:25,0
DA:31,0
DA:32,0
DA:42,1
DA:43,1
DA:45,1
DA:47,1
DA:53,0
DA:54,0
DA:62,0
DA:63,0
DA:64,0
DA:67,0
DA:69,0
DA:70,0
DA:76,0
DA:82,0
DA:89,0
DA:90,0
DA:99,1
DA:100,1
DA:101,1
DA:103,1
DA:105,1
DA:112,0
DA:113,0
DA:122,1
DA:123,1
DA:125,1
DA:127,1
DA:133,0
DA:134,0
LF:43
LH:18
BRDA:16,0,0,0
BRDA:16,0,1,0
BRDA:32,1,0,0
BRDA:32,1,1,0
BRDA:34,2,0,0
BRDA:34,2,1,0
BRDA:54,3,0,0
BRDA:54,3,1,0
BRDA:56,4,0,0
BRDA:56,4,1,0
BRDA:69,5,0,0
BRDA:69,5,1,0
BRDA:90,6,0,0
BRDA:90,6,1,0
BRDA:92,7,0,0
BRDA:92,7,1,0
BRDA:113,8,0,0
BRDA:113,8,1,0
BRDA:115,9,0,0
BRDA:115,9,1,0
BRDA:134,10,0,0
BRDA:134,10,1,0
BRDA:136,11,0,0
BRDA:136,11,1,0
BRF:24
BRH:0
end_of_record
TN:
SF:src\controllers\seller\seller.controller.ts
FN:9,(anonymous_1)
FNF:1
FNH:0
FNDA:0,(anonymous_1)
DA:1,8
DA:2,8
DA:3,8
DA:6,8
DA:8,8
DA:10,0
DA:11,0
DA:12,0
DA:13,0
DA:17,0
DA:18,0
DA:21,0
LF:12
LH:5
BRDA:12,0,0,0
BRDA:12,0,1,0
BRDA:21,1,0,0
BRDA:21,1,1,0
BRDA:22,2,0,0
BRDA:22,2,1,0
BRF:6
BRH:0
end_of_record
TN:
SF:src\controllers\wishlist\wishlist.controller.ts
FN:10,(anonymous_1)
FN:30,(anonymous_2)
FN:62,(anonymous_3)
FN:92,(anonymous_4)
FNF:4
FNH:3
FNDA:1,(anonymous_1)
FNDA:0,(anonymous_2)
FNDA:1,(anonymous_3)
FNDA:1,(anonymous_4)
DA:2,8
DA:4,8
DA:5,8
DA:7,8
DA:9,8
DA:11,1
DA:12,1
DA:14,1
DA:16,1
DA:22,0
DA:23,0
DA:31,0
DA:32,0
DA:34,0
DA:36,0
DA:37,0
DA:43,0
DA:48,0
DA:54,0
DA:55,0
DA:63,1
DA:64,1
DA:65,1
DA:67,1
DA:68,0
DA:74,1
DA:78,1
DA:84,0
DA:85,0
DA:93,1
DA:94,1
DA:96,1
DA:98,1
DA:104,0
DA:105,0
LF:35
LH:19
BRDA:23,0,0,0
BRDA:23,0,1,0
BRDA:25,1,0,0
BRDA:25,1,1,0
BRDA:36,2,0,0
BRDA:36,2,1,0
BRDA:55,3,0,0
BRDA:55,3,1,0
BRDA:57,4,0,0
BRDA:57,4,1,0
BRDA:67,5,0,0
BRDA:67,5,1,1
BRDA:85,6,0,0
BRDA:85,6,1,0
BRDA:87,7,0,0
BRDA:87,7,1,0
BRDA:105,8,0,0
BRDA:105,8,1,0
BRDA:107,9,0,0
BRDA:107,9,1,0
BRF:20
BRH:1
end_of_record
TN:
SF:src\database\mongodb.ts
FN:3,(anonymous_1)
FNF:1
FNH:1
FNDA:8,(anonymous_1)
DA:1,8
DA:2,8
DA:3,8
DA:4,8
DA:5,8
DA:6,8
DA:9,0
DA:10,0
LF:8
LH:6
BRF:0
BRH:0
end_of_record
TN:
SF:src\dtos\cart.dtos.ts
FNF:0
FNH:0
DA:1,8
DA:3,8
DA:8,8
LF:3
LH:3
BRF:0
BRH:0
end_of_record
TN:
SF:src\dtos\category.dto.ts
FNF:0
FNH:0
DA:3,8
DA:5,8
DA:9,8
LF:3
LH:3
BRF:0
BRH:0
end_of_record
TN:
SF:src\dtos\order.dto.ts
FNF:0
FNH:0
DA:1,8
DA:3,8
DA:34,8
DA:41,8
LF:4
LH:4
BRF:0
BRH:0
end_of_record
TN:
SF:src\dtos\product.dto.ts
FNF:0
FNH:0
DA:3,8
DA:6,8
DA:13,8
LF:3
LH:3
BRF:0
BRH:0
end_of_record
TN:
SF:src\dtos\user.dto.ts
FN:20,(anonymous_1)
FNF:1
FNH:1
FNDA:7,(anonymous_1)
DA:1,8
DA:2,8
DA:4,8
DA:20,7
DA:41,8
DA:48,8
LF:6
LH:6
BRF:0
BRH:0
end_of_record
TN:
SF:src\dtos\wishlist.dto.ts
FNF:0
FNH:0
DA:1,8
DA:3,8
LF:2
LH:2
BRF:0
BRH:0
end_of_record
TN:
SF:src\errors\http-error.ts
FN:3,(anonymous_0)
FNF:1
FNH:1
FNDA:4,(anonymous_0)
DA:1,8
DA:4,4
DA:5,4
LF:3
LH:3
BRF:0
BRH:0
end_of_record
TN:
SF:src\middlewares\authorized.middleware.ts
FN:19,(anonymous_1)
FN:40,(anonymous_2)
FN:62,(anonymous_3)
FNF:3
FNH:2
FNDA:23,(anonymous_1)
FNDA:11,(anonymous_2)
FNDA:0,(anonymous_3)
DA:3,8
DA:4,8
DA:5,8
DA:6,8
DA:15,8
DA:18,8
DA:19,8
DA:20,23
DA:21,23
DA:22,23
DA:23,1
DA:24,22
DA:25,22
DA:26,22
DA:27,0
DA:29,22
DA:30,22
DA:31,22
DA:32,22
DA:35,1
DA:40,8
DA:43,11
DA:44,11
DA:45,0
DA:48,11
DA:49,0
DA:52,11
DA:55,0
DA:62,8
DA:63,0
DA:64,0
DA:65,0
DA:68,0
DA:69,0
DA:73,0
DA:74,0
DA:77,0
DA:79,0
LF:38
LH:25
BRDA:22,0,0,1
BRDA:22,0,1,22
BRDA:22,1,0,23
BRDA:22,1,1,22
BRDA:26,2,0,0
BRDA:26,2,1,22
BRDA:26,3,0,22
BRDA:26,3,1,22
BRDA:30,4,0,0
BRDA:30,4,1,22
BRDA:35,5,0,1
BRDA:35,5,1,0
BRDA:44,6,0,0
BRDA:44,6,1,11
BRDA:48,7,0,0
BRDA:48,7,1,11
BRDA:55,8,0,0
BRDA:55,8,1,0
BRDA:64,9,0,0
BRDA:64,9,1,0
BRDA:68,10,0,0
BRDA:68,10,1,0
BRDA:73,11,0,0
BRDA:73,11,1,0
BRDA:79,12,0,0
BRDA:79,12,1,0
BRF:26
BRH:11
end_of_record
TN:
SF:src\middlewares\upload.middleware.ts
FN:16,(anonymous_1)
FN:19,(anonymous_2)
FN:25,(anonymous_3)
FN:40,(anonymous_4)
FN:41,(anonymous_5)
FN:42,(anonymous_6)
FNF:6
FNH:1
FNDA:0,(anonymous_1)
FNDA:0,(anonymous_2)
FNDA:0,(anonymous_3)
FNDA:48,(anonymous_4)
FNDA:0,(anonymous_5)
FNDA:0,(anonymous_6)
DA:1,8
DA:2,8
DA:3,8
DA:4,8
DA:6,8
DA:10,8
DA:11,8
DA:12,0
DA:15,8
DA:17,0
DA:20,0
DA:21,0
DA:22,0
DA:25,8
DA:27,0
DA:28,0
DA:30,0
DA:33,8
DA:39,8
DA:40,48
DA:41,0
DA:42,0
LF:22
LH:12
BRDA:11,0,0,0
BRDA:11,0,1,8
BRDA:27,1,0,0
BRDA:27,1,1,0
BRF:4
BRH:1
end_of_record
TN:
SF:src\models\blog.model.ts
FNF:0
FNH:0
DA:1,8
DA:10,8
DA:22,8
LF:3
LH:3
BRF:0
BRH:0
end_of_record
TN:
SF:src\models\cart.model.ts
FNF:0
FNH:0
DA:1,8
DA:22,8
DA:41,8
DA:59,8
DA:61,8
LF:5
LH:5
BRF:0
BRH:0
end_of_record
TN:
SF:src\models\category_model.ts
FNF:0
FNH:0
DA:1,8
DA:3,8
DA:35,8
LF:3
LH:3
BRF:0
BRH:0
end_of_record
TN:
SF:src\models\order.model.ts
FN:58,(anonymous_9)
FN:93,(anonymous_10)
FNF:2
FNH:2
FNDA:1,(anonymous_9)
FNDA:1,(anonymous_10)
DA:1,8
DA:23,8
DA:35,8
DA:48,8
DA:58,1
DA:93,8
DA:94,1
DA:95,0
DA:96,0
DA:100,8
LF:10
LH:8
BRDA:58,0,0,1
BRDA:58,0,1,1
BRDA:94,1,0,0
BRDA:94,1,1,1
BRF:4
BRH:3
end_of_record
TN:
SF:src\models\product.model.ts
FNF:0
FNH:0
DA:2,8
DA:4,8
DA:58,8
LF:3
LH:3
BRF:0
BRH:0
end_of_record
TN:
SF:src\models\user.model.ts
FN:28,(anonymous_9)
FNF:1
FNH:1
FNDA:10,(anonymous_9)
DA:1,8
DA:10,8
DA:28,8
DA:29,10
DA:30,8
DA:34,8
LF:6
LH:6
BRDA:29,0,0,8
BRDA:29,0,1,2
BRDA:30,1,0,0
BRDA:30,1,1,8
BRF:4
BRH:3
end_of_record
TN:
SF:src\models\wishlist.model.ts
FNF:0
FNH:0
DA:1,8
DA:19,8
DA:32,8
DA:51,8
DA:53,8
LF:5
LH:5
BRF:0
BRH:0
end_of_record
TN:
SF:src\repositories\blog.repository.ts
FN:15,(anonymous_0)
FN:20,(anonymous_1)
FN:24,(anonymous_2)
FN:45,(anonymous_3)
FN:49,(anonymous_4)
FNF:5
FNH:4
FNDA:1,(anonymous_0)
FNDA:3,(anonymous_1)
FNDA:2,(anonymous_2)
FNDA:0,(anonymous_3)
FNDA:1,(anonymous_4)
DA:2,8
DA:14,8
DA:16,1
DA:17,1
DA:18,1
DA:21,3
DA:22,3
DA:25,2
DA:26,2
DA:27,0
DA:34,2
DA:41,2
DA:46,0
DA:47,0
DA:50,1
DA:51,1
LF:16
LH:13
BRDA:26,0,0,0
BRDA:26,0,1,2
BRF:2
BRH:1
end_of_record
TN:
SF:src\repositories\cart.repositories.ts
FN:15,(anonymous_1)
FN:25,(anonymous_2)
FN:39,(anonymous_3)
FN:46,(anonymous_4)
FN:51,(anonymous_5)
FN:60,(anonymous_6)
FN:84,(anonymous_7)
FN:90,(anonymous_8)
FN:102,(anonymous_9)
FNF:9
FNH:4
FNDA:0,(anonymous_1)
FNDA:0,(anonymous_2)
FNDA:1,(anonymous_3)
FNDA:1,(anonymous_4)
FNDA:0,(anonymous_5)
FNDA:0,(anonymous_6)
FNDA:1,(anonymous_7)
FNDA:0,(anonymous_8)
FNDA:1,(anonymous_9)
DA:1,8
DA:2,8
DA:14,8
DA:16,0
DA:18,0
DA:20,0
DA:21,0
DA:24,0
DA:25,0
DA:28,0
DA:30,0
DA:31,0
DA:33,0
DA:40,1
DA:47,1
DA:48,1
DA:49,1
DA:52,0
DA:54,0
DA:55,0
DA:59,0
DA:60,0
DA:63,0
DA:64,0
DA:66,0
DA:73,0
DA:76,0
DA:85,1
DA:87,1
DA:89,1
DA:90,0
DA:94,1
DA:96,1
DA:103,1
DA:105,1
DA:107,1
DA:108,1
DA:110,1
LF:38
LH:17
BRDA:18,0,0,0
BRDA:18,0,1,0
BRDA:20,1,0,0
BRDA:20,1,1,0
BRDA:28,2,0,0
BRDA:28,2,1,0
BRDA:54,3,0,0
BRDA:54,3,1,0
BRDA:63,4,0,0
BRDA:63,4,1,0
BRDA:87,5,0,0
BRDA:87,5,1,1
BRDA:105,6,0,0
BRDA:105,6,1,1
BRF:14
BRH:2
end_of_record
TN:
SF:src\repositories\category.repositories.ts
FN:14,(anonymous_0)
FN:18,(anonymous_1)
FN:23,(anonymous_2)
FN:28,(anonymous_3)
FN:32,(anonymous_4)
FNF:5
FNH:4
FNDA:2,(anonymous_0)
FNDA:1,(anonymous_1)
FNDA:2,(anonymous_2)
FNDA:0,(anonymous_3)
FNDA:1,(anonymous_4)
DA:1,8
DA:13,8
DA:15,2
DA:16,2
DA:19,1
DA:20,1
DA:21,1
DA:24,2
DA:25,2
DA:29,0
DA:30,0
DA:33,1
DA:34,1
LF:13
LH:11
BRDA:34,0,0,1
BRDA:34,0,1,0
BRF:2
BRH:1
end_of_record
TN:
SF:src\repositories\order.repository.ts
FN:17,(anonymous_0)
FN:33,(anonymous_1)
FN:42,(anonymous_2)
FN:50,(anonymous_3)
FN:64,(anonymous_4)
FN:81,(anonymous_5)
FN:93,(anonymous_6)
FNF:7
FNH:4
FNDA:1,(anonymous_0)
FNDA:0,(anonymous_1)
FNDA:2,(anonymous_2)
FNDA:1,(anonymous_3)
FNDA:0,(anonymous_4)
FNDA:0,(anonymous_5)
FNDA:1,(anonymous_6)
DA:2,8
DA:16,8
DA:18,1
DA:19,1
DA:31,1
DA:34,0
DA:35,0
DA:36,0
DA:43,2
DA:48,2
DA:51,1
DA:62,1
DA:65,0
DA:76,0
DA:82,0
DA:91,0
DA:94,1
DA:95,1
LF:18
LH:11
BRDA:18,0,0,0
BRDA:18,0,1,1
BRF:2
BRH:1
end_of_record
TN:
SF:src\repositories\product.repositories.ts
FN:16,(anonymous_0)
FN:23,(anonymous_1)
FN:31,(anonymous_2)
FN:39,(anonymous_3)
FN:44,(anonymous_4)
FN:49,(anonymous_5)
FN:54,(anonymous_6)
FN:61,(anonymous_7)
FN:75,(anonymous_8)
FNF:9
FNH:5
FNDA:0,(anonymous_0)
FNDA:1,(anonymous_1)
FNDA:1,(anonymous_2)
FNDA:0,(anonymous_3)
FNDA:0,(anonymous_4)
FNDA:1,(anonymous_5)
FNDA:1,(anonymous_6)
FNDA:1,(anonymous_7)
FNDA:0,(anonymous_8)
DA:1,8
DA:15,8
DA:17,0
DA:18,0
DA:19,0
DA:24,1
DA:27,1
DA:32,1
DA:36,1
DA:40,0
DA:41,0
DA:45,0
DA:46,0
DA:50,1
DA:51,1
DA:55,1
DA:58,1
DA:62,1
DA:64,1
DA:66,1
DA:76,0
DA:78,0
DA:82,0
LF:23
LH:13
BRDA:46,0,0,0
BRDA:46,0,1,0
BRDA:62,1,0,0
BRDA:62,1,1,1
BRF:4
BRH:1
end_of_record
TN:
SF:src\repositories\user.repositories.ts
FN:18,(anonymous_0)
FN:24,(anonymous_1)
FN:29,(anonymous_2)
FN:34,(anonymous_3)
FN:39,(anonymous_4)
FN:61,(anonymous_5)
FN:66,(anonymous_6)
FNF:7
FNH:7
FNDA:7,(anonymous_0)
FNDA:17,(anonymous_1)
FNDA:7,(anonymous_2)
FNDA:27,(anonymous_3)
FNDA:1,(anonymous_4)
FNDA:2,(anonymous_5)
FNDA:1,(anonymous_6)
DA:2,8
DA:17,8
DA:19,7
DA:20,7
DA:21,7
DA:25,17
DA:26,17
DA:30,7
DA:31,7
DA:35,27
DA:36,27
DA:40,1
DA:41,1
DA:42,0
DA:51,1
DA:59,1
DA:62,2
DA:63,2
DA:67,1
DA:68,1
LF:20
LH:19
BRDA:41,0,0,0
BRDA:41,0,1,1
BRDA:68,1,0,1
BRDA:68,1,1,0
BRF:4
BRH:2
end_of_record
TN:
SF:src\repositories\wishlist.repositories.ts
FN:6,(anonymous_1)
FN:15,(anonymous_2)
FN:27,(anonymous_3)
FN:63,(anonymous_4)
FN:80,(anonymous_5)
FN:91,(anonymous_6)
FNF:6
FNH:4
FNDA:1,(anonymous_1)
FNDA:1,(anonymous_2)
FNDA:0,(anonymous_3)
FNDA:1,(anonymous_4)
FNDA:1,(anonymous_5)
FNDA:0,(anonymous_6)
DA:1,8
DA:2,8
DA:4,8
DA:7,1
DA:9,1
DA:16,1
DA:18,1
DA:23,1
DA:31,0
DA:32,0
DA:35,0
DA:40,0
DA:42,0
DA:48,0
DA:67,1
DA:68,1
DA:70,1
DA:81,1
DA:83,1
DA:95,0
DA:96,0
DA:98,0
DA:103,0
LF:23
LH:13
BRDA:40,0,0,0
BRDA:40,0,1,0
BRF:2
BRH:0
end_of_record
TN:
SF:src\routes\auth.routes.ts
FNF:0
FNH:0
DA:1,8
DA:2,8
DA:3,8
DA:4,8
DA:6,8
DA:8,8
DA:10,8
DA:11,8
DA:13,8
DA:15,8
DA:16,8
DA:17,8
DA:18,8
DA:19,8
LF:14
LH:14
BRF:0
BRH:0
end_of_record
TN:
SF:src\routes\blog.route.ts
FNF:0
FNH:0
DA:1,8
DA:2,8
DA:3,8
DA:5,8
DA:6,8
DA:8,8
DA:10,8
DA:12,8
DA:14,8
DA:16,8
LF:10
LH:10
BRF:0
BRH:0
end_of_record
TN:
SF:src\routes\category.routes.ts
FNF:0
FNH:0
DA:1,8
DA:2,8
DA:4,8
DA:6,8
DA:9,8
DA:10,8
DA:14,8
DA:15,8
DA:16,8
DA:19,8
LF:10
LH:10
BRF:0
BRH:0
end_of_record
TN:
SF:src\routes\order.routes.ts
FNF:0
FNH:0
DA:1,8
DA:2,8
DA:3,8
DA:5,8
DA:6,8
DA:8,8
DA:11,8
DA:14,8
DA:17,8
DA:20,8
DA:22,8
LF:11
LH:11
BRF:0
BRH:0
end_of_record
TN:
SF:src\routes\product.routes.ts
FNF:0
FNH:0
DA:1,8
DA:2,8
DA:3,8
DA:4,8
DA:6,8
DA:7,8
DA:12,8
DA:13,8
DA:14,8
DA:19,8
DA:20,8
DA:21,8
DA:22,8
DA:28,8
DA:30,8
LF:15
LH:15
BRF:0
BRH:0
end_of_record
TN:
SF:src\routes\wishlist.routes.ts
FNF:0
FNH:0
DA:1,8
DA:2,8
DA:3,8
DA:5,8
DA:6,8
DA:8,8
DA:10,8
DA:11,8
DA:12,8
DA:13,8
DA:15,8
LF:11
LH:11
BRF:0
BRH:0
end_of_record
TN:
SF:src\routes\admin\blog.route.ts
FNF:0
FNH:0
DA:1,8
DA:2,8
DA:3,8
DA:5,8
DA:6,8
DA:8,8
DA:9,8
DA:11,8
DA:12,8
DA:13,8
DA:15,8
LF:11
LH:11
BRF:0
BRH:0
end_of_record
TN:
SF:src\routes\admin\order.routes.ts
FNF:0
FNH:0
DA:1,8
DA:2,8
DA:3,8
DA:5,8
DA:6,8
DA:9,8
DA:10,8
DA:12,8
DA:14,8
DA:17,8
DA:20,8
DA:22,8
LF:12
LH:12
BRF:0
BRH:0
end_of_record
TN:
SF:src\routes\admin\user.route.ts
FNF:0
FNH:0
DA:1,8
DA:2,8
DA:3,8
DA:4,8
DA:6,8
DA:8,8
DA:10,8
DA:11,8
DA:12,8
DA:13,8
DA:14,8
DA:15,8
DA:16,8
DA:17,8
DA:18,8
LF:15
LH:15
BRF:0
BRH:0
end_of_record
TN:
SF:src\routes\cart\cart.routes.ts
FNF:0
FNH:0
DA:1,8
DA:2,8
DA:3,8
DA:5,8
DA:6,8
DA:8,8
DA:10,8
DA:11,8
DA:12,8
DA:13,8
DA:14,8
DA:16,8
LF:12
LH:12
BRF:0
BRH:0
end_of_record
TN:
SF:src\routes\seller\order.routes.ts
FNF:0
FNH:0
DA:1,8
DA:2,8
DA:3,8
DA:5,8
DA:6,8
DA:9,8
DA:10,8
DA:13,8
DA:16,8
DA:19,8
DA:21,8
LF:11
LH:11
BRF:0
BRH:0
end_of_record
TN:
SF:src\routes\seller\seller.route.ts
FNF:0
FNH:0
DA:1,8
DA:2,8
DA:4,8
DA:6,8
DA:8,8
DA:9,8
LF:6
LH:6
BRF:0
BRH:0
end_of_record
TN:
SF:src\services\blog.service.ts
FN:7,(anonymous_0)
FN:13,(anonymous_1)
FN:31,(anonymous_2)
FN:39,(anonymous_3)
FN:54,(anonymous_4)
FNF:5
FNH:4
FNDA:1,(anonymous_0)
FNDA:2,(anonymous_1)
FNDA:2,(anonymous_2)
FNDA:0,(anonymous_3)
FNDA:1,(anonymous_4)
DA:1,8
DA:2,8
DA:4,8
DA:6,8
DA:8,1
DA:9,1
DA:16,2
DA:17,2
DA:18,2
DA:19,2
DA:22,2
DA:28,2
DA:32,2
DA:33,2
DA:34,0
DA:36,2
DA:40,0
DA:41,0
DA:42,0
DA:46,0
DA:47,0
DA:50,0
DA:51,0
DA:55,1
DA:56,1
DA:57,0
DA:60,1
DA:61,1
LF:28
LH:19
BRDA:16,0,0,0
BRDA:16,0,1,2
BRDA:17,1,0,0
BRDA:17,1,1,2
BRDA:18,2,0,2
BRDA:18,2,1,2
BRDA:33,3,0,0
BRDA:33,3,1,2
BRDA:41,4,0,0
BRDA:41,4,1,0
BRDA:46,5,0,0
BRDA:46,5,1,0
BRDA:46,6,0,0
BRDA:46,6,1,0
BRDA:56,7,0,0
BRDA:56,7,1,1
BRF:16
BRH:6
end_of_record
TN:
SF:src\services\category.service.ts
FN:8,(anonymous_0)
FN:11,(anonymous_1)
FN:23,(anonymous_2)
FN:28,(anonymous_3)
FN:40,(anonymous_4)
FN:50,(anonymous_5)
FN:66,(anonymous_6)
FNF:7
FNH:5
FNDA:1,(anonymous_0)
FNDA:8,(anonymous_1)
FNDA:1,(anonymous_2)
FNDA:1,(anonymous_3)
FNDA:0,(anonymous_4)
FNDA:0,(anonymous_5)
FNDA:1,(anonymous_6)
DA:2,8
DA:3,8
DA:5,8
DA:7,8
DA:9,1
DA:10,1
DA:11,8
DA:14,1
DA:15,0
DA:18,1
DA:19,1
DA:24,1
DA:25,1
DA:29,1
DA:30,0
DA:33,1
DA:34,1
DA:35,0
DA:37,1
DA:41,0
DA:43,0
DA:44,0
DA:47,0
DA:48,0
DA:49,0
DA:50,0
DA:54,0
DA:55,0
DA:59,0
DA:60,0
DA:61,0
DA:63,0
DA:67,1
DA:69,1
DA:70,0
DA:73,1
DA:74,1
DA:75,0
DA:77,1
LF:39
LH:21
BRDA:14,0,0,0
BRDA:14,0,1,1
BRDA:29,1,0,0
BRDA:29,1,1,1
BRDA:29,2,0,1
BRDA:29,2,1,1
BRDA:34,3,0,0
BRDA:34,3,1,1
BRDA:43,4,0,0
BRDA:43,4,1,0
BRDA:47,5,0,0
BRDA:47,5,1,0
BRDA:47,6,0,0
BRDA:47,6,1,0
BRDA:50,7,0,0
BRDA:50,7,1,0
BRDA:54,8,0,0
BRDA:54,8,1,0
BRDA:60,9,0,0
BRDA:60,9,1,0
BRDA:69,10,0,0
BRDA:69,10,1,1
BRDA:74,11,0,0
BRDA:74,11,1,1
BRF:24
BRH:7
end_of_record
TN:
SF:src\services\order.service.ts
FN:9,(anonymous_0)
FN:16,(anonymous_1)
FN:39,(anonymous_2)
FN:47,(anonymous_3)
FN:59,(anonymous_4)
FN:62,(anonymous_5)
FN:64,(anonymous_6)
FN:81,(anonymous_7)
FN:92,(anonymous_8)
FN:102,(anonymous_9)
FN:113,(anonymous_10)
FN:132,(anonymous_11)
FNF:12
FNH:4
FNDA:0,(anonymous_0)
FNDA:0,(anonymous_1)
FNDA:1,(anonymous_2)
FNDA:1,(anonymous_3)
FNDA:0,(anonymous_4)
FNDA:0,(anonymous_5)
FNDA:0,(anonymous_6)
FNDA:1,(anonymous_7)
FNDA:0,(anonymous_8)
FNDA:0,(anonymous_9)
FNDA:0,(anonymous_10)
FNDA:1,(anonymous_11)
DA:2,8
DA:4,8
DA:6,8
DA:8,8
DA:11,0
DA:12,0
DA:16,0
DA:17,0
DA:18,0
DA:19,0
DA:21,0
DA:34,0
DA:35,0
DA:40,1
DA:41,1
DA:42,0
DA:44,1
DA:48,1
DA:49,1
DA:55,1
DA:60,0
DA:62,0
DA:63,0
DA:64,0
DA:67,0
DA:72,0
DA:78,0
DA:82,1
DA:83,1
DA:89,1
DA:93,0
DA:94,0
DA:95,0
DA:99,0
DA:100,0
DA:101,0
DA:102,0
DA:104,0
DA:105,0
DA:108,0
DA:114,0
DA:116,0
DA:117,0
DA:120,0
DA:121,0
DA:124,0
DA:125,0
DA:128,0
DA:129,0
DA:133,1
DA:135,1
DA:136,0
DA:139,1
DA:140,1
LF:54
LH:17
BRDA:11,0,0,0
BRDA:11,0,1,0
BRDA:11,1,0,0
BRDA:11,1,1,0
BRDA:11,1,2,0
BRDA:17,2,0,0
BRDA:17,2,1,0
BRDA:41,3,0,0
BRDA:41,3,1,1
BRDA:47,4,0,0
BRDA:47,5,0,0
BRDA:59,6,0,0
BRDA:59,7,0,0
BRDA:81,8,0,0
BRDA:81,9,0,0
BRDA:94,10,0,0
BRDA:94,10,1,0
BRDA:99,11,0,0
BRDA:99,11,1,0
BRDA:100,12,0,0
BRDA:100,12,1,0
BRDA:104,13,0,0
BRDA:104,13,1,0
BRDA:116,14,0,0
BRDA:116,14,1,0
BRDA:120,15,0,0
BRDA:120,15,1,0
BRDA:124,16,0,0
BRDA:124,16,1,0
BRDA:124,17,0,0
BRDA:124,17,1,0
BRDA:135,18,0,0
BRDA:135,18,1,1
BRF:33
BRH:2
end_of_record
TN:
SF:src\services\product.service.ts
FN:9,(anonymous_9)
FN:16,(anonymous_10)
FN:34,(anonymous_11)
FN:41,(anonymous_12)
FN:45,(anonymous_13)
FN:55,(anonymous_14)
FN:93,(anonymous_15)
FN:114,(anonymous_16)
FN:118,(anonymous_17)
FNF:9
FNH:6
FNDA:3,(anonymous_9)
FNDA:0,(anonymous_10)
FNDA:1,(anonymous_11)
FNDA:1,(anonymous_12)
FNDA:1,(anonymous_13)
FNDA:0,(anonymous_14)
FNDA:0,(anonymous_15)
FNDA:1,(anonymous_16)
FNDA:1,(anonymous_17)
DA:1,8
DA:4,8
DA:5,8
DA:7,8
DA:9,8
DA:15,8
DA:21,0
DA:22,0
DA:25,0
DA:31,0
DA:35,1
DA:36,0
DA:38,1
DA:42,1
DA:46,1
DA:47,0
DA:50,1
DA:51,1
DA:52,0
DA:56,0
DA:57,0
DA:60,0
DA:62,0
DA:63,0
DA:67,0
DA:71,0
DA:72,0
DA:76,0
DA:78,0
DA:80,0
DA:81,0
DA:82,0
DA:84,0
DA:87,0
DA:88,0
DA:89,0
DA:94,0
DA:95,0
DA:98,0
DA:100,0
DA:101,0
DA:105,0
DA:106,0
DA:109,0
DA:110,0
DA:111,0
DA:115,1
DA:119,1
DA:120,0
DA:122,1
LF:50
LH:15
BRDA:21,0,0,0
BRDA:21,0,1,0
BRDA:35,1,0,0
BRDA:35,1,1,1
BRDA:35,2,0,1
BRDA:35,2,1,1
BRDA:35,2,2,1
BRDA:46,3,0,0
BRDA:46,3,1,1
BRDA:51,4,0,1
BRDA:51,4,1,0
BRDA:56,5,0,0
BRDA:56,5,1,0
BRDA:62,6,0,0
BRDA:62,6,1,0
BRDA:67,7,0,0
BRDA:67,7,1,0
BRDA:71,8,0,0
BRDA:71,8,1,0
BRDA:80,9,0,0
BRDA:80,9,1,0
BRDA:81,10,0,0
BRDA:81,10,1,0
BRDA:88,11,0,0
BRDA:88,11,1,0
BRDA:94,12,0,0
BRDA:94,12,1,0
BRDA:100,13,0,0
BRDA:100,13,1,0
BRDA:105,14,0,0
BRDA:105,14,1,0
BRDA:110,15,0,0
BRDA:110,15,1,0
BRDA:119,16,0,0
BRDA:119,16,1,1
BRDA:119,17,0,1
BRDA:119,17,1,1
BRDA:119,17,2,1
BRF:38
BRH:10
end_of_record
TN:
SF:src\services\user.service.ts
FN:12,(anonymous_1)
FN:31,(anonymous_2)
FN:53,(anonymous_3)
FN:61,(anonymous_4)
FN:90,(anonymous_5)
FN:105,(anonymous_6)
FNF:6
FNH:3
FNDA:7,(anonymous_1)
FNDA:10,(anonymous_2)
FNDA:1,(anonymous_3)
FNDA:0,(anonymous_4)
FNDA:0,(anonymous_5)
FNDA:0,(anonymous_6)
DA:2,8
DA:3,8
DA:4,8
DA:5,8
DA:6,8
DA:7,8
DA:9,8
DA:11,8
DA:13,7
DA:14,7
DA:15,0
DA:18,7
DA:19,7
DA:20,0
DA:25,7
DA:26,7
DA:27,7
DA:28,7
DA:32,10
DA:33,10
DA:34,1
DA:37,9
DA:40,9
DA:41,1
DA:43,8
DA:49,8
DA:50,8
DA:54,1
DA:55,1
DA:56,0
DA:58,1
DA:62,0
DA:63,0
DA:64,0
DA:67,0
DA:68,0
DA:69,0
DA:70,0
DA:74,0
DA:75,0
DA:76,0
DA:77,0
DA:81,0
DA:82,0
DA:83,0
DA:85,0
DA:86,0
DA:91,0
DA:92,0
DA:93,0
DA:95,0
DA:96,0
DA:97,0
DA:99,0
DA:100,0
DA:101,0
DA:102,0
DA:103,0
DA:106,0
DA:107,0
DA:108,0
DA:110,0
DA:111,0
DA:112,0
DA:113,0
DA:114,0
DA:116,0
DA:117,0
DA:118,0
DA:120,0
LF:70
LH:28
BRDA:14,0,0,0
BRDA:14,0,1,7
BRDA:19,1,0,0
BRDA:19,1,1,7
BRDA:33,2,0,1
BRDA:33,2,1,9
BRDA:40,3,0,1
BRDA:40,3,1,8
BRDA:55,4,0,0
BRDA:55,4,1,1
BRDA:63,5,0,0
BRDA:63,5,1,0
BRDA:67,6,0,0
BRDA:67,6,1,0
BRDA:67,7,0,0
BRDA:67,7,1,0
BRDA:69,8,0,0
BRDA:69,8,1,0
BRDA:74,9,0,0
BRDA:74,9,1,0
BRDA:74,10,0,0
BRDA:74,10,1,0
BRDA:76,11,0,0
BRDA:76,11,1,0
BRDA:81,12,0,0
BRDA:81,12,1,0
BRDA:91,13,0,0
BRDA:91,13,1,0
BRDA:92,14,0,0
BRDA:92,14,1,0
BRDA:96,15,0,0
BRDA:96,15,1,0
BRDA:107,16,0,0
BRDA:107,16,1,0
BRDA:107,17,0,0
BRDA:107,17,1,0
BRDA:113,18,0,0
BRDA:113,18,1,0
BRF:38
BRH:7
end_of_record
TN:
SF:src\services\admin\user.service.ts
FN:10,(anonymous_1)
FN:30,(anonymous_2)
FN:47,(anonymous_3)
FN:55,(anonymous_4)
FN:67,(anonymous_5)
FN:80,(anonymous_6)
FNF:6
FNH:5
FNDA:0,(anonymous_1)
FNDA:1,(anonymous_2)
FNDA:1,(anonymous_3)
FNDA:1,(anonymous_4)
FNDA:1,(anonymous_5)
FNDA:1,(anonymous_6)
DA:2,8
DA:3,8
DA:5,8
DA:7,8
DA:9,8
DA:11,0
DA:12,0
DA:13,0
DA:16,0
DA:17,0
DA:18,0
DA:22,0
DA:23,0
DA:25,0
DA:26,0
DA:31,1
DA:32,1
DA:33,1
DA:35,1
DA:38,1
DA:44,1
DA:48,1
DA:49,1
DA:50,0
DA:52,1
DA:56,1
DA:57,1
DA:58,0
DA:60,1
DA:61,1
DA:62,0
DA:64,1
DA:68,1
DA:69,1
DA:70,0
DA:72,1
DA:73,1
DA:74,0
DA:77,1
DA:81,1
DA:82,1
DA:83,0
DA:86,1
DA:87,0
DA:90,1
DA:91,0
DA:94,1
DA:97,1
DA:98,0
DA:100,1
LF:50
LH:31
BRDA:12,0,0,0
BRDA:12,0,1,0
BRDA:17,1,0,0
BRDA:17,1,1,0
BRDA:31,2,0,0
BRDA:31,2,1,1
BRDA:32,3,0,0
BRDA:32,3,1,1
BRDA:33,4,0,1
BRDA:33,4,1,1
BRDA:49,5,0,0
BRDA:49,5,1,1
BRDA:57,6,0,0
BRDA:57,6,1,1
BRDA:61,7,0,0
BRDA:61,7,1,1
BRDA:69,8,0,0
BRDA:69,8,1,1
BRDA:73,9,0,0
BRDA:73,9,1,1
BRDA:82,10,0,0
BRDA:82,10,1,1
BRDA:86,11,0,0
BRDA:86,11,1,1
BRDA:90,12,0,0
BRDA:90,12,1,1
BRDA:97,13,0,0
BRDA:97,13,1,1
BRF:28
BRH:13
end_of_record
TN:
SF:src\services\cart\cart.service.ts
FN:13,(anonymous_0)
FN:14,(anonymous_1)
FN:20,(anonymous_2)
FN:21,(anonymous_3)
FN:24,(anonymous_4)
FN:28,(anonymous_5)
FN:42,(anonymous_6)
FN:66,(anonymous_7)
FN:99,(anonymous_8)
FN:109,(anonymous_9)
FN:142,(anonymous_10)
FN:155,(anonymous_11)
FNF:12
FNH:6
FNDA:3,(anonymous_0)
FNDA:0,(anonymous_1)
FNDA:3,(anonymous_2)
FNDA:0,(anonymous_3)
FNDA:3,(anonymous_4)
FNDA:0,(anonymous_5)
FNDA:0,(anonymous_6)
FNDA:0,(anonymous_7)
FNDA:1,(anonymous_8)
FNDA:0,(anonymous_9)
FNDA:1,(anonymous_10)
FNDA:1,(anonymous_11)
DA:2,8
DA:5,8
DA:6,8
DA:9,8
DA:10,8
DA:12,8
DA:14,3
DA:15,0
DA:21,3
DA:25,3
DA:28,0
DA:46,0
DA:48,0
DA:50,0
DA:51,0
DA:55,0
DA:56,0
DA:60,0
DA:62,0
DA:64,0
DA:65,0
DA:66,0
DA:72,0
DA:75,0
DA:76,0
DA:78,0
DA:79,0
DA:82,0
DA:87,0
DA:96,0
DA:100,1
DA:102,1
DA:103,1
DA:106,1
DA:114,0
DA:116,0
DA:117,0
DA:119,0
DA:120,0
DA:123,0
DA:124,0
DA:129,0
DA:135,0
DA:136,0
DA:139,0
DA:143,1
DA:148,1
DA:149,0
DA:152,1
DA:156,1
DA:158,1
DA:159,0
DA:162,1
LF:53
LH:19
BRDA:50,0,0,0
BRDA:50,0,1,0
BRDA:55,1,0,0
BRDA:55,1,1,0
BRDA:64,2,0,0
BRDA:64,2,1,0
BRDA:75,3,0,0
BRDA:75,3,1,0
BRDA:78,4,0,0
BRDA:78,4,1,0
BRDA:102,5,0,1
BRDA:102,5,1,0
BRDA:116,6,0,0
BRDA:116,6,1,0
BRDA:119,7,0,0
BRDA:119,7,1,0
BRDA:123,8,0,0
BRDA:123,8,1,0
BRDA:135,9,0,0
BRDA:135,9,1,0
BRDA:148,10,0,0
BRDA:148,10,1,1
BRDA:158,11,0,0
BRDA:158,11,1,1
BRF:24
BRH:3
end_of_record
TN:
SF:src\services\seller\seller.service.ts
FN:10,(anonymous_1)
FNF:1
FNH:0
FNDA:0,(anonymous_1)
DA:3,8
DA:4,8
DA:5,8
DA:7,8
DA:9,8
DA:12,0
DA:13,0
DA:14,0
DA:18,0
DA:19,0
DA:20,0
DA:24,0
DA:27,0
DA:35,0
DA:37,0
LF:15
LH:5
BRDA:13,0,0,0
BRDA:13,0,1,0
BRDA:19,1,0,0
BRDA:19,1,1,0
BRF:4
BRH:0
end_of_record
TN:
SF:src\services\wishlist\wishlist.service.ts
FN:13,(anonymous_0)
FN:17,(anonymous_1)
FN:27,(anonymous_2)
FN:41,(anonymous_3)
FN:66,(anonymous_4)
FN:82,(anonymous_5)
FN:94,(anonymous_6)
FNF:7
FNH:4
FNDA:3,(anonymous_0)
FNDA:0,(anonymous_1)
FNDA:1,(anonymous_2)
FNDA:0,(anonymous_3)
FNDA:1,(anonymous_4)
FNDA:1,(anonymous_5)
FNDA:0,(anonymous_6)
DA:1,8
DA:4,8
DA:7,8
DA:9,8
DA:10,8
DA:12,8
DA:14,3
DA:17,0
DA:28,1
DA:32,1
DA:33,1
DA:38,1
DA:45,0
DA:48,0
DA:50,0
DA:51,0
DA:54,0
DA:59,0
DA:60,0
DA:63,0
DA:70,1
DA:75,1
DA:76,0
DA:79,1
DA:83,1
DA:87,1
DA:88,0
DA:91,1
DA:95,0
LF:29
LH:17
BRDA:32,0,0,1
BRDA:32,0,1,0
BRDA:50,1,0,0
BRDA:50,1,1,0
BRDA:59,2,0,0
BRDA:59,2,1,0
BRDA:75,3,0,0
BRDA:75,3,1,1
BRDA:87,4,0,0
BRDA:87,4,1,1
BRF:10
BRH:3
end_of_record
TN:
SF:src\types\blog.type.ts
FNF:0
FNH:0
DA:1,0
DA:3,0
LF:2
LH:0
BRF:0
BRH:0
end_of_record
TN:
SF:src\types\cart.type.ts
FNF:0
FNH:0
DA:2,0
DA:3,0
DA:6,0
DA:12,0
DA:21,0
DA:27,0
LF:6
LH:0
BRF:0
BRH:0
end_of_record
TN:
SF:src\types\category.type.ts
FNF:0
FNH:0
DA:1,8
DA:3,8
LF:2
LH:2
BRF:0
BRH:0
end_of_record
TN:
SF:src\types\order.type.ts
FNF:0
FNH:0
DA:1,0
DA:3,0
DA:12,0
DA:22,0
LF:4
LH:0
BRF:0
BRH:0
end_of_record
TN:
SF:src\types\product.type.ts
FN:6,(anonymous_1)
FNF:1
FNH:0
FNDA:0,(anonymous_1)
DA:1,8
DA:2,8
DA:5,8
DA:6,0
DA:10,8
LF:5
LH:4
BRF:0
BRH:0
end_of_record
TN:
SF:src\types\user.types.ts
FNF:0
FNH:0
DA:1,8
DA:3,8
LF:2
LH:2
BRF:0
BRH:0
end_of_record
TN:
SF:src\types\wishlist.type.ts
FNF:0
FNH:0
DA:1,0
DA:4,0
DA:25,0
DA:31,0
LF:4
LH:0
BRF:0
BRH:0
end_of_record
