TN:
SF:src\configs\email.ts
FN:21,(anonymous_1)
FNF:1
FNH:1
FNDA:2,(anonymous_1)
DA:1,11
DA:2,11
DA:4,11
DA:6,11
DA:7,11
DA:9,11
DA:10,11
DA:11,11
DA:13,11
DA:21,11
DA:22,2
DA:23,2
DA:24,0
DA:27,2
DA:34,2
DA:35,2
DA:36,2
DA:37,2
DA:39,0
DA:40,0
LF:20
LH:17
BRDA:11,0,0,11
BRDA:11,0,1,0
BRDA:23,1,0,0
BRDA:23,1,1,2
BRDA:23,2,0,2
BRDA:23,2,1,2
BRF:6
BRH:4
end_of_record
TN:
SF:src\configs\index.ts
FNF:0
FNH:0
DA:1,22
DA:2,22
DA:3,22
DA:5,22
DA:8,22
LF:5
LH:5
BRDA:3,0,0,22
BRDA:3,0,1,0
BRDA:5,1,0,22
BRDA:5,1,1,0
BRDA:8,2,0,22
BRDA:8,2,1,22
BRF:6
BRH:4
end_of_record
TN:
SF:src\controllers\auth.controller.ts
FN:10,(anonymous_1)
FN:31,(anonymous_2)
FN:46,(anonymous_3)
FN:82,(anonymous_4)
FN:101,(anonymous_5)
FN:131,(anonymous_6)
FN:149,(anonymous_7)
FNF:7
FNH:6
FNDA:17,(anonymous_1)
FNDA:28,(anonymous_2)
FNDA:3,(anonymous_3)
FNDA:3,(anonymous_4)
FNDA:4,(anonymous_5)
FNDA:6,(anonymous_6)
FNDA:0,(anonymous_7)
DA:1,11
DA:2,11
DA:4,11
DA:7,11
DA:9,11
DA:11,17
DA:12,17
DA:13,17
DA:14,7
DA:18,10
DA:19,7
DA:23,3
DA:32,28
DA:33,28
DA:34,28
DA:35,3
DA:38,25
DA:39,21
DA:41,4
DA:47,3
DA:48,3
DA:49,3
DA:50,3
DA:51,0
DA:55,3
DA:56,3
DA:57,0
DA:61,3
DA:62,0
DA:66,3
DA:68,3
DA:75,0
DA:83,3
DA:84,3
DA:85,3
DA:86,0
DA:90,3
DA:91,3
DA:95,0
DA:102,4
DA:103,4
DA:104,4
DA:105,3
DA:107,1
DA:108,1
DA:109,1
DA:110,0
DA:112,1
DA:113,1
DA:114,0
DA:119,1
DA:121,1
DA:125,0
DA:132,6
DA:133,6
DA:134,6
DA:135,2
DA:143,4
DA:150,0
DA:152,0
DA:153,0
DA:154,0
DA:155,0
DA:156,0
DA:160,0
LF:65
LH:49
BRDA:13,0,0,7
BRDA:13,0,1,10
BRDA:23,1,0,3
BRDA:23,1,1,0
BRDA:24,2,0,3
BRDA:24,2,1,0
BRDA:34,3,0,3
BRDA:34,3,1,25
BRDA:41,4,0,4
BRDA:41,4,1,0
BRDA:42,5,0,4
BRDA:42,5,1,0
BRDA:50,6,0,0
BRDA:50,6,1,3
BRDA:56,7,0,0
BRDA:56,7,1,3
BRDA:61,8,0,0
BRDA:61,8,1,3
BRDA:75,9,0,0
BRDA:75,9,1,0
BRDA:76,10,0,0
BRDA:76,10,1,0
BRDA:85,11,0,0
BRDA:85,11,1,3
BRDA:95,12,0,0
BRDA:95,12,1,0
BRDA:96,13,0,0
BRDA:96,13,1,0
BRDA:103,14,0,0
BRDA:103,14,1,4
BRDA:104,15,0,3
BRDA:104,15,1,1
BRDA:104,16,0,4
BRDA:104,16,1,3
BRDA:109,17,0,0
BRDA:109,17,1,1
BRDA:113,18,0,0
BRDA:113,18,1,1
BRDA:125,19,0,0
BRDA:125,19,1,0
BRDA:126,20,0,0
BRDA:126,20,1,0
BRDA:143,21,0,4
BRDA:143,21,1,0
BRDA:144,22,0,4
BRDA:144,22,1,0
BRDA:153,23,0,0
BRDA:153,23,1,0
BRDA:160,24,0,0
BRDA:160,24,1,0
BRDA:161,25,0,0
BRDA:161,25,1,0
BRF:52
BRH:21
end_of_record
TN:
SF:src\controllers\blog.controller.ts
FN:14,(anonymous_0)
FN:30,(anonymous_1)
FN:49,(anonymous_2)
FN:64,(anonymous_3)
FN:80,(anonymous_4)
FNF:5
FNH:4
FNDA:1,(anonymous_0)
FNDA:2,(anonymous_1)
FNDA:2,(anonymous_2)
FNDA:0,(anonymous_3)
FNDA:1,(anonymous_4)
DA:2,11
DA:4,11
DA:13,11
DA:15,1
DA:16,1
DA:17,1
DA:18,1
DA:19,1
DA:26,0
DA:31,2
DA:32,2
DA:34,2
DA:37,2
DA:44,0
DA:50,2
DA:51,2
DA:52,2
DA:53,2
DA:59,0
DA:65,0
DA:66,0
DA:67,0
DA:68,0
DA:69,0
DA:75,0
DA:81,1
DA:82,1
DA:83,1
DA:84,1
DA:90,0
LF:30
LH:20
BRDA:26,0,0,0
BRDA:26,0,1,0
BRDA:27,1,0,0
BRDA:27,1,1,0
BRDA:44,2,0,0
BRDA:44,2,1,0
BRDA:45,3,0,0
BRDA:45,3,1,0
BRDA:59,4,0,0
BRDA:59,4,1,0
BRDA:60,5,0,0
BRDA:60,5,1,0
BRDA:75,6,0,0
BRDA:75,6,1,0
BRDA:76,7,0,0
BRDA:76,7,1,0
BRDA:90,8,0,0
BRDA:90,8,1,0
BRDA:91,9,0,0
BRDA:91,9,1,0
BRF:20
BRH:0
end_of_record
TN:
SF:src\controllers\category.controller.ts
FN:9,(anonymous_1)
FN:35,(anonymous_2)
FN:53,(anonymous_3)
FN:73,(anonymous_4)
FN:102,(anonymous_5)
FNF:5
FNH:4
FNDA:1,(anonymous_1)
FNDA:1,(anonymous_2)
FNDA:1,(anonymous_3)
FNDA:0,(anonymous_4)
FNDA:1,(anonymous_5)
DA:1,11
DA:3,11
DA:4,11
DA:6,11
DA:8,11
DA:10,1
DA:11,1
DA:12,1
DA:13,0
DA:19,1
DA:20,1
DA:27,0
DA:36,1
DA:37,1
DA:38,1
DA:46,0
DA:54,1
DA:55,1
DA:56,1
DA:57,1
DA:64,0
DA:74,0
DA:75,0
DA:76,0
DA:78,0
DA:79,0
DA:80,0
DA:86,0
DA:87,0
DA:94,0
DA:103,1
DA:104,1
DA:105,1
DA:106,1
DA:107,1
DA:113,0
LF:36
LH:22
BRDA:12,0,0,0
BRDA:12,0,1,1
BRDA:27,1,0,0
BRDA:27,1,1,0
BRDA:29,2,0,0
BRDA:29,2,1,0
BRDA:46,3,0,0
BRDA:46,3,1,0
BRDA:48,4,0,0
BRDA:48,4,1,0
BRDA:55,5,0,0
BRDA:55,5,1,1
BRDA:64,6,0,0
BRDA:64,6,1,0
BRDA:66,7,0,0
BRDA:66,7,1,0
BRDA:76,8,0,0
BRDA:76,8,1,0
BRDA:79,9,0,0
BRDA:79,9,1,0
BRDA:94,10,0,0
BRDA:94,10,1,0
BRDA:96,11,0,0
BRDA:96,11,1,0
BRDA:105,12,0,0
BRDA:105,12,1,1
BRDA:113,13,0,0
BRDA:113,13,1,0
BRDA:115,14,0,0
BRDA:115,14,1,0
BRF:30
BRH:3
end_of_record
TN:
SF:src\controllers\conversation.controller.ts
FN:7,(anonymous_0)
FN:47,(anonymous_1)
FN:76,(anonymous_2)
FN:108,(anonymous_3)
FN:134,(anonymous_4)
FNF:5
FNH:0
FNDA:0,(anonymous_0)
FNDA:0,(anonymous_1)
FNDA:0,(anonymous_2)
FNDA:0,(anonymous_3)
FNDA:0,(anonymous_4)
DA:1,11
DA:3,11
DA:4,11
DA:6,11
DA:8,0
DA:9,0
DA:10,0
DA:11,0
DA:18,0
DA:19,0
DA:20,0
DA:27,0
DA:29,0
DA:34,0
DA:40,0
DA:48,0
DA:49,0
DA:50,0
DA:51,0
DA:56,0
DA:58,0
DA:63,0
DA:69,0
DA:77,0
DA:78,0
DA:79,0
DA:80,0
DA:86,0
DA:87,0
DA:89,0
DA:95,0
DA:101,0
DA:109,0
DA:110,0
DA:111,0
DA:112,0
DA:118,0
DA:120,0
DA:122,0
DA:127,0
DA:135,0
DA:136,0
DA:137,0
DA:138,0
DA:144,0
DA:146,0
DA:147,0
DA:152,0
LF:48
LH:4
BRDA:10,0,0,0
BRDA:10,0,1,0
BRDA:19,1,0,0
BRDA:19,1,1,0
BRDA:40,2,0,0
BRDA:40,2,1,0
BRDA:42,3,0,0
BRDA:42,3,1,0
BRDA:50,4,0,0
BRDA:50,4,1,0
BRDA:69,5,0,0
BRDA:69,5,1,0
BRDA:71,6,0,0
BRDA:71,6,1,0
BRDA:79,7,0,0
BRDA:79,7,1,0
BRDA:86,8,0,0
BRDA:86,8,1,0
BRDA:87,9,0,0
BRDA:87,9,1,0
BRDA:101,10,0,0
BRDA:101,10,1,0
BRDA:103,11,0,0
BRDA:103,11,1,0
BRDA:111,12,0,0
BRDA:111,12,1,0
BRDA:127,13,0,0
BRDA:127,13,1,0
BRDA:129,14,0,0
BRDA:129,14,1,0
BRDA:137,15,0,0
BRDA:137,15,1,0
BRDA:152,16,0,0
BRDA:152,16,1,0
BRDA:154,17,0,0
BRDA:154,17,1,0
BRF:36
BRH:0
end_of_record
TN:
SF:src\controllers\message.controller.ts
FN:8,(anonymous_0)
FN:49,(anonymous_1)
FN:84,(anonymous_2)
FN:110,(anonymous_3)
FNF:4
FNH:4
FNDA:10,(anonymous_0)
FNDA:4,(anonymous_1)
FNDA:9,(anonymous_2)
FNDA:2,(anonymous_3)
DA:2,11
DA:4,11
DA:5,11
DA:7,11
DA:9,10
DA:10,10
DA:11,10
DA:12,0
DA:19,10
DA:20,10
DA:21,3
DA:29,7
DA:31,3
DA:40,4
DA:50,4
DA:51,4
DA:52,4
DA:53,0
DA:59,4
DA:60,4
DA:61,4
DA:63,4
DA:70,2
DA:77,2
DA:85,9
DA:86,9
DA:87,9
DA:88,0
DA:94,9
DA:96,9
DA:98,1
DA:103,8
DA:111,2
DA:112,2
DA:113,2
DA:114,0
DA:120,2
DA:122,2
DA:124,1
DA:129,1
LF:40
LH:36
BRDA:11,0,0,0
BRDA:11,0,1,10
BRDA:20,1,0,3
BRDA:20,1,1,7
BRDA:40,2,0,4
BRDA:40,2,1,0
BRDA:42,3,0,4
BRDA:42,3,1,0
BRDA:52,4,0,0
BRDA:52,4,1,4
BRDA:60,5,0,4
BRDA:60,5,1,3
BRDA:61,6,0,4
BRDA:61,6,1,3
BRDA:77,7,0,2
BRDA:77,7,1,0
BRDA:79,8,0,2
BRDA:79,8,1,0
BRDA:87,9,0,0
BRDA:87,9,1,9
BRDA:103,10,0,8
BRDA:103,10,1,0
BRDA:105,11,0,8
BRDA:105,11,1,0
BRDA:113,12,0,0
BRDA:113,12,1,2
BRDA:129,13,0,1
BRDA:129,13,1,0
BRDA:131,14,0,1
BRDA:131,14,1,0
BRF:30
BRH:18
end_of_record
TN:
SF:src\controllers\notification.controller.ts
FN:7,(anonymous_0)
FN:28,(anonymous_1)
FN:45,(anonymous_2)
FN:65,(anonymous_3)
FN:83,(anonymous_4)
FN:102,(anonymous_5)
FNF:6
FNH:0
FNDA:0,(anonymous_0)
FNDA:0,(anonymous_1)
FNDA:0,(anonymous_2)
FNDA:0,(anonymous_3)
FNDA:0,(anonymous_4)
FNDA:0,(anonymous_5)
DA:2,11
DA:4,11
DA:6,11
DA:8,0
DA:9,0
DA:10,0
DA:11,0
DA:13,0
DA:15,0
DA:21,0
DA:29,0
DA:30,0
DA:31,0
DA:33,0
DA:38,0
DA:46,0
DA:47,0
DA:48,0
DA:50,0
DA:52,0
DA:58,0
DA:66,0
DA:67,0
DA:68,0
DA:70,0
DA:76,0
DA:84,0
DA:85,0
DA:86,0
DA:88,0
DA:90,0
DA:95,0
DA:103,0
DA:104,0
DA:105,0
DA:107,0
DA:113,0
LF:37
LH:3
BRDA:10,0,0,0
BRDA:10,0,1,0
BRDA:11,1,0,0
BRDA:11,1,1,0
BRDA:21,2,0,0
BRDA:21,2,1,0
BRDA:38,3,0,0
BRDA:38,3,1,0
BRDA:58,4,0,0
BRDA:58,4,1,0
BRDA:76,5,0,0
BRDA:76,5,1,0
BRDA:95,6,0,0
BRDA:95,6,1,0
BRDA:113,7,0,0
BRDA:113,7,1,0
BRF:16
BRH:0
end_of_record
TN:
SF:src\controllers\order.controller.ts
FN:7,(anonymous_0)
FN:47,(anonymous_1)
FN:66,(anonymous_2)
FN:106,(anonymous_3)
FN:146,(anonymous_4)
FN:186,(anonymous_5)
FN:227,(anonymous_6)
FN:248,(anonymous_7)
FNF:8
FNH:6
FNDA:6,(anonymous_0)
FNDA:4,(anonymous_1)
FNDA:2,(anonymous_2)
FNDA:0,(anonymous_3)
FNDA:1,(anonymous_4)
FNDA:0,(anonymous_5)
FNDA:3,(anonymous_6)
FNDA:1,(anonymous_7)
DA:1,11
DA:2,11
DA:4,11
DA:6,11
DA:8,6
DA:9,6
DA:11,6
DA:13,6
DA:14,3
DA:15,3
DA:22,3
DA:23,3
DA:25,3
DA:30,3
DA:32,3
DA:34,3
DA:40,0
DA:48,4
DA:49,4
DA:50,4
DA:52,2
DA:58,2
DA:67,2
DA:68,2
DA:70,2
DA:71,0
DA:78,2
DA:79,2
DA:81,2
DA:82,2
DA:84,2
DA:90,2
DA:97,0
DA:107,0
DA:108,0
DA:110,0
DA:111,0
DA:118,0
DA:119,0
DA:121,0
DA:122,0
DA:124,0
DA:129,0
DA:139,0
DA:147,1
DA:148,1
DA:150,1
DA:151,0
DA:158,1
DA:160,1
DA:161,1
DA:163,1
DA:170,1
DA:179,0
DA:187,0
DA:188,0
DA:190,0
DA:191,0
DA:198,0
DA:199,0
DA:200,0
DA:201,0
DA:203,0
DA:210,0
DA:219,0
DA:228,3
DA:229,3
DA:230,3
DA:232,3
DA:234,1
DA:240,2
DA:249,1
DA:250,1
DA:251,1
DA:253,1
DA:258,0
LF:76
LH:48
BRDA:13,0,0,3
BRDA:13,0,1,3
BRDA:40,1,0,0
BRDA:40,1,1,0
BRDA:42,2,0,0
BRDA:42,2,1,0
BRDA:58,3,0,2
BRDA:58,3,1,1
BRDA:60,4,0,2
BRDA:60,4,1,0
BRDA:70,5,0,0
BRDA:70,5,1,2
BRDA:81,6,0,2
BRDA:81,6,1,0
BRDA:82,7,0,2
BRDA:82,7,1,0
BRDA:97,8,0,0
BRDA:97,8,1,0
BRDA:99,9,0,0
BRDA:99,9,1,0
BRDA:110,10,0,0
BRDA:110,10,1,0
BRDA:121,11,0,0
BRDA:121,11,1,0
BRDA:122,12,0,0
BRDA:122,12,1,0
BRDA:139,13,0,0
BRDA:139,13,1,0
BRDA:141,14,0,0
BRDA:141,14,1,0
BRDA:150,15,0,0
BRDA:150,15,1,1
BRDA:160,16,0,0
BRDA:160,16,1,1
BRDA:161,17,0,0
BRDA:161,17,1,1
BRDA:179,18,0,0
BRDA:179,18,1,0
BRDA:181,19,0,0
BRDA:181,19,1,0
BRDA:190,20,0,0
BRDA:190,20,1,0
BRDA:219,21,0,0
BRDA:219,21,1,0
BRDA:221,22,0,0
BRDA:221,22,1,0
BRDA:240,23,0,2
BRDA:240,23,1,1
BRDA:242,24,0,2
BRDA:242,24,1,0
BRDA:258,25,0,0
BRDA:258,25,1,0
BRDA:260,26,0,0
BRDA:260,26,1,0
BRF:54
BRH:14
end_of_record
TN:
SF:src\controllers\product.controller.ts
FN:8,(anonymous_0)
FN:11,(anonymous_1)
FN:22,(anonymous_2)
FN:50,(anonymous_3)
FN:68,(anonymous_4)
FN:95,(anonymous_5)
FN:116,(anonymous_6)
FN:127,(anonymous_7)
FN:154,(anonymous_8)
FN:178,(anonymous_9)
FN:195,(anonymous_10)
FN:221,(anonymous_11)
FN:241,(anonymous_12)
FNF:13
FNH:11
FNDA:40,(anonymous_0)
FNDA:7,(anonymous_1)
FNDA:0,(anonymous_2)
FNDA:1,(anonymous_3)
FNDA:4,(anonymous_4)
FNDA:3,(anonymous_5)
FNDA:3,(anonymous_6)
FNDA:0,(anonymous_7)
FNDA:3,(anonymous_8)
FNDA:2,(anonymous_9)
FNDA:2,(anonymous_10)
FNDA:2,(anonymous_11)
FNDA:2,(anonymous_12)
DA:2,11
DA:3,11
DA:7,11
DA:8,40
DA:10,11
DA:12,7
DA:13,7
DA:14,7
DA:16,7
DA:17,7
DA:19,7
DA:21,7
DA:22,0
DA:25,7
DA:27,7
DA:28,5
DA:35,2
DA:37,2
DA:43,0
DA:51,1
DA:52,1
DA:53,1
DA:55,1
DA:61,0
DA:69,4
DA:70,4
DA:71,4
DA:72,4
DA:73,4
DA:74,4
DA:75,4
DA:82,4
DA:88,0
DA:96,3
DA:97,3
DA:98,3
DA:99,0
DA:102,3
DA:103,1
DA:109,2
DA:117,3
DA:118,3
DA:119,3
DA:120,3
DA:122,3
DA:123,3
DA:125,3
DA:126,3
DA:127,0
DA:130,3
DA:131,3
DA:132,1
DA:139,2
DA:141,1
DA:147,1
DA:155,3
DA:156,3
DA:158,3
DA:159,3
DA:160,0
DA:163,3
DA:165,1
DA:171,2
DA:179,2
DA:180,2
DA:181,2
DA:183,2
DA:188,0
DA:196,2
DA:197,2
DA:199,2
DA:200,1
DA:206,1
DA:207,1
DA:214,0
DA:222,2
DA:223,2
DA:224,2
DA:226,2
DA:228,2
DA:234,0
DA:242,2
DA:243,2
DA:244,2
DA:245,2
DA:246,2
DA:248,2
DA:250,2
DA:256,0
LF:89
LH:78
BRDA:8,0,0,0
BRDA:8,0,1,40
BRDA:16,1,0,7
BRDA:16,1,1,0
BRDA:17,2,0,7
BRDA:17,2,1,0
BRDA:21,3,0,0
BRDA:21,3,1,7
BRDA:21,4,0,7
BRDA:21,4,1,0
BRDA:27,5,0,5
BRDA:27,5,1,2
BRDA:43,6,0,0
BRDA:43,6,1,0
BRDA:45,7,0,0
BRDA:45,7,1,0
BRDA:61,8,0,0
BRDA:61,8,1,0
BRDA:63,9,0,0
BRDA:63,9,1,0
BRDA:71,10,0,4
BRDA:71,10,1,4
BRDA:78,11,0,1
BRDA:78,11,1,3
BRDA:79,12,0,1
BRDA:79,12,1,3
BRDA:88,13,0,0
BRDA:88,13,1,0
BRDA:90,14,0,0
BRDA:90,14,1,0
BRDA:98,15,0,0
BRDA:98,15,1,3
BRDA:109,16,0,2
BRDA:109,16,1,0
BRDA:111,17,0,2
BRDA:111,17,1,0
BRDA:122,18,0,3
BRDA:122,18,1,0
BRDA:123,19,0,3
BRDA:123,19,1,0
BRDA:126,20,0,0
BRDA:126,20,1,3
BRDA:126,21,0,3
BRDA:126,21,1,0
BRDA:131,22,0,1
BRDA:131,22,1,2
BRDA:147,23,0,1
BRDA:147,23,1,0
BRDA:149,24,0,1
BRDA:149,24,1,0
BRDA:159,25,0,0
BRDA:159,25,1,3
BRDA:171,26,0,2
BRDA:171,26,1,0
BRDA:173,27,0,2
BRDA:173,27,1,0
BRDA:180,28,0,2
BRDA:180,28,1,0
BRDA:188,29,0,0
BRDA:188,29,1,0
BRDA:190,30,0,0
BRDA:190,30,1,0
BRDA:199,31,0,1
BRDA:199,31,1,1
BRDA:214,32,0,0
BRDA:214,32,1,0
BRDA:216,33,0,0
BRDA:216,33,1,0
BRDA:223,34,0,2
BRDA:223,34,1,1
BRDA:234,35,0,0
BRDA:234,35,1,0
BRDA:236,36,0,0
BRDA:236,36,1,0
BRDA:243,37,0,2
BRDA:243,37,1,1
BRDA:244,38,0,2
BRDA:244,38,1,1
BRDA:256,39,0,0
BRDA:256,39,1,0
BRDA:258,40,0,0
BRDA:258,40,1,0
BRF:82
BRH:36
end_of_record
TN:
SF:src\controllers\review.controller.ts
FN:8,(anonymous_0)
FN:38,(anonymous_1)
FN:61,(anonymous_2)
FN:79,(anonymous_3)
FN:109,(anonymous_4)
FNF:5
FNH:5
FNDA:10,(anonymous_0)
FNDA:4,(anonymous_1)
FNDA:1,(anonymous_2)
FNDA:5,(anonymous_3)
FNDA:3,(anonymous_4)
DA:2,11
DA:3,11
DA:5,11
DA:7,11
DA:9,10
DA:10,10
DA:12,10
DA:13,6
DA:20,4
DA:21,4
DA:23,4
DA:25,0
DA:31,4
DA:39,4
DA:40,4
DA:41,4
DA:42,4
DA:44,4
DA:46,3
DA:54,1
DA:62,1
DA:63,1
DA:64,1
DA:66,1
DA:72,0
DA:80,5
DA:81,5
DA:83,5
DA:84,1
DA:91,4
DA:92,4
DA:94,4
DA:96,0
DA:102,4
DA:110,3
DA:111,3
DA:112,3
DA:113,3
DA:115,3
DA:117,0
DA:122,3
LF:41
LH:37
BRDA:12,0,0,6
BRDA:12,0,1,4
BRDA:31,1,0,4
BRDA:31,1,1,0
BRDA:33,2,0,4
BRDA:33,2,1,0
BRDA:41,3,0,4
BRDA:41,3,1,3
BRDA:42,4,0,4
BRDA:42,4,1,3
BRDA:54,5,0,1
BRDA:54,5,1,1
BRDA:56,6,0,1
BRDA:56,6,1,0
BRDA:72,7,0,0
BRDA:72,7,1,0
BRDA:74,8,0,0
BRDA:74,8,1,0
BRDA:83,9,0,1
BRDA:83,9,1,4
BRDA:102,10,0,4
BRDA:102,10,1,3
BRDA:104,11,0,4
BRDA:104,11,1,0
BRDA:122,12,0,3
BRDA:122,12,1,2
BRDA:124,13,0,3
BRDA:124,13,1,0
BRF:28
BRH:19
end_of_record
TN:
SF:src\controllers\admin\analytics.controller.ts
FN:7,(anonymous_0)
FN:23,(anonymous_1)
FN:52,(anonymous_2)
FN:71,(anonymous_3)
FN:90,(anonymous_4)
FN:109,(anonymous_5)
FNF:6
FNH:0
FNDA:0,(anonymous_0)
FNDA:0,(anonymous_1)
FNDA:0,(anonymous_2)
FNDA:0,(anonymous_3)
FNDA:0,(anonymous_4)
FNDA:0,(anonymous_5)
DA:2,11
DA:4,11
DA:6,11
DA:8,0
DA:9,0
DA:10,0
DA:16,0
DA:24,0
DA:25,0
DA:27,0
DA:28,0
DA:34,0
DA:39,0
DA:45,0
DA:53,0
DA:54,0
DA:56,0
DA:58,0
DA:64,0
DA:72,0
DA:73,0
DA:75,0
DA:77,0
DA:83,0
DA:91,0
DA:92,0
DA:94,0
DA:96,0
DA:102,0
DA:110,0
DA:111,0
DA:113,0
DA:115,0
DA:121,0
LF:34
LH:3
BRDA:16,0,0,0
BRDA:16,0,1,0
BRDA:18,1,0,0
BRDA:18,1,1,0
BRDA:27,2,0,0
BRDA:27,2,1,0
BRDA:27,3,0,0
BRDA:27,3,1,0
BRDA:45,4,0,0
BRDA:45,4,1,0
BRDA:47,5,0,0
BRDA:47,5,1,0
BRDA:54,6,0,0
BRDA:54,6,1,0
BRDA:64,7,0,0
BRDA:64,7,1,0
BRDA:66,8,0,0
BRDA:66,8,1,0
BRDA:73,9,0,0
BRDA:73,9,1,0
BRDA:83,10,0,0
BRDA:83,10,1,0
BRDA:85,11,0,0
BRDA:85,11,1,0
BRDA:92,12,0,0
BRDA:92,12,1,0
BRDA:102,13,0,0
BRDA:102,13,1,0
BRDA:104,14,0,0
BRDA:104,14,1,0
BRDA:111,15,0,0
BRDA:111,15,1,0
BRDA:121,16,0,0
BRDA:121,16,1,0
BRDA:123,17,0,0
BRDA:123,17,1,0
BRF:36
BRH:0
end_of_record
TN:
SF:src\controllers\admin\user.controller.ts
FN:15,(anonymous_1)
FN:18,(anonymous_2)
FN:49,(anonymous_3)
FN:70,(anonymous_4)
FN:96,(anonymous_5)
FN:117,(anonymous_6)
FN:153,(anonymous_7)
FN:174,(anonymous_8)
FNF:8
FNH:6
FNDA:4,(anonymous_1)
FNDA:0,(anonymous_2)
FNDA:1,(anonymous_3)
FNDA:1,(anonymous_4)
FNDA:1,(anonymous_5)
FNDA:1,(anonymous_6)
FNDA:1,(anonymous_7)
FNDA:0,(anonymous_8)
DA:2,11
DA:3,11
DA:4,11
DA:6,11
DA:15,11
DA:17,11
DA:19,0
DA:20,0
DA:21,0
DA:23,0
DA:24,0
DA:27,0
DA:28,0
DA:29,0
DA:35,0
DA:36,0
DA:42,0
DA:50,1
DA:51,1
DA:52,1
DA:53,0
DA:56,1
DA:57,1
DA:63,0
DA:71,1
DA:72,1
DA:74,1
DA:76,1
DA:80,1
DA:82,1
DA:89,0
DA:97,1
DA:98,1
DA:99,1
DA:100,0
DA:103,1
DA:104,1
DA:110,0
DA:118,1
DA:119,1
DA:121,1
DA:122,1
DA:123,0
DA:126,1
DA:127,1
DA:128,0
DA:131,1
DA:132,1
DA:133,0
DA:139,1
DA:140,1
DA:146,0
DA:154,1
DA:155,1
DA:156,1
DA:157,0
DA:160,1
DA:161,1
DA:167,0
DA:175,0
DA:176,0
DA:177,0
DA:178,0
DA:184,0
DA:186,0
DA:192,0
LF:66
LH:37
BRDA:15,0,0,0
BRDA:15,0,1,4
BRDA:23,1,0,0
BRDA:23,1,1,0
BRDA:28,2,0,0
BRDA:28,2,1,0
BRDA:42,3,0,0
BRDA:42,3,1,0
BRDA:44,4,0,0
BRDA:44,4,1,0
BRDA:52,5,0,0
BRDA:52,5,1,1
BRDA:63,6,0,0
BRDA:63,6,1,0
BRDA:65,7,0,0
BRDA:65,7,1,0
BRDA:89,8,0,0
BRDA:89,8,1,0
BRDA:91,9,0,0
BRDA:91,9,1,0
BRDA:99,10,0,0
BRDA:99,10,1,1
BRDA:110,11,0,0
BRDA:110,11,1,0
BRDA:112,12,0,0
BRDA:112,12,1,0
BRDA:122,13,0,0
BRDA:122,13,1,1
BRDA:127,14,0,0
BRDA:127,14,1,1
BRDA:132,15,0,0
BRDA:132,15,1,1
BRDA:146,16,0,0
BRDA:146,16,1,0
BRDA:148,17,0,0
BRDA:148,17,1,0
BRDA:156,18,0,0
BRDA:156,18,1,1
BRDA:167,19,0,0
BRDA:167,19,1,0
BRDA:169,20,0,0
BRDA:169,20,1,0
BRDA:177,21,0,0
BRDA:177,21,1,0
BRDA:192,22,0,0
BRDA:192,22,1,0
BRDA:194,23,0,0
BRDA:194,23,1,0
BRF:48
BRH:7
end_of_record
TN:
SF:src\controllers\cart\cart.controller.ts
FN:10,(anonymous_0)
FN:41,(anonymous_1)
FN:61,(anonymous_2)
FN:98,(anonymous_3)
FN:121,(anonymous_4)
FNF:5
FNH:5
FNDA:11,(anonymous_0)
FNDA:2,(anonymous_1)
FNDA:6,(anonymous_2)
FNDA:3,(anonymous_3)
FNDA:2,(anonymous_4)
DA:1,11
DA:3,11
DA:5,11
DA:6,11
DA:8,11
DA:11,11
DA:12,11
DA:14,11
DA:16,11
DA:17,4
DA:23,7
DA:25,5
DA:31,2
DA:32,2
DA:42,2
DA:43,2
DA:45,2
DA:47,2
DA:53,0
DA:54,0
DA:62,6
DA:63,6
DA:64,6
DA:67,6
DA:69,6
DA:70,2
DA:76,4
DA:82,2
DA:89,2
DA:90,2
DA:99,3
DA:100,3
DA:101,3
DA:103,3
DA:105,3
DA:112,0
DA:113,0
DA:122,2
DA:123,2
DA:125,2
DA:127,1
DA:133,1
DA:134,1
LF:43
LH:39
BRDA:16,0,0,4
BRDA:16,0,1,7
BRDA:32,1,0,2
BRDA:32,1,1,1
BRDA:34,2,0,2
BRDA:34,2,1,0
BRDA:54,3,0,0
BRDA:54,3,1,0
BRDA:56,4,0,0
BRDA:56,4,1,0
BRDA:69,5,0,2
BRDA:69,5,1,4
BRDA:90,6,0,2
BRDA:90,6,1,1
BRDA:92,7,0,2
BRDA:92,7,1,0
BRDA:113,8,0,0
BRDA:113,8,1,0
BRDA:115,9,0,0
BRDA:115,9,1,0
BRDA:134,10,0,1
BRDA:134,10,1,0
BRDA:136,11,0,1
BRDA:136,11,1,0
BRF:24
BRH:12
end_of_record
TN:
SF:src\controllers\seller\seller.controller.ts
FN:9,(anonymous_1)
FNF:1
FNH:0
FNDA:0,(anonymous_1)
DA:1,11
DA:2,11
DA:3,11
DA:6,11
DA:8,11
DA:10,0
DA:11,0
DA:12,0
DA:13,0
DA:17,0
DA:18,0
DA:21,0
LF:12
LH:5
BRDA:12,0,0,0
BRDA:12,0,1,0
BRDA:21,1,0,0
BRDA:21,1,1,0
BRDA:22,2,0,0
BRDA:22,2,1,0
BRF:6
BRH:0
end_of_record
TN:
SF:src\controllers\wishlist\wishlist.controller.ts
FN:10,(anonymous_1)
FN:30,(anonymous_2)
FN:62,(anonymous_3)
FN:92,(anonymous_4)
FNF:4
FNH:3
FNDA:1,(anonymous_1)
FNDA:0,(anonymous_2)
FNDA:1,(anonymous_3)
FNDA:1,(anonymous_4)
DA:2,11
DA:4,11
DA:5,11
DA:7,11
DA:9,11
DA:11,1
DA:12,1
DA:14,1
DA:16,1
DA:22,0
DA:23,0
DA:31,0
DA:32,0
DA:34,0
DA:36,0
DA:37,0
DA:43,0
DA:48,0
DA:54,0
DA:55,0
DA:63,1
DA:64,1
DA:65,1
DA:67,1
DA:68,0
DA:74,1
DA:78,1
DA:84,0
DA:85,0
DA:93,1
DA:94,1
DA:96,1
DA:98,1
DA:104,0
DA:105,0
LF:35
LH:19
BRDA:23,0,0,0
BRDA:23,0,1,0
BRDA:25,1,0,0
BRDA:25,1,1,0
BRDA:36,2,0,0
BRDA:36,2,1,0
BRDA:55,3,0,0
BRDA:55,3,1,0
BRDA:57,4,0,0
BRDA:57,4,1,0
BRDA:67,5,0,0
BRDA:67,5,1,1
BRDA:85,6,0,0
BRDA:85,6,1,0
BRDA:87,7,0,0
BRDA:87,7,1,0
BRDA:105,8,0,0
BRDA:105,8,1,0
BRDA:107,9,0,0
BRDA:107,9,1,0
BRF:20
BRH:1
end_of_record
TN:
SF:src\database\mongodb.ts
FN:3,(anonymous_1)
FNF:1
FNH:1
FNDA:22,(anonymous_1)
DA:1,22
DA:2,22
DA:3,22
DA:4,22
DA:5,22
DA:6,22
DA:9,0
DA:10,0
LF:8
LH:6
BRF:0
BRH:0
end_of_record
TN:
SF:src\dtos\cart.dtos.ts
FNF:0
FNH:0
DA:1,11
DA:3,11
DA:8,11
LF:3
LH:3
BRF:0
BRH:0
end_of_record
TN:
SF:src\dtos\category.dto.ts
FNF:0
FNH:0
DA:3,11
DA:5,11
DA:9,11
LF:3
LH:3
BRF:0
BRH:0
end_of_record
TN:
SF:src\dtos\order.dto.ts
FNF:0
FNH:0
DA:1,11
DA:3,11
DA:34,11
DA:41,11
LF:4
LH:4
BRF:0
BRH:0
end_of_record
TN:
SF:src\dtos\product.dto.ts
FNF:0
FNH:0
DA:3,11
DA:6,11
DA:13,11
LF:3
LH:3
BRF:0
BRH:0
end_of_record
TN:
SF:src\dtos\user.dto.ts
FN:20,(anonymous_1)
FNF:1
FNH:1
FNDA:14,(anonymous_1)
DA:1,11
DA:2,11
DA:4,11
DA:20,14
DA:41,11
DA:48,11
LF:6
LH:6
BRF:0
BRH:0
end_of_record
TN:
SF:src\dtos\wishlist.dto.ts
FNF:0
FNH:0
DA:1,11
DA:3,11
LF:2
LH:2
BRF:0
BRH:0
end_of_record
TN:
SF:src\errors\http-error.ts
FN:3,(anonymous_0)
FNF:1
FNH:1
FNDA:94,(anonymous_0)
DA:1,16
DA:4,94
DA:5,94
LF:3
LH:3
BRF:0
BRH:0
end_of_record
TN:
SF:src\middlewares\authorized.middleware.ts
FN:18,(anonymous_1)
FN:39,(anonymous_2)
FN:61,(anonymous_3)
FN:86,(anonymous_4)
FNF:4
FNH:3
FNDA:153,(anonymous_1)
FNDA:11,(anonymous_2)
FNDA:0,(anonymous_3)
FNDA:14,(anonymous_4)
DA:3,11
DA:4,11
DA:5,11
DA:6,11
DA:15,11
DA:17,11
DA:18,11
DA:19,153
DA:20,153
DA:21,153
DA:22,26
DA:23,127
DA:24,127
DA:25,125
DA:26,0
DA:28,125
DA:29,125
DA:30,125
DA:31,125
DA:34,28
DA:39,11
DA:42,11
DA:43,11
DA:44,0
DA:47,11
DA:48,0
DA:51,11
DA:54,0
DA:61,11
DA:62,0
DA:63,0
DA:64,0
DA:67,0
DA:68,0
DA:72,0
DA:73,0
DA:76,0
DA:78,0
DA:86,11
DA:87,14
DA:88,14
DA:89,0
DA:93,14
DA:94,0
DA:97,14
DA:98,14
DA:99,0
DA:101,14
DA:105,0
DA:108,0
LF:50
LH:32
BRDA:21,0,0,26
BRDA:21,0,1,127
BRDA:21,1,0,153
BRDA:21,1,1,127
BRDA:25,2,0,0
BRDA:25,2,1,125
BRDA:25,3,0,125
BRDA:25,3,1,125
BRDA:29,4,0,0
BRDA:29,4,1,125
BRDA:34,5,0,28
BRDA:34,5,1,2
BRDA:43,6,0,0
BRDA:43,6,1,11
BRDA:47,7,0,0
BRDA:47,7,1,11
BRDA:54,8,0,0
BRDA:54,8,1,0
BRDA:63,9,0,0
BRDA:63,9,1,0
BRDA:67,10,0,0
BRDA:67,10,1,0
BRDA:72,11,0,0
BRDA:72,11,1,0
BRDA:78,12,0,0
BRDA:78,12,1,0
BRDA:88,13,0,0
BRDA:88,13,1,14
BRDA:93,14,0,0
BRDA:93,14,1,14
BRDA:97,15,0,14
BRDA:97,15,1,0
BRDA:98,16,0,0
BRDA:98,16,1,14
BRDA:108,17,0,0
BRDA:108,17,1,0
BRF:36
BRH:16
end_of_record
TN:
SF:src\middlewares\socket.middleware.ts
FN:13,(anonymous_1)
FNF:1
FNH:0
FNDA:0,(anonymous_1)
DA:2,11
DA:3,11
DA:4,11
DA:6,11
DA:13,11
DA:17,0
DA:18,0
DA:20,0
DA:21,0
DA:24,0
DA:26,0
DA:27,0
DA:30,0
DA:32,0
DA:33,0
DA:36,0
DA:37,0
DA:39,0
DA:41,0
LF:19
LH:5
BRDA:18,0,0,0
BRDA:18,0,1,0
BRDA:20,1,0,0
BRDA:20,1,1,0
BRDA:26,2,0,0
BRDA:26,2,1,0
BRDA:26,3,0,0
BRDA:26,3,1,0
BRDA:32,4,0,0
BRDA:32,4,1,0
BRF:10
BRH:0
end_of_record
TN:
SF:src\middlewares\upload.middleware.ts
FN:16,(anonymous_1)
FN:19,(anonymous_2)
FN:25,(anonymous_3)
FN:40,(anonymous_4)
FN:41,(anonymous_5)
FN:42,(anonymous_6)
FNF:6
FNH:2
FNDA:0,(anonymous_1)
FNDA:0,(anonymous_2)
FNDA:0,(anonymous_3)
FNDA:44,(anonymous_4)
FNDA:22,(anonymous_5)
FNDA:0,(anonymous_6)
DA:1,11
DA:2,11
DA:3,11
DA:4,11
DA:6,11
DA:10,11
DA:11,11
DA:12,0
DA:15,11
DA:17,0
DA:20,0
DA:21,0
DA:22,0
DA:25,11
DA:27,0
DA:28,0
DA:30,0
DA:33,11
DA:39,11
DA:40,44
DA:41,22
DA:42,0
LF:22
LH:13
BRDA:11,0,0,0
BRDA:11,0,1,11
BRDA:27,1,0,0
BRDA:27,1,1,0
BRF:4
BRH:1
end_of_record
TN:
SF:src\models\blog.model.ts
FNF:0
FNH:0
DA:1,11
DA:10,11
DA:22,11
LF:3
LH:3
BRF:0
BRH:0
end_of_record
TN:
SF:src\models\cart.model.ts
FNF:0
FNH:0
DA:1,12
DA:22,12
DA:41,12
DA:59,12
DA:61,12
LF:5
LH:5
BRF:0
BRH:0
end_of_record
TN:
SF:src\models\category_model.ts
FNF:0
FNH:0
DA:1,11
DA:3,11
DA:35,11
LF:3
LH:3
BRF:0
BRH:0
end_of_record
TN:
SF:src\models\conversation.model.ts
FN:21,(anonymous_9)
FN:46,(anonymous_10)
FN:48,(anonymous_11)
FNF:3
FNH:3
FNDA:1,(anonymous_9)
FNDA:1,(anonymous_10)
FNDA:1,(anonymous_11)
DA:1,14
DA:16,14
DA:22,1
DA:43,14
DA:44,14
DA:46,14
DA:47,1
DA:48,1
DA:52,14
LF:9
LH:9
BRDA:47,0,0,1
BRDA:47,0,1,0
BRF:2
BRH:1
end_of_record
TN:
SF:src\models\message.model.ts
FNF:0
FNH:0
DA:1,12
DA:15,12
DA:54,12
DA:55,12
DA:57,12
LF:5
LH:5
BRF:0
BRH:0
end_of_record
TN:
SF:src\models\notification.model.ts
FNF:0
FNH:0
DA:1,11
DA:15,11
DA:55,11
DA:56,11
DA:58,11
LF:5
LH:5
BRF:0
BRH:0
end_of_record
TN:
SF:src\models\order.model.ts
FN:58,(anonymous_9)
FN:93,(anonymous_10)
FNF:2
FNH:2
FNDA:4,(anonymous_9)
FNDA:4,(anonymous_10)
DA:1,12
DA:23,12
DA:35,12
DA:48,12
DA:58,4
DA:93,12
DA:94,4
DA:95,3
DA:96,3
DA:100,12
LF:10
LH:10
BRDA:58,0,0,4
BRDA:58,0,1,4
BRDA:94,1,0,3
BRDA:94,1,1,1
BRF:4
BRH:4
end_of_record
TN:
SF:src\models\product.model.ts
FNF:0
FNH:0
DA:1,12
DA:3,12
DA:77,12
LF:3
LH:3
BRF:0
BRH:0
end_of_record
TN:
SF:src\models\review.model.ts
FNF:0
FNH:0
DA:1,11
DA:14,11
DA:25,11
DA:27,11
LF:4
LH:4
BRF:0
BRH:0
end_of_record
TN:
SF:src\models\user.model.ts
FN:28,(anonymous_9)
FNF:1
FNH:1
FNDA:27,(anonymous_9)
DA:1,13
DA:10,13
DA:28,13
DA:29,27
DA:30,21
DA:34,13
LF:6
LH:6
BRDA:29,0,0,21
BRDA:29,0,1,6
BRDA:30,1,0,0
BRDA:30,1,1,21
BRF:4
BRH:3
end_of_record
TN:
SF:src\models\wishlist.model.ts
FNF:0
FNH:0
DA:1,12
DA:19,12
DA:32,12
DA:51,12
DA:53,12
LF:5
LH:5
BRF:0
BRH:0
end_of_record
TN:
SF:src\repositories\blog.repository.ts
FN:15,(anonymous_0)
FN:20,(anonymous_1)
FN:24,(anonymous_2)
FN:45,(anonymous_3)
FN:49,(anonymous_4)
FNF:5
FNH:4
FNDA:1,(anonymous_0)
FNDA:3,(anonymous_1)
FNDA:2,(anonymous_2)
FNDA:0,(anonymous_3)
FNDA:1,(anonymous_4)
DA:2,11
DA:14,11
DA:16,1
DA:17,1
DA:18,1
DA:21,3
DA:22,3
DA:25,2
DA:26,2
DA:27,0
DA:34,2
DA:41,2
DA:46,0
DA:47,0
DA:50,1
DA:51,1
LF:16
LH:13
BRDA:26,0,0,0
BRDA:26,0,1,2
BRF:2
BRH:1
end_of_record
TN:
SF:src\repositories\cart.repositories.ts
FN:15,(anonymous_1)
FN:25,(anonymous_2)
FN:39,(anonymous_3)
FN:46,(anonymous_4)
FN:51,(anonymous_5)
FN:60,(anonymous_6)
FN:84,(anonymous_7)
FN:90,(anonymous_8)
FN:102,(anonymous_9)
FNF:9
FNH:9
FNDA:2,(anonymous_1)
FNDA:1,(anonymous_2)
FNDA:7,(anonymous_3)
FNDA:2,(anonymous_4)
FNDA:5,(anonymous_5)
FNDA:1,(anonymous_6)
FNDA:4,(anonymous_7)
FNDA:1,(anonymous_8)
FNDA:2,(anonymous_9)
DA:1,11
DA:2,11
DA:14,11
DA:16,2
DA:18,2
DA:20,2
DA:21,1
DA:24,1
DA:25,1
DA:28,1
DA:30,1
DA:31,1
DA:33,1
DA:40,7
DA:47,2
DA:48,2
DA:49,2
DA:52,5
DA:54,5
DA:55,1
DA:59,5
DA:60,1
DA:63,5
DA:64,1
DA:66,4
DA:73,5
DA:76,5
DA:85,4
DA:87,4
DA:89,4
DA:90,1
DA:94,4
DA:96,4
DA:103,2
DA:105,2
DA:107,1
DA:108,1
DA:110,1
LF:38
LH:38
BRDA:18,0,0,0
BRDA:18,0,1,2
BRDA:20,1,0,1
BRDA:20,1,1,1
BRDA:28,2,0,0
BRDA:28,2,1,1
BRDA:54,3,0,1
BRDA:54,3,1,4
BRDA:63,4,0,1
BRDA:63,4,1,4
BRDA:87,5,0,0
BRDA:87,5,1,4
BRDA:105,6,0,1
BRDA:105,6,1,1
BRF:14
BRH:11
end_of_record
TN:
SF:src\repositories\category.repositories.ts
FN:14,(anonymous_0)
FN:18,(anonymous_1)
FN:23,(anonymous_2)
FN:28,(anonymous_3)
FN:32,(anonymous_4)
FNF:5
FNH:4
FNDA:2,(anonymous_0)
FNDA:1,(anonymous_1)
FNDA:2,(anonymous_2)
FNDA:0,(anonymous_3)
FNDA:1,(anonymous_4)
DA:1,11
DA:13,11
DA:15,2
DA:16,2
DA:19,1
DA:20,1
DA:21,1
DA:24,2
DA:25,2
DA:29,0
DA:30,0
DA:33,1
DA:34,1
LF:13
LH:11
BRDA:34,0,0,1
BRDA:34,0,1,0
BRF:2
BRH:1
end_of_record
TN:
SF:src\repositories\conversation.repository.ts
FN:16,(anonymous_1)
FN:18,(anonymous_2)
FN:18,(anonymous_3)
FN:30,(anonymous_4)
FN:33,(anonymous_5)
FN:37,(anonymous_6)
FN:42,(anonymous_7)
FN:60,(anonymous_8)
FN:76,(anonymous_9)
FN:85,(anonymous_10)
FN:94,(anonymous_11)
FNF:11
FNH:4
FNDA:0,(anonymous_1)
FNDA:0,(anonymous_2)
FNDA:0,(anonymous_3)
FNDA:8,(anonymous_4)
FNDA:0,(anonymous_5)
FNDA:0,(anonymous_6)
FNDA:0,(anonymous_7)
FNDA:3,(anonymous_8)
FNDA:3,(anonymous_9)
FNDA:3,(anonymous_10)
FNDA:0,(anonymous_11)
DA:1,14
DA:2,14
DA:15,14
DA:18,0
DA:20,0
DA:28,0
DA:31,8
DA:34,0
DA:37,0
DA:39,0
DA:43,0
DA:45,0
DA:54,0
DA:58,0
DA:61,3
DA:77,3
DA:86,3
DA:95,0
LF:18
LH:7
BRF:0
BRH:0
end_of_record
TN:
SF:src\repositories\message.repository.ts
FN:25,(anonymous_1)
FN:49,(anonymous_2)
FN:55,(anonymous_3)
FN:74,(anonymous_4)
FN:84,(anonymous_5)
FN:95,(anonymous_6)
FN:106,(anonymous_7)
FN:109,(anonymous_8)
FNF:8
FNH:5
FNDA:3,(anonymous_1)
FNDA:5,(anonymous_2)
FNDA:2,(anonymous_3)
FNDA:0,(anonymous_4)
FNDA:0,(anonymous_5)
FNDA:3,(anonymous_6)
FNDA:1,(anonymous_7)
FNDA:0,(anonymous_8)
DA:1,12
DA:2,12
DA:24,12
DA:33,3
DA:42,3
DA:50,5
DA:56,2
DA:58,2
DA:68,2
DA:72,2
DA:75,0
DA:85,0
DA:93,0
DA:96,3
DA:104,3
DA:107,1
DA:110,0
DA:114,0
LF:18
LH:13
BRDA:38,0,0,3
BRDA:38,0,1,0
BRDA:39,1,0,3
BRDA:39,1,1,0
BRF:4
BRH:2
end_of_record
TN:
SF:src\repositories\notification.repository.ts
FN:17,(anonymous_0)
FN:22,(anonymous_1)
FN:26,(anonymous_2)
FN:43,(anonymous_3)
FN:47,(anonymous_4)
FN:51,(anonymous_5)
FN:59,(anonymous_6)
FN:67,(anonymous_7)
FN:71,(anonymous_8)
FNF:9
FNH:1
FNDA:7,(anonymous_0)
FNDA:0,(anonymous_1)
FNDA:0,(anonymous_2)
FNDA:0,(anonymous_3)
FNDA:0,(anonymous_4)
FNDA:0,(anonymous_5)
FNDA:0,(anonymous_6)
FNDA:0,(anonymous_7)
FNDA:0,(anonymous_8)
DA:1,11
DA:16,11
DA:18,7
DA:19,7
DA:23,0
DA:31,0
DA:33,0
DA:38,0
DA:40,0
DA:44,0
DA:48,0
DA:52,0
DA:60,0
DA:64,0
DA:68,0
DA:72,0
DA:73,0
LF:17
LH:4
BRDA:28,0,0,0
BRDA:29,1,0,0
BRF:2
BRH:0
end_of_record
TN:
SF:src\repositories\order.repository.ts
FN:19,(anonymous_0)
FN:25,(anonymous_1)
FN:41,(anonymous_2)
FN:47,(anonymous_3)
FN:74,(anonymous_4)
FN:82,(anonymous_5)
FN:96,(anonymous_6)
FN:113,(anonymous_7)
FN:125,(anonymous_8)
FNF:9
FNH:8
FNDA:4,(anonymous_0)
FNDA:1,(anonymous_1)
FNDA:3,(anonymous_2)
FNDA:3,(anonymous_3)
FNDA:8,(anonymous_4)
FNDA:2,(anonymous_5)
FNDA:0,(anonymous_6)
FNDA:1,(anonymous_7)
FNDA:1,(anonymous_8)
DA:2,11
DA:18,11
DA:20,4
DA:23,4
DA:26,1
DA:27,1
DA:39,1
DA:42,3
DA:43,3
DA:46,3
DA:47,3
DA:48,3
DA:49,3
DA:50,3
DA:51,3
DA:55,3
DA:56,3
DA:57,3
DA:58,3
DA:59,3
DA:61,3
DA:62,3
DA:67,3
DA:68,3
DA:70,0
DA:71,0
DA:75,8
DA:80,6
DA:83,2
DA:94,2
DA:97,0
DA:108,0
DA:114,1
DA:123,1
DA:126,1
DA:127,1
LF:36
LH:32
BRDA:26,0,0,0
BRDA:26,0,1,1
BRDA:46,1,0,3
BRDA:46,1,1,0
BRF:4
BRH:2
end_of_record
TN:
SF:src\repositories\product.repositories.ts
FN:27,(anonymous_0)
FN:37,(anonymous_1)
FN:58,(anonymous_2)
FN:65,(anonymous_3)
FN:73,(anonymous_4)
FN:81,(anonymous_5)
FN:86,(anonymous_6)
FN:91,(anonymous_7)
FN:96,(anonymous_8)
FN:103,(anonymous_9)
FN:117,(anonymous_10)
FN:128,(anonymous_11)
FNF:12
FNH:10
FNDA:2,(anonymous_0)
FNDA:2,(anonymous_1)
FNDA:2,(anonymous_2)
FNDA:1,(anonymous_3)
FNDA:15,(anonymous_4)
FNDA:1,(anonymous_5)
FNDA:1,(anonymous_6)
FNDA:0,(anonymous_7)
FNDA:1,(anonymous_8)
FNDA:2,(anonymous_9)
FNDA:0,(anonymous_10)
FNDA:4,(anonymous_11)
DA:1,11
DA:26,11
DA:29,2
DA:35,2
DA:39,2
DA:40,2
DA:42,2
DA:55,2
DA:59,2
DA:60,2
DA:61,2
DA:66,1
DA:69,1
DA:74,15
DA:78,13
DA:82,1
DA:83,1
DA:87,1
DA:88,1
DA:92,0
DA:93,0
DA:97,1
DA:100,1
DA:104,2
DA:106,2
DA:108,2
DA:118,0
DA:120,0
DA:124,0
DA:135,4
DA:138,4
DA:139,1
DA:143,4
DA:144,0
DA:145,0
DA:153,4
DA:154,1
DA:155,1
DA:156,1
DA:160,4
DA:163,4
DA:164,1
DA:166,0
DA:167,0
DA:169,0
DA:170,0
DA:172,0
DA:173,0
DA:175,1
DA:178,4
LF:50
LH:37
BRDA:88,0,0,1
BRDA:88,0,1,0
BRDA:104,1,0,0
BRDA:104,1,1,2
BRDA:138,2,0,1
BRDA:138,2,1,3
BRDA:143,3,0,0
BRDA:143,3,1,4
BRDA:143,4,0,4
BRDA:143,4,1,0
BRDA:153,5,0,1
BRDA:153,5,1,3
BRDA:153,6,0,4
BRDA:153,6,1,3
BRDA:155,7,0,1
BRDA:155,7,1,0
BRDA:156,8,0,1
BRDA:156,8,1,0
BRDA:163,9,0,1
BRDA:163,9,1,3
BRDA:164,10,0,0
BRDA:164,10,1,0
BRDA:164,10,2,0
BRDA:164,10,3,1
BRF:24
BRH:15
end_of_record
TN:
SF:src\repositories\review.respositories.ts
FN:17,(anonymous_1)
FN:26,(anonymous_2)
FN:33,(anonymous_3)
FN:37,(anonymous_4)
FN:49,(anonymous_5)
FN:55,(anonymous_6)
FN:59,(anonymous_7)
FN:66,(anonymous_8)
FN:71,(anonymous_9)
FNF:9
FNH:4
FNDA:0,(anonymous_1)
FNDA:0,(anonymous_2)
FNDA:7,(anonymous_3)
FNDA:4,(anonymous_4)
FNDA:1,(anonymous_5)
FNDA:0,(anonymous_6)
FNDA:0,(anonymous_7)
FNDA:0,(anonymous_8)
FNDA:3,(anonymous_9)
DA:1,11
DA:2,11
DA:16,11
DA:18,0
DA:19,0
DA:20,0
DA:27,0
DA:34,7
DA:38,4
DA:46,3
DA:50,1
DA:56,0
DA:60,0
DA:67,0
DA:68,0
DA:72,3
DA:76,3
LF:17
LH:9
BRDA:76,0,0,3
BRDA:76,0,1,3
BRF:2
BRH:2
end_of_record
TN:
SF:src\repositories\user.repositories.ts
FN:18,(anonymous_0)
FN:24,(anonymous_1)
FN:29,(anonymous_2)
FN:34,(anonymous_3)
FN:39,(anonymous_4)
FN:70,(anonymous_5)
FN:75,(anonymous_6)
FNF:7
FNH:7
FNDA:7,(anonymous_0)
FNDA:40,(anonymous_1)
FNDA:8,(anonymous_2)
FNDA:136,(anonymous_3)
FNDA:1,(anonymous_4)
FNDA:6,(anonymous_5)
FNDA:1,(anonymous_6)
DA:2,12
DA:17,12
DA:19,7
DA:20,7
DA:21,7
DA:25,40
DA:26,40
DA:30,8
DA:31,8
DA:35,136
DA:36,136
DA:40,1
DA:41,1
DA:42,0
DA:52,1
DA:53,1
DA:55,1
DA:65,1
DA:66,1
DA:68,1
DA:71,6
DA:72,6
DA:76,1
DA:77,1
LF:24
LH:23
BRDA:41,0,0,0
BRDA:41,0,1,1
BRDA:77,1,0,1
BRDA:77,1,1,0
BRF:4
BRH:2
end_of_record
TN:
SF:src\repositories\wishlist.repositories.ts
FN:6,(anonymous_1)
FN:15,(anonymous_2)
FN:27,(anonymous_3)
FN:63,(anonymous_4)
FN:80,(anonymous_5)
FN:91,(anonymous_6)
FNF:6
FNH:4
FNDA:1,(anonymous_1)
FNDA:1,(anonymous_2)
FNDA:0,(anonymous_3)
FNDA:1,(anonymous_4)
FNDA:1,(anonymous_5)
FNDA:0,(anonymous_6)
DA:1,11
DA:2,11
DA:4,11
DA:7,1
DA:9,1
DA:16,1
DA:18,1
DA:23,1
DA:31,0
DA:32,0
DA:35,0
DA:40,0
DA:42,0
DA:48,0
DA:67,1
DA:68,1
DA:70,1
DA:81,1
DA:83,1
DA:95,0
DA:96,0
DA:98,0
DA:103,0
LF:23
LH:13
BRDA:40,0,0,0
BRDA:40,0,1,0
BRF:2
BRH:0
end_of_record
TN:
SF:src\routes\auth.routes.ts
FNF:0
FNH:0
DA:1,11
DA:2,11
DA:3,11
DA:4,11
DA:6,11
DA:8,11
DA:10,11
DA:11,11
DA:13,11
DA:15,11
DA:16,11
DA:17,11
DA:18,11
DA:19,11
LF:14
LH:14
BRF:0
BRH:0
end_of_record
TN:
SF:src\routes\blog.route.ts
FNF:0
FNH:0
DA:1,11
DA:2,11
DA:3,11
DA:5,11
DA:6,11
DA:8,11
DA:10,11
DA:12,11
DA:14,11
DA:16,11
LF:10
LH:10
BRF:0
BRH:0
end_of_record
TN:
SF:src\routes\category.routes.ts
FNF:0
FNH:0
DA:1,11
DA:2,11
DA:4,11
DA:6,11
DA:9,11
DA:10,11
DA:14,11
DA:15,11
DA:16,11
DA:19,11
LF:10
LH:10
BRF:0
BRH:0
end_of_record
TN:
SF:src\routes\conversation.routes.ts
FNF:0
FNH:0
DA:1,11
DA:2,11
DA:3,11
DA:5,11
DA:6,11
DA:8,11
DA:10,11
DA:12,11
DA:14,11
DA:16,11
DA:18,11
DA:20,11
LF:12
LH:12
BRF:0
BRH:0
end_of_record
TN:
SF:src\routes\message.routes.ts
FNF:0
FNH:0
DA:1,11
DA:2,11
DA:3,11
DA:5,11
DA:6,11
DA:8,11
DA:10,11
DA:12,11
DA:14,11
DA:16,11
DA:18,11
LF:11
LH:11
BRF:0
BRH:0
end_of_record
TN:
SF:src\routes\notification.routes.ts
FNF:0
FNH:0
DA:1,11
DA:2,11
DA:3,11
DA:5,11
DA:6,11
DA:8,11
DA:10,11
DA:12,11
DA:14,11
DA:16,11
DA:18,11
DA:20,11
DA:22,11
LF:13
LH:13
BRF:0
BRH:0
end_of_record
TN:
SF:src\routes\order.routes.ts
FNF:0
FNH:0
DA:1,11
DA:2,11
DA:3,11
DA:5,11
DA:6,11
DA:8,11
DA:11,11
DA:14,11
DA:17,11
DA:20,11
DA:22,11
LF:11
LH:11
BRF:0
BRH:0
end_of_record
TN:
SF:src\routes\product.routes.ts
FNF:0
FNH:0
DA:1,11
DA:2,11
DA:3,11
DA:4,11
DA:6,11
DA:7,11
DA:10,11
DA:11,11
DA:12,11
DA:13,11
DA:14,11
DA:17,11
DA:18,11
DA:19,11
DA:20,11
DA:23,11
DA:25,11
LF:17
LH:17
BRF:0
BRH:0
end_of_record
TN:
SF:src\routes\review.routes.ts
FNF:0
FNH:0
DA:1,11
DA:2,11
DA:3,11
DA:5,11
DA:6,11
DA:8,11
DA:11,11
DA:13,11
DA:14,11
DA:15,11
DA:16,11
DA:18,11
LF:12
LH:12
BRF:0
BRH:0
end_of_record
TN:
SF:src\routes\wishlist.routes.ts
FNF:0
FNH:0
DA:1,11
DA:2,11
DA:3,11
DA:5,11
DA:6,11
DA:8,11
DA:10,11
DA:11,11
DA:12,11
DA:13,11
DA:15,11
LF:11
LH:11
BRF:0
BRH:0
end_of_record
TN:
SF:src\routes\admin\analytics.routes.ts
FNF:0
FNH:0
DA:1,11
DA:2,11
DA:3,11
DA:5,11
DA:7,11
DA:9,11
DA:10,11
DA:12,11
DA:13,11
DA:14,11
DA:15,11
DA:16,11
DA:17,11
DA:19,11
LF:14
LH:14
BRF:0
BRH:0
end_of_record
TN:
SF:src\routes\admin\blog.route.ts
FNF:0
FNH:0
DA:1,11
DA:2,11
DA:3,11
DA:5,11
DA:6,11
DA:8,11
DA:9,11
DA:11,11
DA:12,11
DA:13,11
DA:15,11
LF:11
LH:11
BRF:0
BRH:0
end_of_record
TN:
SF:src\routes\admin\order.routes.ts
FNF:0
FNH:0
DA:1,11
DA:2,11
DA:3,11
DA:5,11
DA:6,11
DA:9,11
DA:10,11
DA:12,11
DA:14,11
DA:17,11
DA:20,11
DA:22,11
LF:12
LH:12
BRF:0
BRH:0
end_of_record
TN:
SF:src\routes\admin\user.route.ts
FNF:0
FNH:0
DA:3,11
DA:4,11
DA:5,11
DA:6,11
DA:8,11
DA:10,11
DA:12,11
DA:13,11
DA:16,11
DA:17,11
DA:18,11
DA:19,11
DA:20,11
DA:21,11
DA:22,11
DA:24,11
LF:16
LH:16
BRF:0
BRH:0
end_of_record
TN:
SF:src\routes\cart\cart.routes.ts
FNF:0
FNH:0
DA:1,11
DA:2,11
DA:3,11
DA:5,11
DA:6,11
DA:8,11
DA:10,11
DA:11,11
DA:12,11
DA:13,11
DA:14,11
DA:16,11
LF:12
LH:12
BRF:0
BRH:0
end_of_record
TN:
SF:src\routes\seller\order.routes.ts
FNF:0
FNH:0
DA:1,11
DA:2,11
DA:3,11
DA:5,11
DA:6,11
DA:9,11
DA:10,11
DA:13,11
DA:16,11
DA:19,11
DA:21,11
LF:11
LH:11
BRF:0
BRH:0
end_of_record
TN:
SF:src\routes\seller\seller.route.ts
FNF:0
FNH:0
DA:1,11
DA:2,11
DA:4,11
DA:6,11
DA:8,11
DA:9,11
LF:6
LH:6
BRF:0
BRH:0
end_of_record
TN:
SF:src\services\blog.service.ts
FN:7,(anonymous_0)
FN:13,(anonymous_1)
FN:31,(anonymous_2)
FN:39,(anonymous_3)
FN:54,(anonymous_4)
FNF:5
FNH:4
FNDA:1,(anonymous_0)
FNDA:2,(anonymous_1)
FNDA:2,(anonymous_2)
FNDA:0,(anonymous_3)
FNDA:1,(anonymous_4)
DA:1,11
DA:2,11
DA:4,11
DA:6,11
DA:8,1
DA:9,1
DA:16,2
DA:17,2
DA:18,2
DA:19,2
DA:22,2
DA:28,2
DA:32,2
DA:33,2
DA:34,0
DA:36,2
DA:40,0
DA:41,0
DA:42,0
DA:46,0
DA:47,0
DA:50,0
DA:51,0
DA:55,1
DA:56,1
DA:57,0
DA:60,1
DA:61,1
LF:28
LH:19
BRDA:16,0,0,0
BRDA:16,0,1,2
BRDA:17,1,0,0
BRDA:17,1,1,2
BRDA:18,2,0,2
BRDA:18,2,1,2
BRDA:33,3,0,0
BRDA:33,3,1,2
BRDA:41,4,0,0
BRDA:41,4,1,0
BRDA:46,5,0,0
BRDA:46,5,1,0
BRDA:46,6,0,0
BRDA:46,6,1,0
BRDA:56,7,0,0
BRDA:56,7,1,1
BRF:16
BRH:6
end_of_record
TN:
SF:src\services\category.service.ts
FN:8,(anonymous_0)
FN:11,(anonymous_1)
FN:23,(anonymous_2)
FN:28,(anonymous_3)
FN:40,(anonymous_4)
FN:50,(anonymous_5)
FN:66,(anonymous_6)
FNF:7
FNH:4
FNDA:1,(anonymous_0)
FNDA:0,(anonymous_1)
FNDA:1,(anonymous_2)
FNDA:1,(anonymous_3)
FNDA:0,(anonymous_4)
FNDA:0,(anonymous_5)
FNDA:1,(anonymous_6)
DA:2,11
DA:3,11
DA:5,11
DA:7,11
DA:9,1
DA:10,1
DA:11,0
DA:14,1
DA:15,0
DA:18,1
DA:19,1
DA:24,1
DA:25,1
DA:29,1
DA:30,0
DA:33,1
DA:34,1
DA:35,0
DA:37,1
DA:41,0
DA:43,0
DA:44,0
DA:47,0
DA:48,0
DA:49,0
DA:50,0
DA:54,0
DA:55,0
DA:59,0
DA:60,0
DA:61,0
DA:63,0
DA:67,1
DA:69,1
DA:70,0
DA:73,1
DA:74,1
DA:75,0
DA:77,1
LF:39
LH:20
BRDA:14,0,0,0
BRDA:14,0,1,1
BRDA:29,1,0,0
BRDA:29,1,1,1
BRDA:29,2,0,1
BRDA:29,2,1,1
BRDA:34,3,0,0
BRDA:34,3,1,1
BRDA:43,4,0,0
BRDA:43,4,1,0
BRDA:47,5,0,0
BRDA:47,5,1,0
BRDA:47,6,0,0
BRDA:47,6,1,0
BRDA:50,7,0,0
BRDA:50,7,1,0
BRDA:54,8,0,0
BRDA:54,8,1,0
BRDA:60,9,0,0
BRDA:60,9,1,0
BRDA:69,10,0,0
BRDA:69,10,1,1
BRDA:74,11,0,0
BRDA:74,11,1,1
BRF:24
BRH:7
end_of_record
TN:
SF:src\services\conversation.service.ts
FN:9,(anonymous_1)
FN:26,(anonymous_2)
FN:39,(anonymous_3)
FN:51,(anonymous_4)
FN:59,(anonymous_5)
FN:74,(anonymous_6)
FN:81,(anonymous_7)
FN:83,(anonymous_8)
FN:105,(anonymous_9)
FN:117,(anonymous_10)
FN:126,(anonymous_11)
FN:138,(anonymous_12)
FNF:12
FNH:12
FNDA:5,(anonymous_1)
FNDA:4,(anonymous_2)
FNDA:4,(anonymous_3)
FNDA:2,(anonymous_4)
FNDA:2,(anonymous_5)
FNDA:2,(anonymous_6)
FNDA:1,(anonymous_7)
FNDA:2,(anonymous_8)
FNDA:4,(anonymous_9)
FNDA:2,(anonymous_10)
FNDA:4,(anonymous_11)
FNDA:2,(anonymous_12)
DA:1,13
DA:3,13
DA:4,13
DA:6,13
DA:8,13
DA:10,5
DA:11,2
DA:14,3
DA:15,1
DA:18,2
DA:19,2
DA:21,1
DA:25,2
DA:26,4
DA:29,2
DA:40,4
DA:41,1
DA:44,3
DA:45,3
DA:46,1
DA:50,2
DA:51,2
DA:53,2
DA:54,1
DA:58,1
DA:59,2
DA:62,1
DA:75,2
DA:76,1
DA:79,1
DA:81,1
DA:82,1
DA:83,2
DA:86,1
DA:96,1
DA:106,4
DA:107,1
DA:110,3
DA:112,3
DA:113,1
DA:116,2
DA:117,2
DA:119,2
DA:120,1
DA:123,1
DA:127,4
DA:128,1
DA:131,3
DA:133,3
DA:134,1
DA:137,2
DA:138,2
DA:140,2
DA:141,1
DA:144,1
LF:55
LH:55
BRDA:10,0,0,2
BRDA:10,0,1,3
BRDA:10,1,0,5
BRDA:10,1,1,4
BRDA:14,2,0,1
BRDA:14,2,1,2
BRDA:19,3,0,1
BRDA:19,3,1,1
BRDA:26,4,0,2
BRDA:26,4,1,2
BRDA:33,5,0,2
BRDA:33,5,1,1
BRDA:40,6,0,1
BRDA:40,6,1,3
BRDA:45,7,0,1
BRDA:45,7,1,2
BRDA:51,8,0,0
BRDA:51,8,1,2
BRDA:53,9,0,1
BRDA:53,9,1,1
BRDA:59,10,0,0
BRDA:59,10,1,2
BRDA:66,11,0,1
BRDA:66,11,1,1
BRDA:74,12,0,1
BRDA:74,13,0,1
BRDA:75,14,0,1
BRDA:75,14,1,1
BRDA:90,15,0,1
BRDA:90,15,1,1
BRDA:106,16,0,1
BRDA:106,16,1,3
BRDA:112,17,0,1
BRDA:112,17,1,2
BRDA:119,18,0,1
BRDA:119,18,1,1
BRDA:127,19,0,1
BRDA:127,19,1,3
BRDA:133,20,0,1
BRDA:133,20,1,2
BRDA:140,21,0,1
BRDA:140,21,1,1
BRF:42
BRH:40
end_of_record
TN:
SF:src\services\message.service.ts
FN:12,(anonymous_1)
FN:26,(anonymous_2)
FN:34,(anonymous_3)
FN:64,(anonymous_4)
FN:78,(anonymous_5)
FN:100,(anonymous_6)
FN:121,(anonymous_7)
FN:129,(anonymous_8)
FNF:8
FNH:7
FNDA:7,(anonymous_1)
FNDA:5,(anonymous_2)
FNDA:6,(anonymous_3)
FNDA:4,(anonymous_4)
FNDA:2,(anonymous_5)
FNDA:9,(anonymous_6)
FNDA:0,(anonymous_7)
FNDA:2,(anonymous_8)
DA:1,12
DA:3,12
DA:4,12
DA:6,12
DA:8,12
DA:9,12
DA:11,12
DA:13,7
DA:15,7
DA:16,2
DA:19,5
DA:20,5
DA:21,1
DA:25,4
DA:26,5
DA:28,4
DA:29,1
DA:33,3
DA:34,6
DA:36,3
DA:38,3
DA:39,0
DA:43,3
DA:52,3
DA:58,3
DA:60,3
DA:66,4
DA:67,1
DA:71,3
DA:72,3
DA:73,1
DA:77,2
DA:78,2
DA:80,2
DA:81,0
DA:84,2
DA:86,2
DA:88,2
DA:90,2
DA:101,9
DA:102,4
DA:105,5
DA:106,5
DA:107,2
DA:111,3
DA:112,3
DA:114,3
DA:115,2
DA:118,1
DA:122,0
DA:123,0
DA:126,0
DA:130,2
DA:131,1
DA:134,1
DA:135,1
LF:56
LH:51
BRDA:15,0,0,2
BRDA:15,0,1,5
BRDA:20,1,0,1
BRDA:20,1,1,4
BRDA:26,2,0,5
BRDA:26,2,1,0
BRDA:28,3,0,1
BRDA:28,3,1,3
BRDA:34,4,0,6
BRDA:34,4,1,0
BRDA:36,5,0,3
BRDA:36,5,1,0
BRDA:38,6,0,0
BRDA:38,6,1,3
BRDA:64,7,0,0
BRDA:64,8,0,0
BRDA:66,9,0,1
BRDA:66,9,1,3
BRDA:72,10,0,1
BRDA:72,10,1,2
BRDA:78,11,0,2
BRDA:78,11,1,0
BRDA:80,12,0,0
BRDA:80,12,1,2
BRDA:101,13,0,4
BRDA:101,13,1,5
BRDA:106,14,0,2
BRDA:106,14,1,3
BRDA:112,15,0,3
BRDA:112,15,1,0
BRDA:112,16,0,3
BRDA:112,16,1,3
BRDA:114,17,0,2
BRDA:114,17,1,1
BRDA:122,18,0,0
BRDA:122,18,1,0
BRDA:130,19,0,1
BRDA:130,19,1,1
BRF:38
BRH:27
end_of_record
TN:
SF:src\services\notification.service.ts
FN:10,(anonymous_1)
FN:15,(anonymous_2)
FN:28,(anonymous_3)
FN:32,(anonymous_4)
FN:52,(anonymous_5)
FN:56,(anonymous_6)
FN:76,(anonymous_7)
FNF:7
FNH:1
FNDA:7,(anonymous_1)
FNDA:0,(anonymous_2)
FNDA:0,(anonymous_3)
FNDA:0,(anonymous_4)
FNDA:0,(anonymous_5)
FNDA:0,(anonymous_6)
FNDA:0,(anonymous_7)
DA:1,11
DA:2,11
DA:4,11
DA:7,11
DA:9,11
DA:11,7
DA:12,7
DA:16,0
DA:18,0
DA:25,0
DA:29,0
DA:33,0
DA:35,0
DA:36,0
DA:39,0
DA:40,0
DA:43,0
DA:45,0
DA:46,0
DA:49,0
DA:53,0
DA:57,0
DA:59,0
DA:60,0
DA:63,0
DA:64,0
DA:67,0
DA:69,0
DA:70,0
DA:73,0
DA:77,0
LF:31
LH:7
BRDA:15,0,0,0
BRDA:15,1,0,0
BRDA:35,2,0,0
BRDA:35,2,1,0
BRDA:39,3,0,0
BRDA:39,3,1,0
BRDA:45,4,0,0
BRDA:45,4,1,0
BRDA:59,5,0,0
BRDA:59,5,1,0
BRDA:63,6,0,0
BRDA:63,6,1,0
BRDA:69,7,0,0
BRDA:69,7,1,0
BRF:14
BRH:0
end_of_record
TN:
SF:src\services\order.service.ts
FN:13,(anonymous_0)
FN:23,(anonymous_1)
FN:28,(anonymous_2)
FN:95,(anonymous_3)
FN:103,(anonymous_4)
FN:116,(anonymous_5)
FN:119,(anonymous_6)
FN:120,(anonymous_7)
FN:137,(anonymous_8)
FN:150,(anonymous_9)
FN:160,(anonymous_10)
FN:222,(anonymous_11)
FN:257,(anonymous_12)
FNF:13
FNH:8
FNDA:3,(anonymous_0)
FNDA:3,(anonymous_1)
FNDA:3,(anonymous_2)
FNDA:4,(anonymous_3)
FNDA:2,(anonymous_4)
FNDA:0,(anonymous_5)
FNDA:0,(anonymous_6)
FNDA:0,(anonymous_7)
FNDA:1,(anonymous_8)
FNDA:0,(anonymous_9)
FNDA:0,(anonymous_10)
FNDA:3,(anonymous_11)
FNDA:1,(anonymous_12)
DA:2,11
DA:4,11
DA:5,11
DA:6,11
DA:8,11
DA:9,11
DA:10,11
DA:12,11
DA:14,3
DA:15,3
DA:18,3
DA:19,0
DA:23,3
DA:24,3
DA:28,3
DA:29,3
DA:30,3
DA:31,3
DA:33,3
DA:46,3
DA:47,3
DA:48,3
DA:51,3
DA:52,3
DA:60,3
DA:63,3
DA:65,3
DA:67,3
DA:71,3
DA:73,3
DA:74,3
DA:76,3
DA:80,3
DA:81,3
DA:82,3
DA:92,3
DA:96,4
DA:97,3
DA:98,1
DA:100,2
DA:104,2
DA:106,2
DA:113,2
DA:117,0
DA:119,0
DA:120,0
DA:121,0
DA:127,0
DA:134,0
DA:138,1
DA:140,1
DA:147,1
DA:151,0
DA:153,0
DA:154,0
DA:158,0
DA:159,0
DA:160,0
DA:161,0
DA:162,0
DA:165,0
DA:170,0
DA:172,0
DA:173,0
DA:177,0
DA:181,0
DA:182,0
DA:183,0
DA:185,0
DA:187,0
DA:188,0
DA:189,0
DA:191,0
DA:192,0
DA:193,0
DA:195,0
DA:196,0
DA:197,0
DA:199,0
DA:200,0
DA:201,0
DA:203,0
DA:204,0
DA:205,0
DA:208,0
DA:209,0
DA:219,0
DA:223,3
DA:225,2
DA:226,1
DA:230,1
DA:234,1
DA:235,0
DA:238,1
DA:239,0
DA:242,1
DA:245,1
DA:254,1
DA:258,1
DA:260,1
DA:261,0
DA:264,1
DA:265,1
LF:103
LH:58
BRDA:18,0,0,0
BRDA:18,0,1,3
BRDA:18,1,0,3
BRDA:18,1,1,3
BRDA:18,1,2,3
BRDA:29,2,0,3
BRDA:29,2,1,0
BRDA:67,3,0,3
BRDA:67,3,1,0
BRDA:67,4,0,3
BRDA:67,4,1,3
BRDA:73,5,0,3
BRDA:73,5,1,0
BRDA:97,6,0,1
BRDA:97,6,1,2
BRDA:103,7,0,0
BRDA:103,8,0,0
BRDA:116,9,0,0
BRDA:116,10,0,0
BRDA:137,11,0,0
BRDA:137,12,0,0
BRDA:153,13,0,0
BRDA:153,13,1,0
BRDA:158,14,0,0
BRDA:158,14,1,0
BRDA:159,15,0,0
BRDA:159,15,1,0
BRDA:161,16,0,0
BRDA:161,16,1,0
BRDA:172,17,0,0
BRDA:172,17,1,0
BRDA:177,18,0,0
BRDA:177,18,1,0
BRDA:177,19,0,0
BRDA:177,19,1,0
BRDA:185,20,0,0
BRDA:185,20,1,0
BRDA:185,20,2,0
BRDA:185,20,3,0
BRDA:185,20,4,0
BRDA:208,21,0,0
BRDA:208,21,1,0
BRDA:225,22,0,1
BRDA:225,22,1,1
BRDA:230,23,0,1
BRDA:230,23,1,0
BRDA:230,24,0,1
BRDA:230,24,1,1
BRDA:234,25,0,0
BRDA:234,25,1,1
BRDA:238,26,0,0
BRDA:238,26,1,1
BRDA:238,27,0,1
BRDA:238,27,1,0
BRDA:260,28,0,0
BRDA:260,28,1,1
BRF:56
BRH:20
end_of_record
TN:
SF:src\services\product.service.ts
FN:9,(anonymous_9)
FN:16,(anonymous_10)
FN:34,(anonymous_11)
FN:41,(anonymous_12)
FN:45,(anonymous_13)
FN:55,(anonymous_14)
FN:65,(anonymous_15)
FN:103,(anonymous_16)
FN:128,(anonymous_17)
FN:132,(anonymous_18)
FN:139,(anonymous_19)
FN:148,(anonymous_20)
FNF:12
FNH:11
FNDA:12,(anonymous_9)
FNDA:2,(anonymous_10)
FNDA:1,(anonymous_11)
FNDA:0,(anonymous_12)
FNDA:4,(anonymous_13)
FNDA:3,(anonymous_14)
FNDA:2,(anonymous_15)
FNDA:3,(anonymous_16)
FNDA:2,(anonymous_17)
FNDA:1,(anonymous_18)
FNDA:2,(anonymous_19)
FNDA:2,(anonymous_20)
DA:1,11
DA:4,11
DA:5,11
DA:7,11
DA:9,12
DA:15,11
DA:21,2
DA:22,0
DA:25,2
DA:31,2
DA:35,1
DA:36,0
DA:38,1
DA:42,0
DA:52,4
DA:56,3
DA:57,1
DA:60,2
DA:61,2
DA:62,1
DA:66,2
DA:67,1
DA:70,1
DA:72,1
DA:73,0
DA:77,1
DA:81,1
DA:82,0
DA:86,1
DA:88,1
DA:90,1
DA:91,0
DA:92,0
DA:94,0
DA:97,1
DA:98,1
DA:99,1
DA:104,3
DA:105,1
DA:108,2
DA:110,2
DA:111,1
DA:114,1
DA:119,1
DA:120,0
DA:123,1
DA:124,1
DA:125,1
DA:129,2
DA:133,1
DA:134,0
DA:136,1
DA:140,2
DA:141,0
DA:144,2
DA:145,2
DA:149,2
DA:150,0
DA:153,2
DA:154,0
DA:157,2
DA:158,2
LF:62
LH:49
BRDA:21,0,0,0
BRDA:21,0,1,2
BRDA:35,1,0,0
BRDA:35,1,1,1
BRDA:35,2,0,1
BRDA:35,2,1,1
BRDA:35,2,2,1
BRDA:56,3,0,1
BRDA:56,3,1,2
BRDA:61,4,0,1
BRDA:61,4,1,1
BRDA:66,5,0,1
BRDA:66,5,1,1
BRDA:72,6,0,0
BRDA:72,6,1,1
BRDA:77,7,0,1
BRDA:77,7,1,0
BRDA:81,8,0,0
BRDA:81,8,1,1
BRDA:90,9,0,0
BRDA:90,9,1,1
BRDA:91,10,0,0
BRDA:91,10,1,0
BRDA:98,11,0,0
BRDA:98,11,1,1
BRDA:104,12,0,1
BRDA:104,12,1,2
BRDA:110,13,0,1
BRDA:110,13,1,1
BRDA:114,14,0,1
BRDA:114,14,1,0
BRDA:119,15,0,0
BRDA:119,15,1,1
BRDA:124,16,0,0
BRDA:124,16,1,1
BRDA:133,17,0,0
BRDA:133,17,1,1
BRDA:133,18,0,1
BRDA:133,18,1,1
BRDA:133,18,2,1
BRDA:140,19,0,0
BRDA:140,19,1,2
BRDA:140,20,0,2
BRDA:140,20,1,2
BRDA:149,21,0,0
BRDA:149,21,1,2
BRDA:149,22,0,2
BRDA:149,22,1,2
BRDA:153,23,0,0
BRDA:153,23,1,2
BRDA:153,24,0,2
BRDA:153,24,1,2
BRF:52
BRH:36
end_of_record
TN:
SF:src\services\review.service.ts
FN:12,(anonymous_1)
FN:16,(anonymous_2)
FN:21,(anonymous_3)
FN:52,(anonymous_4)
FN:66,(anonymous_5)
FN:71,(anonymous_6)
FN:86,(anonymous_7)
FNF:7
FNH:5
FNDA:4,(anonymous_1)
FNDA:0,(anonymous_2)
FNDA:0,(anonymous_3)
FNDA:4,(anonymous_4)
FNDA:1,(anonymous_5)
FNDA:4,(anonymous_6)
FNDA:3,(anonymous_7)
DA:2,11
DA:4,11
DA:5,11
DA:6,11
DA:8,11
DA:9,11
DA:11,11
DA:13,4
DA:16,4
DA:17,0
DA:18,0
DA:21,0
DA:22,0
DA:26,0
DA:30,4
DA:31,4
DA:35,0
DA:36,0
DA:37,0
DA:40,0
DA:47,0
DA:48,0
DA:53,4
DA:54,3
DA:56,3
DA:63,3
DA:67,1
DA:68,1
DA:72,4
DA:74,1
DA:75,1
DA:78,0
DA:79,0
DA:82,0
DA:83,0
DA:87,3
DA:89,1
DA:90,1
DA:94,0
DA:95,0
DA:98,0
DA:99,0
LF:42
LH:23
BRDA:17,0,0,0
BRDA:17,0,1,0
BRDA:22,1,0,0
BRDA:22,1,1,0
BRDA:30,2,0,4
BRDA:30,2,1,0
BRDA:36,3,0,0
BRDA:36,3,1,0
BRDA:52,4,0,0
BRDA:52,5,0,0
BRDA:74,6,0,1
BRDA:74,6,1,0
BRDA:78,7,0,0
BRDA:78,7,1,0
BRDA:89,8,0,1
BRDA:89,8,1,0
BRDA:94,9,0,0
BRDA:94,9,1,0
BRDA:94,10,0,0
BRDA:94,10,1,0
BRF:20
BRH:3
end_of_record
TN:
SF:src\services\user.service.ts
FN:12,(anonymous_1)
FN:31,(anonymous_2)
FN:53,(anonymous_3)
FN:61,(anonymous_4)
FN:90,(anonymous_5)
FN:147,(anonymous_6)
FNF:6
FNH:5
FNDA:10,(anonymous_1)
FNDA:25,(anonymous_2)
FNDA:3,(anonymous_3)
FNDA:4,(anonymous_4)
FNDA:6,(anonymous_5)
FNDA:0,(anonymous_6)
DA:2,11
DA:3,11
DA:4,11
DA:5,11
DA:6,11
DA:7,11
DA:9,11
DA:11,11
DA:13,10
DA:14,10
DA:15,2
DA:18,8
DA:19,8
DA:20,1
DA:25,7
DA:26,7
DA:27,7
DA:28,7
DA:32,25
DA:33,25
DA:34,2
DA:37,23
DA:40,23
DA:41,2
DA:43,21
DA:49,21
DA:50,21
DA:54,3
DA:55,3
DA:56,0
DA:58,3
DA:62,4
DA:63,4
DA:64,0
DA:67,4
DA:68,0
DA:69,0
DA:70,0
DA:74,4
DA:75,0
DA:76,0
DA:77,0
DA:81,4
DA:82,0
DA:83,0
DA:85,4
DA:86,4
DA:91,6
DA:92,6
DA:93,1
DA:95,5
DA:96,5
DA:97,3
DA:99,2
DA:102,2
DA:103,2
DA:105,2
DA:143,2
DA:144,2
DA:148,0
DA:149,0
DA:150,0
DA:152,0
DA:153,0
DA:154,0
DA:155,0
DA:156,0
DA:158,0
DA:159,0
DA:160,0
DA:162,0
LF:71
LH:49
BRDA:14,0,0,2
BRDA:14,0,1,8
BRDA:19,1,0,1
BRDA:19,1,1,7
BRDA:33,2,0,2
BRDA:33,2,1,23
BRDA:40,3,0,2
BRDA:40,3,1,21
BRDA:55,4,0,0
BRDA:55,4,1,3
BRDA:63,5,0,0
BRDA:63,5,1,4
BRDA:67,6,0,0
BRDA:67,6,1,4
BRDA:67,7,0,4
BRDA:67,7,1,0
BRDA:69,8,0,0
BRDA:69,8,1,0
BRDA:74,9,0,0
BRDA:74,9,1,4
BRDA:74,10,0,4
BRDA:74,10,1,0
BRDA:76,11,0,0
BRDA:76,11,1,0
BRDA:81,12,0,0
BRDA:81,12,1,4
BRDA:91,13,0,6
BRDA:91,13,1,0
BRDA:92,14,0,1
BRDA:92,14,1,5
BRDA:96,15,0,3
BRDA:96,15,1,2
BRDA:149,16,0,0
BRDA:149,16,1,0
BRDA:149,17,0,0
BRDA:149,17,1,0
BRDA:155,18,0,0
BRDA:155,18,1,0
BRF:38
BRH:20
end_of_record
TN:
SF:src\services\admin\analytics.service.ts
FN:7,(anonymous_0)
FN:24,(anonymous_1)
FN:71,(anonymous_2)
FN:85,(anonymous_3)
FN:100,(anonymous_4)
FN:114,(anonymous_5)
FN:127,(anonymous_6)
FN:141,(anonymous_7)
FN:172,(anonymous_8)
FN:180,(anonymous_9)
FN:199,(anonymous_10)
FN:206,(anonymous_11)
FN:219,(anonymous_12)
FNF:13
FNH:12
FNDA:3,(anonymous_0)
FNDA:3,(anonymous_1)
FNDA:3,(anonymous_2)
FNDA:1,(anonymous_3)
FNDA:3,(anonymous_4)
FNDA:0,(anonymous_5)
FNDA:3,(anonymous_6)
FNDA:4,(anonymous_7)
FNDA:1,(anonymous_8)
FNDA:2,(anonymous_9)
FNDA:1,(anonymous_10)
FNDA:1,(anonymous_11)
FNDA:1,(anonymous_12)
DA:1,12
DA:2,12
DA:3,12
DA:4,12
DA:6,12
DA:8,3
DA:15,3
DA:25,3
DA:40,3
DA:43,3
DA:44,3
DA:45,3
DA:47,3
DA:61,3
DA:63,3
DA:72,3
DA:84,3
DA:85,3
DA:86,1
DA:89,3
DA:101,3
DA:113,3
DA:114,3
DA:115,0
DA:118,3
DA:128,3
DA:133,3
DA:142,4
DA:143,4
DA:145,4
DA:146,2
DA:149,2
DA:172,2
DA:181,2
DA:195,2
DA:200,1
DA:202,1
DA:207,1
DA:214,1
DA:220,1
DA:250,1
LF:41
LH:40
BRDA:40,0,0,3
BRDA:40,0,1,2
BRDA:61,1,0,3
BRDA:61,1,1,2
BRDA:91,2,0,3
BRDA:91,2,1,3
BRDA:92,3,0,3
BRDA:92,3,1,3
BRDA:93,4,0,3
BRDA:93,4,1,3
BRDA:94,5,0,3
BRDA:94,5,1,3
BRDA:95,6,0,3
BRDA:95,6,1,3
BRDA:120,7,0,3
BRDA:120,7,1,3
BRDA:121,8,0,3
BRDA:121,8,1,3
BRDA:122,9,0,3
BRDA:122,9,1,3
BRDA:145,10,0,2
BRDA:145,10,1,2
BRDA:145,11,0,4
BRDA:145,11,1,3
BRDA:180,12,0,1
BRDA:199,13,0,0
BRDA:206,14,0,0
BRDA:219,15,0,0
BRF:28
BRH:25
end_of_record
TN:
SF:src\services\admin\user.service.ts
FN:14,(anonymous_1)
FN:34,(anonymous_2)
FN:57,(anonymous_3)
FN:65,(anonymous_4)
FN:77,(anonymous_5)
FN:90,(anonymous_6)
FN:113,(anonymous_7)
FNF:7
FNH:6
FNDA:3,(anonymous_1)
FNDA:3,(anonymous_2)
FNDA:3,(anonymous_3)
FNDA:4,(anonymous_4)
FNDA:4,(anonymous_5)
FNDA:6,(anonymous_6)
FNDA:0,(anonymous_7)
DA:2,12
DA:3,12
DA:5,12
DA:6,12
DA:7,12
DA:8,12
DA:9,12
DA:10,12
DA:11,12
DA:13,12
DA:15,3
DA:16,3
DA:17,1
DA:20,2
DA:21,2
DA:22,1
DA:26,1
DA:27,1
DA:29,1
DA:30,1
DA:35,3
DA:36,3
DA:37,3
DA:39,3
DA:40,3
DA:42,3
DA:45,3
DA:52,3
DA:54,3
DA:58,3
DA:59,3
DA:60,1
DA:62,2
DA:66,4
DA:67,4
DA:68,1
DA:70,3
DA:71,3
DA:72,1
DA:74,2
DA:78,4
DA:79,4
DA:80,1
DA:82,3
DA:83,3
DA:84,1
DA:87,2
DA:91,6
DA:92,6
DA:93,1
DA:96,5
DA:97,1
DA:100,4
DA:101,1
DA:104,3
DA:107,3
DA:108,1
DA:110,2
DA:115,0
DA:119,0
DA:120,0
DA:121,0
DA:122,0
DA:126,0
DA:132,0
DA:141,0
DA:146,0
DA:151,0
DA:152,0
DA:157,0
DA:161,0
DA:169,0
LF:72
LH:58
BRDA:16,0,0,1
BRDA:16,0,1,2
BRDA:21,1,0,1
BRDA:21,1,1,1
BRDA:35,2,0,1
BRDA:35,2,1,2
BRDA:36,3,0,1
BRDA:36,3,1,2
BRDA:37,4,0,3
BRDA:37,4,1,3
BRDA:59,5,0,1
BRDA:59,5,1,2
BRDA:67,6,0,1
BRDA:67,6,1,3
BRDA:71,7,0,1
BRDA:71,7,1,2
BRDA:79,8,0,1
BRDA:79,8,1,3
BRDA:83,9,0,1
BRDA:83,9,1,2
BRDA:92,10,0,1
BRDA:92,10,1,5
BRDA:96,11,0,1
BRDA:96,11,1,4
BRDA:100,12,0,1
BRDA:100,12,1,3
BRDA:107,13,0,1
BRDA:107,13,1,2
BRDA:119,14,0,0
BRDA:119,14,1,0
BRDA:132,15,0,0
BRDA:132,15,1,0
BRDA:157,16,0,0
BRDA:157,16,1,0
BRDA:161,17,0,0
BRDA:161,17,1,0
BRDA:184,18,0,0
BRDA:184,18,1,0
BRDA:186,19,0,0
BRDA:186,19,1,0
BRDA:187,20,0,0
BRDA:187,20,1,0
BRDA:188,21,0,0
BRDA:188,21,1,0
BRDA:192,22,0,0
BRDA:192,22,1,0
BRDA:193,23,0,0
BRDA:193,23,1,0
BRF:48
BRH:28
end_of_record
TN:
SF:src\services\cart\cart.service.ts
FN:13,(anonymous_0)
FN:14,(anonymous_1)
FN:20,(anonymous_2)
FN:21,(anonymous_3)
FN:24,(anonymous_4)
FN:28,(anonymous_5)
FN:55,(anonymous_6)
FN:79,(anonymous_7)
FN:112,(anonymous_8)
FN:122,(anonymous_9)
FN:155,(anonymous_10)
FN:168,(anonymous_11)
FNF:12
FNH:12
FNDA:13,(anonymous_0)
FNDA:9,(anonymous_1)
FNDA:13,(anonymous_2)
FNDA:9,(anonymous_3)
FNDA:13,(anonymous_4)
FNDA:9,(anonymous_5)
FNDA:7,(anonymous_6)
FNDA:1,(anonymous_7)
FNDA:2,(anonymous_8)
FNDA:4,(anonymous_9)
FNDA:3,(anonymous_10)
FNDA:2,(anonymous_11)
DA:2,11
DA:5,11
DA:6,11
DA:9,11
DA:10,11
DA:12,11
DA:14,13
DA:15,9
DA:21,13
DA:25,13
DA:30,9
DA:32,9
DA:59,7
DA:61,7
DA:63,6
DA:64,1
DA:68,5
DA:69,0
DA:73,5
DA:75,5
DA:77,5
DA:78,4
DA:79,1
DA:85,5
DA:88,5
DA:89,0
DA:91,0
DA:92,0
DA:95,0
DA:100,5
DA:109,5
DA:113,2
DA:115,2
DA:116,1
DA:119,2
DA:127,4
DA:129,4
DA:130,3
DA:132,2
DA:133,1
DA:136,1
DA:137,0
DA:142,2
DA:148,2
DA:149,0
DA:152,2
DA:156,3
DA:161,3
DA:162,0
DA:165,3
DA:169,2
DA:171,2
DA:172,1
DA:175,1
LF:54
LH:46
BRDA:30,0,0,9
BRDA:30,0,1,9
BRDA:33,1,0,9
BRDA:33,1,1,0
BRDA:40,2,0,9
BRDA:40,2,1,0
BRDA:63,3,0,1
BRDA:63,3,1,5
BRDA:68,4,0,0
BRDA:68,4,1,5
BRDA:77,5,0,4
BRDA:77,5,1,1
BRDA:88,6,0,0
BRDA:88,6,1,5
BRDA:91,7,0,0
BRDA:91,7,1,0
BRDA:115,8,0,1
BRDA:115,8,1,1
BRDA:129,9,0,3
BRDA:129,9,1,1
BRDA:132,10,0,1
BRDA:132,10,1,1
BRDA:136,11,0,0
BRDA:136,11,1,1
BRDA:148,12,0,0
BRDA:148,12,1,2
BRDA:161,13,0,0
BRDA:161,13,1,3
BRDA:171,14,0,1
BRDA:171,14,1,1
BRF:30
BRH:21
end_of_record
TN:
SF:src\services\seller\seller.service.ts
FN:10,(anonymous_1)
FNF:1
FNH:0
FNDA:0,(anonymous_1)
DA:3,11
DA:4,11
DA:5,11
DA:7,11
DA:9,11
DA:12,0
DA:13,0
DA:14,0
DA:18,0
DA:19,0
DA:20,0
DA:24,0
DA:27,0
DA:35,0
DA:37,0
LF:15
LH:5
BRDA:13,0,0,0
BRDA:13,0,1,0
BRDA:19,1,0,0
BRDA:19,1,1,0
BRF:4
BRH:0
end_of_record
TN:
SF:src\services\wishlist\wishlist.service.ts
FN:13,(anonymous_0)
FN:17,(anonymous_1)
FN:27,(anonymous_2)
FN:41,(anonymous_3)
FN:66,(anonymous_4)
FN:82,(anonymous_5)
FN:94,(anonymous_6)
FNF:7
FNH:4
FNDA:3,(anonymous_0)
FNDA:0,(anonymous_1)
FNDA:1,(anonymous_2)
FNDA:0,(anonymous_3)
FNDA:1,(anonymous_4)
FNDA:1,(anonymous_5)
FNDA:0,(anonymous_6)
DA:1,11
DA:4,11
DA:7,11
DA:9,11
DA:10,11
DA:12,11
DA:14,3
DA:17,0
DA:28,1
DA:32,1
DA:33,1
DA:38,1
DA:45,0
DA:48,0
DA:50,0
DA:51,0
DA:54,0
DA:59,0
DA:60,0
DA:63,0
DA:70,1
DA:75,1
DA:76,0
DA:79,1
DA:83,1
DA:87,1
DA:88,0
DA:91,1
DA:95,0
LF:29
LH:17
BRDA:32,0,0,1
BRDA:32,0,1,0
BRDA:50,1,0,0
BRDA:50,1,1,0
BRDA:59,2,0,0
BRDA:59,2,1,0
BRDA:75,3,0,0
BRDA:75,3,1,1
BRDA:87,4,0,0
BRDA:87,4,1,1
BRF:10
BRH:3
end_of_record
TN:
SF:src\socket\socket.handler.ts
FN:12,(anonymous_0)
FN:13,(anonymous_1)
FN:33,(anonymous_2)
FN:82,(anonymous_3)
FN:94,(anonymous_4)
FN:106,(anonymous_5)
FN:117,(anonymous_6)
FN:132,(anonymous_7)
FN:139,(anonymous_8)
FN:150,(anonymous_9)
FN:154,(anonymous_10)
FNF:11
FNH:10
FNDA:24,(anonymous_0)
FNDA:15,(anonymous_1)
FNDA:2,(anonymous_2)
FNDA:2,(anonymous_3)
FNDA:1,(anonymous_4)
FNDA:1,(anonymous_5)
FNDA:0,(anonymous_6)
FNDA:2,(anonymous_7)
FNDA:1,(anonymous_8)
FNDA:1,(anonymous_9)
FNDA:2,(anonymous_10)
DA:3,12
DA:4,12
DA:7,12
DA:8,12
DA:10,12
DA:12,12
DA:13,24
DA:14,15
DA:16,15
DA:17,1
DA:18,1
DA:21,14
DA:24,14
DA:27,14
DA:30,14
DA:33,14
DA:34,2
DA:35,2
DA:38,2
DA:44,1
DA:50,1
DA:52,1
DA:54,1
DA:57,1
DA:58,0
DA:61,0
DA:69,1
DA:70,1
DA:73,1
DA:74,1
DA:75,1
DA:82,14
DA:83,2
DA:85,2
DA:86,1
DA:94,14
DA:95,1
DA:97,1
DA:98,1
DA:106,14
DA:107,1
DA:108,1
DA:110,1
DA:112,1
DA:117,1
DA:119,1
DA:121,0
DA:127,0
DA:132,14
DA:133,2
DA:134,1
DA:139,14
DA:140,1
DA:141,1
DA:144,1
DA:150,12
DA:151,1
DA:154,12
DA:155,2
LF:59
LH:55
BRDA:16,0,0,1
BRDA:16,0,1,14
BRDA:50,1,0,1
BRDA:50,1,1,0
BRDA:52,2,0,1
BRDA:52,2,1,0
BRDA:57,3,0,0
BRDA:57,3,1,1
BRDA:69,4,0,1
BRDA:69,4,1,0
BRDA:74,5,0,1
BRDA:74,5,1,0
BRDA:85,6,0,1
BRDA:85,6,1,1
BRDA:85,7,0,2
BRDA:85,7,1,2
BRDA:97,8,0,1
BRDA:97,8,1,0
BRDA:97,9,0,1
BRDA:97,9,1,1
BRDA:119,10,0,0
BRDA:119,10,1,1
BRDA:119,11,0,1
BRDA:119,11,1,0
BRDA:133,12,0,1
BRDA:133,12,1,1
BRF:26
BRH:18
end_of_record
TN:
SF:src\types\blog.type.ts
FNF:0
FNH:0
DA:1,0
DA:3,0
LF:2
LH:0
BRF:0
BRH:0
end_of_record
TN:
SF:src\types\cart.type.ts
FNF:0
FNH:0
DA:2,0
DA:6,0
DA:12,0
DA:22,0
DA:28,0
LF:5
LH:0
BRF:0
BRH:0
end_of_record
TN:
SF:src\types\category.type.ts
FNF:0
FNH:0
DA:1,11
DA:3,11
LF:2
LH:2
BRF:0
BRH:0
end_of_record
TN:
SF:src\types\conversation.type.ts
FNF:0
FNH:0
DA:1,11
DA:4,11
DA:25,11
LF:3
LH:3
BRF:0
BRH:0
end_of_record
TN:
SF:src\types\message.type.ts
FNF:0
FNH:0
DA:1,11
DA:4,11
DA:23,11
DA:30,11
LF:4
LH:4
BRF:0
BRH:0
end_of_record
TN:
SF:src\types\notification.type.ts
FNF:0
FNH:0
DA:1,0
DA:3,0
DA:12,0
LF:3
LH:0
BRF:0
BRH:0
end_of_record
TN:
SF:src\types\order.type.ts
FNF:0
FNH:0
DA:1,0
DA:3,0
DA:12,0
DA:22,0
LF:4
LH:0
BRF:0
BRH:0
end_of_record
TN:
SF:src\types\product.type.ts
FN:6,(anonymous_1)
FNF:1
FNH:1
FNDA:7,(anonymous_1)
DA:1,11
DA:2,11
DA:5,11
DA:6,7
DA:10,11
LF:5
LH:5
BRF:0
BRH:0
end_of_record
TN:
SF:src\types\review.type.ts
FNF:0
FNH:0
DA:1,11
DA:3,11
DA:10,11
DA:15,11
LF:4
LH:4
BRF:0
BRH:0
end_of_record
TN:
SF:src\types\user.types.ts
FNF:0
FNH:0
DA:1,11
DA:3,11
LF:2
LH:2
BRF:0
BRH:0
end_of_record
TN:
SF:src\types\wishlist.type.ts
FNF:0
FNH:0
DA:1,0
DA:4,0
DA:25,0
DA:31,0
LF:4
LH:0
BRF:0
BRH:0
end_of_record
